[0.000000] (-) TimerEvent: {}
[0.000245] (lab01_pkg) JobQueued: {'identifier': 'lab01_pkg', 'dependencies': OrderedDict()}
[0.000271] (turtlesim) JobQueued: {'identifier': 'turtlesim', 'dependencies': OrderedDict()}
[0.000287] (lab01_pkg) JobStarted: {'identifier': 'lab01_pkg'}
[0.005762] (turtlesim) JobStarted: {'identifier': 'turtlesim'}
[0.099408] (-) TimerEvent: {}
[0.199662] (-) TimerEvent: {}
[0.206866] (turtlesim) JobProgress: {'identifier': 'turtlesim', 'progress': 'cmake'}
[0.208092] (turtlesim) JobProgress: {'identifier': 'turtlesim', 'progress': 'build'}
[0.208155] (turtlesim) Command: {'cmd': ['/usr/bin/cmake', '--build', '/home/fiammetta/ros-stuff/ros2_ws/build/turtlesim', '--', '-j8', '-l8'], 'cwd': '/home/fiammetta/ros-stuff/ros2_ws/build/turtlesim', 'env': OrderedDict([('USER', 'fiammetta'), ('LC_TIME', 'it_IT.UTF-8'), ('XDG_SESSION_TYPE', 'wayland'), ('SHLVL', '1'), ('LD_LIBRARY_PATH', '/home/fiammetta/ros-stuff/ros2_ws/install/turtlesim/lib:/opt/ros/humble/opt/rviz_ogre_vendor/lib:/opt/ros/humble/lib/x86_64-linux-gnu:/opt/ros/humble/lib'), ('OLDPWD', '/home/fiammetta/ros-stuff/ros2_ws/src'), ('HOME', '/home/fiammetta'), ('DESKTOP_SESSION', 'ubuntu'), ('GTK_MODULES', 'gail:atk-bridge'), ('GNOME_SHELL_SESSION_MODE', 'ubuntu'), ('ROS_PYTHON_VERSION', '3'), ('LC_MONETARY', 'it_IT.UTF-8'), ('SYSTEMD_EXEC_PID', '1682'), ('DBUS_SESSION_BUS_ADDRESS', 'unix:path=/run/user/1000/bus'), ('COLORTERM', 'truecolor'), ('WAYLAND_DISPLAY', 'wayland-0'), ('ROS_DISTRO', 'humble'), ('COLCON_PREFIX_PATH', '/home/fiammetta/ros-stuff/ros2_ws/install:/home/fiammetta/ros-stuff/ros2_ws'), ('LOGNAME', 'fiammetta'), ('_', '/usr/bin/colcon'), ('XDG_SESSION_CLASS', 'user'), ('ROS_VERSION', '2'), ('USERNAME', 'fiammetta'), ('TERM', 'xterm-256color'), ('GNOME_DESKTOP_SESSION_ID', 'this-is-deprecated'), ('ROS_LOCALHOST_ONLY', '0'), ('PATH', '/home/fiammetta/.cargo/bin:/opt/ros/humble/bin:/usr/local/sbin:/usr/local/bin:/usr/sbin:/usr/bin:/sbin:/bin:/usr/games:/usr/local/games:/snap/bin:/snap/bin'), ('SESSION_MANAGER', 'local/MikuBeamer:@/tmp/.ICE-unix/1502,unix/MikuBeamer:/tmp/.ICE-unix/1502'), ('GNOME_TERMINAL_SCREEN', '/org/gnome/Terminal/screen/92b584d5_d701_4d25_9733_a543ee0a7e95'), ('XDG_MENU_PREFIX', 'gnome-'), ('GNOME_SETUP_DISPLAY', ':1'), ('XDG_RUNTIME_DIR', '/run/user/1000'), ('LC_ADDRESS', 'it_IT.UTF-8'), ('DISPLAY', ':0'), ('XDG_CURRENT_DESKTOP', 'ubuntu:GNOME'), ('LANG', 'en_US.UTF-8'), ('LC_TELEPHONE', 'it_IT.UTF-8'), ('XDG_SESSION_DESKTOP', 'ubuntu'), ('GNOME_TERMINAL_SERVICE', ':1.98'), ('XMODIFIERS', '@im=ibus'), ('XAUTHORITY', '/run/user/1000/.mutter-Xwaylandauth.BQZFE3'), ('SSH_AUTH_SOCK', '/run/user/1000/keyring/ssh'), ('SSH_AGENT_LAUNCHER', 'gnome-keyring'), ('AMENT_PREFIX_PATH', '/home/fiammetta/ros-stuff/ros2_ws/install/lab01_pkg:/home/fiammetta/ros-stuff/ros2_ws/install/turtlesim:/opt/ros/humble'), ('SHELL', '/bin/zsh'), ('LC_NAME', 'it_IT.UTF-8'), ('QT_ACCESSIBILITY', '1'), ('GDMSESSION', 'ubuntu'), ('LC_MEASUREMENT', 'it_IT.UTF-8'), ('LC_IDENTIFICATION', 'it_IT.UTF-8'), ('QT_IM_MODULE', 'ibus'), ('LC_ALL', 'en_US.UTF-8'), ('PWD', '/home/fiammetta/ros-stuff/ros2_ws/build/turtlesim'), ('XDG_DATA_DIRS', '/usr/local/share/:/usr/share/:/var/lib/snapd/desktop'), ('LC_NUMERIC', 'it_IT.UTF-8'), ('PYTHONPATH', '/home/fiammetta/ros-stuff/ros2_ws/install/lab01_pkg/lib/python3.10/site-packages:/home/fiammetta/ros-stuff/ros2_ws/install/turtlesim/local/lib/python3.10/dist-packages:/opt/ros/humble/lib/python3.10/site-packages:/opt/ros/humble/local/lib/python3.10/dist-packages'), ('LC_PAPER', 'it_IT.UTF-8'), ('COLCON', '1'), ('VTE_VERSION', '6800'), ('CMAKE_PREFIX_PATH', '/home/fiammetta/ros-stuff/ros2_ws/install/turtlesim:/home/fiammetta/ros-stuff/ros2_ws/install/lab01_pkg:/opt/ros/humble')]), 'shell': False}
[0.252994] (turtlesim) StdoutLine: {'line': b'[  1%] Built target turtlesim__cpp\n'}
[0.254560] (turtlesim) StdoutLine: {'line': b'[ 11%] Built target turtlesim__rosidl_generator_c\n'}
[0.266316] (turtlesim) StdoutLine: {'line': b'[ 11%] Built target ament_cmake_python_copy_turtlesim\n'}
[0.280585] (turtlesim) StdoutLine: {'line': b'[ 35%] Built target turtlesim__rosidl_typesupport_cpp\n'}
[0.281702] (turtlesim) StdoutLine: {'line': b'[ 39%] Built target turtlesim__rosidl_typesupport_c\n'}
[0.281869] (turtlesim) StdoutLine: {'line': b'[ 41%] Built target turtlesim__rosidl_typesupport_introspection_c\n'}
[0.283071] (turtlesim) StdoutLine: {'line': b'[ 51%] Built target turtlesim__rosidl_typesupport_introspection_cpp\n'}
[0.286622] (turtlesim) StdoutLine: {'line': b'[ 61%] Built target turtlesim__rosidl_typesupport_fastrtps_cpp\n'}
[0.289242] (turtlesim) StdoutLine: {'line': b'[ 71%] Built target turtlesim__rosidl_typesupport_fastrtps_c\n'}
[0.299756] (-) TimerEvent: {}
[0.310850] (turtlesim) StdoutLine: {'line': b'[ 72%] Built target turtlesim\n'}
[0.311932] (turtlesim) StdoutLine: {'line': b'[ 73%] Built target draw_square\n'}
[0.312120] (turtlesim) StdoutLine: {'line': b'[ 75%] Built target turtle_teleop_key\n'}
[0.313758] (turtlesim) StdoutLine: {'line': b'[ 77%] Built target mimic\n'}
[0.318779] (turtlesim) StdoutLine: {'line': b'[ 83%] Built target turtlesim_node\n'}
[0.328142] (turtlesim) StdoutLine: {'line': b'[ 84%] Built target turtlesim__py\n'}
[0.348894] (turtlesim) StdoutLine: {'line': b'[ 93%] Built target turtlesim__rosidl_generator_py\n'}
[0.366981] (turtlesim) StdoutLine: {'line': b'[ 95%] Built target turtlesim__rosidl_typesupport_fastrtps_c__pyext\n'}
[0.367587] (turtlesim) StdoutLine: {'line': b'[ 97%] Built target turtlesim__rosidl_typesupport_c__pyext\n'}
[0.374408] (turtlesim) StdoutLine: {'line': b'[100%] Built target turtlesim__rosidl_typesupport_introspection_c__pyext\n'}
[0.399882] (-) TimerEvent: {}
[0.488736] (turtlesim) StdoutLine: {'line': b'running egg_info\n'}
[0.489383] (turtlesim) StdoutLine: {'line': b'writing turtlesim.egg-info/PKG-INFO\n'}
[0.489558] (turtlesim) StdoutLine: {'line': b'writing dependency_links to turtlesim.egg-info/dependency_links.txt\n'}
[0.489705] (turtlesim) StdoutLine: {'line': b'writing top-level names to turtlesim.egg-info/top_level.txt\n'}
[0.491659] (turtlesim) StdoutLine: {'line': b"reading manifest file 'turtlesim.egg-info/SOURCES.txt'\n"}
[0.492221] (turtlesim) StdoutLine: {'line': b"writing manifest file 'turtlesim.egg-info/SOURCES.txt'\n"}
[0.500032] (-) TimerEvent: {}
[0.515589] (lab01_pkg) Command: {'cmd': ['/usr/bin/python3', '-W', 'ignore:setup.py install is deprecated', '-W', 'ignore:easy_install command is deprecated', 'setup.py', 'egg_info', '--egg-base', '../../build/lab01_pkg', 'build', '--build-base', '/home/fiammetta/ros-stuff/ros2_ws/build/lab01_pkg/build', 'install', '--record', '/home/fiammetta/ros-stuff/ros2_ws/build/lab01_pkg/install.log', '--single-version-externally-managed', 'install_data'], 'cwd': '/home/fiammetta/ros-stuff/ros2_ws/src/lab01_pkg', 'env': {'USER': 'fiammetta', 'LC_TIME': 'it_IT.UTF-8', 'XDG_SESSION_TYPE': 'wayland', 'SHLVL': '1', 'LD_LIBRARY_PATH': '/home/fiammetta/ros-stuff/ros2_ws/install/turtlesim/lib:/opt/ros/humble/opt/rviz_ogre_vendor/lib:/opt/ros/humble/lib/x86_64-linux-gnu:/opt/ros/humble/lib', 'OLDPWD': '/home/fiammetta/ros-stuff/ros2_ws/src', 'HOME': '/home/fiammetta', 'DESKTOP_SESSION': 'ubuntu', 'GTK_MODULES': 'gail:atk-bridge', 'GNOME_SHELL_SESSION_MODE': 'ubuntu', 'ROS_PYTHON_VERSION': '3', 'LC_MONETARY': 'it_IT.UTF-8', 'SYSTEMD_EXEC_PID': '1682', 'DBUS_SESSION_BUS_ADDRESS': 'unix:path=/run/user/1000/bus', 'COLORTERM': 'truecolor', 'WAYLAND_DISPLAY': 'wayland-0', 'ROS_DISTRO': 'humble', 'COLCON_PREFIX_PATH': '/home/fiammetta/ros-stuff/ros2_ws/install:/home/fiammetta/ros-stuff/ros2_ws', 'LOGNAME': 'fiammetta', '_': '/usr/bin/colcon', 'XDG_SESSION_CLASS': 'user', 'ROS_VERSION': '2', 'USERNAME': 'fiammetta', 'TERM': 'xterm-256color', 'GNOME_DESKTOP_SESSION_ID': 'this-is-deprecated', 'ROS_LOCALHOST_ONLY': '0', 'PATH': '/home/fiammetta/.cargo/bin:/opt/ros/humble/bin:/usr/local/sbin:/usr/local/bin:/usr/sbin:/usr/bin:/sbin:/bin:/usr/games:/usr/local/games:/snap/bin:/snap/bin', 'SESSION_MANAGER': 'local/MikuBeamer:@/tmp/.ICE-unix/1502,unix/MikuBeamer:/tmp/.ICE-unix/1502', 'GNOME_TERMINAL_SCREEN': '/org/gnome/Terminal/screen/92b584d5_d701_4d25_9733_a543ee0a7e95', 'XDG_MENU_PREFIX': 'gnome-', 'GNOME_SETUP_DISPLAY': ':1', 'XDG_RUNTIME_DIR': '/run/user/1000', 'LC_ADDRESS': 'it_IT.UTF-8', 'DISPLAY': ':0', 'XDG_CURRENT_DESKTOP': 'ubuntu:GNOME', 'LANG': 'en_US.UTF-8', 'LC_TELEPHONE': 'it_IT.UTF-8', 'XDG_SESSION_DESKTOP': 'ubuntu', 'GNOME_TERMINAL_SERVICE': ':1.98', 'XMODIFIERS': '@im=ibus', 'XAUTHORITY': '/run/user/1000/.mutter-Xwaylandauth.BQZFE3', 'SSH_AUTH_SOCK': '/run/user/1000/keyring/ssh', 'SSH_AGENT_LAUNCHER': 'gnome-keyring', 'AMENT_PREFIX_PATH': '/home/fiammetta/ros-stuff/ros2_ws/install/lab01_pkg:/home/fiammetta/ros-stuff/ros2_ws/install/turtlesim:/opt/ros/humble', 'SHELL': '/bin/zsh', 'LC_NAME': 'it_IT.UTF-8', 'QT_ACCESSIBILITY': '1', 'GDMSESSION': 'ubuntu', 'LC_MEASUREMENT': 'it_IT.UTF-8', 'LC_IDENTIFICATION': 'it_IT.UTF-8', 'QT_IM_MODULE': 'ibus', 'LC_ALL': 'en_US.UTF-8', 'PWD': '/home/fiammetta/ros-stuff/ros2_ws/build/lab01_pkg', 'XDG_DATA_DIRS': '/usr/local/share/:/usr/share/:/var/lib/snapd/desktop', 'LC_NUMERIC': 'it_IT.UTF-8', 'PYTHONPATH': '/home/fiammetta/ros-stuff/ros2_ws/build/lab01_pkg/prefix_override:/usr/lib/python3/dist-packages/colcon_core/task/python/colcon_distutils_commands:/home/fiammetta/ros-stuff/ros2_ws/install/lab01_pkg/lib/python3.10/site-packages:/home/fiammetta/ros-stuff/ros2_ws/install/lab01_pkg/lib/python3.10/site-packages:/home/fiammetta/ros-stuff/ros2_ws/install/turtlesim/local/lib/python3.10/dist-packages:/opt/ros/humble/lib/python3.10/site-packages:/opt/ros/humble/local/lib/python3.10/dist-packages', 'LC_PAPER': 'it_IT.UTF-8', 'COLCON': '1', 'VTE_VERSION': '6800', 'CMAKE_PREFIX_PATH': '/home/fiammetta/ros-stuff/ros2_ws/install/turtlesim'}, 'shell': False}
[0.519696] (turtlesim) StdoutLine: {'line': b'[100%] Built target ament_cmake_python_build_turtlesim_egg\n'}
[0.530545] (turtlesim) CommandEnded: {'returncode': 0}
[0.531158] (turtlesim) JobProgress: {'identifier': 'turtlesim', 'progress': 'install'}
[0.538825] (turtlesim) Command: {'cmd': ['/usr/bin/cmake', '--install', '/home/fiammetta/ros-stuff/ros2_ws/build/turtlesim'], 'cwd': '/home/fiammetta/ros-stuff/ros2_ws/build/turtlesim', 'env': OrderedDict([('USER', 'fiammetta'), ('LC_TIME', 'it_IT.UTF-8'), ('XDG_SESSION_TYPE', 'wayland'), ('SHLVL', '1'), ('LD_LIBRARY_PATH', '/home/fiammetta/ros-stuff/ros2_ws/install/turtlesim/lib:/opt/ros/humble/opt/rviz_ogre_vendor/lib:/opt/ros/humble/lib/x86_64-linux-gnu:/opt/ros/humble/lib'), ('OLDPWD', '/home/fiammetta/ros-stuff/ros2_ws/src'), ('HOME', '/home/fiammetta'), ('DESKTOP_SESSION', 'ubuntu'), ('GTK_MODULES', 'gail:atk-bridge'), ('GNOME_SHELL_SESSION_MODE', 'ubuntu'), ('ROS_PYTHON_VERSION', '3'), ('LC_MONETARY', 'it_IT.UTF-8'), ('SYSTEMD_EXEC_PID', '1682'), ('DBUS_SESSION_BUS_ADDRESS', 'unix:path=/run/user/1000/bus'), ('COLORTERM', 'truecolor'), ('WAYLAND_DISPLAY', 'wayland-0'), ('ROS_DISTRO', 'humble'), ('COLCON_PREFIX_PATH', '/home/fiammetta/ros-stuff/ros2_ws/install:/home/fiammetta/ros-stuff/ros2_ws'), ('LOGNAME', 'fiammetta'), ('_', '/usr/bin/colcon'), ('XDG_SESSION_CLASS', 'user'), ('ROS_VERSION', '2'), ('USERNAME', 'fiammetta'), ('TERM', 'xterm-256color'), ('GNOME_DESKTOP_SESSION_ID', 'this-is-deprecated'), ('ROS_LOCALHOST_ONLY', '0'), ('PATH', '/home/fiammetta/.cargo/bin:/opt/ros/humble/bin:/usr/local/sbin:/usr/local/bin:/usr/sbin:/usr/bin:/sbin:/bin:/usr/games:/usr/local/games:/snap/bin:/snap/bin'), ('SESSION_MANAGER', 'local/MikuBeamer:@/tmp/.ICE-unix/1502,unix/MikuBeamer:/tmp/.ICE-unix/1502'), ('GNOME_TERMINAL_SCREEN', '/org/gnome/Terminal/screen/92b584d5_d701_4d25_9733_a543ee0a7e95'), ('XDG_MENU_PREFIX', 'gnome-'), ('GNOME_SETUP_DISPLAY', ':1'), ('XDG_RUNTIME_DIR', '/run/user/1000'), ('LC_ADDRESS', 'it_IT.UTF-8'), ('DISPLAY', ':0'), ('XDG_CURRENT_DESKTOP', 'ubuntu:GNOME'), ('LANG', 'en_US.UTF-8'), ('LC_TELEPHONE', 'it_IT.UTF-8'), ('XDG_SESSION_DESKTOP', 'ubuntu'), ('GNOME_TERMINAL_SERVICE', ':1.98'), ('XMODIFIERS', '@im=ibus'), ('XAUTHORITY', '/run/user/1000/.mutter-Xwaylandauth.BQZFE3'), ('SSH_AUTH_SOCK', '/run/user/1000/keyring/ssh'), ('SSH_AGENT_LAUNCHER', 'gnome-keyring'), ('AMENT_PREFIX_PATH', '/home/fiammetta/ros-stuff/ros2_ws/install/lab01_pkg:/home/fiammetta/ros-stuff/ros2_ws/install/turtlesim:/opt/ros/humble'), ('SHELL', '/bin/zsh'), ('LC_NAME', 'it_IT.UTF-8'), ('QT_ACCESSIBILITY', '1'), ('GDMSESSION', 'ubuntu'), ('LC_MEASUREMENT', 'it_IT.UTF-8'), ('LC_IDENTIFICATION', 'it_IT.UTF-8'), ('QT_IM_MODULE', 'ibus'), ('LC_ALL', 'en_US.UTF-8'), ('PWD', '/home/fiammetta/ros-stuff/ros2_ws/build/turtlesim'), ('XDG_DATA_DIRS', '/usr/local/share/:/usr/share/:/var/lib/snapd/desktop'), ('LC_NUMERIC', 'it_IT.UTF-8'), ('PYTHONPATH', '/home/fiammetta/ros-stuff/ros2_ws/install/lab01_pkg/lib/python3.10/site-packages:/home/fiammetta/ros-stuff/ros2_ws/install/turtlesim/local/lib/python3.10/dist-packages:/opt/ros/humble/lib/python3.10/site-packages:/opt/ros/humble/local/lib/python3.10/dist-packages'), ('LC_PAPER', 'it_IT.UTF-8'), ('COLCON', '1'), ('VTE_VERSION', '6800'), ('CMAKE_PREFIX_PATH', '/home/fiammetta/ros-stuff/ros2_ws/install/turtlesim:/home/fiammetta/ros-stuff/ros2_ws/install/lab01_pkg:/opt/ros/humble')]), 'shell': False}
[0.546941] (turtlesim) StdoutLine: {'line': b'-- Install configuration: ""\n'}
[0.547232] (turtlesim) StdoutLine: {'line': b'-- Up-to-date: /home/fiammetta/ros-stuff/ros2_ws/install/turtlesim/share/ament_index/resource_index/rosidl_interfaces/turtlesim\n'}
[0.547357] (turtlesim) StdoutLine: {'line': b'-- Up-to-date: /home/fiammetta/ros-stuff/ros2_ws/install/turtlesim/include/turtlesim/turtlesim\n'}
[0.547422] (turtlesim) StdoutLine: {'line': b'-- Up-to-date: /home/fiammetta/ros-stuff/ros2_ws/install/turtlesim/include/turtlesim/turtlesim/action\n'}
[0.547483] (turtlesim) StdoutLine: {'line': b'-- Up-to-date: /home/fiammetta/ros-stuff/ros2_ws/install/turtlesim/include/turtlesim/turtlesim/action/detail\n'}
[0.547543] (turtlesim) StdoutLine: {'line': b'-- Up-to-date: /home/fiammetta/ros-stuff/ros2_ws/install/turtlesim/include/turtlesim/turtlesim/action/detail/rotate_absolute__functions.h\n'}
[0.547602] (turtlesim) StdoutLine: {'line': b'-- Up-to-date: /home/fiammetta/ros-stuff/ros2_ws/install/turtlesim/include/turtlesim/turtlesim/action/detail/rotate_absolute__functions.c\n'}
[0.547661] (turtlesim) StdoutLine: {'line': b'-- Up-to-date: /home/fiammetta/ros-stuff/ros2_ws/install/turtlesim/include/turtlesim/turtlesim/action/detail/rotate_absolute__struct.h\n'}
[0.547719] (turtlesim) StdoutLine: {'line': b'-- Up-to-date: /home/fiammetta/ros-stuff/ros2_ws/install/turtlesim/include/turtlesim/turtlesim/action/detail/rotate_absolute__type_support.h\n'}
[0.547776] (turtlesim) StdoutLine: {'line': b'-- Up-to-date: /home/fiammetta/ros-stuff/ros2_ws/install/turtlesim/include/turtlesim/turtlesim/action/rotate_absolute.h\n'}
[0.547833] (turtlesim) StdoutLine: {'line': b'-- Up-to-date: /home/fiammetta/ros-stuff/ros2_ws/install/turtlesim/include/turtlesim/turtlesim/msg\n'}
[0.547891] (turtlesim) StdoutLine: {'line': b'-- Up-to-date: /home/fiammetta/ros-stuff/ros2_ws/install/turtlesim/include/turtlesim/turtlesim/msg/detail\n'}
[0.547948] (turtlesim) StdoutLine: {'line': b'-- Up-to-date: /home/fiammetta/ros-stuff/ros2_ws/install/turtlesim/include/turtlesim/turtlesim/msg/detail/pose__struct.h\n'}
[0.548006] (turtlesim) StdoutLine: {'line': b'-- Up-to-date: /home/fiammetta/ros-stuff/ros2_ws/install/turtlesim/include/turtlesim/turtlesim/msg/detail/pose__functions.h\n'}
[0.548063] (turtlesim) StdoutLine: {'line': b'-- Up-to-date: /home/fiammetta/ros-stuff/ros2_ws/install/turtlesim/include/turtlesim/turtlesim/msg/detail/pose__type_support.h\n'}
[0.548131] (turtlesim) StdoutLine: {'line': b'-- Up-to-date: /home/fiammetta/ros-stuff/ros2_ws/install/turtlesim/include/turtlesim/turtlesim/msg/detail/color__functions.h\n'}
[0.548191] (turtlesim) StdoutLine: {'line': b'-- Up-to-date: /home/fiammetta/ros-stuff/ros2_ws/install/turtlesim/include/turtlesim/turtlesim/msg/detail/color__struct.h\n'}
[0.548382] (turtlesim) StdoutLine: {'line': b'-- Up-to-date: /home/fiammetta/ros-stuff/ros2_ws/install/turtlesim/include/turtlesim/turtlesim/msg/detail/color__type_support.h\n'}
[0.548442] (turtlesim) StdoutLine: {'line': b'-- Up-to-date: /home/fiammetta/ros-stuff/ros2_ws/install/turtlesim/include/turtlesim/turtlesim/msg/detail/pose__functions.c\n'}
[0.548524] (turtlesim) StdoutLine: {'line': b'-- Up-to-date: /home/fiammetta/ros-stuff/ros2_ws/install/turtlesim/include/turtlesim/turtlesim/msg/detail/color__functions.c\n'}
[0.548579] (turtlesim) StdoutLine: {'line': b'-- Up-to-date: /home/fiammetta/ros-stuff/ros2_ws/install/turtlesim/include/turtlesim/turtlesim/msg/color.h\n'}
[0.548636] (turtlesim) StdoutLine: {'line': b'-- Up-to-date: /home/fiammetta/ros-stuff/ros2_ws/install/turtlesim/include/turtlesim/turtlesim/msg/pose.h\n'}
[0.548693] (turtlesim) StdoutLine: {'line': b'-- Up-to-date: /home/fiammetta/ros-stuff/ros2_ws/install/turtlesim/include/turtlesim/turtlesim/msg/rosidl_generator_c__visibility_control.h\n'}
[0.548751] (turtlesim) StdoutLine: {'line': b'-- Up-to-date: /home/fiammetta/ros-stuff/ros2_ws/install/turtlesim/include/turtlesim/turtlesim/srv\n'}
[0.548808] (turtlesim) StdoutLine: {'line': b'-- Up-to-date: /home/fiammetta/ros-stuff/ros2_ws/install/turtlesim/include/turtlesim/turtlesim/srv/teleport_absolute.h\n'}
[0.548908] (turtlesim) StdoutLine: {'line': b'-- Up-to-date: /home/fiammetta/ros-stuff/ros2_ws/install/turtlesim/include/turtlesim/turtlesim/srv/detail\n'}
[0.549001] (turtlesim) StdoutLine: {'line': b'-- Up-to-date: /home/fiammetta/ros-stuff/ros2_ws/install/turtlesim/include/turtlesim/turtlesim/srv/detail/teleport_absolute__functions.h\n'}
[0.549058] (turtlesim) StdoutLine: {'line': b'-- Up-to-date: /home/fiammetta/ros-stuff/ros2_ws/install/turtlesim/include/turtlesim/turtlesim/srv/detail/kill__struct.h\n'}
[0.549116] (turtlesim) StdoutLine: {'line': b'-- Up-to-date: /home/fiammetta/ros-stuff/ros2_ws/install/turtlesim/include/turtlesim/turtlesim/srv/detail/spawn__functions.c\n'}
[0.549173] (turtlesim) StdoutLine: {'line': b'-- Up-to-date: /home/fiammetta/ros-stuff/ros2_ws/install/turtlesim/include/turtlesim/turtlesim/srv/detail/teleport_relative__struct.h\n'}
[0.549332] (turtlesim) StdoutLine: {'line': b'-- Up-to-date: /home/fiammetta/ros-stuff/ros2_ws/install/turtlesim/include/turtlesim/turtlesim/srv/detail/teleport_relative__type_support.h\n'}
[0.549416] (turtlesim) StdoutLine: {'line': b'-- Up-to-date: /home/fiammetta/ros-stuff/ros2_ws/install/turtlesim/include/turtlesim/turtlesim/srv/detail/teleport_absolute__struct.h\n'}
[0.549474] (turtlesim) StdoutLine: {'line': b'-- Up-to-date: /home/fiammetta/ros-stuff/ros2_ws/install/turtlesim/include/turtlesim/turtlesim/srv/detail/set_pen__struct.h\n'}
[0.549531] (turtlesim) StdoutLine: {'line': b'-- Up-to-date: /home/fiammetta/ros-stuff/ros2_ws/install/turtlesim/include/turtlesim/turtlesim/srv/detail/spawn__type_support.h\n'}
[0.549588] (turtlesim) StdoutLine: {'line': b'-- Up-to-date: /home/fiammetta/ros-stuff/ros2_ws/install/turtlesim/include/turtlesim/turtlesim/srv/detail/set_pen__functions.h\n'}
[0.549645] (turtlesim) StdoutLine: {'line': b'-- Up-to-date: /home/fiammetta/ros-stuff/ros2_ws/install/turtlesim/include/turtlesim/turtlesim/srv/detail/spawn__struct.h\n'}
[0.549701] (turtlesim) StdoutLine: {'line': b'-- Up-to-date: /home/fiammetta/ros-stuff/ros2_ws/install/turtlesim/include/turtlesim/turtlesim/srv/detail/spawn__functions.h\n'}
[0.549758] (turtlesim) StdoutLine: {'line': b'-- Up-to-date: /home/fiammetta/ros-stuff/ros2_ws/install/turtlesim/include/turtlesim/turtlesim/srv/detail/kill__functions.h\n'}
[0.549814] (turtlesim) StdoutLine: {'line': b'-- Up-to-date: /home/fiammetta/ros-stuff/ros2_ws/install/turtlesim/include/turtlesim/turtlesim/srv/detail/teleport_relative__functions.h\n'}
[0.549871] (turtlesim) StdoutLine: {'line': b'-- Up-to-date: /home/fiammetta/ros-stuff/ros2_ws/install/turtlesim/include/turtlesim/turtlesim/srv/detail/teleport_absolute__functions.c\n'}
[0.549928] (turtlesim) StdoutLine: {'line': b'-- Up-to-date: /home/fiammetta/ros-stuff/ros2_ws/install/turtlesim/include/turtlesim/turtlesim/srv/detail/kill__functions.c\n'}
[0.549985] (turtlesim) StdoutLine: {'line': b'-- Up-to-date: /home/fiammetta/ros-stuff/ros2_ws/install/turtlesim/include/turtlesim/turtlesim/srv/detail/teleport_relative__functions.c\n'}
[0.550057] (turtlesim) StdoutLine: {'line': b'-- Up-to-date: /home/fiammetta/ros-stuff/ros2_ws/install/turtlesim/include/turtlesim/turtlesim/srv/detail/set_pen__type_support.h\n'}
[0.550114] (turtlesim) StdoutLine: {'line': b'-- Up-to-date: /home/fiammetta/ros-stuff/ros2_ws/install/turtlesim/include/turtlesim/turtlesim/srv/detail/set_pen__functions.c\n'}
[0.550171] (turtlesim) StdoutLine: {'line': b'-- Up-to-date: /home/fiammetta/ros-stuff/ros2_ws/install/turtlesim/include/turtlesim/turtlesim/srv/detail/teleport_absolute__type_support.h\n'}
[0.550340] (turtlesim) StdoutLine: {'line': b'-- Up-to-date: /home/fiammetta/ros-stuff/ros2_ws/install/turtlesim/include/turtlesim/turtlesim/srv/detail/kill__type_support.h\n'}
[0.550419] (turtlesim) StdoutLine: {'line': b'-- Up-to-date: /home/fiammetta/ros-stuff/ros2_ws/install/turtlesim/include/turtlesim/turtlesim/srv/teleport_relative.h\n'}
[0.550478] (turtlesim) StdoutLine: {'line': b'-- Up-to-date: /home/fiammetta/ros-stuff/ros2_ws/install/turtlesim/include/turtlesim/turtlesim/srv/kill.h\n'}
[0.550534] (turtlesim) StdoutLine: {'line': b'-- Up-to-date: /home/fiammetta/ros-stuff/ros2_ws/install/turtlesim/include/turtlesim/turtlesim/srv/spawn.h\n'}
[0.550591] (turtlesim) StdoutLine: {'line': b'-- Up-to-date: /home/fiammetta/ros-stuff/ros2_ws/install/turtlesim/include/turtlesim/turtlesim/srv/set_pen.h\n'}
[0.550648] (turtlesim) StdoutLine: {'line': b'-- Up-to-date: /home/fiammetta/ros-stuff/ros2_ws/install/turtlesim/share/turtlesim/environment/library_path.sh\n'}
[0.550706] (turtlesim) StdoutLine: {'line': b'-- Up-to-date: /home/fiammetta/ros-stuff/ros2_ws/install/turtlesim/share/turtlesim/environment/library_path.dsv\n'}
[0.550763] (turtlesim) StdoutLine: {'line': b'-- Up-to-date: /home/fiammetta/ros-stuff/ros2_ws/install/turtlesim/lib/libturtlesim__rosidl_generator_c.so\n'}
[0.550820] (turtlesim) StdoutLine: {'line': b'-- Up-to-date: /home/fiammetta/ros-stuff/ros2_ws/install/turtlesim/include/turtlesim/turtlesim\n'}
[0.550877] (turtlesim) StdoutLine: {'line': b'-- Up-to-date: /home/fiammetta/ros-stuff/ros2_ws/install/turtlesim/include/turtlesim/turtlesim/action\n'}
[0.550933] (turtlesim) StdoutLine: {'line': b'-- Up-to-date: /home/fiammetta/ros-stuff/ros2_ws/install/turtlesim/include/turtlesim/turtlesim/action/detail\n'}
[0.550990] (turtlesim) StdoutLine: {'line': b'-- Up-to-date: /home/fiammetta/ros-stuff/ros2_ws/install/turtlesim/include/turtlesim/turtlesim/action/detail/rotate_absolute__rosidl_typesupport_fastrtps_c.h\n'}
[0.551047] (turtlesim) StdoutLine: {'line': b'-- Up-to-date: /home/fiammetta/ros-stuff/ros2_ws/install/turtlesim/include/turtlesim/turtlesim/msg\n'}
[0.551176] (turtlesim) StdoutLine: {'line': b'-- Up-to-date: /home/fiammetta/ros-stuff/ros2_ws/install/turtlesim/include/turtlesim/turtlesim/msg/detail\n'}
[0.551275] (turtlesim) StdoutLine: {'line': b'-- Up-to-date: /home/fiammetta/ros-stuff/ros2_ws/install/turtlesim/include/turtlesim/turtlesim/msg/detail/color__rosidl_typesupport_fastrtps_c.h\n'}
[0.551359] (turtlesim) StdoutLine: {'line': b'-- Up-to-date: /home/fiammetta/ros-stuff/ros2_ws/install/turtlesim/include/turtlesim/turtlesim/msg/detail/pose__rosidl_typesupport_fastrtps_c.h\n'}
[0.551416] (turtlesim) StdoutLine: {'line': b'-- Up-to-date: /home/fiammetta/ros-stuff/ros2_ws/install/turtlesim/include/turtlesim/turtlesim/msg/rosidl_typesupport_fastrtps_c__visibility_control.h\n'}
[0.551474] (turtlesim) StdoutLine: {'line': b'-- Up-to-date: /home/fiammetta/ros-stuff/ros2_ws/install/turtlesim/include/turtlesim/turtlesim/srv\n'}
[0.551530] (turtlesim) StdoutLine: {'line': b'-- Up-to-date: /home/fiammetta/ros-stuff/ros2_ws/install/turtlesim/include/turtlesim/turtlesim/srv/detail\n'}
[0.551588] (turtlesim) StdoutLine: {'line': b'-- Up-to-date: /home/fiammetta/ros-stuff/ros2_ws/install/turtlesim/include/turtlesim/turtlesim/srv/detail/spawn__rosidl_typesupport_fastrtps_c.h\n'}
[0.551646] (turtlesim) StdoutLine: {'line': b'-- Up-to-date: /home/fiammetta/ros-stuff/ros2_ws/install/turtlesim/include/turtlesim/turtlesim/srv/detail/teleport_absolute__rosidl_typesupport_fastrtps_c.h\n'}
[0.551743] (turtlesim) StdoutLine: {'line': b'-- Up-to-date: /home/fiammetta/ros-stuff/ros2_ws/install/turtlesim/include/turtlesim/turtlesim/srv/detail/kill__rosidl_typesupport_fastrtps_c.h\n'}
[0.551798] (turtlesim) StdoutLine: {'line': b'-- Up-to-date: /home/fiammetta/ros-stuff/ros2_ws/install/turtlesim/include/turtlesim/turtlesim/srv/detail/set_pen__rosidl_typesupport_fastrtps_c.h\n'}
[0.551854] (turtlesim) StdoutLine: {'line': b'-- Up-to-date: /home/fiammetta/ros-stuff/ros2_ws/install/turtlesim/include/turtlesim/turtlesim/srv/detail/teleport_relative__rosidl_typesupport_fastrtps_c.h\n'}
[0.551911] (turtlesim) StdoutLine: {'line': b'-- Up-to-date: /home/fiammetta/ros-stuff/ros2_ws/install/turtlesim/lib/libturtlesim__rosidl_typesupport_fastrtps_c.so\n'}
[0.551969] (turtlesim) StdoutLine: {'line': b'-- Up-to-date: /home/fiammetta/ros-stuff/ros2_ws/install/turtlesim/include/turtlesim/turtlesim\n'}
[0.552026] (turtlesim) StdoutLine: {'line': b'-- Up-to-date: /home/fiammetta/ros-stuff/ros2_ws/install/turtlesim/include/turtlesim/turtlesim/action\n'}
[0.552083] (turtlesim) StdoutLine: {'line': b'-- Up-to-date: /home/fiammetta/ros-stuff/ros2_ws/install/turtlesim/include/turtlesim/turtlesim/action/detail\n'}
[0.552139] (turtlesim) StdoutLine: {'line': b'-- Up-to-date: /home/fiammetta/ros-stuff/ros2_ws/install/turtlesim/include/turtlesim/turtlesim/action/detail/rotate_absolute__type_support.hpp\n'}
[0.552202] (turtlesim) StdoutLine: {'line': b'-- Up-to-date: /home/fiammetta/ros-stuff/ros2_ws/install/turtlesim/include/turtlesim/turtlesim/action/detail/rotate_absolute__traits.hpp\n'}
[0.552297] (turtlesim) StdoutLine: {'line': b'-- Up-to-date: /home/fiammetta/ros-stuff/ros2_ws/install/turtlesim/include/turtlesim/turtlesim/action/detail/rotate_absolute__struct.hpp\n'}
[0.552357] (turtlesim) StdoutLine: {'line': b'-- Up-to-date: /home/fiammetta/ros-stuff/ros2_ws/install/turtlesim/include/turtlesim/turtlesim/action/detail/rotate_absolute__builder.hpp\n'}
[0.552412] (turtlesim) StdoutLine: {'line': b'-- Up-to-date: /home/fiammetta/ros-stuff/ros2_ws/install/turtlesim/include/turtlesim/turtlesim/action/rotate_absolute.hpp\n'}
[0.552473] (turtlesim) StdoutLine: {'line': b'-- Up-to-date: /home/fiammetta/ros-stuff/ros2_ws/install/turtlesim/include/turtlesim/turtlesim/msg\n'}
[0.552530] (turtlesim) StdoutLine: {'line': b'-- Up-to-date: /home/fiammetta/ros-stuff/ros2_ws/install/turtlesim/include/turtlesim/turtlesim/msg/rosidl_generator_cpp__visibility_control.hpp\n'}
[0.552587] (turtlesim) StdoutLine: {'line': b'-- Up-to-date: /home/fiammetta/ros-stuff/ros2_ws/install/turtlesim/include/turtlesim/turtlesim/msg/detail\n'}
[0.552644] (turtlesim) StdoutLine: {'line': b'-- Up-to-date: /home/fiammetta/ros-stuff/ros2_ws/install/turtlesim/include/turtlesim/turtlesim/msg/detail/pose__traits.hpp\n'}
[0.552701] (turtlesim) StdoutLine: {'line': b'-- Up-to-date: /home/fiammetta/ros-stuff/ros2_ws/install/turtlesim/include/turtlesim/turtlesim/msg/detail/color__struct.hpp\n'}
[0.552758] (turtlesim) StdoutLine: {'line': b'-- Up-to-date: /home/fiammetta/ros-stuff/ros2_ws/install/turtlesim/include/turtlesim/turtlesim/msg/detail/color__builder.hpp\n'}
[0.552815] (turtlesim) StdoutLine: {'line': b'-- Up-to-date: /home/fiammetta/ros-stuff/ros2_ws/install/turtlesim/include/turtlesim/turtlesim/msg/detail/color__type_support.hpp\n'}
[0.552871] (turtlesim) StdoutLine: {'line': b'-- Up-to-date: /home/fiammetta/ros-stuff/ros2_ws/install/turtlesim/include/turtlesim/turtlesim/msg/detail/color__traits.hpp\n'}
[0.552928] (turtlesim) StdoutLine: {'line': b'-- Up-to-date: /home/fiammetta/ros-stuff/ros2_ws/install/turtlesim/include/turtlesim/turtlesim/msg/detail/pose__struct.hpp\n'}
[0.552984] (turtlesim) StdoutLine: {'line': b'-- Up-to-date: /home/fiammetta/ros-stuff/ros2_ws/install/turtlesim/include/turtlesim/turtlesim/msg/detail/pose__type_support.hpp\n'}
[0.553041] (turtlesim) StdoutLine: {'line': b'-- Up-to-date: /home/fiammetta/ros-stuff/ros2_ws/install/turtlesim/include/turtlesim/turtlesim/msg/detail/pose__builder.hpp\n'}
[0.553097] (turtlesim) StdoutLine: {'line': b'-- Up-to-date: /home/fiammetta/ros-stuff/ros2_ws/install/turtlesim/include/turtlesim/turtlesim/msg/pose.hpp\n'}
[0.553271] (turtlesim) StdoutLine: {'line': b'-- Up-to-date: /home/fiammetta/ros-stuff/ros2_ws/install/turtlesim/include/turtlesim/turtlesim/msg/color.hpp\n'}
[0.553329] (turtlesim) StdoutLine: {'line': b'-- Up-to-date: /home/fiammetta/ros-stuff/ros2_ws/install/turtlesim/include/turtlesim/turtlesim/srv\n'}
[0.553383] (turtlesim) StdoutLine: {'line': b'-- Up-to-date: /home/fiammetta/ros-stuff/ros2_ws/install/turtlesim/include/turtlesim/turtlesim/srv/kill.hpp\n'}
[0.553436] (turtlesim) StdoutLine: {'line': b'-- Up-to-date: /home/fiammetta/ros-stuff/ros2_ws/install/turtlesim/include/turtlesim/turtlesim/srv/teleport_absolute.hpp\n'}
[0.553490] (turtlesim) StdoutLine: {'line': b'-- Up-to-date: /home/fiammetta/ros-stuff/ros2_ws/install/turtlesim/include/turtlesim/turtlesim/srv/set_pen.hpp\n'}
[0.553543] (turtlesim) StdoutLine: {'line': b'-- Up-to-date: /home/fiammetta/ros-stuff/ros2_ws/install/turtlesim/include/turtlesim/turtlesim/srv/spawn.hpp\n'}
[0.553596] (turtlesim) StdoutLine: {'line': b'-- Up-to-date: /home/fiammetta/ros-stuff/ros2_ws/install/turtlesim/include/turtlesim/turtlesim/srv/detail\n'}
[0.553649] (turtlesim) StdoutLine: {'line': b'-- Up-to-date: /home/fiammetta/ros-stuff/ros2_ws/install/turtlesim/include/turtlesim/turtlesim/srv/detail/set_pen__builder.hpp\n'}
[0.553702] (turtlesim) StdoutLine: {'line': b'-- Up-to-date: /home/fiammetta/ros-stuff/ros2_ws/install/turtlesim/include/turtlesim/turtlesim/srv/detail/spawn__traits.hpp\n'}
[0.553755] (turtlesim) StdoutLine: {'line': b'-- Up-to-date: /home/fiammetta/ros-stuff/ros2_ws/install/turtlesim/include/turtlesim/turtlesim/srv/detail/kill__traits.hpp\n'}
[0.553810] (turtlesim) StdoutLine: {'line': b'-- Up-to-date: /home/fiammetta/ros-stuff/ros2_ws/install/turtlesim/include/turtlesim/turtlesim/srv/detail/teleport_absolute__struct.hpp\n'}
[0.553863] (turtlesim) StdoutLine: {'line': b'-- Up-to-date: /home/fiammetta/ros-stuff/ros2_ws/install/turtlesim/include/turtlesim/turtlesim/srv/detail/spawn__type_support.hpp\n'}
[0.553916] (turtlesim) StdoutLine: {'line': b'-- Up-to-date: /home/fiammetta/ros-stuff/ros2_ws/install/turtlesim/include/turtlesim/turtlesim/srv/detail/set_pen__struct.hpp\n'}
[0.553969] (turtlesim) StdoutLine: {'line': b'-- Up-to-date: /home/fiammetta/ros-stuff/ros2_ws/install/turtlesim/include/turtlesim/turtlesim/srv/detail/teleport_absolute__builder.hpp\n'}
[0.554022] (turtlesim) StdoutLine: {'line': b'-- Up-to-date: /home/fiammetta/ros-stuff/ros2_ws/install/turtlesim/include/turtlesim/turtlesim/srv/detail/teleport_absolute__type_support.hpp\n'}
[0.554076] (turtlesim) StdoutLine: {'line': b'-- Up-to-date: /home/fiammetta/ros-stuff/ros2_ws/install/turtlesim/include/turtlesim/turtlesim/srv/detail/set_pen__traits.hpp\n'}
[0.554129] (turtlesim) StdoutLine: {'line': b'-- Up-to-date: /home/fiammetta/ros-stuff/ros2_ws/install/turtlesim/include/turtlesim/turtlesim/srv/detail/teleport_relative__traits.hpp\n'}
[0.554185] (turtlesim) StdoutLine: {'line': b'-- Up-to-date: /home/fiammetta/ros-stuff/ros2_ws/install/turtlesim/include/turtlesim/turtlesim/srv/detail/teleport_relative__type_support.hpp\n'}
[0.554254] (turtlesim) StdoutLine: {'line': b'-- Up-to-date: /home/fiammetta/ros-stuff/ros2_ws/install/turtlesim/include/turtlesim/turtlesim/srv/detail/teleport_absolute__traits.hpp\n'}
[0.554309] (turtlesim) StdoutLine: {'line': b'-- Up-to-date: /home/fiammetta/ros-stuff/ros2_ws/install/turtlesim/include/turtlesim/turtlesim/srv/detail/kill__struct.hpp\n'}
[0.554362] (turtlesim) StdoutLine: {'line': b'-- Up-to-date: /home/fiammetta/ros-stuff/ros2_ws/install/turtlesim/include/turtlesim/turtlesim/srv/detail/spawn__builder.hpp\n'}
[0.554415] (turtlesim) StdoutLine: {'line': b'-- Up-to-date: /home/fiammetta/ros-stuff/ros2_ws/install/turtlesim/include/turtlesim/turtlesim/srv/detail/teleport_relative__builder.hpp\n'}
[0.554469] (turtlesim) StdoutLine: {'line': b'-- Up-to-date: /home/fiammetta/ros-stuff/ros2_ws/install/turtlesim/include/turtlesim/turtlesim/srv/detail/spawn__struct.hpp\n'}
[0.554527] (turtlesim) StdoutLine: {'line': b'-- Up-to-date: /home/fiammetta/ros-stuff/ros2_ws/install/turtlesim/include/turtlesim/turtlesim/srv/detail/kill__builder.hpp\n'}
[0.554580] (turtlesim) StdoutLine: {'line': b'-- Up-to-date: /home/fiammetta/ros-stuff/ros2_ws/install/turtlesim/include/turtlesim/turtlesim/srv/detail/teleport_relative__struct.hpp\n'}
[0.554634] (turtlesim) StdoutLine: {'line': b'-- Up-to-date: /home/fiammetta/ros-stuff/ros2_ws/install/turtlesim/include/turtlesim/turtlesim/srv/detail/kill__type_support.hpp\n'}
[0.554687] (turtlesim) StdoutLine: {'line': b'-- Up-to-date: /home/fiammetta/ros-stuff/ros2_ws/install/turtlesim/include/turtlesim/turtlesim/srv/detail/set_pen__type_support.hpp\n'}
[0.554740] (turtlesim) StdoutLine: {'line': b'-- Up-to-date: /home/fiammetta/ros-stuff/ros2_ws/install/turtlesim/include/turtlesim/turtlesim/srv/teleport_relative.hpp\n'}
[0.554793] (turtlesim) StdoutLine: {'line': b'-- Up-to-date: /home/fiammetta/ros-stuff/ros2_ws/install/turtlesim/include/turtlesim/turtlesim\n'}
[0.554846] (turtlesim) StdoutLine: {'line': b'-- Up-to-date: /home/fiammetta/ros-stuff/ros2_ws/install/turtlesim/include/turtlesim/turtlesim/action\n'}
[0.554899] (turtlesim) StdoutLine: {'line': b'-- Up-to-date: /home/fiammetta/ros-stuff/ros2_ws/install/turtlesim/include/turtlesim/turtlesim/action/detail\n'}
[0.554952] (turtlesim) StdoutLine: {'line': b'-- Up-to-date: /home/fiammetta/ros-stuff/ros2_ws/install/turtlesim/include/turtlesim/turtlesim/action/detail/rotate_absolute__rosidl_typesupport_fastrtps_cpp.hpp\n'}
[0.555004] (turtlesim) StdoutLine: {'line': b'-- Up-to-date: /home/fiammetta/ros-stuff/ros2_ws/install/turtlesim/include/turtlesim/turtlesim/action/detail/dds_fastrtps\n'}
[0.555063] (turtlesim) StdoutLine: {'line': b'-- Up-to-date: /home/fiammetta/ros-stuff/ros2_ws/install/turtlesim/include/turtlesim/turtlesim/msg\n'}
[0.555117] (turtlesim) StdoutLine: {'line': b'-- Up-to-date: /home/fiammetta/ros-stuff/ros2_ws/install/turtlesim/include/turtlesim/turtlesim/msg/detail\n'}
[0.555170] (turtlesim) StdoutLine: {'line': b'-- Up-to-date: /home/fiammetta/ros-stuff/ros2_ws/install/turtlesim/include/turtlesim/turtlesim/msg/detail/color__rosidl_typesupport_fastrtps_cpp.hpp\n'}
[0.555233] (turtlesim) StdoutLine: {'line': b'-- Up-to-date: /home/fiammetta/ros-stuff/ros2_ws/install/turtlesim/include/turtlesim/turtlesim/msg/detail/dds_fastrtps\n'}
[0.555290] (turtlesim) StdoutLine: {'line': b'-- Up-to-date: /home/fiammetta/ros-stuff/ros2_ws/install/turtlesim/include/turtlesim/turtlesim/msg/detail/pose__rosidl_typesupport_fastrtps_cpp.hpp\n'}
[0.555343] (turtlesim) StdoutLine: {'line': b'-- Up-to-date: /home/fiammetta/ros-stuff/ros2_ws/install/turtlesim/include/turtlesim/turtlesim/msg/rosidl_typesupport_fastrtps_cpp__visibility_control.h\n'}
[0.555396] (turtlesim) StdoutLine: {'line': b'-- Up-to-date: /home/fiammetta/ros-stuff/ros2_ws/install/turtlesim/include/turtlesim/turtlesim/srv\n'}
[0.555449] (turtlesim) StdoutLine: {'line': b'-- Up-to-date: /home/fiammetta/ros-stuff/ros2_ws/install/turtlesim/include/turtlesim/turtlesim/srv/detail\n'}
[0.555515] (turtlesim) StdoutLine: {'line': b'-- Up-to-date: /home/fiammetta/ros-stuff/ros2_ws/install/turtlesim/include/turtlesim/turtlesim/srv/detail/spawn__rosidl_typesupport_fastrtps_cpp.hpp\n'}
[0.555569] (turtlesim) StdoutLine: {'line': b'-- Up-to-date: /home/fiammetta/ros-stuff/ros2_ws/install/turtlesim/include/turtlesim/turtlesim/srv/detail/teleport_relative__rosidl_typesupport_fastrtps_cpp.hpp\n'}
[0.555622] (turtlesim) StdoutLine: {'line': b'-- Up-to-date: /home/fiammetta/ros-stuff/ros2_ws/install/turtlesim/include/turtlesim/turtlesim/srv/detail/teleport_absolute__rosidl_typesupport_fastrtps_cpp.hpp\n'}
[0.555676] (turtlesim) StdoutLine: {'line': b'-- Up-to-date: /home/fiammetta/ros-stuff/ros2_ws/install/turtlesim/include/turtlesim/turtlesim/srv/detail/kill__rosidl_typesupport_fastrtps_cpp.hpp\n'}
[0.555729] (turtlesim) StdoutLine: {'line': b'-- Up-to-date: /home/fiammetta/ros-stuff/ros2_ws/install/turtlesim/include/turtlesim/turtlesim/srv/detail/set_pen__rosidl_typesupport_fastrtps_cpp.hpp\n'}
[0.555787] (turtlesim) StdoutLine: {'line': b'-- Up-to-date: /home/fiammetta/ros-stuff/ros2_ws/install/turtlesim/include/turtlesim/turtlesim/srv/detail/dds_fastrtps\n'}
[0.555844] (turtlesim) StdoutLine: {'line': b'-- Up-to-date: /home/fiammetta/ros-stuff/ros2_ws/install/turtlesim/lib/libturtlesim__rosidl_typesupport_fastrtps_cpp.so\n'}
[0.555898] (turtlesim) StdoutLine: {'line': b'-- Up-to-date: /home/fiammetta/ros-stuff/ros2_ws/install/turtlesim/include/turtlesim/turtlesim\n'}
[0.555952] (turtlesim) StdoutLine: {'line': b'-- Up-to-date: /home/fiammetta/ros-stuff/ros2_ws/install/turtlesim/include/turtlesim/turtlesim/action\n'}
[0.556006] (turtlesim) StdoutLine: {'line': b'-- Up-to-date: /home/fiammetta/ros-stuff/ros2_ws/install/turtlesim/include/turtlesim/turtlesim/action/detail\n'}
[0.556059] (turtlesim) StdoutLine: {'line': b'-- Up-to-date: /home/fiammetta/ros-stuff/ros2_ws/install/turtlesim/include/turtlesim/turtlesim/action/detail/rotate_absolute__rosidl_typesupport_introspection_c.h\n'}
[0.556112] (turtlesim) StdoutLine: {'line': b'-- Up-to-date: /home/fiammetta/ros-stuff/ros2_ws/install/turtlesim/include/turtlesim/turtlesim/action/detail/rotate_absolute__type_support.c\n'}
[0.556165] (turtlesim) StdoutLine: {'line': b'-- Up-to-date: /home/fiammetta/ros-stuff/ros2_ws/install/turtlesim/include/turtlesim/turtlesim/msg\n'}
[0.556230] (turtlesim) StdoutLine: {'line': b'-- Up-to-date: /home/fiammetta/ros-stuff/ros2_ws/install/turtlesim/include/turtlesim/turtlesim/msg/detail\n'}
[0.556288] (turtlesim) StdoutLine: {'line': b'-- Up-to-date: /home/fiammetta/ros-stuff/ros2_ws/install/turtlesim/include/turtlesim/turtlesim/msg/detail/pose__rosidl_typesupport_introspection_c.h\n'}
[0.556342] (turtlesim) StdoutLine: {'line': b'-- Up-to-date: /home/fiammetta/ros-stuff/ros2_ws/install/turtlesim/include/turtlesim/turtlesim/msg/detail/color__rosidl_typesupport_introspection_c.h\n'}
[0.556395] (turtlesim) StdoutLine: {'line': b'-- Up-to-date: /home/fiammetta/ros-stuff/ros2_ws/install/turtlesim/include/turtlesim/turtlesim/msg/detail/pose__type_support.c\n'}
[0.556449] (turtlesim) StdoutLine: {'line': b'-- Up-to-date: /home/fiammetta/ros-stuff/ros2_ws/install/turtlesim/include/turtlesim/turtlesim/msg/detail/color__type_support.c\n'}
[0.556502] (turtlesim) StdoutLine: {'line': b'-- Up-to-date: /home/fiammetta/ros-stuff/ros2_ws/install/turtlesim/include/turtlesim/turtlesim/msg/rosidl_typesupport_introspection_c__visibility_control.h\n'}
[0.556556] (turtlesim) StdoutLine: {'line': b'-- Up-to-date: /home/fiammetta/ros-stuff/ros2_ws/install/turtlesim/include/turtlesim/turtlesim/srv\n'}
[0.556610] (turtlesim) StdoutLine: {'line': b'-- Up-to-date: /home/fiammetta/ros-stuff/ros2_ws/install/turtlesim/include/turtlesim/turtlesim/srv/detail\n'}
[0.556663] (turtlesim) StdoutLine: {'line': b'-- Up-to-date: /home/fiammetta/ros-stuff/ros2_ws/install/turtlesim/include/turtlesim/turtlesim/srv/detail/kill__type_support.c\n'}
[0.556716] (turtlesim) StdoutLine: {'line': b'-- Up-to-date: /home/fiammetta/ros-stuff/ros2_ws/install/turtlesim/include/turtlesim/turtlesim/srv/detail/teleport_absolute__type_support.c\n'}
[0.556770] (turtlesim) StdoutLine: {'line': b'-- Up-to-date: /home/fiammetta/ros-stuff/ros2_ws/install/turtlesim/include/turtlesim/turtlesim/srv/detail/teleport_relative__type_support.c\n'}
[0.556831] (turtlesim) StdoutLine: {'line': b'-- Up-to-date: /home/fiammetta/ros-stuff/ros2_ws/install/turtlesim/include/turtlesim/turtlesim/srv/detail/set_pen__rosidl_typesupport_introspection_c.h\n'}
[0.556885] (turtlesim) StdoutLine: {'line': b'-- Up-to-date: /home/fiammetta/ros-stuff/ros2_ws/install/turtlesim/include/turtlesim/turtlesim/srv/detail/kill__rosidl_typesupport_introspection_c.h\n'}
[0.556939] (turtlesim) StdoutLine: {'line': b'-- Up-to-date: /home/fiammetta/ros-stuff/ros2_ws/install/turtlesim/include/turtlesim/turtlesim/srv/detail/spawn__type_support.c\n'}
[0.556993] (turtlesim) StdoutLine: {'line': b'-- Up-to-date: /home/fiammetta/ros-stuff/ros2_ws/install/turtlesim/include/turtlesim/turtlesim/srv/detail/teleport_relative__rosidl_typesupport_introspection_c.h\n'}
[0.557051] (turtlesim) StdoutLine: {'line': b'-- Up-to-date: /home/fiammetta/ros-stuff/ros2_ws/install/turtlesim/include/turtlesim/turtlesim/srv/detail/set_pen__type_support.c\n'}
[0.557105] (turtlesim) StdoutLine: {'line': b'-- Up-to-date: /home/fiammetta/ros-stuff/ros2_ws/install/turtlesim/include/turtlesim/turtlesim/srv/detail/spawn__rosidl_typesupport_introspection_c.h\n'}
[0.557158] (turtlesim) StdoutLine: {'line': b'-- Up-to-date: /home/fiammetta/ros-stuff/ros2_ws/install/turtlesim/include/turtlesim/turtlesim/srv/detail/teleport_absolute__rosidl_typesupport_introspection_c.h\n'}
[0.557221] (turtlesim) StdoutLine: {'line': b'-- Up-to-date: /home/fiammetta/ros-stuff/ros2_ws/install/turtlesim/lib/libturtlesim__rosidl_typesupport_introspection_c.so\n'}
[0.557279] (turtlesim) StdoutLine: {'line': b'-- Up-to-date: /home/fiammetta/ros-stuff/ros2_ws/install/turtlesim/lib/libturtlesim__rosidl_typesupport_c.so\n'}
[0.557333] (turtlesim) StdoutLine: {'line': b'-- Up-to-date: /home/fiammetta/ros-stuff/ros2_ws/install/turtlesim/include/turtlesim/turtlesim\n'}
[0.557387] (turtlesim) StdoutLine: {'line': b'-- Up-to-date: /home/fiammetta/ros-stuff/ros2_ws/install/turtlesim/include/turtlesim/turtlesim/action\n'}
[0.557441] (turtlesim) StdoutLine: {'line': b'-- Up-to-date: /home/fiammetta/ros-stuff/ros2_ws/install/turtlesim/include/turtlesim/turtlesim/action/detail\n'}
[0.557498] (turtlesim) StdoutLine: {'line': b'-- Up-to-date: /home/fiammetta/ros-stuff/ros2_ws/install/turtlesim/include/turtlesim/turtlesim/action/detail/rotate_absolute__type_support.cpp\n'}
[0.557553] (turtlesim) StdoutLine: {'line': b'-- Up-to-date: /home/fiammetta/ros-stuff/ros2_ws/install/turtlesim/include/turtlesim/turtlesim/action/detail/rotate_absolute__rosidl_typesupport_introspection_cpp.hpp\n'}
[0.557607] (turtlesim) StdoutLine: {'line': b'-- Up-to-date: /home/fiammetta/ros-stuff/ros2_ws/install/turtlesim/include/turtlesim/turtlesim/msg\n'}
[0.557661] (turtlesim) StdoutLine: {'line': b'-- Up-to-date: /home/fiammetta/ros-stuff/ros2_ws/install/turtlesim/include/turtlesim/turtlesim/msg/detail\n'}
[0.557714] (turtlesim) StdoutLine: {'line': b'-- Up-to-date: /home/fiammetta/ros-stuff/ros2_ws/install/turtlesim/include/turtlesim/turtlesim/msg/detail/pose__rosidl_typesupport_introspection_cpp.hpp\n'}
[0.557768] (turtlesim) StdoutLine: {'line': b'-- Up-to-date: /home/fiammetta/ros-stuff/ros2_ws/install/turtlesim/include/turtlesim/turtlesim/msg/detail/pose__type_support.cpp\n'}
[0.557821] (turtlesim) StdoutLine: {'line': b'-- Up-to-date: /home/fiammetta/ros-stuff/ros2_ws/install/turtlesim/include/turtlesim/turtlesim/msg/detail/color__type_support.cpp\n'}
[0.557873] (turtlesim) StdoutLine: {'line': b'-- Up-to-date: /home/fiammetta/ros-stuff/ros2_ws/install/turtlesim/include/turtlesim/turtlesim/msg/detail/color__rosidl_typesupport_introspection_cpp.hpp\n'}
[0.557926] (turtlesim) StdoutLine: {'line': b'-- Up-to-date: /home/fiammetta/ros-stuff/ros2_ws/install/turtlesim/include/turtlesim/turtlesim/srv\n'}
[0.557979] (turtlesim) StdoutLine: {'line': b'-- Up-to-date: /home/fiammetta/ros-stuff/ros2_ws/install/turtlesim/include/turtlesim/turtlesim/srv/detail\n'}
[0.558032] (turtlesim) StdoutLine: {'line': b'-- Up-to-date: /home/fiammetta/ros-stuff/ros2_ws/install/turtlesim/include/turtlesim/turtlesim/srv/detail/set_pen__rosidl_typesupport_introspection_cpp.hpp\n'}
[0.558084] (turtlesim) StdoutLine: {'line': b'-- Up-to-date: /home/fiammetta/ros-stuff/ros2_ws/install/turtlesim/include/turtlesim/turtlesim/srv/detail/spawn__type_support.cpp\n'}
[0.558137] (turtlesim) StdoutLine: {'line': b'-- Up-to-date: /home/fiammetta/ros-stuff/ros2_ws/install/turtlesim/include/turtlesim/turtlesim/srv/detail/teleport_relative__rosidl_typesupport_introspection_cpp.hpp\n'}
[0.558190] (turtlesim) StdoutLine: {'line': b'-- Up-to-date: /home/fiammetta/ros-stuff/ros2_ws/install/turtlesim/include/turtlesim/turtlesim/srv/detail/teleport_absolute__type_support.cpp\n'}
[0.558253] (turtlesim) StdoutLine: {'line': b'-- Up-to-date: /home/fiammetta/ros-stuff/ros2_ws/install/turtlesim/include/turtlesim/turtlesim/srv/detail/spawn__rosidl_typesupport_introspection_cpp.hpp\n'}
[0.558311] (turtlesim) StdoutLine: {'line': b'-- Up-to-date: /home/fiammetta/ros-stuff/ros2_ws/install/turtlesim/include/turtlesim/turtlesim/srv/detail/teleport_relative__type_support.cpp\n'}
[0.558364] (turtlesim) StdoutLine: {'line': b'-- Up-to-date: /home/fiammetta/ros-stuff/ros2_ws/install/turtlesim/include/turtlesim/turtlesim/srv/detail/set_pen__type_support.cpp\n'}
[0.558417] (turtlesim) StdoutLine: {'line': b'-- Up-to-date: /home/fiammetta/ros-stuff/ros2_ws/install/turtlesim/include/turtlesim/turtlesim/srv/detail/kill__type_support.cpp\n'}
[0.558471] (turtlesim) StdoutLine: {'line': b'-- Up-to-date: /home/fiammetta/ros-stuff/ros2_ws/install/turtlesim/include/turtlesim/turtlesim/srv/detail/teleport_absolute__rosidl_typesupport_introspection_cpp.hpp\n'}
[0.558530] (turtlesim) StdoutLine: {'line': b'-- Up-to-date: /home/fiammetta/ros-stuff/ros2_ws/install/turtlesim/include/turtlesim/turtlesim/srv/detail/kill__rosidl_typesupport_introspection_cpp.hpp\n'}
[0.558583] (turtlesim) StdoutLine: {'line': b'-- Up-to-date: /home/fiammetta/ros-stuff/ros2_ws/install/turtlesim/lib/libturtlesim__rosidl_typesupport_introspection_cpp.so\n'}
[0.558636] (turtlesim) StdoutLine: {'line': b'-- Up-to-date: /home/fiammetta/ros-stuff/ros2_ws/install/turtlesim/lib/libturtlesim__rosidl_typesupport_cpp.so\n'}
[0.558689] (turtlesim) StdoutLine: {'line': b'-- Up-to-date: /home/fiammetta/ros-stuff/ros2_ws/install/turtlesim/share/turtlesim/environment/pythonpath.sh\n'}
[0.558742] (turtlesim) StdoutLine: {'line': b'-- Up-to-date: /home/fiammetta/ros-stuff/ros2_ws/install/turtlesim/share/turtlesim/environment/pythonpath.dsv\n'}
[0.558795] (turtlesim) StdoutLine: {'line': b'-- Up-to-date: /home/fiammetta/ros-stuff/ros2_ws/install/turtlesim/local/lib/python3.10/dist-packages/turtlesim-1.4.3-py3.10.egg-info\n'}
[0.558848] (turtlesim) StdoutLine: {'line': b'-- Installing: /home/fiammetta/ros-stuff/ros2_ws/install/turtlesim/local/lib/python3.10/dist-packages/turtlesim-1.4.3-py3.10.egg-info/SOURCES.txt\n'}
[0.558901] (turtlesim) StdoutLine: {'line': b'-- Installing: /home/fiammetta/ros-stuff/ros2_ws/install/turtlesim/local/lib/python3.10/dist-packages/turtlesim-1.4.3-py3.10.egg-info/PKG-INFO\n'}
[0.558955] (turtlesim) StdoutLine: {'line': b'-- Installing: /home/fiammetta/ros-stuff/ros2_ws/install/turtlesim/local/lib/python3.10/dist-packages/turtlesim-1.4.3-py3.10.egg-info/top_level.txt\n'}
[0.559012] (turtlesim) StdoutLine: {'line': b'-- Installing: /home/fiammetta/ros-stuff/ros2_ws/install/turtlesim/local/lib/python3.10/dist-packages/turtlesim-1.4.3-py3.10.egg-info/dependency_links.txt\n'}
[0.559066] (turtlesim) StdoutLine: {'line': b'-- Up-to-date: /home/fiammetta/ros-stuff/ros2_ws/install/turtlesim/local/lib/python3.10/dist-packages/turtlesim\n'}
[0.559118] (turtlesim) StdoutLine: {'line': b'-- Up-to-date: /home/fiammetta/ros-stuff/ros2_ws/install/turtlesim/local/lib/python3.10/dist-packages/turtlesim/_turtlesim_s.ep.rosidl_typesupport_introspection_c.c\n'}
[0.559172] (turtlesim) StdoutLine: {'line': b'-- Up-to-date: /home/fiammetta/ros-stuff/ros2_ws/install/turtlesim/local/lib/python3.10/dist-packages/turtlesim/action\n'}
[0.559238] (turtlesim) StdoutLine: {'line': b'-- Up-to-date: /home/fiammetta/ros-stuff/ros2_ws/install/turtlesim/local/lib/python3.10/dist-packages/turtlesim/action/__init__.py\n'}
[0.559294] (turtlesim) StdoutLine: {'line': b'-- Up-to-date: /home/fiammetta/ros-stuff/ros2_ws/install/turtlesim/local/lib/python3.10/dist-packages/turtlesim/action/_rotate_absolute_s.c\n'}
[0.559347] (turtlesim) StdoutLine: {'line': b'-- Up-to-date: /home/fiammetta/ros-stuff/ros2_ws/install/turtlesim/local/lib/python3.10/dist-packages/turtlesim/action/_rotate_absolute.py\n'}
[0.559400] (turtlesim) StdoutLine: {'line': b'-- Up-to-date: /home/fiammetta/ros-stuff/ros2_ws/install/turtlesim/local/lib/python3.10/dist-packages/turtlesim/turtlesim_s__rosidl_typesupport_introspection_c.cpython-310-x86_64-linux-gnu.so\n'}
[0.559461] (turtlesim) StdoutLine: {'line': b'-- Up-to-date: /home/fiammetta/ros-stuff/ros2_ws/install/turtlesim/local/lib/python3.10/dist-packages/turtlesim/_turtlesim_s.ep.rosidl_typesupport_fastrtps_c.c\n'}
[0.559514] (turtlesim) StdoutLine: {'line': b'-- Up-to-date: /home/fiammetta/ros-stuff/ros2_ws/install/turtlesim/local/lib/python3.10/dist-packages/turtlesim/__init__.py\n'}
[0.559567] (turtlesim) StdoutLine: {'line': b'-- Up-to-date: /home/fiammetta/ros-stuff/ros2_ws/install/turtlesim/local/lib/python3.10/dist-packages/turtlesim/libturtlesim__rosidl_generator_py.so\n'}
[0.559621] (turtlesim) StdoutLine: {'line': b'-- Up-to-date: /home/fiammetta/ros-stuff/ros2_ws/install/turtlesim/local/lib/python3.10/dist-packages/turtlesim/turtlesim_s__rosidl_typesupport_fastrtps_c.cpython-310-x86_64-linux-gnu.so\n'}
[0.559676] (turtlesim) StdoutLine: {'line': b'-- Up-to-date: /home/fiammetta/ros-stuff/ros2_ws/install/turtlesim/local/lib/python3.10/dist-packages/turtlesim/turtlesim_s__rosidl_typesupport_c.cpython-310-x86_64-linux-gnu.so\n'}
[0.559729] (turtlesim) StdoutLine: {'line': b'-- Up-to-date: /home/fiammetta/ros-stuff/ros2_ws/install/turtlesim/local/lib/python3.10/dist-packages/turtlesim/_turtlesim_s.ep.rosidl_typesupport_c.c\n'}
[0.559783] (turtlesim) StdoutLine: {'line': b'-- Up-to-date: /home/fiammetta/ros-stuff/ros2_ws/install/turtlesim/local/lib/python3.10/dist-packages/turtlesim/msg\n'}
[0.559835] (turtlesim) StdoutLine: {'line': b'-- Up-to-date: /home/fiammetta/ros-stuff/ros2_ws/install/turtlesim/local/lib/python3.10/dist-packages/turtlesim/msg/_color_s.c\n'}
[0.559889] (turtlesim) StdoutLine: {'line': b'-- Up-to-date: /home/fiammetta/ros-stuff/ros2_ws/install/turtlesim/local/lib/python3.10/dist-packages/turtlesim/msg/_pose_s.c\n'}
[0.559942] (turtlesim) StdoutLine: {'line': b'-- Up-to-date: /home/fiammetta/ros-stuff/ros2_ws/install/turtlesim/local/lib/python3.10/dist-packages/turtlesim/msg/_pose.py\n'}
[0.559995] (turtlesim) StdoutLine: {'line': b'-- Up-to-date: /home/fiammetta/ros-stuff/ros2_ws/install/turtlesim/local/lib/python3.10/dist-packages/turtlesim/msg/__init__.py\n'}
[0.560049] (turtlesim) StdoutLine: {'line': b'-- Up-to-date: /home/fiammetta/ros-stuff/ros2_ws/install/turtlesim/local/lib/python3.10/dist-packages/turtlesim/msg/_color.py\n'}
[0.560107] (turtlesim) StdoutLine: {'line': b'-- Up-to-date: /home/fiammetta/ros-stuff/ros2_ws/install/turtlesim/local/lib/python3.10/dist-packages/turtlesim/srv\n'}
[0.560164] (turtlesim) StdoutLine: {'line': b'-- Up-to-date: /home/fiammetta/ros-stuff/ros2_ws/install/turtlesim/local/lib/python3.10/dist-packages/turtlesim/srv/_teleport_absolute.py\n'}
[0.560229] (turtlesim) StdoutLine: {'line': b'-- Up-to-date: /home/fiammetta/ros-stuff/ros2_ws/install/turtlesim/local/lib/python3.10/dist-packages/turtlesim/srv/_spawn_s.c\n'}
[0.560287] (turtlesim) StdoutLine: {'line': b'-- Up-to-date: /home/fiammetta/ros-stuff/ros2_ws/install/turtlesim/local/lib/python3.10/dist-packages/turtlesim/srv/_teleport_relative.py\n'}
[0.560341] (turtlesim) StdoutLine: {'line': b'-- Up-to-date: /home/fiammetta/ros-stuff/ros2_ws/install/turtlesim/local/lib/python3.10/dist-packages/turtlesim/srv/_set_pen_s.c\n'}
[0.560395] (turtlesim) StdoutLine: {'line': b'-- Up-to-date: /home/fiammetta/ros-stuff/ros2_ws/install/turtlesim/local/lib/python3.10/dist-packages/turtlesim/srv/_spawn.py\n'}
[0.560448] (turtlesim) StdoutLine: {'line': b'-- Up-to-date: /home/fiammetta/ros-stuff/ros2_ws/install/turtlesim/local/lib/python3.10/dist-packages/turtlesim/srv/__init__.py\n'}
[0.560502] (turtlesim) StdoutLine: {'line': b'-- Up-to-date: /home/fiammetta/ros-stuff/ros2_ws/install/turtlesim/local/lib/python3.10/dist-packages/turtlesim/srv/_kill_s.c\n'}
[0.560559] (turtlesim) StdoutLine: {'line': b'-- Up-to-date: /home/fiammetta/ros-stuff/ros2_ws/install/turtlesim/local/lib/python3.10/dist-packages/turtlesim/srv/_set_pen.py\n'}
[0.560614] (turtlesim) StdoutLine: {'line': b'-- Up-to-date: /home/fiammetta/ros-stuff/ros2_ws/install/turtlesim/local/lib/python3.10/dist-packages/turtlesim/srv/_teleport_absolute_s.c\n'}
[0.560672] (turtlesim) StdoutLine: {'line': b'-- Up-to-date: /home/fiammetta/ros-stuff/ros2_ws/install/turtlesim/local/lib/python3.10/dist-packages/turtlesim/srv/_teleport_relative_s.c\n'}
[0.560726] (turtlesim) StdoutLine: {'line': b'-- Up-to-date: /home/fiammetta/ros-stuff/ros2_ws/install/turtlesim/local/lib/python3.10/dist-packages/turtlesim/srv/_kill.py\n'}
[0.582662] (turtlesim) StdoutLine: {'line': b"Listing '/home/fiammetta/ros-stuff/ros2_ws/install/turtlesim/local/lib/python3.10/dist-packages/turtlesim'...\n"}
[0.582812] (turtlesim) StdoutLine: {'line': b"Listing '/home/fiammetta/ros-stuff/ros2_ws/install/turtlesim/local/lib/python3.10/dist-packages/turtlesim/action'...\n"}
[0.582874] (turtlesim) StdoutLine: {'line': b"Listing '/home/fiammetta/ros-stuff/ros2_ws/install/turtlesim/local/lib/python3.10/dist-packages/turtlesim/msg'...\n"}
[0.582926] (turtlesim) StdoutLine: {'line': b"Listing '/home/fiammetta/ros-stuff/ros2_ws/install/turtlesim/local/lib/python3.10/dist-packages/turtlesim/srv'...\n"}
[0.586842] (turtlesim) StdoutLine: {'line': b'-- Up-to-date: /home/fiammetta/ros-stuff/ros2_ws/install/turtlesim/local/lib/python3.10/dist-packages/turtlesim/turtlesim_s__rosidl_typesupport_fastrtps_c.cpython-310-x86_64-linux-gnu.so\n'}
[0.587001] (turtlesim) StdoutLine: {'line': b'-- Up-to-date: /home/fiammetta/ros-stuff/ros2_ws/install/turtlesim/local/lib/python3.10/dist-packages/turtlesim/turtlesim_s__rosidl_typesupport_introspection_c.cpython-310-x86_64-linux-gnu.so\n'}
[0.587178] (turtlesim) StdoutLine: {'line': b'-- Up-to-date: /home/fiammetta/ros-stuff/ros2_ws/install/turtlesim/local/lib/python3.10/dist-packages/turtlesim/turtlesim_s__rosidl_typesupport_c.cpython-310-x86_64-linux-gnu.so\n'}
[0.587445] (turtlesim) StdoutLine: {'line': b'-- Up-to-date: /home/fiammetta/ros-stuff/ros2_ws/install/turtlesim/lib/libturtlesim__rosidl_generator_py.so\n'}
[0.587574] (turtlesim) StdoutLine: {'line': b'-- Up-to-date: /home/fiammetta/ros-stuff/ros2_ws/install/turtlesim/share/turtlesim/action/RotateAbsolute.idl\n'}
[0.587712] (turtlesim) StdoutLine: {'line': b'-- Up-to-date: /home/fiammetta/ros-stuff/ros2_ws/install/turtlesim/share/turtlesim/msg/Color.idl\n'}
[0.587793] (turtlesim) StdoutLine: {'line': b'-- Up-to-date: /home/fiammetta/ros-stuff/ros2_ws/install/turtlesim/share/turtlesim/msg/Pose.idl\n'}
[0.587863] (turtlesim) StdoutLine: {'line': b'-- Up-to-date: /home/fiammetta/ros-stuff/ros2_ws/install/turtlesim/share/turtlesim/srv/Kill.idl\n'}
[0.587931] (turtlesim) StdoutLine: {'line': b'-- Up-to-date: /home/fiammetta/ros-stuff/ros2_ws/install/turtlesim/share/turtlesim/srv/SetPen.idl\n'}
[0.587999] (turtlesim) StdoutLine: {'line': b'-- Up-to-date: /home/fiammetta/ros-stuff/ros2_ws/install/turtlesim/share/turtlesim/srv/Spawn.idl\n'}
[0.588066] (turtlesim) StdoutLine: {'line': b'-- Up-to-date: /home/fiammetta/ros-stuff/ros2_ws/install/turtlesim/share/turtlesim/srv/TeleportAbsolute.idl\n'}
[0.588159] (turtlesim) StdoutLine: {'line': b'-- Up-to-date: /home/fiammetta/ros-stuff/ros2_ws/install/turtlesim/share/turtlesim/srv/TeleportRelative.idl\n'}
[0.588320] (turtlesim) StdoutLine: {'line': b'-- Up-to-date: /home/fiammetta/ros-stuff/ros2_ws/install/turtlesim/share/turtlesim/action/RotateAbsolute.action\n'}
[0.588392] (turtlesim) StdoutLine: {'line': b'-- Up-to-date: /home/fiammetta/ros-stuff/ros2_ws/install/turtlesim/share/turtlesim/msg/Color.msg\n'}
[0.588458] (turtlesim) StdoutLine: {'line': b'-- Up-to-date: /home/fiammetta/ros-stuff/ros2_ws/install/turtlesim/share/turtlesim/msg/Pose.msg\n'}
[0.588524] (turtlesim) StdoutLine: {'line': b'-- Up-to-date: /home/fiammetta/ros-stuff/ros2_ws/install/turtlesim/share/turtlesim/srv/Kill.srv\n'}
[0.588589] (turtlesim) StdoutLine: {'line': b'-- Up-to-date: /home/fiammetta/ros-stuff/ros2_ws/install/turtlesim/share/turtlesim/srv/Kill_Request.msg\n'}
[0.588653] (turtlesim) StdoutLine: {'line': b'-- Up-to-date: /home/fiammetta/ros-stuff/ros2_ws/install/turtlesim/share/turtlesim/srv/Kill_Response.msg\n'}
[0.588754] (turtlesim) StdoutLine: {'line': b'-- Up-to-date: /home/fiammetta/ros-stuff/ros2_ws/install/turtlesim/share/turtlesim/srv/SetPen.srv\n'}
[0.588809] (turtlesim) StdoutLine: {'line': b'-- Up-to-date: /home/fiammetta/ros-stuff/ros2_ws/install/turtlesim/share/turtlesim/srv/SetPen_Request.msg\n'}
[0.588860] (turtlesim) StdoutLine: {'line': b'-- Up-to-date: /home/fiammetta/ros-stuff/ros2_ws/install/turtlesim/share/turtlesim/srv/SetPen_Response.msg\n'}
[0.588927] (turtlesim) StdoutLine: {'line': b'-- Up-to-date: /home/fiammetta/ros-stuff/ros2_ws/install/turtlesim/share/turtlesim/srv/Spawn.srv\n'}
[0.588992] (turtlesim) StdoutLine: {'line': b'-- Up-to-date: /home/fiammetta/ros-stuff/ros2_ws/install/turtlesim/share/turtlesim/srv/Spawn_Request.msg\n'}
[0.589056] (turtlesim) StdoutLine: {'line': b'-- Up-to-date: /home/fiammetta/ros-stuff/ros2_ws/install/turtlesim/share/turtlesim/srv/Spawn_Response.msg\n'}
[0.589120] (turtlesim) StdoutLine: {'line': b'-- Up-to-date: /home/fiammetta/ros-stuff/ros2_ws/install/turtlesim/share/turtlesim/srv/TeleportAbsolute.srv\n'}
[0.589224] (turtlesim) StdoutLine: {'line': b'-- Up-to-date: /home/fiammetta/ros-stuff/ros2_ws/install/turtlesim/share/turtlesim/srv/TeleportAbsolute_Request.msg\n'}
[0.589372] (turtlesim) StdoutLine: {'line': b'-- Up-to-date: /home/fiammetta/ros-stuff/ros2_ws/install/turtlesim/share/turtlesim/srv/TeleportAbsolute_Response.msg\n'}
[0.589441] (turtlesim) StdoutLine: {'line': b'-- Up-to-date: /home/fiammetta/ros-stuff/ros2_ws/install/turtlesim/share/turtlesim/srv/TeleportRelative.srv\n'}
[0.589508] (turtlesim) StdoutLine: {'line': b'-- Up-to-date: /home/fiammetta/ros-stuff/ros2_ws/install/turtlesim/share/turtlesim/srv/TeleportRelative_Request.msg\n'}
[0.589573] (turtlesim) StdoutLine: {'line': b'-- Up-to-date: /home/fiammetta/ros-stuff/ros2_ws/install/turtlesim/share/turtlesim/srv/TeleportRelative_Response.msg\n'}
[0.589638] (turtlesim) StdoutLine: {'line': b'-- Up-to-date: /home/fiammetta/ros-stuff/ros2_ws/install/turtlesim/lib/turtlesim/turtlesim_node\n'}
[0.589703] (turtlesim) StdoutLine: {'line': b'-- Up-to-date: /home/fiammetta/ros-stuff/ros2_ws/install/turtlesim/lib/turtlesim/turtle_teleop_key\n'}
[0.589767] (turtlesim) StdoutLine: {'line': b'-- Up-to-date: /home/fiammetta/ros-stuff/ros2_ws/install/turtlesim/lib/turtlesim/draw_square\n'}
[0.589833] (turtlesim) StdoutLine: {'line': b'-- Up-to-date: /home/fiammetta/ros-stuff/ros2_ws/install/turtlesim/lib/turtlesim/mimic\n'}
[0.589898] (turtlesim) StdoutLine: {'line': b'-- Up-to-date: /home/fiammetta/ros-stuff/ros2_ws/install/turtlesim/share/turtlesim/images\n'}
[0.589962] (turtlesim) StdoutLine: {'line': b'-- Up-to-date: /home/fiammetta/ros-stuff/ros2_ws/install/turtlesim/share/turtlesim/images/dashing.png\n'}
[0.590027] (turtlesim) StdoutLine: {'line': b'-- Up-to-date: /home/fiammetta/ros-stuff/ros2_ws/install/turtlesim/share/turtlesim/images/bouncy.png\n'}
[0.590091] (turtlesim) StdoutLine: {'line': b'-- Up-to-date: /home/fiammetta/ros-stuff/ros2_ws/install/turtlesim/share/turtlesim/images/ardent.png\n'}
[0.590155] (turtlesim) StdoutLine: {'line': b'-- Up-to-date: /home/fiammetta/ros-stuff/ros2_ws/install/turtlesim/share/turtlesim/images/galactic.png\n'}
[0.590228] (turtlesim) StdoutLine: {'line': b'-- Up-to-date: /home/fiammetta/ros-stuff/ros2_ws/install/turtlesim/share/turtlesim/images/crystal.png\n'}
[0.590297] (turtlesim) StdoutLine: {'line': b'-- Up-to-date: /home/fiammetta/ros-stuff/ros2_ws/install/turtlesim/share/turtlesim/images/humble.png\n'}
[0.590362] (turtlesim) StdoutLine: {'line': b'-- Up-to-date: /home/fiammetta/ros-stuff/ros2_ws/install/turtlesim/share/turtlesim/images/foxy.png\n'}
[0.590427] (turtlesim) StdoutLine: {'line': b'-- Up-to-date: /home/fiammetta/ros-stuff/ros2_ws/install/turtlesim/share/turtlesim/images/rolling.png\n'}
[0.590491] (turtlesim) StdoutLine: {'line': b'-- Up-to-date: /home/fiammetta/ros-stuff/ros2_ws/install/turtlesim/share/turtlesim/images/eloquent.png\n'}
[0.590582] (turtlesim) StdoutLine: {'line': b'-- Up-to-date: /home/fiammetta/ros-stuff/ros2_ws/install/turtlesim/share/turtlesim/launch\n'}
[0.590733] (turtlesim) StdoutLine: {'line': b'-- Up-to-date: /home/fiammetta/ros-stuff/ros2_ws/install/turtlesim/share/turtlesim/launch/multisim.launch.py\n'}
[0.590814] (turtlesim) StdoutLine: {'line': b'-- Up-to-date: /home/fiammetta/ros-stuff/ros2_ws/install/turtlesim/share/ament_index/resource_index/package_run_dependencies/turtlesim\n'}
[0.590880] (turtlesim) StdoutLine: {'line': b'-- Up-to-date: /home/fiammetta/ros-stuff/ros2_ws/install/turtlesim/share/ament_index/resource_index/parent_prefix_path/turtlesim\n'}
[0.590947] (turtlesim) StdoutLine: {'line': b'-- Up-to-date: /home/fiammetta/ros-stuff/ros2_ws/install/turtlesim/share/turtlesim/environment/ament_prefix_path.sh\n'}
[0.591012] (turtlesim) StdoutLine: {'line': b'-- Up-to-date: /home/fiammetta/ros-stuff/ros2_ws/install/turtlesim/share/turtlesim/environment/ament_prefix_path.dsv\n'}
[0.591078] (turtlesim) StdoutLine: {'line': b'-- Up-to-date: /home/fiammetta/ros-stuff/ros2_ws/install/turtlesim/share/turtlesim/environment/path.sh\n'}
[0.591143] (turtlesim) StdoutLine: {'line': b'-- Up-to-date: /home/fiammetta/ros-stuff/ros2_ws/install/turtlesim/share/turtlesim/environment/path.dsv\n'}
[0.591213] (turtlesim) StdoutLine: {'line': b'-- Up-to-date: /home/fiammetta/ros-stuff/ros2_ws/install/turtlesim/share/turtlesim/local_setup.bash\n'}
[0.591285] (turtlesim) StdoutLine: {'line': b'-- Up-to-date: /home/fiammetta/ros-stuff/ros2_ws/install/turtlesim/share/turtlesim/local_setup.sh\n'}
[0.591349] (turtlesim) StdoutLine: {'line': b'-- Up-to-date: /home/fiammetta/ros-stuff/ros2_ws/install/turtlesim/share/turtlesim/local_setup.zsh\n'}
[0.591413] (turtlesim) StdoutLine: {'line': b'-- Up-to-date: /home/fiammetta/ros-stuff/ros2_ws/install/turtlesim/share/turtlesim/local_setup.dsv\n'}
[0.591477] (turtlesim) StdoutLine: {'line': b'-- Installing: /home/fiammetta/ros-stuff/ros2_ws/install/turtlesim/share/turtlesim/package.dsv\n'}
[0.591594] (turtlesim) StdoutLine: {'line': b'-- Up-to-date: /home/fiammetta/ros-stuff/ros2_ws/install/turtlesim/share/ament_index/resource_index/packages/turtlesim\n'}
[0.591645] (turtlesim) StdoutLine: {'line': b'-- Up-to-date: /home/fiammetta/ros-stuff/ros2_ws/install/turtlesim/share/turtlesim/cmake/export_turtlesim__rosidl_generator_cExport.cmake\n'}
[0.591694] (turtlesim) StdoutLine: {'line': b'-- Up-to-date: /home/fiammetta/ros-stuff/ros2_ws/install/turtlesim/share/turtlesim/cmake/export_turtlesim__rosidl_generator_cExport-noconfig.cmake\n'}
[0.591745] (turtlesim) StdoutLine: {'line': b'-- Up-to-date: /home/fiammetta/ros-stuff/ros2_ws/install/turtlesim/share/turtlesim/cmake/export_turtlesim__rosidl_typesupport_fastrtps_cExport.cmake\n'}
[0.591795] (turtlesim) StdoutLine: {'line': b'-- Up-to-date: /home/fiammetta/ros-stuff/ros2_ws/install/turtlesim/share/turtlesim/cmake/export_turtlesim__rosidl_typesupport_fastrtps_cExport-noconfig.cmake\n'}
[0.591844] (turtlesim) StdoutLine: {'line': b'-- Up-to-date: /home/fiammetta/ros-stuff/ros2_ws/install/turtlesim/share/turtlesim/cmake/export_turtlesim__rosidl_generator_cppExport.cmake\n'}
[0.591892] (turtlesim) StdoutLine: {'line': b'-- Up-to-date: /home/fiammetta/ros-stuff/ros2_ws/install/turtlesim/share/turtlesim/cmake/export_turtlesim__rosidl_typesupport_fastrtps_cppExport.cmake\n'}
[0.591940] (turtlesim) StdoutLine: {'line': b'-- Up-to-date: /home/fiammetta/ros-stuff/ros2_ws/install/turtlesim/share/turtlesim/cmake/export_turtlesim__rosidl_typesupport_fastrtps_cppExport-noconfig.cmake\n'}
[0.591989] (turtlesim) StdoutLine: {'line': b'-- Up-to-date: /home/fiammetta/ros-stuff/ros2_ws/install/turtlesim/share/turtlesim/cmake/turtlesim__rosidl_typesupport_introspection_cExport.cmake\n'}
[0.592037] (turtlesim) StdoutLine: {'line': b'-- Up-to-date: /home/fiammetta/ros-stuff/ros2_ws/install/turtlesim/share/turtlesim/cmake/turtlesim__rosidl_typesupport_introspection_cExport-noconfig.cmake\n'}
[0.592085] (turtlesim) StdoutLine: {'line': b'-- Up-to-date: /home/fiammetta/ros-stuff/ros2_ws/install/turtlesim/share/turtlesim/cmake/turtlesim__rosidl_typesupport_cExport.cmake\n'}
[0.592134] (turtlesim) StdoutLine: {'line': b'-- Up-to-date: /home/fiammetta/ros-stuff/ros2_ws/install/turtlesim/share/turtlesim/cmake/turtlesim__rosidl_typesupport_cExport-noconfig.cmake\n'}
[0.592186] (turtlesim) StdoutLine: {'line': b'-- Up-to-date: /home/fiammetta/ros-stuff/ros2_ws/install/turtlesim/share/turtlesim/cmake/turtlesim__rosidl_typesupport_introspection_cppExport.cmake\n'}
[0.592248] (turtlesim) StdoutLine: {'line': b'-- Up-to-date: /home/fiammetta/ros-stuff/ros2_ws/install/turtlesim/share/turtlesim/cmake/turtlesim__rosidl_typesupport_introspection_cppExport-noconfig.cmake\n'}
[0.592299] (turtlesim) StdoutLine: {'line': b'-- Up-to-date: /home/fiammetta/ros-stuff/ros2_ws/install/turtlesim/share/turtlesim/cmake/turtlesim__rosidl_typesupport_cppExport.cmake\n'}
[0.592347] (turtlesim) StdoutLine: {'line': b'-- Up-to-date: /home/fiammetta/ros-stuff/ros2_ws/install/turtlesim/share/turtlesim/cmake/turtlesim__rosidl_typesupport_cppExport-noconfig.cmake\n'}
[0.592396] (turtlesim) StdoutLine: {'line': b'-- Up-to-date: /home/fiammetta/ros-stuff/ros2_ws/install/turtlesim/share/turtlesim/cmake/export_turtlesim__rosidl_generator_pyExport.cmake\n'}
[0.592444] (turtlesim) StdoutLine: {'line': b'-- Up-to-date: /home/fiammetta/ros-stuff/ros2_ws/install/turtlesim/share/turtlesim/cmake/export_turtlesim__rosidl_generator_pyExport-noconfig.cmake\n'}
[0.592492] (turtlesim) StdoutLine: {'line': b'-- Up-to-date: /home/fiammetta/ros-stuff/ros2_ws/install/turtlesim/share/turtlesim/cmake/rosidl_cmake-extras.cmake\n'}
[0.592539] (turtlesim) StdoutLine: {'line': b'-- Up-to-date: /home/fiammetta/ros-stuff/ros2_ws/install/turtlesim/share/turtlesim/cmake/ament_cmake_export_dependencies-extras.cmake\n'}
[0.592588] (turtlesim) StdoutLine: {'line': b'-- Up-to-date: /home/fiammetta/ros-stuff/ros2_ws/install/turtlesim/share/turtlesim/cmake/ament_cmake_export_include_directories-extras.cmake\n'}
[0.592637] (turtlesim) StdoutLine: {'line': b'-- Up-to-date: /home/fiammetta/ros-stuff/ros2_ws/install/turtlesim/share/turtlesim/cmake/ament_cmake_export_libraries-extras.cmake\n'}
[0.592684] (turtlesim) StdoutLine: {'line': b'-- Up-to-date: /home/fiammetta/ros-stuff/ros2_ws/install/turtlesim/share/turtlesim/cmake/ament_cmake_export_targets-extras.cmake\n'}
[0.592736] (turtlesim) StdoutLine: {'line': b'-- Up-to-date: /home/fiammetta/ros-stuff/ros2_ws/install/turtlesim/share/turtlesim/cmake/rosidl_cmake_export_typesupport_targets-extras.cmake\n'}
[0.592786] (turtlesim) StdoutLine: {'line': b'-- Up-to-date: /home/fiammetta/ros-stuff/ros2_ws/install/turtlesim/share/turtlesim/cmake/rosidl_cmake_export_typesupport_libraries-extras.cmake\n'}
[0.592837] (turtlesim) StdoutLine: {'line': b'-- Up-to-date: /home/fiammetta/ros-stuff/ros2_ws/install/turtlesim/share/turtlesim/cmake/turtlesimConfig.cmake\n'}
[0.592887] (turtlesim) StdoutLine: {'line': b'-- Up-to-date: /home/fiammetta/ros-stuff/ros2_ws/install/turtlesim/share/turtlesim/cmake/turtlesimConfig-version.cmake\n'}
[0.592938] (turtlesim) StdoutLine: {'line': b'-- Up-to-date: /home/fiammetta/ros-stuff/ros2_ws/install/turtlesim/share/turtlesim/package.xml\n'}
[0.593521] (turtlesim) CommandEnded: {'returncode': 0}
[0.600430] (-) TimerEvent: {}
[0.610576] (turtlesim) JobEnded: {'identifier': 'turtlesim', 'rc': 0}
[0.700569] (-) TimerEvent: {}
[0.720513] (lab01_pkg) StdoutLine: {'line': b'running egg_info\n'}
[0.721010] (lab01_pkg) StdoutLine: {'line': b'writing ../../build/lab01_pkg/lab01_pkg.egg-info/PKG-INFO\n'}
[0.721116] (lab01_pkg) StdoutLine: {'line': b'writing dependency_links to ../../build/lab01_pkg/lab01_pkg.egg-info/dependency_links.txt\n'}
[0.721278] (lab01_pkg) StdoutLine: {'line': b'writing entry points to ../../build/lab01_pkg/lab01_pkg.egg-info/entry_points.txt\n'}
[0.721463] (lab01_pkg) StdoutLine: {'line': b'writing requirements to ../../build/lab01_pkg/lab01_pkg.egg-info/requires.txt\n'}
[0.721533] (lab01_pkg) StdoutLine: {'line': b'writing top-level names to ../../build/lab01_pkg/lab01_pkg.egg-info/top_level.txt\n'}
[0.722729] (lab01_pkg) StdoutLine: {'line': b"reading manifest file '../../build/lab01_pkg/lab01_pkg.egg-info/SOURCES.txt'\n"}
[0.722898] (lab01_pkg) StdoutLine: {'line': b"adding license file 'LICENSE'\n"}
[0.723411] (lab01_pkg) StdoutLine: {'line': b"writing manifest file '../../build/lab01_pkg/lab01_pkg.egg-info/SOURCES.txt'\n"}
[0.723588] (lab01_pkg) StdoutLine: {'line': b'running build\n'}
[0.723660] (lab01_pkg) StdoutLine: {'line': b'running build_py\n'}
[0.723792] (lab01_pkg) StdoutLine: {'line': b'copying lab01_pkg/controller_reset.py -> /home/fiammetta/ros-stuff/ros2_ws/build/lab01_pkg/build/lib/lab01_pkg\n'}
[0.723933] (lab01_pkg) StdoutLine: {'line': b'running install\n'}
[0.724097] (lab01_pkg) StdoutLine: {'line': b'running install_lib\n'}
[0.724630] (lab01_pkg) StdoutLine: {'line': b'copying /home/fiammetta/ros-stuff/ros2_ws/build/lab01_pkg/build/lib/lab01_pkg/controller_reset.py -> /home/fiammetta/ros-stuff/ros2_ws/install/lab01_pkg/lib/python3.10/site-packages/lab01_pkg\n'}
[0.725218] (lab01_pkg) StdoutLine: {'line': b'byte-compiling /home/fiammetta/ros-stuff/ros2_ws/install/lab01_pkg/lib/python3.10/site-packages/lab01_pkg/controller_reset.py to controller_reset.cpython-310.pyc\n'}
[0.725696] (lab01_pkg) StdoutLine: {'line': b'running install_data\n'}
[0.725831] (lab01_pkg) StdoutLine: {'line': b'running install_egg_info\n'}
[0.727411] (lab01_pkg) StdoutLine: {'line': b"removing '/home/fiammetta/ros-stuff/ros2_ws/install/lab01_pkg/lib/python3.10/site-packages/lab01_pkg-0.0.0-py3.10.egg-info' (and everything under it)\n"}
[0.727717] (lab01_pkg) StdoutLine: {'line': b'Copying ../../build/lab01_pkg/lab01_pkg.egg-info to /home/fiammetta/ros-stuff/ros2_ws/install/lab01_pkg/lib/python3.10/site-packages/lab01_pkg-0.0.0-py3.10.egg-info\n'}
[0.728416] (lab01_pkg) StdoutLine: {'line': b'running install_scripts\n'}
[0.744795] (lab01_pkg) StdoutLine: {'line': b'Installing controller script to /home/fiammetta/ros-stuff/ros2_ws/install/lab01_pkg/lib/lab01_pkg\n'}
[0.745021] (lab01_pkg) StdoutLine: {'line': b'Installing controller_r script to /home/fiammetta/ros-stuff/ros2_ws/install/lab01_pkg/lib/lab01_pkg\n'}
[0.745081] (lab01_pkg) StdoutLine: {'line': b'Installing localization script to /home/fiammetta/ros-stuff/ros2_ws/install/lab01_pkg/lib/lab01_pkg\n'}
[0.745131] (lab01_pkg) StdoutLine: {'line': b'Installing localization_r script to /home/fiammetta/ros-stuff/ros2_ws/install/lab01_pkg/lib/lab01_pkg\n'}
[0.745211] (lab01_pkg) StdoutLine: {'line': b'Installing reset script to /home/fiammetta/ros-stuff/ros2_ws/install/lab01_pkg/lib/lab01_pkg\n'}
[0.745303] (lab01_pkg) StdoutLine: {'line': b"writing list of installed files to '/home/fiammetta/ros-stuff/ros2_ws/build/lab01_pkg/install.log'\n"}
[0.763653] (lab01_pkg) CommandEnded: {'returncode': 0}
[0.769422] (lab01_pkg) JobEnded: {'identifier': 'lab01_pkg', 'rc': 0}
[0.770022] (-) EventReactorShutdown: {}
