[0.539s] Invoking command in '/home/fiammetta/ros-stuff/ros2_ws/src/lab01_pkg': PYTHONPATH=/home/fiammetta/ros-stuff/ros2_ws/build/lab01_pkg/prefix_override:/usr/lib/python3/dist-packages/colcon_core/task/python/colcon_distutils_commands:/home/fiammetta/ros-stuff/ros2_ws/install/lab01_pkg/lib/python3.10/site-packages:${PYTHONPATH} /usr/bin/python3 -W ignore:setup.py install is deprecated -W ignore:easy_install command is deprecated setup.py egg_info --egg-base ../../build/lab01_pkg build --build-base /home/fiammetta/ros-stuff/ros2_ws/build/lab01_pkg/build install --record /home/fiammetta/ros-stuff/ros2_ws/build/lab01_pkg/install.log --single-version-externally-managed install_data
[0.739s] running egg_info
[0.739s] writing ../../build/lab01_pkg/lab01_pkg.egg-info/PKG-INFO
[0.740s] writing dependency_links to ../../build/lab01_pkg/lab01_pkg.egg-info/dependency_links.txt
[0.740s] writing entry points to ../../build/lab01_pkg/lab01_pkg.egg-info/entry_points.txt
[0.740s] writing requirements to ../../build/lab01_pkg/lab01_pkg.egg-info/requires.txt
[0.740s] writing top-level names to ../../build/lab01_pkg/lab01_pkg.egg-info/top_level.txt
[0.741s] reading manifest file '../../build/lab01_pkg/lab01_pkg.egg-info/SOURCES.txt'
[0.741s] adding license file 'LICENSE'
[0.741s] writing manifest file '../../build/lab01_pkg/lab01_pkg.egg-info/SOURCES.txt'
[0.742s] running build
[0.742s] running build_py
[0.742s] copying lab01_pkg/controller.py -> /home/fiammetta/ros-stuff/ros2_ws/build/lab01_pkg/build/lib/lab01_pkg
[0.742s] running install
[0.742s] running install_lib
[0.743s] copying /home/fiammetta/ros-stuff/ros2_ws/build/lab01_pkg/build/lib/lab01_pkg/controller.py -> /home/fiammetta/ros-stuff/ros2_ws/install/lab01_pkg/lib/python3.10/site-packages/lab01_pkg
[0.743s] byte-compiling /home/fiammetta/ros-stuff/ros2_ws/install/lab01_pkg/lib/python3.10/site-packages/lab01_pkg/controller.py to controller.cpython-310.pyc
[0.743s] running install_data
[0.744s] running install_egg_info
[0.745s] removing '/home/fiammetta/ros-stuff/ros2_ws/install/lab01_pkg/lib/python3.10/site-packages/lab01_pkg-0.0.0-py3.10.egg-info' (and everything under it)
[0.745s] Copying ../../build/lab01_pkg/lab01_pkg.egg-info to /home/fiammetta/ros-stuff/ros2_ws/install/lab01_pkg/lib/python3.10/site-packages/lab01_pkg-0.0.0-py3.10.egg-info
[0.745s] running install_scripts
[0.762s] Installing controller script to /home/fiammetta/ros-stuff/ros2_ws/install/lab01_pkg/lib/lab01_pkg
[0.762s] writing list of installed files to '/home/fiammetta/ros-stuff/ros2_ws/build/lab01_pkg/install.log'
[0.781s] Invoked command in '/home/fiammetta/ros-stuff/ros2_ws/src/lab01_pkg' returned '0': PYTHONPATH=/home/fiammetta/ros-stuff/ros2_ws/build/lab01_pkg/prefix_override:/usr/lib/python3/dist-packages/colcon_core/task/python/colcon_distutils_commands:/home/fiammetta/ros-stuff/ros2_ws/install/lab01_pkg/lib/python3.10/site-packages:${PYTHONPATH} /usr/bin/python3 -W ignore:setup.py install is deprecated -W ignore:easy_install command is deprecated setup.py egg_info --egg-base ../../build/lab01_pkg build --build-base /home/fiammetta/ros-stuff/ros2_ws/build/lab01_pkg/build install --record /home/fiammetta/ros-stuff/ros2_ws/build/lab01_pkg/install.log --single-version-externally-managed install_data
