[0.000000] (-) TimerEvent: {}
[0.000092] (lab01_pkg) JobQueued: {'identifier': 'lab01_pkg', 'dependencies': OrderedDict()}
[0.000116] (turtlesim) JobQueued: {'identifier': 'turtlesim', 'dependencies': OrderedDict()}
[0.000132] (lab01_pkg) JobStarted: {'identifier': 'lab01_pkg'}
[0.005791] (turtlesim) JobStarted: {'identifier': 'turtlesim'}
[0.099458] (-) TimerEvent: {}
[0.199726] (-) TimerEvent: {}
[0.204799] (turtlesim) JobProgress: {'identifier': 'turtlesim', 'progress': 'cmake'}
[0.206007] (turtlesim) JobProgress: {'identifier': 'turtlesim', 'progress': 'build'}
[0.206243] (turtlesim) Command: {'cmd': ['/usr/bin/cmake', '--build', '/home/fiammetta/ros-stuff/ros2_ws/build/turtlesim', '--', '-j8', '-l8'], 'cwd': '/home/fiammetta/ros-stuff/ros2_ws/build/turtlesim', 'env': OrderedDict([('USER', 'fiammetta'), ('LC_TIME', 'it_IT.UTF-8'), ('XDG_SESSION_TYPE', 'wayland'), ('SHLVL', '1'), ('LD_LIBRARY_PATH', '/home/fiammetta/ros-stuff/ros2_ws/install/turtlesim/lib:/opt/ros/humble/opt/rviz_ogre_vendor/lib:/opt/ros/humble/lib/x86_64-linux-gnu:/opt/ros/humble/lib'), ('OLDPWD', '/home/fiammetta/ros-stuff/ros2_ws/src'), ('HOME', '/home/fiammetta'), ('DESKTOP_SESSION', 'ubuntu'), ('GTK_MODULES', 'gail:atk-bridge'), ('GNOME_SHELL_SESSION_MODE', 'ubuntu'), ('ROS_PYTHON_VERSION', '3'), ('LC_MONETARY', 'it_IT.UTF-8'), ('SYSTEMD_EXEC_PID', '1682'), ('DBUS_SESSION_BUS_ADDRESS', 'unix:path=/run/user/1000/bus'), ('COLORTERM', 'truecolor'), ('WAYLAND_DISPLAY', 'wayland-0'), ('ROS_DISTRO', 'humble'), ('COLCON_PREFIX_PATH', '/home/fiammetta/ros-stuff/ros2_ws/install:/home/fiammetta/ros-stuff/ros2_ws'), ('LOGNAME', 'fiammetta'), ('_', '/usr/bin/colcon'), ('XDG_SESSION_CLASS', 'user'), ('ROS_VERSION', '2'), ('USERNAME', 'fiammetta'), ('TERM', 'xterm-256color'), ('GNOME_DESKTOP_SESSION_ID', 'this-is-deprecated'), ('ROS_LOCALHOST_ONLY', '0'), ('PATH', '/home/fiammetta/.cargo/bin:/opt/ros/humble/bin:/usr/local/sbin:/usr/local/bin:/usr/sbin:/usr/bin:/sbin:/bin:/usr/games:/usr/local/games:/snap/bin:/snap/bin'), ('SESSION_MANAGER', 'local/MikuBeamer:@/tmp/.ICE-unix/1502,unix/MikuBeamer:/tmp/.ICE-unix/1502'), ('GNOME_TERMINAL_SCREEN', '/org/gnome/Terminal/screen/92b584d5_d701_4d25_9733_a543ee0a7e95'), ('XDG_MENU_PREFIX', 'gnome-'), ('GNOME_SETUP_DISPLAY', ':1'), ('XDG_RUNTIME_DIR', '/run/user/1000'), ('LC_ADDRESS', 'it_IT.UTF-8'), ('DISPLAY', ':0'), ('XDG_CURRENT_DESKTOP', 'ubuntu:GNOME'), ('LANG', 'en_US.UTF-8'), ('LC_TELEPHONE', 'it_IT.UTF-8'), ('XDG_SESSION_DESKTOP', 'ubuntu'), ('GNOME_TERMINAL_SERVICE', ':1.98'), ('XMODIFIERS', '@im=ibus'), ('XAUTHORITY', '/run/user/1000/.mutter-Xwaylandauth.BQZFE3'), ('SSH_AUTH_SOCK', '/run/user/1000/keyring/ssh'), ('SSH_AGENT_LAUNCHER', 'gnome-keyring'), ('AMENT_PREFIX_PATH', '/home/fiammetta/ros-stuff/ros2_ws/install/lab01_pkg:/home/fiammetta/ros-stuff/ros2_ws/install/turtlesim:/opt/ros/humble'), ('SHELL', '/bin/zsh'), ('LC_NAME', 'it_IT.UTF-8'), ('QT_ACCESSIBILITY', '1'), ('GDMSESSION', 'ubuntu'), ('LC_MEASUREMENT', 'it_IT.UTF-8'), ('LC_IDENTIFICATION', 'it_IT.UTF-8'), ('QT_IM_MODULE', 'ibus'), ('LC_ALL', 'en_US.UTF-8'), ('PWD', '/home/fiammetta/ros-stuff/ros2_ws/build/turtlesim'), ('XDG_DATA_DIRS', '/usr/local/share/:/usr/share/:/var/lib/snapd/desktop'), ('LC_NUMERIC', 'it_IT.UTF-8'), ('PYTHONPATH', '/home/fiammetta/ros-stuff/ros2_ws/install/lab01_pkg/lib/python3.10/site-packages:/home/fiammetta/ros-stuff/ros2_ws/install/turtlesim/local/lib/python3.10/dist-packages:/opt/ros/humble/lib/python3.10/site-packages:/opt/ros/humble/local/lib/python3.10/dist-packages'), ('LC_PAPER', 'it_IT.UTF-8'), ('COLCON', '1'), ('VTE_VERSION', '6800'), ('CMAKE_PREFIX_PATH', '/home/fiammetta/ros-stuff/ros2_ws/install/turtlesim:/home/fiammetta/ros-stuff/ros2_ws/install/lab01_pkg:/opt/ros/humble')]), 'shell': False}
[0.251693] (turtlesim) StdoutLine: {'line': b'[  1%] Built target turtlesim__cpp\n'}
[0.252825] (turtlesim) StdoutLine: {'line': b'[ 11%] Built target turtlesim__rosidl_generator_c\n'}
[0.267340] (turtlesim) StdoutLine: {'line': b'[ 11%] Built target ament_cmake_python_copy_turtlesim\n'}
[0.280834] (turtlesim) StdoutLine: {'line': b'[ 21%] Built target turtlesim__rosidl_typesupport_c\n'}
[0.281543] (turtlesim) StdoutLine: {'line': b'[ 31%] Built target turtlesim__rosidl_typesupport_introspection_c\n'}
[0.282793] (turtlesim) StdoutLine: {'line': b'[ 41%] Built target turtlesim__rosidl_typesupport_fastrtps_cpp\n'}
[0.283484] (turtlesim) StdoutLine: {'line': b'[ 51%] Built target turtlesim__rosidl_typesupport_introspection_cpp\n'}
[0.285429] (turtlesim) StdoutLine: {'line': b'[ 61%] Built target turtlesim__rosidl_typesupport_fastrtps_c\n'}
[0.286510] (turtlesim) StdoutLine: {'line': b'[ 71%] Built target turtlesim__rosidl_typesupport_cpp\n'}
[0.300920] (-) TimerEvent: {}
[0.307021] (turtlesim) StdoutLine: {'line': b'[ 71%] Built target turtlesim\n'}
[0.316722] (turtlesim) StdoutLine: {'line': b'[ 76%] Built target mimic\n'}
[0.317957] (turtlesim) StdoutLine: {'line': b'[ 77%] Built target draw_square\n'}
[0.318100] (turtlesim) StdoutLine: {'line': b'[ 77%] Built target turtle_teleop_key\n'}
[0.319479] (turtlesim) StdoutLine: {'line': b'[ 83%] Built target turtlesim_node\n'}
[0.325280] (turtlesim) StdoutLine: {'line': b'[ 84%] Built target turtlesim__py\n'}
[0.346148] (turtlesim) StdoutLine: {'line': b'[ 93%] Built target turtlesim__rosidl_generator_py\n'}
[0.364551] (turtlesim) StdoutLine: {'line': b'[ 95%] Built target turtlesim__rosidl_typesupport_c__pyext\n'}
[0.364736] (turtlesim) StdoutLine: {'line': b'[ 97%] Built target turtlesim__rosidl_typesupport_introspection_c__pyext\n'}
[0.369558] (turtlesim) StdoutLine: {'line': b'[100%] Built target turtlesim__rosidl_typesupport_fastrtps_c__pyext\n'}
[0.400949] (-) TimerEvent: {}
[0.487390] (turtlesim) StdoutLine: {'line': b'running egg_info\n'}
[0.487780] (turtlesim) StdoutLine: {'line': b'writing turtlesim.egg-info/PKG-INFO\n'}
[0.488011] (turtlesim) StdoutLine: {'line': b'writing dependency_links to turtlesim.egg-info/dependency_links.txt\n'}
[0.488169] (turtlesim) StdoutLine: {'line': b'writing top-level names to turtlesim.egg-info/top_level.txt\n'}
[0.490038] (turtlesim) StdoutLine: {'line': b"reading manifest file 'turtlesim.egg-info/SOURCES.txt'\n"}
[0.490631] (turtlesim) StdoutLine: {'line': b"writing manifest file 'turtlesim.egg-info/SOURCES.txt'\n"}
[0.501049] (-) TimerEvent: {}
[0.517706] (lab01_pkg) Command: {'cmd': ['/usr/bin/python3', '-W', 'ignore:setup.py install is deprecated', '-W', 'ignore:easy_install command is deprecated', 'setup.py', 'egg_info', '--egg-base', '../../build/lab01_pkg', 'build', '--build-base', '/home/fiammetta/ros-stuff/ros2_ws/build/lab01_pkg/build', 'install', '--record', '/home/fiammetta/ros-stuff/ros2_ws/build/lab01_pkg/install.log', '--single-version-externally-managed', 'install_data'], 'cwd': '/home/fiammetta/ros-stuff/ros2_ws/src/lab01_pkg', 'env': {'USER': 'fiammetta', 'LC_TIME': 'it_IT.UTF-8', 'XDG_SESSION_TYPE': 'wayland', 'SHLVL': '1', 'LD_LIBRARY_PATH': '/home/fiammetta/ros-stuff/ros2_ws/install/turtlesim/lib:/opt/ros/humble/opt/rviz_ogre_vendor/lib:/opt/ros/humble/lib/x86_64-linux-gnu:/opt/ros/humble/lib', 'OLDPWD': '/home/fiammetta/ros-stuff/ros2_ws/src', 'HOME': '/home/fiammetta', 'DESKTOP_SESSION': 'ubuntu', 'GTK_MODULES': 'gail:atk-bridge', 'GNOME_SHELL_SESSION_MODE': 'ubuntu', 'ROS_PYTHON_VERSION': '3', 'LC_MONETARY': 'it_IT.UTF-8', 'SYSTEMD_EXEC_PID': '1682', 'DBUS_SESSION_BUS_ADDRESS': 'unix:path=/run/user/1000/bus', 'COLORTERM': 'truecolor', 'WAYLAND_DISPLAY': 'wayland-0', 'ROS_DISTRO': 'humble', 'COLCON_PREFIX_PATH': '/home/fiammetta/ros-stuff/ros2_ws/install:/home/fiammetta/ros-stuff/ros2_ws', 'LOGNAME': 'fiammetta', '_': '/usr/bin/colcon', 'XDG_SESSION_CLASS': 'user', 'ROS_VERSION': '2', 'USERNAME': 'fiammetta', 'TERM': 'xterm-256color', 'GNOME_DESKTOP_SESSION_ID': 'this-is-deprecated', 'ROS_LOCALHOST_ONLY': '0', 'PATH': '/home/fiammetta/.cargo/bin:/opt/ros/humble/bin:/usr/local/sbin:/usr/local/bin:/usr/sbin:/usr/bin:/sbin:/bin:/usr/games:/usr/local/games:/snap/bin:/snap/bin', 'SESSION_MANAGER': 'local/MikuBeamer:@/tmp/.ICE-unix/1502,unix/MikuBeamer:/tmp/.ICE-unix/1502', 'GNOME_TERMINAL_SCREEN': '/org/gnome/Terminal/screen/92b584d5_d701_4d25_9733_a543ee0a7e95', 'XDG_MENU_PREFIX': 'gnome-', 'GNOME_SETUP_DISPLAY': ':1', 'XDG_RUNTIME_DIR': '/run/user/1000', 'LC_ADDRESS': 'it_IT.UTF-8', 'DISPLAY': ':0', 'XDG_CURRENT_DESKTOP': 'ubuntu:GNOME', 'LANG': 'en_US.UTF-8', 'LC_TELEPHONE': 'it_IT.UTF-8', 'XDG_SESSION_DESKTOP': 'ubuntu', 'GNOME_TERMINAL_SERVICE': ':1.98', 'XMODIFIERS': '@im=ibus', 'XAUTHORITY': '/run/user/1000/.mutter-Xwaylandauth.BQZFE3', 'SSH_AUTH_SOCK': '/run/user/1000/keyring/ssh', 'SSH_AGENT_LAUNCHER': 'gnome-keyring', 'AMENT_PREFIX_PATH': '/home/fiammetta/ros-stuff/ros2_ws/install/lab01_pkg:/home/fiammetta/ros-stuff/ros2_ws/install/turtlesim:/opt/ros/humble', 'SHELL': '/bin/zsh', 'LC_NAME': 'it_IT.UTF-8', 'QT_ACCESSIBILITY': '1', 'GDMSESSION': 'ubuntu', 'LC_MEASUREMENT': 'it_IT.UTF-8', 'LC_IDENTIFICATION': 'it_IT.UTF-8', 'QT_IM_MODULE': 'ibus', 'LC_ALL': 'en_US.UTF-8', 'PWD': '/home/fiammetta/ros-stuff/ros2_ws/build/lab01_pkg', 'XDG_DATA_DIRS': '/usr/local/share/:/usr/share/:/var/lib/snapd/desktop', 'LC_NUMERIC': 'it_IT.UTF-8', 'PYTHONPATH': '/home/fiammetta/ros-stuff/ros2_ws/build/lab01_pkg/prefix_override:/usr/lib/python3/dist-packages/colcon_core/task/python/colcon_distutils_commands:/home/fiammetta/ros-stuff/ros2_ws/install/lab01_pkg/lib/python3.10/site-packages:/home/fiammetta/ros-stuff/ros2_ws/install/lab01_pkg/lib/python3.10/site-packages:/home/fiammetta/ros-stuff/ros2_ws/install/turtlesim/local/lib/python3.10/dist-packages:/opt/ros/humble/lib/python3.10/site-packages:/opt/ros/humble/local/lib/python3.10/dist-packages', 'LC_PAPER': 'it_IT.UTF-8', 'COLCON': '1', 'VTE_VERSION': '6800', 'CMAKE_PREFIX_PATH': '/home/fiammetta/ros-stuff/ros2_ws/install/turtlesim'}, 'shell': False}
[0.519353] (turtlesim) StdoutLine: {'line': b'[100%] Built target ament_cmake_python_build_turtlesim_egg\n'}
[0.528561] (turtlesim) CommandEnded: {'returncode': 0}
[0.529305] (turtlesim) JobProgress: {'identifier': 'turtlesim', 'progress': 'install'}
[0.537949] (turtlesim) Command: {'cmd': ['/usr/bin/cmake', '--install', '/home/fiammetta/ros-stuff/ros2_ws/build/turtlesim'], 'cwd': '/home/fiammetta/ros-stuff/ros2_ws/build/turtlesim', 'env': OrderedDict([('USER', 'fiammetta'), ('LC_TIME', 'it_IT.UTF-8'), ('XDG_SESSION_TYPE', 'wayland'), ('SHLVL', '1'), ('LD_LIBRARY_PATH', '/home/fiammetta/ros-stuff/ros2_ws/install/turtlesim/lib:/opt/ros/humble/opt/rviz_ogre_vendor/lib:/opt/ros/humble/lib/x86_64-linux-gnu:/opt/ros/humble/lib'), ('OLDPWD', '/home/fiammetta/ros-stuff/ros2_ws/src'), ('HOME', '/home/fiammetta'), ('DESKTOP_SESSION', 'ubuntu'), ('GTK_MODULES', 'gail:atk-bridge'), ('GNOME_SHELL_SESSION_MODE', 'ubuntu'), ('ROS_PYTHON_VERSION', '3'), ('LC_MONETARY', 'it_IT.UTF-8'), ('SYSTEMD_EXEC_PID', '1682'), ('DBUS_SESSION_BUS_ADDRESS', 'unix:path=/run/user/1000/bus'), ('COLORTERM', 'truecolor'), ('WAYLAND_DISPLAY', 'wayland-0'), ('ROS_DISTRO', 'humble'), ('COLCON_PREFIX_PATH', '/home/fiammetta/ros-stuff/ros2_ws/install:/home/fiammetta/ros-stuff/ros2_ws'), ('LOGNAME', 'fiammetta'), ('_', '/usr/bin/colcon'), ('XDG_SESSION_CLASS', 'user'), ('ROS_VERSION', '2'), ('USERNAME', 'fiammetta'), ('TERM', 'xterm-256color'), ('GNOME_DESKTOP_SESSION_ID', 'this-is-deprecated'), ('ROS_LOCALHOST_ONLY', '0'), ('PATH', '/home/fiammetta/.cargo/bin:/opt/ros/humble/bin:/usr/local/sbin:/usr/local/bin:/usr/sbin:/usr/bin:/sbin:/bin:/usr/games:/usr/local/games:/snap/bin:/snap/bin'), ('SESSION_MANAGER', 'local/MikuBeamer:@/tmp/.ICE-unix/1502,unix/MikuBeamer:/tmp/.ICE-unix/1502'), ('GNOME_TERMINAL_SCREEN', '/org/gnome/Terminal/screen/92b584d5_d701_4d25_9733_a543ee0a7e95'), ('XDG_MENU_PREFIX', 'gnome-'), ('GNOME_SETUP_DISPLAY', ':1'), ('XDG_RUNTIME_DIR', '/run/user/1000'), ('LC_ADDRESS', 'it_IT.UTF-8'), ('DISPLAY', ':0'), ('XDG_CURRENT_DESKTOP', 'ubuntu:GNOME'), ('LANG', 'en_US.UTF-8'), ('LC_TELEPHONE', 'it_IT.UTF-8'), ('XDG_SESSION_DESKTOP', 'ubuntu'), ('GNOME_TERMINAL_SERVICE', ':1.98'), ('XMODIFIERS', '@im=ibus'), ('XAUTHORITY', '/run/user/1000/.mutter-Xwaylandauth.BQZFE3'), ('SSH_AUTH_SOCK', '/run/user/1000/keyring/ssh'), ('SSH_AGENT_LAUNCHER', 'gnome-keyring'), ('AMENT_PREFIX_PATH', '/home/fiammetta/ros-stuff/ros2_ws/install/lab01_pkg:/home/fiammetta/ros-stuff/ros2_ws/install/turtlesim:/opt/ros/humble'), ('SHELL', '/bin/zsh'), ('LC_NAME', 'it_IT.UTF-8'), ('QT_ACCESSIBILITY', '1'), ('GDMSESSION', 'ubuntu'), ('LC_MEASUREMENT', 'it_IT.UTF-8'), ('LC_IDENTIFICATION', 'it_IT.UTF-8'), ('QT_IM_MODULE', 'ibus'), ('LC_ALL', 'en_US.UTF-8'), ('PWD', '/home/fiammetta/ros-stuff/ros2_ws/build/turtlesim'), ('XDG_DATA_DIRS', '/usr/local/share/:/usr/share/:/var/lib/snapd/desktop'), ('LC_NUMERIC', 'it_IT.UTF-8'), ('PYTHONPATH', '/home/fiammetta/ros-stuff/ros2_ws/install/lab01_pkg/lib/python3.10/site-packages:/home/fiammetta/ros-stuff/ros2_ws/install/turtlesim/local/lib/python3.10/dist-packages:/opt/ros/humble/lib/python3.10/site-packages:/opt/ros/humble/local/lib/python3.10/dist-packages'), ('LC_PAPER', 'it_IT.UTF-8'), ('COLCON', '1'), ('VTE_VERSION', '6800'), ('CMAKE_PREFIX_PATH', '/home/fiammetta/ros-stuff/ros2_ws/install/turtlesim:/home/fiammetta/ros-stuff/ros2_ws/install/lab01_pkg:/opt/ros/humble')]), 'shell': False}
[0.545261] (turtlesim) StdoutLine: {'line': b'-- Install configuration: ""\n'}
[0.545480] (turtlesim) StdoutLine: {'line': b'-- Up-to-date: /home/fiammetta/ros-stuff/ros2_ws/install/turtlesim/share/ament_index/resource_index/rosidl_interfaces/turtlesim\n'}
[0.545552] (turtlesim) StdoutLine: {'line': b'-- Up-to-date: /home/fiammetta/ros-stuff/ros2_ws/install/turtlesim/include/turtlesim/turtlesim\n'}
[0.545614] (turtlesim) StdoutLine: {'line': b'-- Up-to-date: /home/fiammetta/ros-stuff/ros2_ws/install/turtlesim/include/turtlesim/turtlesim/action\n'}
[0.545722] (turtlesim) StdoutLine: {'line': b'-- Up-to-date: /home/fiammetta/ros-stuff/ros2_ws/install/turtlesim/include/turtlesim/turtlesim/action/detail\n'}
[0.545791] (turtlesim) StdoutLine: {'line': b'-- Up-to-date: /home/fiammetta/ros-stuff/ros2_ws/install/turtlesim/include/turtlesim/turtlesim/action/detail/rotate_absolute__functions.h\n'}
[0.545852] (turtlesim) StdoutLine: {'line': b'-- Up-to-date: /home/fiammetta/ros-stuff/ros2_ws/install/turtlesim/include/turtlesim/turtlesim/action/detail/rotate_absolute__functions.c\n'}
[0.546041] (turtlesim) StdoutLine: {'line': b'-- Up-to-date: /home/fiammetta/ros-stuff/ros2_ws/install/turtlesim/include/turtlesim/turtlesim/action/detail/rotate_absolute__struct.h\n'}
[0.546110] (turtlesim) StdoutLine: {'line': b'-- Up-to-date: /home/fiammetta/ros-stuff/ros2_ws/install/turtlesim/include/turtlesim/turtlesim/action/detail/rotate_absolute__type_support.h\n'}
[0.546169] (turtlesim) StdoutLine: {'line': b'-- Up-to-date: /home/fiammetta/ros-stuff/ros2_ws/install/turtlesim/include/turtlesim/turtlesim/action/rotate_absolute.h\n'}
[0.546228] (turtlesim) StdoutLine: {'line': b'-- Up-to-date: /home/fiammetta/ros-stuff/ros2_ws/install/turtlesim/include/turtlesim/turtlesim/msg\n'}
[0.546286] (turtlesim) StdoutLine: {'line': b'-- Up-to-date: /home/fiammetta/ros-stuff/ros2_ws/install/turtlesim/include/turtlesim/turtlesim/msg/detail\n'}
[0.546345] (turtlesim) StdoutLine: {'line': b'-- Up-to-date: /home/fiammetta/ros-stuff/ros2_ws/install/turtlesim/include/turtlesim/turtlesim/msg/detail/pose__struct.h\n'}
[0.546403] (turtlesim) StdoutLine: {'line': b'-- Up-to-date: /home/fiammetta/ros-stuff/ros2_ws/install/turtlesim/include/turtlesim/turtlesim/msg/detail/pose__functions.h\n'}
[0.546461] (turtlesim) StdoutLine: {'line': b'-- Up-to-date: /home/fiammetta/ros-stuff/ros2_ws/install/turtlesim/include/turtlesim/turtlesim/msg/detail/pose__type_support.h\n'}
[0.546619] (turtlesim) StdoutLine: {'line': b'-- Up-to-date: /home/fiammetta/ros-stuff/ros2_ws/install/turtlesim/include/turtlesim/turtlesim/msg/detail/color__functions.h\n'}
[0.546683] (turtlesim) StdoutLine: {'line': b'-- Up-to-date: /home/fiammetta/ros-stuff/ros2_ws/install/turtlesim/include/turtlesim/turtlesim/msg/detail/color__struct.h\n'}
[0.546741] (turtlesim) StdoutLine: {'line': b'-- Up-to-date: /home/fiammetta/ros-stuff/ros2_ws/install/turtlesim/include/turtlesim/turtlesim/msg/detail/color__type_support.h\n'}
[0.546798] (turtlesim) StdoutLine: {'line': b'-- Up-to-date: /home/fiammetta/ros-stuff/ros2_ws/install/turtlesim/include/turtlesim/turtlesim/msg/detail/pose__functions.c\n'}
[0.546996] (turtlesim) StdoutLine: {'line': b'-- Up-to-date: /home/fiammetta/ros-stuff/ros2_ws/install/turtlesim/include/turtlesim/turtlesim/msg/detail/color__functions.c\n'}
[0.547053] (turtlesim) StdoutLine: {'line': b'-- Up-to-date: /home/fiammetta/ros-stuff/ros2_ws/install/turtlesim/include/turtlesim/turtlesim/msg/color.h\n'}
[0.547111] (turtlesim) StdoutLine: {'line': b'-- Up-to-date: /home/fiammetta/ros-stuff/ros2_ws/install/turtlesim/include/turtlesim/turtlesim/msg/pose.h\n'}
[0.547168] (turtlesim) StdoutLine: {'line': b'-- Up-to-date: /home/fiammetta/ros-stuff/ros2_ws/install/turtlesim/include/turtlesim/turtlesim/msg/rosidl_generator_c__visibility_control.h\n'}
[0.547226] (turtlesim) StdoutLine: {'line': b'-- Up-to-date: /home/fiammetta/ros-stuff/ros2_ws/install/turtlesim/include/turtlesim/turtlesim/srv\n'}
[0.547283] (turtlesim) StdoutLine: {'line': b'-- Up-to-date: /home/fiammetta/ros-stuff/ros2_ws/install/turtlesim/include/turtlesim/turtlesim/srv/teleport_absolute.h\n'}
[0.547371] (turtlesim) StdoutLine: {'line': b'-- Up-to-date: /home/fiammetta/ros-stuff/ros2_ws/install/turtlesim/include/turtlesim/turtlesim/srv/detail\n'}
[0.547429] (turtlesim) StdoutLine: {'line': b'-- Up-to-date: /home/fiammetta/ros-stuff/ros2_ws/install/turtlesim/include/turtlesim/turtlesim/srv/detail/teleport_absolute__functions.h\n'}
[0.547487] (turtlesim) StdoutLine: {'line': b'-- Up-to-date: /home/fiammetta/ros-stuff/ros2_ws/install/turtlesim/include/turtlesim/turtlesim/srv/detail/kill__struct.h\n'}
[0.547544] (turtlesim) StdoutLine: {'line': b'-- Up-to-date: /home/fiammetta/ros-stuff/ros2_ws/install/turtlesim/include/turtlesim/turtlesim/srv/detail/spawn__functions.c\n'}
[0.547600] (turtlesim) StdoutLine: {'line': b'-- Up-to-date: /home/fiammetta/ros-stuff/ros2_ws/install/turtlesim/include/turtlesim/turtlesim/srv/detail/teleport_relative__struct.h\n'}
[0.547657] (turtlesim) StdoutLine: {'line': b'-- Up-to-date: /home/fiammetta/ros-stuff/ros2_ws/install/turtlesim/include/turtlesim/turtlesim/srv/detail/teleport_relative__type_support.h\n'}
[0.547714] (turtlesim) StdoutLine: {'line': b'-- Up-to-date: /home/fiammetta/ros-stuff/ros2_ws/install/turtlesim/include/turtlesim/turtlesim/srv/detail/teleport_absolute__struct.h\n'}
[0.547771] (turtlesim) StdoutLine: {'line': b'-- Up-to-date: /home/fiammetta/ros-stuff/ros2_ws/install/turtlesim/include/turtlesim/turtlesim/srv/detail/set_pen__struct.h\n'}
[0.547829] (turtlesim) StdoutLine: {'line': b'-- Up-to-date: /home/fiammetta/ros-stuff/ros2_ws/install/turtlesim/include/turtlesim/turtlesim/srv/detail/spawn__type_support.h\n'}
[0.547896] (turtlesim) StdoutLine: {'line': b'-- Up-to-date: /home/fiammetta/ros-stuff/ros2_ws/install/turtlesim/include/turtlesim/turtlesim/srv/detail/set_pen__functions.h\n'}
[0.547958] (turtlesim) StdoutLine: {'line': b'-- Up-to-date: /home/fiammetta/ros-stuff/ros2_ws/install/turtlesim/include/turtlesim/turtlesim/srv/detail/spawn__struct.h\n'}
[0.548016] (turtlesim) StdoutLine: {'line': b'-- Up-to-date: /home/fiammetta/ros-stuff/ros2_ws/install/turtlesim/include/turtlesim/turtlesim/srv/detail/spawn__functions.h\n'}
[0.548073] (turtlesim) StdoutLine: {'line': b'-- Up-to-date: /home/fiammetta/ros-stuff/ros2_ws/install/turtlesim/include/turtlesim/turtlesim/srv/detail/kill__functions.h\n'}
[0.548130] (turtlesim) StdoutLine: {'line': b'-- Up-to-date: /home/fiammetta/ros-stuff/ros2_ws/install/turtlesim/include/turtlesim/turtlesim/srv/detail/teleport_relative__functions.h\n'}
[0.548187] (turtlesim) StdoutLine: {'line': b'-- Up-to-date: /home/fiammetta/ros-stuff/ros2_ws/install/turtlesim/include/turtlesim/turtlesim/srv/detail/teleport_absolute__functions.c\n'}
[0.548244] (turtlesim) StdoutLine: {'line': b'-- Up-to-date: /home/fiammetta/ros-stuff/ros2_ws/install/turtlesim/include/turtlesim/turtlesim/srv/detail/kill__functions.c\n'}
[0.548302] (turtlesim) StdoutLine: {'line': b'-- Up-to-date: /home/fiammetta/ros-stuff/ros2_ws/install/turtlesim/include/turtlesim/turtlesim/srv/detail/teleport_relative__functions.c\n'}
[0.548448] (turtlesim) StdoutLine: {'line': b'-- Up-to-date: /home/fiammetta/ros-stuff/ros2_ws/install/turtlesim/include/turtlesim/turtlesim/srv/detail/set_pen__type_support.h\n'}
[0.548506] (turtlesim) StdoutLine: {'line': b'-- Up-to-date: /home/fiammetta/ros-stuff/ros2_ws/install/turtlesim/include/turtlesim/turtlesim/srv/detail/set_pen__functions.c\n'}
[0.548563] (turtlesim) StdoutLine: {'line': b'-- Up-to-date: /home/fiammetta/ros-stuff/ros2_ws/install/turtlesim/include/turtlesim/turtlesim/srv/detail/teleport_absolute__type_support.h\n'}
[0.548777] (turtlesim) StdoutLine: {'line': b'-- Up-to-date: /home/fiammetta/ros-stuff/ros2_ws/install/turtlesim/include/turtlesim/turtlesim/srv/detail/kill__type_support.h\n'}
[0.548838] (turtlesim) StdoutLine: {'line': b'-- Up-to-date: /home/fiammetta/ros-stuff/ros2_ws/install/turtlesim/include/turtlesim/turtlesim/srv/teleport_relative.h\n'}
[0.548907] (turtlesim) StdoutLine: {'line': b'-- Up-to-date: /home/fiammetta/ros-stuff/ros2_ws/install/turtlesim/include/turtlesim/turtlesim/srv/kill.h\n'}
[0.548968] (turtlesim) StdoutLine: {'line': b'-- Up-to-date: /home/fiammetta/ros-stuff/ros2_ws/install/turtlesim/include/turtlesim/turtlesim/srv/spawn.h\n'}
[0.549025] (turtlesim) StdoutLine: {'line': b'-- Up-to-date: /home/fiammetta/ros-stuff/ros2_ws/install/turtlesim/include/turtlesim/turtlesim/srv/set_pen.h\n'}
[0.549082] (turtlesim) StdoutLine: {'line': b'-- Up-to-date: /home/fiammetta/ros-stuff/ros2_ws/install/turtlesim/share/turtlesim/environment/library_path.sh\n'}
[0.549139] (turtlesim) StdoutLine: {'line': b'-- Up-to-date: /home/fiammetta/ros-stuff/ros2_ws/install/turtlesim/share/turtlesim/environment/library_path.dsv\n'}
[0.549195] (turtlesim) StdoutLine: {'line': b'-- Up-to-date: /home/fiammetta/ros-stuff/ros2_ws/install/turtlesim/lib/libturtlesim__rosidl_generator_c.so\n'}
[0.549297] (turtlesim) StdoutLine: {'line': b'-- Up-to-date: /home/fiammetta/ros-stuff/ros2_ws/install/turtlesim/include/turtlesim/turtlesim\n'}
[0.549354] (turtlesim) StdoutLine: {'line': b'-- Up-to-date: /home/fiammetta/ros-stuff/ros2_ws/install/turtlesim/include/turtlesim/turtlesim/action\n'}
[0.549411] (turtlesim) StdoutLine: {'line': b'-- Up-to-date: /home/fiammetta/ros-stuff/ros2_ws/install/turtlesim/include/turtlesim/turtlesim/action/detail\n'}
[0.549468] (turtlesim) StdoutLine: {'line': b'-- Up-to-date: /home/fiammetta/ros-stuff/ros2_ws/install/turtlesim/include/turtlesim/turtlesim/action/detail/rotate_absolute__rosidl_typesupport_fastrtps_c.h\n'}
[0.549525] (turtlesim) StdoutLine: {'line': b'-- Up-to-date: /home/fiammetta/ros-stuff/ros2_ws/install/turtlesim/include/turtlesim/turtlesim/msg\n'}
[0.549733] (turtlesim) StdoutLine: {'line': b'-- Up-to-date: /home/fiammetta/ros-stuff/ros2_ws/install/turtlesim/include/turtlesim/turtlesim/msg/detail\n'}
[0.549792] (turtlesim) StdoutLine: {'line': b'-- Up-to-date: /home/fiammetta/ros-stuff/ros2_ws/install/turtlesim/include/turtlesim/turtlesim/msg/detail/color__rosidl_typesupport_fastrtps_c.h\n'}
[0.549849] (turtlesim) StdoutLine: {'line': b'-- Up-to-date: /home/fiammetta/ros-stuff/ros2_ws/install/turtlesim/include/turtlesim/turtlesim/msg/detail/pose__rosidl_typesupport_fastrtps_c.h\n'}
[0.549919] (turtlesim) StdoutLine: {'line': b'-- Up-to-date: /home/fiammetta/ros-stuff/ros2_ws/install/turtlesim/include/turtlesim/turtlesim/msg/rosidl_typesupport_fastrtps_c__visibility_control.h\n'}
[0.549979] (turtlesim) StdoutLine: {'line': b'-- Up-to-date: /home/fiammetta/ros-stuff/ros2_ws/install/turtlesim/include/turtlesim/turtlesim/srv\n'}
[0.550036] (turtlesim) StdoutLine: {'line': b'-- Up-to-date: /home/fiammetta/ros-stuff/ros2_ws/install/turtlesim/include/turtlesim/turtlesim/srv/detail\n'}
[0.550093] (turtlesim) StdoutLine: {'line': b'-- Up-to-date: /home/fiammetta/ros-stuff/ros2_ws/install/turtlesim/include/turtlesim/turtlesim/srv/detail/spawn__rosidl_typesupport_fastrtps_c.h\n'}
[0.550150] (turtlesim) StdoutLine: {'line': b'-- Up-to-date: /home/fiammetta/ros-stuff/ros2_ws/install/turtlesim/include/turtlesim/turtlesim/srv/detail/teleport_absolute__rosidl_typesupport_fastrtps_c.h\n'}
[0.550378] (turtlesim) StdoutLine: {'line': b'-- Up-to-date: /home/fiammetta/ros-stuff/ros2_ws/install/turtlesim/include/turtlesim/turtlesim/srv/detail/kill__rosidl_typesupport_fastrtps_c.h\n'}
[0.550436] (turtlesim) StdoutLine: {'line': b'-- Up-to-date: /home/fiammetta/ros-stuff/ros2_ws/install/turtlesim/include/turtlesim/turtlesim/srv/detail/set_pen__rosidl_typesupport_fastrtps_c.h\n'}
[0.550492] (turtlesim) StdoutLine: {'line': b'-- Up-to-date: /home/fiammetta/ros-stuff/ros2_ws/install/turtlesim/include/turtlesim/turtlesim/srv/detail/teleport_relative__rosidl_typesupport_fastrtps_c.h\n'}
[0.550549] (turtlesim) StdoutLine: {'line': b'-- Up-to-date: /home/fiammetta/ros-stuff/ros2_ws/install/turtlesim/lib/libturtlesim__rosidl_typesupport_fastrtps_c.so\n'}
[0.550606] (turtlesim) StdoutLine: {'line': b'-- Up-to-date: /home/fiammetta/ros-stuff/ros2_ws/install/turtlesim/include/turtlesim/turtlesim\n'}
[0.550662] (turtlesim) StdoutLine: {'line': b'-- Up-to-date: /home/fiammetta/ros-stuff/ros2_ws/install/turtlesim/include/turtlesim/turtlesim/action\n'}
[0.550719] (turtlesim) StdoutLine: {'line': b'-- Up-to-date: /home/fiammetta/ros-stuff/ros2_ws/install/turtlesim/include/turtlesim/turtlesim/action/detail\n'}
[0.550776] (turtlesim) StdoutLine: {'line': b'-- Up-to-date: /home/fiammetta/ros-stuff/ros2_ws/install/turtlesim/include/turtlesim/turtlesim/action/detail/rotate_absolute__type_support.hpp\n'}
[0.550833] (turtlesim) StdoutLine: {'line': b'-- Up-to-date: /home/fiammetta/ros-stuff/ros2_ws/install/turtlesim/include/turtlesim/turtlesim/action/detail/rotate_absolute__traits.hpp\n'}
[0.550904] (turtlesim) StdoutLine: {'line': b'-- Up-to-date: /home/fiammetta/ros-stuff/ros2_ws/install/turtlesim/include/turtlesim/turtlesim/action/detail/rotate_absolute__struct.hpp\n'}
[0.550998] (turtlesim) StdoutLine: {'line': b'-- Up-to-date: /home/fiammetta/ros-stuff/ros2_ws/install/turtlesim/include/turtlesim/turtlesim/action/detail/rotate_absolute__builder.hpp\n'}
[0.551060] (turtlesim) StdoutLine: {'line': b'-- Up-to-date: /home/fiammetta/ros-stuff/ros2_ws/install/turtlesim/include/turtlesim/turtlesim/action/rotate_absolute.hpp\n'}
[0.551117] (turtlesim) StdoutLine: {'line': b'-- Up-to-date: /home/fiammetta/ros-stuff/ros2_ws/install/turtlesim/include/turtlesim/turtlesim/msg\n'}
[0.551173] (turtlesim) StdoutLine: {'line': b'-- Up-to-date: /home/fiammetta/ros-stuff/ros2_ws/install/turtlesim/include/turtlesim/turtlesim/msg/rosidl_generator_cpp__visibility_control.hpp\n'}
[0.551230] (turtlesim) StdoutLine: {'line': b'-- Up-to-date: /home/fiammetta/ros-stuff/ros2_ws/install/turtlesim/include/turtlesim/turtlesim/msg/detail\n'}
[0.551287] (turtlesim) StdoutLine: {'line': b'-- Up-to-date: /home/fiammetta/ros-stuff/ros2_ws/install/turtlesim/include/turtlesim/turtlesim/msg/detail/pose__traits.hpp\n'}
[0.551343] (turtlesim) StdoutLine: {'line': b'-- Up-to-date: /home/fiammetta/ros-stuff/ros2_ws/install/turtlesim/include/turtlesim/turtlesim/msg/detail/color__struct.hpp\n'}
[0.551400] (turtlesim) StdoutLine: {'line': b'-- Up-to-date: /home/fiammetta/ros-stuff/ros2_ws/install/turtlesim/include/turtlesim/turtlesim/msg/detail/color__builder.hpp\n'}
[0.551457] (turtlesim) StdoutLine: {'line': b'-- Up-to-date: /home/fiammetta/ros-stuff/ros2_ws/install/turtlesim/include/turtlesim/turtlesim/msg/detail/color__type_support.hpp\n'}
[0.551513] (turtlesim) StdoutLine: {'line': b'-- Up-to-date: /home/fiammetta/ros-stuff/ros2_ws/install/turtlesim/include/turtlesim/turtlesim/msg/detail/color__traits.hpp\n'}
[0.551570] (turtlesim) StdoutLine: {'line': b'-- Up-to-date: /home/fiammetta/ros-stuff/ros2_ws/install/turtlesim/include/turtlesim/turtlesim/msg/detail/pose__struct.hpp\n'}
[0.551627] (turtlesim) StdoutLine: {'line': b'-- Up-to-date: /home/fiammetta/ros-stuff/ros2_ws/install/turtlesim/include/turtlesim/turtlesim/msg/detail/pose__type_support.hpp\n'}
[0.551683] (turtlesim) StdoutLine: {'line': b'-- Up-to-date: /home/fiammetta/ros-stuff/ros2_ws/install/turtlesim/include/turtlesim/turtlesim/msg/detail/pose__builder.hpp\n'}
[0.551740] (turtlesim) StdoutLine: {'line': b'-- Up-to-date: /home/fiammetta/ros-stuff/ros2_ws/install/turtlesim/include/turtlesim/turtlesim/msg/pose.hpp\n'}
[0.551886] (turtlesim) StdoutLine: {'line': b'-- Up-to-date: /home/fiammetta/ros-stuff/ros2_ws/install/turtlesim/include/turtlesim/turtlesim/msg/color.hpp\n'}
[0.552069] (turtlesim) StdoutLine: {'line': b'-- Up-to-date: /home/fiammetta/ros-stuff/ros2_ws/install/turtlesim/include/turtlesim/turtlesim/srv\n'}
[0.552123] (turtlesim) StdoutLine: {'line': b'-- Up-to-date: /home/fiammetta/ros-stuff/ros2_ws/install/turtlesim/include/turtlesim/turtlesim/srv/kill.hpp\n'}
[0.552176] (turtlesim) StdoutLine: {'line': b'-- Up-to-date: /home/fiammetta/ros-stuff/ros2_ws/install/turtlesim/include/turtlesim/turtlesim/srv/teleport_absolute.hpp\n'}
[0.552229] (turtlesim) StdoutLine: {'line': b'-- Up-to-date: /home/fiammetta/ros-stuff/ros2_ws/install/turtlesim/include/turtlesim/turtlesim/srv/set_pen.hpp\n'}
[0.552281] (turtlesim) StdoutLine: {'line': b'-- Up-to-date: /home/fiammetta/ros-stuff/ros2_ws/install/turtlesim/include/turtlesim/turtlesim/srv/spawn.hpp\n'}
[0.552334] (turtlesim) StdoutLine: {'line': b'-- Up-to-date: /home/fiammetta/ros-stuff/ros2_ws/install/turtlesim/include/turtlesim/turtlesim/srv/detail\n'}
[0.552387] (turtlesim) StdoutLine: {'line': b'-- Up-to-date: /home/fiammetta/ros-stuff/ros2_ws/install/turtlesim/include/turtlesim/turtlesim/srv/detail/set_pen__builder.hpp\n'}
[0.552439] (turtlesim) StdoutLine: {'line': b'-- Up-to-date: /home/fiammetta/ros-stuff/ros2_ws/install/turtlesim/include/turtlesim/turtlesim/srv/detail/spawn__traits.hpp\n'}
[0.552492] (turtlesim) StdoutLine: {'line': b'-- Up-to-date: /home/fiammetta/ros-stuff/ros2_ws/install/turtlesim/include/turtlesim/turtlesim/srv/detail/kill__traits.hpp\n'}
[0.552545] (turtlesim) StdoutLine: {'line': b'-- Up-to-date: /home/fiammetta/ros-stuff/ros2_ws/install/turtlesim/include/turtlesim/turtlesim/srv/detail/teleport_absolute__struct.hpp\n'}
[0.552597] (turtlesim) StdoutLine: {'line': b'-- Up-to-date: /home/fiammetta/ros-stuff/ros2_ws/install/turtlesim/include/turtlesim/turtlesim/srv/detail/spawn__type_support.hpp\n'}
[0.552650] (turtlesim) StdoutLine: {'line': b'-- Up-to-date: /home/fiammetta/ros-stuff/ros2_ws/install/turtlesim/include/turtlesim/turtlesim/srv/detail/set_pen__struct.hpp\n'}
[0.552702] (turtlesim) StdoutLine: {'line': b'-- Up-to-date: /home/fiammetta/ros-stuff/ros2_ws/install/turtlesim/include/turtlesim/turtlesim/srv/detail/teleport_absolute__builder.hpp\n'}
[0.552755] (turtlesim) StdoutLine: {'line': b'-- Up-to-date: /home/fiammetta/ros-stuff/ros2_ws/install/turtlesim/include/turtlesim/turtlesim/srv/detail/teleport_absolute__type_support.hpp\n'}
[0.552809] (turtlesim) StdoutLine: {'line': b'-- Up-to-date: /home/fiammetta/ros-stuff/ros2_ws/install/turtlesim/include/turtlesim/turtlesim/srv/detail/set_pen__traits.hpp\n'}
[0.552861] (turtlesim) StdoutLine: {'line': b'-- Up-to-date: /home/fiammetta/ros-stuff/ros2_ws/install/turtlesim/include/turtlesim/turtlesim/srv/detail/teleport_relative__traits.hpp\n'}
[0.552933] (turtlesim) StdoutLine: {'line': b'-- Up-to-date: /home/fiammetta/ros-stuff/ros2_ws/install/turtlesim/include/turtlesim/turtlesim/srv/detail/teleport_relative__type_support.hpp\n'}
[0.552987] (turtlesim) StdoutLine: {'line': b'-- Up-to-date: /home/fiammetta/ros-stuff/ros2_ws/install/turtlesim/include/turtlesim/turtlesim/srv/detail/teleport_absolute__traits.hpp\n'}
[0.553040] (turtlesim) StdoutLine: {'line': b'-- Up-to-date: /home/fiammetta/ros-stuff/ros2_ws/install/turtlesim/include/turtlesim/turtlesim/srv/detail/kill__struct.hpp\n'}
[0.553092] (turtlesim) StdoutLine: {'line': b'-- Up-to-date: /home/fiammetta/ros-stuff/ros2_ws/install/turtlesim/include/turtlesim/turtlesim/srv/detail/spawn__builder.hpp\n'}
[0.553145] (turtlesim) StdoutLine: {'line': b'-- Up-to-date: /home/fiammetta/ros-stuff/ros2_ws/install/turtlesim/include/turtlesim/turtlesim/srv/detail/teleport_relative__builder.hpp\n'}
[0.553198] (turtlesim) StdoutLine: {'line': b'-- Up-to-date: /home/fiammetta/ros-stuff/ros2_ws/install/turtlesim/include/turtlesim/turtlesim/srv/detail/spawn__struct.hpp\n'}
[0.553254] (turtlesim) StdoutLine: {'line': b'-- Up-to-date: /home/fiammetta/ros-stuff/ros2_ws/install/turtlesim/include/turtlesim/turtlesim/srv/detail/kill__builder.hpp\n'}
[0.553307] (turtlesim) StdoutLine: {'line': b'-- Up-to-date: /home/fiammetta/ros-stuff/ros2_ws/install/turtlesim/include/turtlesim/turtlesim/srv/detail/teleport_relative__struct.hpp\n'}
[0.553359] (turtlesim) StdoutLine: {'line': b'-- Up-to-date: /home/fiammetta/ros-stuff/ros2_ws/install/turtlesim/include/turtlesim/turtlesim/srv/detail/kill__type_support.hpp\n'}
[0.553411] (turtlesim) StdoutLine: {'line': b'-- Up-to-date: /home/fiammetta/ros-stuff/ros2_ws/install/turtlesim/include/turtlesim/turtlesim/srv/detail/set_pen__type_support.hpp\n'}
[0.553464] (turtlesim) StdoutLine: {'line': b'-- Up-to-date: /home/fiammetta/ros-stuff/ros2_ws/install/turtlesim/include/turtlesim/turtlesim/srv/teleport_relative.hpp\n'}
[0.553516] (turtlesim) StdoutLine: {'line': b'-- Up-to-date: /home/fiammetta/ros-stuff/ros2_ws/install/turtlesim/include/turtlesim/turtlesim\n'}
[0.553568] (turtlesim) StdoutLine: {'line': b'-- Up-to-date: /home/fiammetta/ros-stuff/ros2_ws/install/turtlesim/include/turtlesim/turtlesim/action\n'}
[0.553621] (turtlesim) StdoutLine: {'line': b'-- Up-to-date: /home/fiammetta/ros-stuff/ros2_ws/install/turtlesim/include/turtlesim/turtlesim/action/detail\n'}
[0.553673] (turtlesim) StdoutLine: {'line': b'-- Up-to-date: /home/fiammetta/ros-stuff/ros2_ws/install/turtlesim/include/turtlesim/turtlesim/action/detail/rotate_absolute__rosidl_typesupport_fastrtps_cpp.hpp\n'}
[0.553727] (turtlesim) StdoutLine: {'line': b'-- Up-to-date: /home/fiammetta/ros-stuff/ros2_ws/install/turtlesim/include/turtlesim/turtlesim/action/detail/dds_fastrtps\n'}
[0.553785] (turtlesim) StdoutLine: {'line': b'-- Up-to-date: /home/fiammetta/ros-stuff/ros2_ws/install/turtlesim/include/turtlesim/turtlesim/msg\n'}
[0.553838] (turtlesim) StdoutLine: {'line': b'-- Up-to-date: /home/fiammetta/ros-stuff/ros2_ws/install/turtlesim/include/turtlesim/turtlesim/msg/detail\n'}
[0.553902] (turtlesim) StdoutLine: {'line': b'-- Up-to-date: /home/fiammetta/ros-stuff/ros2_ws/install/turtlesim/include/turtlesim/turtlesim/msg/detail/color__rosidl_typesupport_fastrtps_cpp.hpp\n'}
[0.553960] (turtlesim) StdoutLine: {'line': b'-- Up-to-date: /home/fiammetta/ros-stuff/ros2_ws/install/turtlesim/include/turtlesim/turtlesim/msg/detail/dds_fastrtps\n'}
[0.554013] (turtlesim) StdoutLine: {'line': b'-- Up-to-date: /home/fiammetta/ros-stuff/ros2_ws/install/turtlesim/include/turtlesim/turtlesim/msg/detail/pose__rosidl_typesupport_fastrtps_cpp.hpp\n'}
[0.554067] (turtlesim) StdoutLine: {'line': b'-- Up-to-date: /home/fiammetta/ros-stuff/ros2_ws/install/turtlesim/include/turtlesim/turtlesim/msg/rosidl_typesupport_fastrtps_cpp__visibility_control.h\n'}
[0.554119] (turtlesim) StdoutLine: {'line': b'-- Up-to-date: /home/fiammetta/ros-stuff/ros2_ws/install/turtlesim/include/turtlesim/turtlesim/srv\n'}
[0.554172] (turtlesim) StdoutLine: {'line': b'-- Up-to-date: /home/fiammetta/ros-stuff/ros2_ws/install/turtlesim/include/turtlesim/turtlesim/srv/detail\n'}
[0.554224] (turtlesim) StdoutLine: {'line': b'-- Up-to-date: /home/fiammetta/ros-stuff/ros2_ws/install/turtlesim/include/turtlesim/turtlesim/srv/detail/spawn__rosidl_typesupport_fastrtps_cpp.hpp\n'}
[0.554276] (turtlesim) StdoutLine: {'line': b'-- Up-to-date: /home/fiammetta/ros-stuff/ros2_ws/install/turtlesim/include/turtlesim/turtlesim/srv/detail/teleport_relative__rosidl_typesupport_fastrtps_cpp.hpp\n'}
[0.554329] (turtlesim) StdoutLine: {'line': b'-- Up-to-date: /home/fiammetta/ros-stuff/ros2_ws/install/turtlesim/include/turtlesim/turtlesim/srv/detail/teleport_absolute__rosidl_typesupport_fastrtps_cpp.hpp\n'}
[0.554382] (turtlesim) StdoutLine: {'line': b'-- Up-to-date: /home/fiammetta/ros-stuff/ros2_ws/install/turtlesim/include/turtlesim/turtlesim/srv/detail/kill__rosidl_typesupport_fastrtps_cpp.hpp\n'}
[0.554434] (turtlesim) StdoutLine: {'line': b'-- Up-to-date: /home/fiammetta/ros-stuff/ros2_ws/install/turtlesim/include/turtlesim/turtlesim/srv/detail/set_pen__rosidl_typesupport_fastrtps_cpp.hpp\n'}
[0.554492] (turtlesim) StdoutLine: {'line': b'-- Up-to-date: /home/fiammetta/ros-stuff/ros2_ws/install/turtlesim/include/turtlesim/turtlesim/srv/detail/dds_fastrtps\n'}
[0.554547] (turtlesim) StdoutLine: {'line': b'-- Up-to-date: /home/fiammetta/ros-stuff/ros2_ws/install/turtlesim/lib/libturtlesim__rosidl_typesupport_fastrtps_cpp.so\n'}
[0.554601] (turtlesim) StdoutLine: {'line': b'-- Up-to-date: /home/fiammetta/ros-stuff/ros2_ws/install/turtlesim/include/turtlesim/turtlesim\n'}
[0.554654] (turtlesim) StdoutLine: {'line': b'-- Up-to-date: /home/fiammetta/ros-stuff/ros2_ws/install/turtlesim/include/turtlesim/turtlesim/action\n'}
[0.554706] (turtlesim) StdoutLine: {'line': b'-- Up-to-date: /home/fiammetta/ros-stuff/ros2_ws/install/turtlesim/include/turtlesim/turtlesim/action/detail\n'}
[0.554759] (turtlesim) StdoutLine: {'line': b'-- Up-to-date: /home/fiammetta/ros-stuff/ros2_ws/install/turtlesim/include/turtlesim/turtlesim/action/detail/rotate_absolute__rosidl_typesupport_introspection_c.h\n'}
[0.554812] (turtlesim) StdoutLine: {'line': b'-- Up-to-date: /home/fiammetta/ros-stuff/ros2_ws/install/turtlesim/include/turtlesim/turtlesim/action/detail/rotate_absolute__type_support.c\n'}
[0.554865] (turtlesim) StdoutLine: {'line': b'-- Up-to-date: /home/fiammetta/ros-stuff/ros2_ws/install/turtlesim/include/turtlesim/turtlesim/msg\n'}
[0.554942] (turtlesim) StdoutLine: {'line': b'-- Up-to-date: /home/fiammetta/ros-stuff/ros2_ws/install/turtlesim/include/turtlesim/turtlesim/msg/detail\n'}
[0.554996] (turtlesim) StdoutLine: {'line': b'-- Up-to-date: /home/fiammetta/ros-stuff/ros2_ws/install/turtlesim/include/turtlesim/turtlesim/msg/detail/pose__rosidl_typesupport_introspection_c.h\n'}
[0.555048] (turtlesim) StdoutLine: {'line': b'-- Up-to-date: /home/fiammetta/ros-stuff/ros2_ws/install/turtlesim/include/turtlesim/turtlesim/msg/detail/color__rosidl_typesupport_introspection_c.h\n'}
[0.555101] (turtlesim) StdoutLine: {'line': b'-- Up-to-date: /home/fiammetta/ros-stuff/ros2_ws/install/turtlesim/include/turtlesim/turtlesim/msg/detail/pose__type_support.c\n'}
[0.555154] (turtlesim) StdoutLine: {'line': b'-- Up-to-date: /home/fiammetta/ros-stuff/ros2_ws/install/turtlesim/include/turtlesim/turtlesim/msg/detail/color__type_support.c\n'}
[0.555206] (turtlesim) StdoutLine: {'line': b'-- Up-to-date: /home/fiammetta/ros-stuff/ros2_ws/install/turtlesim/include/turtlesim/turtlesim/msg/rosidl_typesupport_introspection_c__visibility_control.h\n'}
[0.555258] (turtlesim) StdoutLine: {'line': b'-- Up-to-date: /home/fiammetta/ros-stuff/ros2_ws/install/turtlesim/include/turtlesim/turtlesim/srv\n'}
[0.555311] (turtlesim) StdoutLine: {'line': b'-- Up-to-date: /home/fiammetta/ros-stuff/ros2_ws/install/turtlesim/include/turtlesim/turtlesim/srv/detail\n'}
[0.555363] (turtlesim) StdoutLine: {'line': b'-- Up-to-date: /home/fiammetta/ros-stuff/ros2_ws/install/turtlesim/include/turtlesim/turtlesim/srv/detail/kill__type_support.c\n'}
[0.555416] (turtlesim) StdoutLine: {'line': b'-- Up-to-date: /home/fiammetta/ros-stuff/ros2_ws/install/turtlesim/include/turtlesim/turtlesim/srv/detail/teleport_absolute__type_support.c\n'}
[0.555469] (turtlesim) StdoutLine: {'line': b'-- Up-to-date: /home/fiammetta/ros-stuff/ros2_ws/install/turtlesim/include/turtlesim/turtlesim/srv/detail/teleport_relative__type_support.c\n'}
[0.555528] (turtlesim) StdoutLine: {'line': b'-- Up-to-date: /home/fiammetta/ros-stuff/ros2_ws/install/turtlesim/include/turtlesim/turtlesim/srv/detail/set_pen__rosidl_typesupport_introspection_c.h\n'}
[0.555581] (turtlesim) StdoutLine: {'line': b'-- Up-to-date: /home/fiammetta/ros-stuff/ros2_ws/install/turtlesim/include/turtlesim/turtlesim/srv/detail/kill__rosidl_typesupport_introspection_c.h\n'}
[0.555634] (turtlesim) StdoutLine: {'line': b'-- Up-to-date: /home/fiammetta/ros-stuff/ros2_ws/install/turtlesim/include/turtlesim/turtlesim/srv/detail/spawn__type_support.c\n'}
[0.555687] (turtlesim) StdoutLine: {'line': b'-- Up-to-date: /home/fiammetta/ros-stuff/ros2_ws/install/turtlesim/include/turtlesim/turtlesim/srv/detail/teleport_relative__rosidl_typesupport_introspection_c.h\n'}
[0.555745] (turtlesim) StdoutLine: {'line': b'-- Up-to-date: /home/fiammetta/ros-stuff/ros2_ws/install/turtlesim/include/turtlesim/turtlesim/srv/detail/set_pen__type_support.c\n'}
[0.555799] (turtlesim) StdoutLine: {'line': b'-- Up-to-date: /home/fiammetta/ros-stuff/ros2_ws/install/turtlesim/include/turtlesim/turtlesim/srv/detail/spawn__rosidl_typesupport_introspection_c.h\n'}
[0.555852] (turtlesim) StdoutLine: {'line': b'-- Up-to-date: /home/fiammetta/ros-stuff/ros2_ws/install/turtlesim/include/turtlesim/turtlesim/srv/detail/teleport_absolute__rosidl_typesupport_introspection_c.h\n'}
[0.555926] (turtlesim) StdoutLine: {'line': b'-- Up-to-date: /home/fiammetta/ros-stuff/ros2_ws/install/turtlesim/lib/libturtlesim__rosidl_typesupport_introspection_c.so\n'}
[0.555981] (turtlesim) StdoutLine: {'line': b'-- Up-to-date: /home/fiammetta/ros-stuff/ros2_ws/install/turtlesim/lib/libturtlesim__rosidl_typesupport_c.so\n'}
[0.556035] (turtlesim) StdoutLine: {'line': b'-- Up-to-date: /home/fiammetta/ros-stuff/ros2_ws/install/turtlesim/include/turtlesim/turtlesim\n'}
[0.556087] (turtlesim) StdoutLine: {'line': b'-- Up-to-date: /home/fiammetta/ros-stuff/ros2_ws/install/turtlesim/include/turtlesim/turtlesim/action\n'}
[0.556140] (turtlesim) StdoutLine: {'line': b'-- Up-to-date: /home/fiammetta/ros-stuff/ros2_ws/install/turtlesim/include/turtlesim/turtlesim/action/detail\n'}
[0.556196] (turtlesim) StdoutLine: {'line': b'-- Up-to-date: /home/fiammetta/ros-stuff/ros2_ws/install/turtlesim/include/turtlesim/turtlesim/action/detail/rotate_absolute__type_support.cpp\n'}
[0.556250] (turtlesim) StdoutLine: {'line': b'-- Up-to-date: /home/fiammetta/ros-stuff/ros2_ws/install/turtlesim/include/turtlesim/turtlesim/action/detail/rotate_absolute__rosidl_typesupport_introspection_cpp.hpp\n'}
[0.556302] (turtlesim) StdoutLine: {'line': b'-- Up-to-date: /home/fiammetta/ros-stuff/ros2_ws/install/turtlesim/include/turtlesim/turtlesim/msg\n'}
[0.556355] (turtlesim) StdoutLine: {'line': b'-- Up-to-date: /home/fiammetta/ros-stuff/ros2_ws/install/turtlesim/include/turtlesim/turtlesim/msg/detail\n'}
[0.556408] (turtlesim) StdoutLine: {'line': b'-- Up-to-date: /home/fiammetta/ros-stuff/ros2_ws/install/turtlesim/include/turtlesim/turtlesim/msg/detail/pose__rosidl_typesupport_introspection_cpp.hpp\n'}
[0.556461] (turtlesim) StdoutLine: {'line': b'-- Up-to-date: /home/fiammetta/ros-stuff/ros2_ws/install/turtlesim/include/turtlesim/turtlesim/msg/detail/pose__type_support.cpp\n'}
[0.556513] (turtlesim) StdoutLine: {'line': b'-- Up-to-date: /home/fiammetta/ros-stuff/ros2_ws/install/turtlesim/include/turtlesim/turtlesim/msg/detail/color__type_support.cpp\n'}
[0.556566] (turtlesim) StdoutLine: {'line': b'-- Up-to-date: /home/fiammetta/ros-stuff/ros2_ws/install/turtlesim/include/turtlesim/turtlesim/msg/detail/color__rosidl_typesupport_introspection_cpp.hpp\n'}
[0.556618] (turtlesim) StdoutLine: {'line': b'-- Up-to-date: /home/fiammetta/ros-stuff/ros2_ws/install/turtlesim/include/turtlesim/turtlesim/srv\n'}
[0.556671] (turtlesim) StdoutLine: {'line': b'-- Up-to-date: /home/fiammetta/ros-stuff/ros2_ws/install/turtlesim/include/turtlesim/turtlesim/srv/detail\n'}
[0.556724] (turtlesim) StdoutLine: {'line': b'-- Up-to-date: /home/fiammetta/ros-stuff/ros2_ws/install/turtlesim/include/turtlesim/turtlesim/srv/detail/set_pen__rosidl_typesupport_introspection_cpp.hpp\n'}
[0.556777] (turtlesim) StdoutLine: {'line': b'-- Up-to-date: /home/fiammetta/ros-stuff/ros2_ws/install/turtlesim/include/turtlesim/turtlesim/srv/detail/spawn__type_support.cpp\n'}
[0.556829] (turtlesim) StdoutLine: {'line': b'-- Up-to-date: /home/fiammetta/ros-stuff/ros2_ws/install/turtlesim/include/turtlesim/turtlesim/srv/detail/teleport_relative__rosidl_typesupport_introspection_cpp.hpp\n'}
[0.556887] (turtlesim) StdoutLine: {'line': b'-- Up-to-date: /home/fiammetta/ros-stuff/ros2_ws/install/turtlesim/include/turtlesim/turtlesim/srv/detail/teleport_absolute__type_support.cpp\n'}
[0.556945] (turtlesim) StdoutLine: {'line': b'-- Up-to-date: /home/fiammetta/ros-stuff/ros2_ws/install/turtlesim/include/turtlesim/turtlesim/srv/detail/spawn__rosidl_typesupport_introspection_cpp.hpp\n'}
[0.557002] (turtlesim) StdoutLine: {'line': b'-- Up-to-date: /home/fiammetta/ros-stuff/ros2_ws/install/turtlesim/include/turtlesim/turtlesim/srv/detail/teleport_relative__type_support.cpp\n'}
[0.557054] (turtlesim) StdoutLine: {'line': b'-- Up-to-date: /home/fiammetta/ros-stuff/ros2_ws/install/turtlesim/include/turtlesim/turtlesim/srv/detail/set_pen__type_support.cpp\n'}
[0.557108] (turtlesim) StdoutLine: {'line': b'-- Up-to-date: /home/fiammetta/ros-stuff/ros2_ws/install/turtlesim/include/turtlesim/turtlesim/srv/detail/kill__type_support.cpp\n'}
[0.557160] (turtlesim) StdoutLine: {'line': b'-- Up-to-date: /home/fiammetta/ros-stuff/ros2_ws/install/turtlesim/include/turtlesim/turtlesim/srv/detail/teleport_absolute__rosidl_typesupport_introspection_cpp.hpp\n'}
[0.557219] (turtlesim) StdoutLine: {'line': b'-- Up-to-date: /home/fiammetta/ros-stuff/ros2_ws/install/turtlesim/include/turtlesim/turtlesim/srv/detail/kill__rosidl_typesupport_introspection_cpp.hpp\n'}
[0.557271] (turtlesim) StdoutLine: {'line': b'-- Up-to-date: /home/fiammetta/ros-stuff/ros2_ws/install/turtlesim/lib/libturtlesim__rosidl_typesupport_introspection_cpp.so\n'}
[0.557324] (turtlesim) StdoutLine: {'line': b'-- Up-to-date: /home/fiammetta/ros-stuff/ros2_ws/install/turtlesim/lib/libturtlesim__rosidl_typesupport_cpp.so\n'}
[0.557388] (turtlesim) StdoutLine: {'line': b'-- Up-to-date: /home/fiammetta/ros-stuff/ros2_ws/install/turtlesim/share/turtlesim/environment/pythonpath.sh\n'}
[0.557449] (turtlesim) StdoutLine: {'line': b'-- Up-to-date: /home/fiammetta/ros-stuff/ros2_ws/install/turtlesim/share/turtlesim/environment/pythonpath.dsv\n'}
[0.557511] (turtlesim) StdoutLine: {'line': b'-- Up-to-date: /home/fiammetta/ros-stuff/ros2_ws/install/turtlesim/local/lib/python3.10/dist-packages/turtlesim-1.4.3-py3.10.egg-info\n'}
[0.557572] (turtlesim) StdoutLine: {'line': b'-- Installing: /home/fiammetta/ros-stuff/ros2_ws/install/turtlesim/local/lib/python3.10/dist-packages/turtlesim-1.4.3-py3.10.egg-info/SOURCES.txt\n'}
[0.557631] (turtlesim) StdoutLine: {'line': b'-- Installing: /home/fiammetta/ros-stuff/ros2_ws/install/turtlesim/local/lib/python3.10/dist-packages/turtlesim-1.4.3-py3.10.egg-info/PKG-INFO\n'}
[0.557692] (turtlesim) StdoutLine: {'line': b'-- Installing: /home/fiammetta/ros-stuff/ros2_ws/install/turtlesim/local/lib/python3.10/dist-packages/turtlesim-1.4.3-py3.10.egg-info/top_level.txt\n'}
[0.557756] (turtlesim) StdoutLine: {'line': b'-- Installing: /home/fiammetta/ros-stuff/ros2_ws/install/turtlesim/local/lib/python3.10/dist-packages/turtlesim-1.4.3-py3.10.egg-info/dependency_links.txt\n'}
[0.557816] (turtlesim) StdoutLine: {'line': b'-- Up-to-date: /home/fiammetta/ros-stuff/ros2_ws/install/turtlesim/local/lib/python3.10/dist-packages/turtlesim\n'}
[0.557879] (turtlesim) StdoutLine: {'line': b'-- Up-to-date: /home/fiammetta/ros-stuff/ros2_ws/install/turtlesim/local/lib/python3.10/dist-packages/turtlesim/_turtlesim_s.ep.rosidl_typesupport_introspection_c.c\n'}
[0.557945] (turtlesim) StdoutLine: {'line': b'-- Up-to-date: /home/fiammetta/ros-stuff/ros2_ws/install/turtlesim/local/lib/python3.10/dist-packages/turtlesim/action\n'}
[0.558004] (turtlesim) StdoutLine: {'line': b'-- Up-to-date: /home/fiammetta/ros-stuff/ros2_ws/install/turtlesim/local/lib/python3.10/dist-packages/turtlesim/action/__init__.py\n'}
[0.558063] (turtlesim) StdoutLine: {'line': b'-- Up-to-date: /home/fiammetta/ros-stuff/ros2_ws/install/turtlesim/local/lib/python3.10/dist-packages/turtlesim/action/_rotate_absolute_s.c\n'}
[0.558121] (turtlesim) StdoutLine: {'line': b'-- Up-to-date: /home/fiammetta/ros-stuff/ros2_ws/install/turtlesim/local/lib/python3.10/dist-packages/turtlesim/action/_rotate_absolute.py\n'}
[0.558180] (turtlesim) StdoutLine: {'line': b'-- Up-to-date: /home/fiammetta/ros-stuff/ros2_ws/install/turtlesim/local/lib/python3.10/dist-packages/turtlesim/turtlesim_s__rosidl_typesupport_introspection_c.cpython-310-x86_64-linux-gnu.so\n'}
[0.558243] (turtlesim) StdoutLine: {'line': b'-- Up-to-date: /home/fiammetta/ros-stuff/ros2_ws/install/turtlesim/local/lib/python3.10/dist-packages/turtlesim/_turtlesim_s.ep.rosidl_typesupport_fastrtps_c.c\n'}
[0.558302] (turtlesim) StdoutLine: {'line': b'-- Up-to-date: /home/fiammetta/ros-stuff/ros2_ws/install/turtlesim/local/lib/python3.10/dist-packages/turtlesim/__init__.py\n'}
[0.558374] (turtlesim) StdoutLine: {'line': b'-- Up-to-date: /home/fiammetta/ros-stuff/ros2_ws/install/turtlesim/local/lib/python3.10/dist-packages/turtlesim/libturtlesim__rosidl_generator_py.so\n'}
[0.558429] (turtlesim) StdoutLine: {'line': b'-- Up-to-date: /home/fiammetta/ros-stuff/ros2_ws/install/turtlesim/local/lib/python3.10/dist-packages/turtlesim/turtlesim_s__rosidl_typesupport_fastrtps_c.cpython-310-x86_64-linux-gnu.so\n'}
[0.558483] (turtlesim) StdoutLine: {'line': b'-- Up-to-date: /home/fiammetta/ros-stuff/ros2_ws/install/turtlesim/local/lib/python3.10/dist-packages/turtlesim/turtlesim_s__rosidl_typesupport_c.cpython-310-x86_64-linux-gnu.so\n'}
[0.558536] (turtlesim) StdoutLine: {'line': b'-- Up-to-date: /home/fiammetta/ros-stuff/ros2_ws/install/turtlesim/local/lib/python3.10/dist-packages/turtlesim/_turtlesim_s.ep.rosidl_typesupport_c.c\n'}
[0.558587] (turtlesim) StdoutLine: {'line': b'-- Up-to-date: /home/fiammetta/ros-stuff/ros2_ws/install/turtlesim/local/lib/python3.10/dist-packages/turtlesim/msg\n'}
[0.558639] (turtlesim) StdoutLine: {'line': b'-- Up-to-date: /home/fiammetta/ros-stuff/ros2_ws/install/turtlesim/local/lib/python3.10/dist-packages/turtlesim/msg/_color_s.c\n'}
[0.558690] (turtlesim) StdoutLine: {'line': b'-- Up-to-date: /home/fiammetta/ros-stuff/ros2_ws/install/turtlesim/local/lib/python3.10/dist-packages/turtlesim/msg/_pose_s.c\n'}
[0.558741] (turtlesim) StdoutLine: {'line': b'-- Up-to-date: /home/fiammetta/ros-stuff/ros2_ws/install/turtlesim/local/lib/python3.10/dist-packages/turtlesim/msg/_pose.py\n'}
[0.558792] (turtlesim) StdoutLine: {'line': b'-- Up-to-date: /home/fiammetta/ros-stuff/ros2_ws/install/turtlesim/local/lib/python3.10/dist-packages/turtlesim/msg/__init__.py\n'}
[0.558844] (turtlesim) StdoutLine: {'line': b'-- Up-to-date: /home/fiammetta/ros-stuff/ros2_ws/install/turtlesim/local/lib/python3.10/dist-packages/turtlesim/msg/_color.py\n'}
[0.558910] (turtlesim) StdoutLine: {'line': b'-- Up-to-date: /home/fiammetta/ros-stuff/ros2_ws/install/turtlesim/local/lib/python3.10/dist-packages/turtlesim/srv\n'}
[0.558964] (turtlesim) StdoutLine: {'line': b'-- Up-to-date: /home/fiammetta/ros-stuff/ros2_ws/install/turtlesim/local/lib/python3.10/dist-packages/turtlesim/srv/_teleport_absolute.py\n'}
[0.559016] (turtlesim) StdoutLine: {'line': b'-- Up-to-date: /home/fiammetta/ros-stuff/ros2_ws/install/turtlesim/local/lib/python3.10/dist-packages/turtlesim/srv/_spawn_s.c\n'}
[0.559067] (turtlesim) StdoutLine: {'line': b'-- Up-to-date: /home/fiammetta/ros-stuff/ros2_ws/install/turtlesim/local/lib/python3.10/dist-packages/turtlesim/srv/_teleport_relative.py\n'}
[0.559119] (turtlesim) StdoutLine: {'line': b'-- Up-to-date: /home/fiammetta/ros-stuff/ros2_ws/install/turtlesim/local/lib/python3.10/dist-packages/turtlesim/srv/_set_pen_s.c\n'}
[0.559171] (turtlesim) StdoutLine: {'line': b'-- Up-to-date: /home/fiammetta/ros-stuff/ros2_ws/install/turtlesim/local/lib/python3.10/dist-packages/turtlesim/srv/_spawn.py\n'}
[0.559222] (turtlesim) StdoutLine: {'line': b'-- Up-to-date: /home/fiammetta/ros-stuff/ros2_ws/install/turtlesim/local/lib/python3.10/dist-packages/turtlesim/srv/__init__.py\n'}
[0.559273] (turtlesim) StdoutLine: {'line': b'-- Up-to-date: /home/fiammetta/ros-stuff/ros2_ws/install/turtlesim/local/lib/python3.10/dist-packages/turtlesim/srv/_kill_s.c\n'}
[0.559343] (turtlesim) StdoutLine: {'line': b'-- Up-to-date: /home/fiammetta/ros-stuff/ros2_ws/install/turtlesim/local/lib/python3.10/dist-packages/turtlesim/srv/_set_pen.py\n'}
[0.559397] (turtlesim) StdoutLine: {'line': b'-- Up-to-date: /home/fiammetta/ros-stuff/ros2_ws/install/turtlesim/local/lib/python3.10/dist-packages/turtlesim/srv/_teleport_absolute_s.c\n'}
[0.559453] (turtlesim) StdoutLine: {'line': b'-- Up-to-date: /home/fiammetta/ros-stuff/ros2_ws/install/turtlesim/local/lib/python3.10/dist-packages/turtlesim/srv/_teleport_relative_s.c\n'}
[0.559506] (turtlesim) StdoutLine: {'line': b'-- Up-to-date: /home/fiammetta/ros-stuff/ros2_ws/install/turtlesim/local/lib/python3.10/dist-packages/turtlesim/srv/_kill.py\n'}
[0.581593] (turtlesim) StdoutLine: {'line': b"Listing '/home/fiammetta/ros-stuff/ros2_ws/install/turtlesim/local/lib/python3.10/dist-packages/turtlesim'...\n"}
[0.581749] (turtlesim) StdoutLine: {'line': b"Listing '/home/fiammetta/ros-stuff/ros2_ws/install/turtlesim/local/lib/python3.10/dist-packages/turtlesim/action'...\n"}
[0.581811] (turtlesim) StdoutLine: {'line': b"Listing '/home/fiammetta/ros-stuff/ros2_ws/install/turtlesim/local/lib/python3.10/dist-packages/turtlesim/msg'...\n"}
[0.581863] (turtlesim) StdoutLine: {'line': b"Listing '/home/fiammetta/ros-stuff/ros2_ws/install/turtlesim/local/lib/python3.10/dist-packages/turtlesim/srv'...\n"}
[0.585803] (turtlesim) StdoutLine: {'line': b'-- Up-to-date: /home/fiammetta/ros-stuff/ros2_ws/install/turtlesim/local/lib/python3.10/dist-packages/turtlesim/turtlesim_s__rosidl_typesupport_fastrtps_c.cpython-310-x86_64-linux-gnu.so\n'}
[0.586018] (turtlesim) StdoutLine: {'line': b'-- Up-to-date: /home/fiammetta/ros-stuff/ros2_ws/install/turtlesim/local/lib/python3.10/dist-packages/turtlesim/turtlesim_s__rosidl_typesupport_introspection_c.cpython-310-x86_64-linux-gnu.so\n'}
[0.586245] (turtlesim) StdoutLine: {'line': b'-- Up-to-date: /home/fiammetta/ros-stuff/ros2_ws/install/turtlesim/local/lib/python3.10/dist-packages/turtlesim/turtlesim_s__rosidl_typesupport_c.cpython-310-x86_64-linux-gnu.so\n'}
[0.586411] (turtlesim) StdoutLine: {'line': b'-- Up-to-date: /home/fiammetta/ros-stuff/ros2_ws/install/turtlesim/lib/libturtlesim__rosidl_generator_py.so\n'}
[0.586583] (turtlesim) StdoutLine: {'line': b'-- Up-to-date: /home/fiammetta/ros-stuff/ros2_ws/install/turtlesim/share/turtlesim/action/RotateAbsolute.idl\n'}
[0.586677] (turtlesim) StdoutLine: {'line': b'-- Up-to-date: /home/fiammetta/ros-stuff/ros2_ws/install/turtlesim/share/turtlesim/msg/Color.idl\n'}
[0.586816] (turtlesim) StdoutLine: {'line': b'-- Up-to-date: /home/fiammetta/ros-stuff/ros2_ws/install/turtlesim/share/turtlesim/msg/Pose.idl\n'}
[0.586913] (turtlesim) StdoutLine: {'line': b'-- Up-to-date: /home/fiammetta/ros-stuff/ros2_ws/install/turtlesim/share/turtlesim/srv/Kill.idl\n'}
[0.586980] (turtlesim) StdoutLine: {'line': b'-- Up-to-date: /home/fiammetta/ros-stuff/ros2_ws/install/turtlesim/share/turtlesim/srv/SetPen.idl\n'}
[0.587041] (turtlesim) StdoutLine: {'line': b'-- Up-to-date: /home/fiammetta/ros-stuff/ros2_ws/install/turtlesim/share/turtlesim/srv/Spawn.idl\n'}
[0.587102] (turtlesim) StdoutLine: {'line': b'-- Up-to-date: /home/fiammetta/ros-stuff/ros2_ws/install/turtlesim/share/turtlesim/srv/TeleportAbsolute.idl\n'}
[0.587159] (turtlesim) StdoutLine: {'line': b'-- Up-to-date: /home/fiammetta/ros-stuff/ros2_ws/install/turtlesim/share/turtlesim/srv/TeleportRelative.idl\n'}
[0.587218] (turtlesim) StdoutLine: {'line': b'-- Up-to-date: /home/fiammetta/ros-stuff/ros2_ws/install/turtlesim/share/turtlesim/action/RotateAbsolute.action\n'}
[0.587277] (turtlesim) StdoutLine: {'line': b'-- Up-to-date: /home/fiammetta/ros-stuff/ros2_ws/install/turtlesim/share/turtlesim/msg/Color.msg\n'}
[0.587333] (turtlesim) StdoutLine: {'line': b'-- Up-to-date: /home/fiammetta/ros-stuff/ros2_ws/install/turtlesim/share/turtlesim/msg/Pose.msg\n'}
[0.587385] (turtlesim) StdoutLine: {'line': b'-- Up-to-date: /home/fiammetta/ros-stuff/ros2_ws/install/turtlesim/share/turtlesim/srv/Kill.srv\n'}
[0.587474] (turtlesim) StdoutLine: {'line': b'-- Up-to-date: /home/fiammetta/ros-stuff/ros2_ws/install/turtlesim/share/turtlesim/srv/Kill_Request.msg\n'}
[0.587599] (turtlesim) StdoutLine: {'line': b'-- Up-to-date: /home/fiammetta/ros-stuff/ros2_ws/install/turtlesim/share/turtlesim/srv/Kill_Response.msg\n'}
[0.587678] (turtlesim) StdoutLine: {'line': b'-- Up-to-date: /home/fiammetta/ros-stuff/ros2_ws/install/turtlesim/share/turtlesim/srv/SetPen.srv\n'}
[0.587731] (turtlesim) StdoutLine: {'line': b'-- Up-to-date: /home/fiammetta/ros-stuff/ros2_ws/install/turtlesim/share/turtlesim/srv/SetPen_Request.msg\n'}
[0.587780] (turtlesim) StdoutLine: {'line': b'-- Up-to-date: /home/fiammetta/ros-stuff/ros2_ws/install/turtlesim/share/turtlesim/srv/SetPen_Response.msg\n'}
[0.587831] (turtlesim) StdoutLine: {'line': b'-- Up-to-date: /home/fiammetta/ros-stuff/ros2_ws/install/turtlesim/share/turtlesim/srv/Spawn.srv\n'}
[0.587894] (turtlesim) StdoutLine: {'line': b'-- Up-to-date: /home/fiammetta/ros-stuff/ros2_ws/install/turtlesim/share/turtlesim/srv/Spawn_Request.msg\n'}
[0.587951] (turtlesim) StdoutLine: {'line': b'-- Up-to-date: /home/fiammetta/ros-stuff/ros2_ws/install/turtlesim/share/turtlesim/srv/Spawn_Response.msg\n'}
[0.588003] (turtlesim) StdoutLine: {'line': b'-- Up-to-date: /home/fiammetta/ros-stuff/ros2_ws/install/turtlesim/share/turtlesim/srv/TeleportAbsolute.srv\n'}
[0.588099] (turtlesim) StdoutLine: {'line': b'-- Up-to-date: /home/fiammetta/ros-stuff/ros2_ws/install/turtlesim/share/turtlesim/srv/TeleportAbsolute_Request.msg\n'}
[0.588150] (turtlesim) StdoutLine: {'line': b'-- Up-to-date: /home/fiammetta/ros-stuff/ros2_ws/install/turtlesim/share/turtlesim/srv/TeleportAbsolute_Response.msg\n'}
[0.588209] (turtlesim) StdoutLine: {'line': b'-- Up-to-date: /home/fiammetta/ros-stuff/ros2_ws/install/turtlesim/share/turtlesim/srv/TeleportRelative.srv\n'}
[0.588276] (turtlesim) StdoutLine: {'line': b'-- Up-to-date: /home/fiammetta/ros-stuff/ros2_ws/install/turtlesim/share/turtlesim/srv/TeleportRelative_Request.msg\n'}
[0.588337] (turtlesim) StdoutLine: {'line': b'-- Up-to-date: /home/fiammetta/ros-stuff/ros2_ws/install/turtlesim/share/turtlesim/srv/TeleportRelative_Response.msg\n'}
[0.588407] (turtlesim) StdoutLine: {'line': b'-- Up-to-date: /home/fiammetta/ros-stuff/ros2_ws/install/turtlesim/lib/turtlesim/turtlesim_node\n'}
[0.588461] (turtlesim) StdoutLine: {'line': b'-- Up-to-date: /home/fiammetta/ros-stuff/ros2_ws/install/turtlesim/lib/turtlesim/turtle_teleop_key\n'}
[0.588517] (turtlesim) StdoutLine: {'line': b'-- Up-to-date: /home/fiammetta/ros-stuff/ros2_ws/install/turtlesim/lib/turtlesim/draw_square\n'}
[0.588573] (turtlesim) StdoutLine: {'line': b'-- Up-to-date: /home/fiammetta/ros-stuff/ros2_ws/install/turtlesim/lib/turtlesim/mimic\n'}
[0.588664] (turtlesim) StdoutLine: {'line': b'-- Up-to-date: /home/fiammetta/ros-stuff/ros2_ws/install/turtlesim/share/turtlesim/images\n'}
[0.588804] (turtlesim) StdoutLine: {'line': b'-- Up-to-date: /home/fiammetta/ros-stuff/ros2_ws/install/turtlesim/share/turtlesim/images/dashing.png\n'}
[0.588859] (turtlesim) StdoutLine: {'line': b'-- Up-to-date: /home/fiammetta/ros-stuff/ros2_ws/install/turtlesim/share/turtlesim/images/bouncy.png\n'}
[0.588926] (turtlesim) StdoutLine: {'line': b'-- Up-to-date: /home/fiammetta/ros-stuff/ros2_ws/install/turtlesim/share/turtlesim/images/ardent.png\n'}
[0.588980] (turtlesim) StdoutLine: {'line': b'-- Up-to-date: /home/fiammetta/ros-stuff/ros2_ws/install/turtlesim/share/turtlesim/images/galactic.png\n'}
[0.589037] (turtlesim) StdoutLine: {'line': b'-- Up-to-date: /home/fiammetta/ros-stuff/ros2_ws/install/turtlesim/share/turtlesim/images/crystal.png\n'}
[0.589089] (turtlesim) StdoutLine: {'line': b'-- Up-to-date: /home/fiammetta/ros-stuff/ros2_ws/install/turtlesim/share/turtlesim/images/humble.png\n'}
[0.589145] (turtlesim) StdoutLine: {'line': b'-- Up-to-date: /home/fiammetta/ros-stuff/ros2_ws/install/turtlesim/share/turtlesim/images/foxy.png\n'}
[0.589197] (turtlesim) StdoutLine: {'line': b'-- Up-to-date: /home/fiammetta/ros-stuff/ros2_ws/install/turtlesim/share/turtlesim/images/rolling.png\n'}
[0.589251] (turtlesim) StdoutLine: {'line': b'-- Up-to-date: /home/fiammetta/ros-stuff/ros2_ws/install/turtlesim/share/turtlesim/images/eloquent.png\n'}
[0.589305] (turtlesim) StdoutLine: {'line': b'-- Up-to-date: /home/fiammetta/ros-stuff/ros2_ws/install/turtlesim/share/turtlesim/launch\n'}
[0.589360] (turtlesim) StdoutLine: {'line': b'-- Up-to-date: /home/fiammetta/ros-stuff/ros2_ws/install/turtlesim/share/turtlesim/launch/multisim.launch.py\n'}
[0.589453] (turtlesim) StdoutLine: {'line': b'-- Up-to-date: /home/fiammetta/ros-stuff/ros2_ws/install/turtlesim/share/ament_index/resource_index/package_run_dependencies/turtlesim\n'}
[0.589506] (turtlesim) StdoutLine: {'line': b'-- Up-to-date: /home/fiammetta/ros-stuff/ros2_ws/install/turtlesim/share/ament_index/resource_index/parent_prefix_path/turtlesim\n'}
[0.589564] (turtlesim) StdoutLine: {'line': b'-- Up-to-date: /home/fiammetta/ros-stuff/ros2_ws/install/turtlesim/share/turtlesim/environment/ament_prefix_path.sh\n'}
[0.589616] (turtlesim) StdoutLine: {'line': b'-- Up-to-date: /home/fiammetta/ros-stuff/ros2_ws/install/turtlesim/share/turtlesim/environment/ament_prefix_path.dsv\n'}
[0.589672] (turtlesim) StdoutLine: {'line': b'-- Up-to-date: /home/fiammetta/ros-stuff/ros2_ws/install/turtlesim/share/turtlesim/environment/path.sh\n'}
[0.589723] (turtlesim) StdoutLine: {'line': b'-- Up-to-date: /home/fiammetta/ros-stuff/ros2_ws/install/turtlesim/share/turtlesim/environment/path.dsv\n'}
[0.589782] (turtlesim) StdoutLine: {'line': b'-- Up-to-date: /home/fiammetta/ros-stuff/ros2_ws/install/turtlesim/share/turtlesim/local_setup.bash\n'}
[0.589834] (turtlesim) StdoutLine: {'line': b'-- Up-to-date: /home/fiammetta/ros-stuff/ros2_ws/install/turtlesim/share/turtlesim/local_setup.sh\n'}
[0.589946] (turtlesim) StdoutLine: {'line': b'-- Up-to-date: /home/fiammetta/ros-stuff/ros2_ws/install/turtlesim/share/turtlesim/local_setup.zsh\n'}
[0.590008] (turtlesim) StdoutLine: {'line': b'-- Up-to-date: /home/fiammetta/ros-stuff/ros2_ws/install/turtlesim/share/turtlesim/local_setup.dsv\n'}
[0.590064] (turtlesim) StdoutLine: {'line': b'-- Installing: /home/fiammetta/ros-stuff/ros2_ws/install/turtlesim/share/turtlesim/package.dsv\n'}
[0.590204] (turtlesim) StdoutLine: {'line': b'-- Up-to-date: /home/fiammetta/ros-stuff/ros2_ws/install/turtlesim/share/ament_index/resource_index/packages/turtlesim\n'}
[0.590262] (turtlesim) StdoutLine: {'line': b'-- Up-to-date: /home/fiammetta/ros-stuff/ros2_ws/install/turtlesim/share/turtlesim/cmake/export_turtlesim__rosidl_generator_cExport.cmake\n'}
[0.590313] (turtlesim) StdoutLine: {'line': b'-- Up-to-date: /home/fiammetta/ros-stuff/ros2_ws/install/turtlesim/share/turtlesim/cmake/export_turtlesim__rosidl_generator_cExport-noconfig.cmake\n'}
[0.590398] (turtlesim) StdoutLine: {'line': b'-- Up-to-date: /home/fiammetta/ros-stuff/ros2_ws/install/turtlesim/share/turtlesim/cmake/export_turtlesim__rosidl_typesupport_fastrtps_cExport.cmake\n'}
[0.590448] (turtlesim) StdoutLine: {'line': b'-- Up-to-date: /home/fiammetta/ros-stuff/ros2_ws/install/turtlesim/share/turtlesim/cmake/export_turtlesim__rosidl_typesupport_fastrtps_cExport-noconfig.cmake\n'}
[0.590496] (turtlesim) StdoutLine: {'line': b'-- Up-to-date: /home/fiammetta/ros-stuff/ros2_ws/install/turtlesim/share/turtlesim/cmake/export_turtlesim__rosidl_generator_cppExport.cmake\n'}
[0.590543] (turtlesim) StdoutLine: {'line': b'-- Up-to-date: /home/fiammetta/ros-stuff/ros2_ws/install/turtlesim/share/turtlesim/cmake/export_turtlesim__rosidl_typesupport_fastrtps_cppExport.cmake\n'}
[0.590599] (turtlesim) StdoutLine: {'line': b'-- Up-to-date: /home/fiammetta/ros-stuff/ros2_ws/install/turtlesim/share/turtlesim/cmake/export_turtlesim__rosidl_typesupport_fastrtps_cppExport-noconfig.cmake\n'}
[0.590647] (turtlesim) StdoutLine: {'line': b'-- Up-to-date: /home/fiammetta/ros-stuff/ros2_ws/install/turtlesim/share/turtlesim/cmake/turtlesim__rosidl_typesupport_introspection_cExport.cmake\n'}
[0.590695] (turtlesim) StdoutLine: {'line': b'-- Up-to-date: /home/fiammetta/ros-stuff/ros2_ws/install/turtlesim/share/turtlesim/cmake/turtlesim__rosidl_typesupport_introspection_cExport-noconfig.cmake\n'}
[0.590741] (turtlesim) StdoutLine: {'line': b'-- Up-to-date: /home/fiammetta/ros-stuff/ros2_ws/install/turtlesim/share/turtlesim/cmake/turtlesim__rosidl_typesupport_cExport.cmake\n'}
[0.590788] (turtlesim) StdoutLine: {'line': b'-- Up-to-date: /home/fiammetta/ros-stuff/ros2_ws/install/turtlesim/share/turtlesim/cmake/turtlesim__rosidl_typesupport_cExport-noconfig.cmake\n'}
[0.590839] (turtlesim) StdoutLine: {'line': b'-- Up-to-date: /home/fiammetta/ros-stuff/ros2_ws/install/turtlesim/share/turtlesim/cmake/turtlesim__rosidl_typesupport_introspection_cppExport.cmake\n'}
[0.590896] (turtlesim) StdoutLine: {'line': b'-- Up-to-date: /home/fiammetta/ros-stuff/ros2_ws/install/turtlesim/share/turtlesim/cmake/turtlesim__rosidl_typesupport_introspection_cppExport-noconfig.cmake\n'}
[0.590947] (turtlesim) StdoutLine: {'line': b'-- Up-to-date: /home/fiammetta/ros-stuff/ros2_ws/install/turtlesim/share/turtlesim/cmake/turtlesim__rosidl_typesupport_cppExport.cmake\n'}
[0.590993] (turtlesim) StdoutLine: {'line': b'-- Up-to-date: /home/fiammetta/ros-stuff/ros2_ws/install/turtlesim/share/turtlesim/cmake/turtlesim__rosidl_typesupport_cppExport-noconfig.cmake\n'}
[0.591040] (turtlesim) StdoutLine: {'line': b'-- Up-to-date: /home/fiammetta/ros-stuff/ros2_ws/install/turtlesim/share/turtlesim/cmake/export_turtlesim__rosidl_generator_pyExport.cmake\n'}
[0.591087] (turtlesim) StdoutLine: {'line': b'-- Up-to-date: /home/fiammetta/ros-stuff/ros2_ws/install/turtlesim/share/turtlesim/cmake/export_turtlesim__rosidl_generator_pyExport-noconfig.cmake\n'}
[0.591133] (turtlesim) StdoutLine: {'line': b'-- Up-to-date: /home/fiammetta/ros-stuff/ros2_ws/install/turtlesim/share/turtlesim/cmake/rosidl_cmake-extras.cmake\n'}
[0.591179] (turtlesim) StdoutLine: {'line': b'-- Up-to-date: /home/fiammetta/ros-stuff/ros2_ws/install/turtlesim/share/turtlesim/cmake/ament_cmake_export_dependencies-extras.cmake\n'}
[0.591227] (turtlesim) StdoutLine: {'line': b'-- Up-to-date: /home/fiammetta/ros-stuff/ros2_ws/install/turtlesim/share/turtlesim/cmake/ament_cmake_export_include_directories-extras.cmake\n'}
[0.591274] (turtlesim) StdoutLine: {'line': b'-- Up-to-date: /home/fiammetta/ros-stuff/ros2_ws/install/turtlesim/share/turtlesim/cmake/ament_cmake_export_libraries-extras.cmake\n'}
[0.591320] (turtlesim) StdoutLine: {'line': b'-- Up-to-date: /home/fiammetta/ros-stuff/ros2_ws/install/turtlesim/share/turtlesim/cmake/ament_cmake_export_targets-extras.cmake\n'}
[0.591367] (turtlesim) StdoutLine: {'line': b'-- Up-to-date: /home/fiammetta/ros-stuff/ros2_ws/install/turtlesim/share/turtlesim/cmake/rosidl_cmake_export_typesupport_targets-extras.cmake\n'}
[0.591413] (turtlesim) StdoutLine: {'line': b'-- Up-to-date: /home/fiammetta/ros-stuff/ros2_ws/install/turtlesim/share/turtlesim/cmake/rosidl_cmake_export_typesupport_libraries-extras.cmake\n'}
[0.591460] (turtlesim) StdoutLine: {'line': b'-- Up-to-date: /home/fiammetta/ros-stuff/ros2_ws/install/turtlesim/share/turtlesim/cmake/turtlesimConfig.cmake\n'}
[0.591506] (turtlesim) StdoutLine: {'line': b'-- Up-to-date: /home/fiammetta/ros-stuff/ros2_ws/install/turtlesim/share/turtlesim/cmake/turtlesimConfig-version.cmake\n'}
[0.591552] (turtlesim) StdoutLine: {'line': b'-- Up-to-date: /home/fiammetta/ros-stuff/ros2_ws/install/turtlesim/share/turtlesim/package.xml\n'}
[0.592448] (turtlesim) CommandEnded: {'returncode': 0}
[0.601529] (-) TimerEvent: {}
[0.609404] (turtlesim) JobEnded: {'identifier': 'turtlesim', 'rc': 0}
[0.701660] (-) TimerEvent: {}
[0.725787] (lab01_pkg) StdoutLine: {'line': b'running egg_info\n'}
[0.726251] (lab01_pkg) StdoutLine: {'line': b'writing ../../build/lab01_pkg/lab01_pkg.egg-info/PKG-INFO\n'}
[0.726418] (lab01_pkg) StdoutLine: {'line': b'writing dependency_links to ../../build/lab01_pkg/lab01_pkg.egg-info/dependency_links.txt\n'}
[0.726586] (lab01_pkg) StdoutLine: {'line': b'writing entry points to ../../build/lab01_pkg/lab01_pkg.egg-info/entry_points.txt\n'}
[0.726656] (lab01_pkg) StdoutLine: {'line': b'writing requirements to ../../build/lab01_pkg/lab01_pkg.egg-info/requires.txt\n'}
[0.726705] (lab01_pkg) StdoutLine: {'line': b'writing top-level names to ../../build/lab01_pkg/lab01_pkg.egg-info/top_level.txt\n'}
[0.727941] (lab01_pkg) StdoutLine: {'line': b"reading manifest file '../../build/lab01_pkg/lab01_pkg.egg-info/SOURCES.txt'\n"}
[0.728210] (lab01_pkg) StdoutLine: {'line': b"adding license file 'LICENSE'\n"}
[0.728925] (lab01_pkg) StdoutLine: {'line': b"writing manifest file '../../build/lab01_pkg/lab01_pkg.egg-info/SOURCES.txt'\n"}
[0.729006] (lab01_pkg) StdoutLine: {'line': b'running build\n'}
[0.729175] (lab01_pkg) StdoutLine: {'line': b'running build_py\n'}
[0.729244] (lab01_pkg) StdoutLine: {'line': b'copying lab01_pkg/localization.py -> /home/fiammetta/ros-stuff/ros2_ws/build/lab01_pkg/build/lib/lab01_pkg\n'}
[0.729397] (lab01_pkg) StdoutLine: {'line': b'running install\n'}
[0.729657] (lab01_pkg) StdoutLine: {'line': b'running install_lib\n'}
[0.730123] (lab01_pkg) StdoutLine: {'line': b'copying /home/fiammetta/ros-stuff/ros2_ws/build/lab01_pkg/build/lib/lab01_pkg/localization.py -> /home/fiammetta/ros-stuff/ros2_ws/install/lab01_pkg/lib/python3.10/site-packages/lab01_pkg\n'}
[0.730671] (lab01_pkg) StdoutLine: {'line': b'byte-compiling /home/fiammetta/ros-stuff/ros2_ws/install/lab01_pkg/lib/python3.10/site-packages/lab01_pkg/localization.py to localization.cpython-310.pyc\n'}
[0.731081] (lab01_pkg) StdoutLine: {'line': b'running install_data\n'}
[0.731237] (lab01_pkg) StdoutLine: {'line': b'running install_egg_info\n'}
[0.732375] (lab01_pkg) StdoutLine: {'line': b"removing '/home/fiammetta/ros-stuff/ros2_ws/install/lab01_pkg/lib/python3.10/site-packages/lab01_pkg-0.0.0-py3.10.egg-info' (and everything under it)\n"}
[0.732566] (lab01_pkg) StdoutLine: {'line': b'Copying ../../build/lab01_pkg/lab01_pkg.egg-info to /home/fiammetta/ros-stuff/ros2_ws/install/lab01_pkg/lib/python3.10/site-packages/lab01_pkg-0.0.0-py3.10.egg-info\n'}
[0.733118] (lab01_pkg) StdoutLine: {'line': b'running install_scripts\n'}
[0.749689] (lab01_pkg) StdoutLine: {'line': b'Installing controller script to /home/fiammetta/ros-stuff/ros2_ws/install/lab01_pkg/lib/lab01_pkg\n'}
[0.749843] (lab01_pkg) StdoutLine: {'line': b'Installing localization script to /home/fiammetta/ros-stuff/ros2_ws/install/lab01_pkg/lib/lab01_pkg\n'}
[0.750119] (lab01_pkg) StdoutLine: {'line': b"writing list of installed files to '/home/fiammetta/ros-stuff/ros2_ws/build/lab01_pkg/install.log'\n"}
[0.770241] (lab01_pkg) CommandEnded: {'returncode': 0}
[0.776193] (lab01_pkg) JobEnded: {'identifier': 'lab01_pkg', 'rc': 0}
[0.776605] (-) EventReactorShutdown: {}
