[0.000000] (-) TimerEvent: {}
[0.000093] (lab01_pkg) JobQueued: {'identifier': 'lab01_pkg', 'dependencies': OrderedDict()}
[0.000116] (turtlesim) JobQueued: {'identifier': 'turtlesim', 'dependencies': OrderedDict()}
[0.000130] (lab01_pkg) JobStarted: {'identifier': 'lab01_pkg'}
[0.005825] (turtlesim) JobStarted: {'identifier': 'turtlesim'}
[0.099459] (-) TimerEvent: {}
[0.200397] (-) TimerEvent: {}
[0.203098] (turtlesim) JobProgress: {'identifier': 'turtlesim', 'progress': 'cmake'}
[0.204029] (turtlesim) JobProgress: {'identifier': 'turtlesim', 'progress': 'build'}
[0.204284] (turtlesim) Command: {'cmd': ['/usr/bin/cmake', '--build', '/home/fiammetta/ros-stuff/ros2_ws/build/turtlesim', '--', '-j8', '-l8'], 'cwd': '/home/fiammetta/ros-stuff/ros2_ws/build/turtlesim', 'env': OrderedDict([('USER', 'fiammetta'), ('LC_TIME', 'it_IT.UTF-8'), ('XDG_SESSION_TYPE', 'wayland'), ('SHLVL', '1'), ('LD_LIBRARY_PATH', '/home/fiammetta/ros-stuff/ros2_ws/install/turtlesim/lib:/opt/ros/humble/opt/rviz_ogre_vendor/lib:/opt/ros/humble/lib/x86_64-linux-gnu:/opt/ros/humble/lib'), ('OLDPWD', '/home/fiammetta/ros-stuff/ros2_ws/src'), ('HOME', '/home/fiammetta'), ('DESKTOP_SESSION', 'ubuntu'), ('GTK_MODULES', 'gail:atk-bridge'), ('GNOME_SHELL_SESSION_MODE', 'ubuntu'), ('ROS_PYTHON_VERSION', '3'), ('LC_MONETARY', 'it_IT.UTF-8'), ('SYSTEMD_EXEC_PID', '1682'), ('DBUS_SESSION_BUS_ADDRESS', 'unix:path=/run/user/1000/bus'), ('COLORTERM', 'truecolor'), ('WAYLAND_DISPLAY', 'wayland-0'), ('ROS_DISTRO', 'humble'), ('COLCON_PREFIX_PATH', '/home/fiammetta/ros-stuff/ros2_ws/install:/home/fiammetta/ros-stuff/ros2_ws'), ('LOGNAME', 'fiammetta'), ('_', '/usr/bin/colcon'), ('XDG_SESSION_CLASS', 'user'), ('ROS_VERSION', '2'), ('USERNAME', 'fiammetta'), ('TERM', 'xterm-256color'), ('GNOME_DESKTOP_SESSION_ID', 'this-is-deprecated'), ('ROS_LOCALHOST_ONLY', '0'), ('PATH', '/home/fiammetta/.cargo/bin:/opt/ros/humble/bin:/usr/local/sbin:/usr/local/bin:/usr/sbin:/usr/bin:/sbin:/bin:/usr/games:/usr/local/games:/snap/bin:/snap/bin'), ('SESSION_MANAGER', 'local/MikuBeamer:@/tmp/.ICE-unix/1502,unix/MikuBeamer:/tmp/.ICE-unix/1502'), ('GNOME_TERMINAL_SCREEN', '/org/gnome/Terminal/screen/92b584d5_d701_4d25_9733_a543ee0a7e95'), ('XDG_MENU_PREFIX', 'gnome-'), ('GNOME_SETUP_DISPLAY', ':1'), ('XDG_RUNTIME_DIR', '/run/user/1000'), ('LC_ADDRESS', 'it_IT.UTF-8'), ('DISPLAY', ':0'), ('XDG_CURRENT_DESKTOP', 'ubuntu:GNOME'), ('LANG', 'en_US.UTF-8'), ('LC_TELEPHONE', 'it_IT.UTF-8'), ('XDG_SESSION_DESKTOP', 'ubuntu'), ('GNOME_TERMINAL_SERVICE', ':1.98'), ('XMODIFIERS', '@im=ibus'), ('XAUTHORITY', '/run/user/1000/.mutter-Xwaylandauth.BQZFE3'), ('SSH_AUTH_SOCK', '/run/user/1000/keyring/ssh'), ('SSH_AGENT_LAUNCHER', 'gnome-keyring'), ('AMENT_PREFIX_PATH', '/home/fiammetta/ros-stuff/ros2_ws/install/lab01_pkg:/home/fiammetta/ros-stuff/ros2_ws/install/turtlesim:/opt/ros/humble'), ('SHELL', '/bin/zsh'), ('LC_NAME', 'it_IT.UTF-8'), ('QT_ACCESSIBILITY', '1'), ('GDMSESSION', 'ubuntu'), ('LC_MEASUREMENT', 'it_IT.UTF-8'), ('LC_IDENTIFICATION', 'it_IT.UTF-8'), ('QT_IM_MODULE', 'ibus'), ('LC_ALL', 'en_US.UTF-8'), ('PWD', '/home/fiammetta/ros-stuff/ros2_ws/build/turtlesim'), ('XDG_DATA_DIRS', '/usr/local/share/:/usr/share/:/var/lib/snapd/desktop'), ('LC_NUMERIC', 'it_IT.UTF-8'), ('PYTHONPATH', '/home/fiammetta/ros-stuff/ros2_ws/install/lab01_pkg/lib/python3.10/site-packages:/home/fiammetta/ros-stuff/ros2_ws/install/turtlesim/local/lib/python3.10/dist-packages:/opt/ros/humble/lib/python3.10/site-packages:/opt/ros/humble/local/lib/python3.10/dist-packages'), ('LC_PAPER', 'it_IT.UTF-8'), ('COLCON', '1'), ('VTE_VERSION', '6800'), ('CMAKE_PREFIX_PATH', '/home/fiammetta/ros-stuff/ros2_ws/install/turtlesim:/home/fiammetta/ros-stuff/ros2_ws/install/lab01_pkg:/opt/ros/humble')]), 'shell': False}
[0.243043] (turtlesim) StdoutLine: {'line': b'[  3%] Built target turtlesim__cpp\n'}
[0.243249] (turtlesim) StdoutLine: {'line': b'[ 11%] Built target turtlesim__rosidl_generator_c\n'}
[0.256107] (turtlesim) StdoutLine: {'line': b'[ 11%] Built target ament_cmake_python_copy_turtlesim\n'}
[0.268070] (turtlesim) StdoutLine: {'line': b'[ 21%] Built target turtlesim__rosidl_typesupport_introspection_c\n'}
[0.268326] (turtlesim) StdoutLine: {'line': b'[ 31%] Built target turtlesim__rosidl_typesupport_c\n'}
[0.269431] (turtlesim) StdoutLine: {'line': b'[ 41%] Built target turtlesim__rosidl_typesupport_cpp\n'}
[0.273678] (turtlesim) StdoutLine: {'line': b'[ 58%] Built target turtlesim__rosidl_typesupport_introspection_cpp\n'}
[0.273852] (turtlesim) StdoutLine: {'line': b'[ 61%] Built target turtlesim__rosidl_typesupport_fastrtps_cpp\n'}
[0.273991] (turtlesim) StdoutLine: {'line': b'[ 71%] Built target turtlesim__rosidl_typesupport_fastrtps_c\n'}
[0.294457] (turtlesim) StdoutLine: {'line': b'[ 72%] Built target turtlesim\n'}
[0.294681] (turtlesim) StdoutLine: {'line': b'[ 73%] Built target draw_square\n'}
[0.297606] (turtlesim) StdoutLine: {'line': b'[ 75%] Built target mimic\n'}
[0.298682] (turtlesim) StdoutLine: {'line': b'[ 77%] Built target turtle_teleop_key\n'}
[0.300490] (-) TimerEvent: {}
[0.303187] (turtlesim) StdoutLine: {'line': b'[ 83%] Built target turtlesim_node\n'}
[0.310753] (turtlesim) StdoutLine: {'line': b'[ 84%] Built target turtlesim__py\n'}
[0.330261] (turtlesim) StdoutLine: {'line': b'[ 93%] Built target turtlesim__rosidl_generator_py\n'}
[0.347980] (turtlesim) StdoutLine: {'line': b'[ 95%] Built target turtlesim__rosidl_typesupport_introspection_c__pyext\n'}
[0.349477] (turtlesim) StdoutLine: {'line': b'[ 97%] Built target turtlesim__rosidl_typesupport_c__pyext\n'}
[0.353529] (turtlesim) StdoutLine: {'line': b'[100%] Built target turtlesim__rosidl_typesupport_fastrtps_c__pyext\n'}
[0.400621] (-) TimerEvent: {}
[0.469905] (turtlesim) StdoutLine: {'line': b'running egg_info\n'}
[0.470512] (turtlesim) StdoutLine: {'line': b'writing turtlesim.egg-info/PKG-INFO\n'}
[0.470613] (turtlesim) StdoutLine: {'line': b'writing dependency_links to turtlesim.egg-info/dependency_links.txt\n'}
[0.470820] (turtlesim) StdoutLine: {'line': b'writing top-level names to turtlesim.egg-info/top_level.txt\n'}
[0.472624] (turtlesim) StdoutLine: {'line': b"reading manifest file 'turtlesim.egg-info/SOURCES.txt'\n"}
[0.473164] (turtlesim) StdoutLine: {'line': b"writing manifest file 'turtlesim.egg-info/SOURCES.txt'\n"}
[0.499936] (turtlesim) StdoutLine: {'line': b'[100%] Built target ament_cmake_python_build_turtlesim_egg\n'}
[0.500757] (-) TimerEvent: {}
[0.501541] (lab01_pkg) Command: {'cmd': ['/usr/bin/python3', '-W', 'ignore:setup.py install is deprecated', '-W', 'ignore:easy_install command is deprecated', 'setup.py', 'egg_info', '--egg-base', '../../build/lab01_pkg', 'build', '--build-base', '/home/fiammetta/ros-stuff/ros2_ws/build/lab01_pkg/build', 'install', '--record', '/home/fiammetta/ros-stuff/ros2_ws/build/lab01_pkg/install.log', '--single-version-externally-managed', 'install_data'], 'cwd': '/home/fiammetta/ros-stuff/ros2_ws/src/lab01_pkg', 'env': {'USER': 'fiammetta', 'LC_TIME': 'it_IT.UTF-8', 'XDG_SESSION_TYPE': 'wayland', 'SHLVL': '1', 'LD_LIBRARY_PATH': '/home/fiammetta/ros-stuff/ros2_ws/install/turtlesim/lib:/opt/ros/humble/opt/rviz_ogre_vendor/lib:/opt/ros/humble/lib/x86_64-linux-gnu:/opt/ros/humble/lib', 'OLDPWD': '/home/fiammetta/ros-stuff/ros2_ws/src', 'HOME': '/home/fiammetta', 'DESKTOP_SESSION': 'ubuntu', 'GTK_MODULES': 'gail:atk-bridge', 'GNOME_SHELL_SESSION_MODE': 'ubuntu', 'ROS_PYTHON_VERSION': '3', 'LC_MONETARY': 'it_IT.UTF-8', 'SYSTEMD_EXEC_PID': '1682', 'DBUS_SESSION_BUS_ADDRESS': 'unix:path=/run/user/1000/bus', 'COLORTERM': 'truecolor', 'WAYLAND_DISPLAY': 'wayland-0', 'ROS_DISTRO': 'humble', 'COLCON_PREFIX_PATH': '/home/fiammetta/ros-stuff/ros2_ws/install:/home/fiammetta/ros-stuff/ros2_ws', 'LOGNAME': 'fiammetta', '_': '/usr/bin/colcon', 'XDG_SESSION_CLASS': 'user', 'ROS_VERSION': '2', 'USERNAME': 'fiammetta', 'TERM': 'xterm-256color', 'GNOME_DESKTOP_SESSION_ID': 'this-is-deprecated', 'ROS_LOCALHOST_ONLY': '0', 'PATH': '/home/fiammetta/.cargo/bin:/opt/ros/humble/bin:/usr/local/sbin:/usr/local/bin:/usr/sbin:/usr/bin:/sbin:/bin:/usr/games:/usr/local/games:/snap/bin:/snap/bin', 'SESSION_MANAGER': 'local/MikuBeamer:@/tmp/.ICE-unix/1502,unix/MikuBeamer:/tmp/.ICE-unix/1502', 'GNOME_TERMINAL_SCREEN': '/org/gnome/Terminal/screen/92b584d5_d701_4d25_9733_a543ee0a7e95', 'XDG_MENU_PREFIX': 'gnome-', 'GNOME_SETUP_DISPLAY': ':1', 'XDG_RUNTIME_DIR': '/run/user/1000', 'LC_ADDRESS': 'it_IT.UTF-8', 'DISPLAY': ':0', 'XDG_CURRENT_DESKTOP': 'ubuntu:GNOME', 'LANG': 'en_US.UTF-8', 'LC_TELEPHONE': 'it_IT.UTF-8', 'XDG_SESSION_DESKTOP': 'ubuntu', 'GNOME_TERMINAL_SERVICE': ':1.98', 'XMODIFIERS': '@im=ibus', 'XAUTHORITY': '/run/user/1000/.mutter-Xwaylandauth.BQZFE3', 'SSH_AUTH_SOCK': '/run/user/1000/keyring/ssh', 'SSH_AGENT_LAUNCHER': 'gnome-keyring', 'AMENT_PREFIX_PATH': '/home/fiammetta/ros-stuff/ros2_ws/install/lab01_pkg:/home/fiammetta/ros-stuff/ros2_ws/install/turtlesim:/opt/ros/humble', 'SHELL': '/bin/zsh', 'LC_NAME': 'it_IT.UTF-8', 'QT_ACCESSIBILITY': '1', 'GDMSESSION': 'ubuntu', 'LC_MEASUREMENT': 'it_IT.UTF-8', 'LC_IDENTIFICATION': 'it_IT.UTF-8', 'QT_IM_MODULE': 'ibus', 'LC_ALL': 'en_US.UTF-8', 'PWD': '/home/fiammetta/ros-stuff/ros2_ws/build/lab01_pkg', 'XDG_DATA_DIRS': '/usr/local/share/:/usr/share/:/var/lib/snapd/desktop', 'LC_NUMERIC': 'it_IT.UTF-8', 'PYTHONPATH': '/home/fiammetta/ros-stuff/ros2_ws/build/lab01_pkg/prefix_override:/usr/lib/python3/dist-packages/colcon_core/task/python/colcon_distutils_commands:/home/fiammetta/ros-stuff/ros2_ws/install/lab01_pkg/lib/python3.10/site-packages:/home/fiammetta/ros-stuff/ros2_ws/install/lab01_pkg/lib/python3.10/site-packages:/home/fiammetta/ros-stuff/ros2_ws/install/turtlesim/local/lib/python3.10/dist-packages:/opt/ros/humble/lib/python3.10/site-packages:/opt/ros/humble/local/lib/python3.10/dist-packages', 'LC_PAPER': 'it_IT.UTF-8', 'COLCON': '1', 'VTE_VERSION': '6800', 'CMAKE_PREFIX_PATH': '/home/fiammetta/ros-stuff/ros2_ws/install/turtlesim'}, 'shell': False}
[0.510302] (turtlesim) CommandEnded: {'returncode': 0}
[0.510931] (turtlesim) JobProgress: {'identifier': 'turtlesim', 'progress': 'install'}
[0.519523] (turtlesim) Command: {'cmd': ['/usr/bin/cmake', '--install', '/home/fiammetta/ros-stuff/ros2_ws/build/turtlesim'], 'cwd': '/home/fiammetta/ros-stuff/ros2_ws/build/turtlesim', 'env': OrderedDict([('USER', 'fiammetta'), ('LC_TIME', 'it_IT.UTF-8'), ('XDG_SESSION_TYPE', 'wayland'), ('SHLVL', '1'), ('LD_LIBRARY_PATH', '/home/fiammetta/ros-stuff/ros2_ws/install/turtlesim/lib:/opt/ros/humble/opt/rviz_ogre_vendor/lib:/opt/ros/humble/lib/x86_64-linux-gnu:/opt/ros/humble/lib'), ('OLDPWD', '/home/fiammetta/ros-stuff/ros2_ws/src'), ('HOME', '/home/fiammetta'), ('DESKTOP_SESSION', 'ubuntu'), ('GTK_MODULES', 'gail:atk-bridge'), ('GNOME_SHELL_SESSION_MODE', 'ubuntu'), ('ROS_PYTHON_VERSION', '3'), ('LC_MONETARY', 'it_IT.UTF-8'), ('SYSTEMD_EXEC_PID', '1682'), ('DBUS_SESSION_BUS_ADDRESS', 'unix:path=/run/user/1000/bus'), ('COLORTERM', 'truecolor'), ('WAYLAND_DISPLAY', 'wayland-0'), ('ROS_DISTRO', 'humble'), ('COLCON_PREFIX_PATH', '/home/fiammetta/ros-stuff/ros2_ws/install:/home/fiammetta/ros-stuff/ros2_ws'), ('LOGNAME', 'fiammetta'), ('_', '/usr/bin/colcon'), ('XDG_SESSION_CLASS', 'user'), ('ROS_VERSION', '2'), ('USERNAME', 'fiammetta'), ('TERM', 'xterm-256color'), ('GNOME_DESKTOP_SESSION_ID', 'this-is-deprecated'), ('ROS_LOCALHOST_ONLY', '0'), ('PATH', '/home/fiammetta/.cargo/bin:/opt/ros/humble/bin:/usr/local/sbin:/usr/local/bin:/usr/sbin:/usr/bin:/sbin:/bin:/usr/games:/usr/local/games:/snap/bin:/snap/bin'), ('SESSION_MANAGER', 'local/MikuBeamer:@/tmp/.ICE-unix/1502,unix/MikuBeamer:/tmp/.ICE-unix/1502'), ('GNOME_TERMINAL_SCREEN', '/org/gnome/Terminal/screen/92b584d5_d701_4d25_9733_a543ee0a7e95'), ('XDG_MENU_PREFIX', 'gnome-'), ('GNOME_SETUP_DISPLAY', ':1'), ('XDG_RUNTIME_DIR', '/run/user/1000'), ('LC_ADDRESS', 'it_IT.UTF-8'), ('DISPLAY', ':0'), ('XDG_CURRENT_DESKTOP', 'ubuntu:GNOME'), ('LANG', 'en_US.UTF-8'), ('LC_TELEPHONE', 'it_IT.UTF-8'), ('XDG_SESSION_DESKTOP', 'ubuntu'), ('GNOME_TERMINAL_SERVICE', ':1.98'), ('XMODIFIERS', '@im=ibus'), ('XAUTHORITY', '/run/user/1000/.mutter-Xwaylandauth.BQZFE3'), ('SSH_AUTH_SOCK', '/run/user/1000/keyring/ssh'), ('SSH_AGENT_LAUNCHER', 'gnome-keyring'), ('AMENT_PREFIX_PATH', '/home/fiammetta/ros-stuff/ros2_ws/install/lab01_pkg:/home/fiammetta/ros-stuff/ros2_ws/install/turtlesim:/opt/ros/humble'), ('SHELL', '/bin/zsh'), ('LC_NAME', 'it_IT.UTF-8'), ('QT_ACCESSIBILITY', '1'), ('GDMSESSION', 'ubuntu'), ('LC_MEASUREMENT', 'it_IT.UTF-8'), ('LC_IDENTIFICATION', 'it_IT.UTF-8'), ('QT_IM_MODULE', 'ibus'), ('LC_ALL', 'en_US.UTF-8'), ('PWD', '/home/fiammetta/ros-stuff/ros2_ws/build/turtlesim'), ('XDG_DATA_DIRS', '/usr/local/share/:/usr/share/:/var/lib/snapd/desktop'), ('LC_NUMERIC', 'it_IT.UTF-8'), ('PYTHONPATH', '/home/fiammetta/ros-stuff/ros2_ws/install/lab01_pkg/lib/python3.10/site-packages:/home/fiammetta/ros-stuff/ros2_ws/install/turtlesim/local/lib/python3.10/dist-packages:/opt/ros/humble/lib/python3.10/site-packages:/opt/ros/humble/local/lib/python3.10/dist-packages'), ('LC_PAPER', 'it_IT.UTF-8'), ('COLCON', '1'), ('VTE_VERSION', '6800'), ('CMAKE_PREFIX_PATH', '/home/fiammetta/ros-stuff/ros2_ws/install/turtlesim:/home/fiammetta/ros-stuff/ros2_ws/install/lab01_pkg:/opt/ros/humble')]), 'shell': False}
[0.526334] (turtlesim) StdoutLine: {'line': b'-- Install configuration: ""\n'}
[0.526499] (turtlesim) StdoutLine: {'line': b'-- Up-to-date: /home/fiammetta/ros-stuff/ros2_ws/install/turtlesim/share/ament_index/resource_index/rosidl_interfaces/turtlesim\n'}
[0.526637] (turtlesim) StdoutLine: {'line': b'-- Up-to-date: /home/fiammetta/ros-stuff/ros2_ws/install/turtlesim/include/turtlesim/turtlesim\n'}
[0.526900] (turtlesim) StdoutLine: {'line': b'-- Up-to-date: /home/fiammetta/ros-stuff/ros2_ws/install/turtlesim/include/turtlesim/turtlesim/action\n'}
[0.526990] (turtlesim) StdoutLine: {'line': b'-- Up-to-date: /home/fiammetta/ros-stuff/ros2_ws/install/turtlesim/include/turtlesim/turtlesim/action/detail\n'}
[0.527068] (turtlesim) StdoutLine: {'line': b'-- Up-to-date: /home/fiammetta/ros-stuff/ros2_ws/install/turtlesim/include/turtlesim/turtlesim/action/detail/rotate_absolute__functions.h\n'}
[0.527150] (turtlesim) StdoutLine: {'line': b'-- Up-to-date: /home/fiammetta/ros-stuff/ros2_ws/install/turtlesim/include/turtlesim/turtlesim/action/detail/rotate_absolute__functions.c\n'}
[0.527228] (turtlesim) StdoutLine: {'line': b'-- Up-to-date: /home/fiammetta/ros-stuff/ros2_ws/install/turtlesim/include/turtlesim/turtlesim/action/detail/rotate_absolute__struct.h\n'}
[0.527303] (turtlesim) StdoutLine: {'line': b'-- Up-to-date: /home/fiammetta/ros-stuff/ros2_ws/install/turtlesim/include/turtlesim/turtlesim/action/detail/rotate_absolute__type_support.h\n'}
[0.527378] (turtlesim) StdoutLine: {'line': b'-- Up-to-date: /home/fiammetta/ros-stuff/ros2_ws/install/turtlesim/include/turtlesim/turtlesim/action/rotate_absolute.h\n'}
[0.527452] (turtlesim) StdoutLine: {'line': b'-- Up-to-date: /home/fiammetta/ros-stuff/ros2_ws/install/turtlesim/include/turtlesim/turtlesim/msg\n'}
[0.527527] (turtlesim) StdoutLine: {'line': b'-- Up-to-date: /home/fiammetta/ros-stuff/ros2_ws/install/turtlesim/include/turtlesim/turtlesim/msg/detail\n'}
[0.527613] (turtlesim) StdoutLine: {'line': b'-- Up-to-date: /home/fiammetta/ros-stuff/ros2_ws/install/turtlesim/include/turtlesim/turtlesim/msg/detail/pose__struct.h\n'}
[0.527691] (turtlesim) StdoutLine: {'line': b'-- Up-to-date: /home/fiammetta/ros-stuff/ros2_ws/install/turtlesim/include/turtlesim/turtlesim/msg/detail/pose__functions.h\n'}
[0.527765] (turtlesim) StdoutLine: {'line': b'-- Up-to-date: /home/fiammetta/ros-stuff/ros2_ws/install/turtlesim/include/turtlesim/turtlesim/msg/detail/pose__type_support.h\n'}
[0.527870] (turtlesim) StdoutLine: {'line': b'-- Up-to-date: /home/fiammetta/ros-stuff/ros2_ws/install/turtlesim/include/turtlesim/turtlesim/msg/detail/color__functions.h\n'}
[0.527949] (turtlesim) StdoutLine: {'line': b'-- Up-to-date: /home/fiammetta/ros-stuff/ros2_ws/install/turtlesim/include/turtlesim/turtlesim/msg/detail/color__struct.h\n'}
[0.528024] (turtlesim) StdoutLine: {'line': b'-- Up-to-date: /home/fiammetta/ros-stuff/ros2_ws/install/turtlesim/include/turtlesim/turtlesim/msg/detail/color__type_support.h\n'}
[0.528098] (turtlesim) StdoutLine: {'line': b'-- Up-to-date: /home/fiammetta/ros-stuff/ros2_ws/install/turtlesim/include/turtlesim/turtlesim/msg/detail/pose__functions.c\n'}
[0.528300] (turtlesim) StdoutLine: {'line': b'-- Up-to-date: /home/fiammetta/ros-stuff/ros2_ws/install/turtlesim/include/turtlesim/turtlesim/msg/detail/color__functions.c\n'}
[0.528363] (turtlesim) StdoutLine: {'line': b'-- Up-to-date: /home/fiammetta/ros-stuff/ros2_ws/install/turtlesim/include/turtlesim/turtlesim/msg/color.h\n'}
[0.528434] (turtlesim) StdoutLine: {'line': b'-- Up-to-date: /home/fiammetta/ros-stuff/ros2_ws/install/turtlesim/include/turtlesim/turtlesim/msg/pose.h\n'}
[0.528506] (turtlesim) StdoutLine: {'line': b'-- Up-to-date: /home/fiammetta/ros-stuff/ros2_ws/install/turtlesim/include/turtlesim/turtlesim/msg/rosidl_generator_c__visibility_control.h\n'}
[0.528586] (turtlesim) StdoutLine: {'line': b'-- Up-to-date: /home/fiammetta/ros-stuff/ros2_ws/install/turtlesim/include/turtlesim/turtlesim/srv\n'}
[0.528660] (turtlesim) StdoutLine: {'line': b'-- Up-to-date: /home/fiammetta/ros-stuff/ros2_ws/install/turtlesim/include/turtlesim/turtlesim/srv/teleport_absolute.h\n'}
[0.528839] (turtlesim) StdoutLine: {'line': b'-- Up-to-date: /home/fiammetta/ros-stuff/ros2_ws/install/turtlesim/include/turtlesim/turtlesim/srv/detail\n'}
[0.528970] (turtlesim) StdoutLine: {'line': b'-- Up-to-date: /home/fiammetta/ros-stuff/ros2_ws/install/turtlesim/include/turtlesim/turtlesim/srv/detail/teleport_absolute__functions.h\n'}
[0.529047] (turtlesim) StdoutLine: {'line': b'-- Up-to-date: /home/fiammetta/ros-stuff/ros2_ws/install/turtlesim/include/turtlesim/turtlesim/srv/detail/kill__struct.h\n'}
[0.529131] (turtlesim) StdoutLine: {'line': b'-- Up-to-date: /home/fiammetta/ros-stuff/ros2_ws/install/turtlesim/include/turtlesim/turtlesim/srv/detail/spawn__functions.c\n'}
[0.529202] (turtlesim) StdoutLine: {'line': b'-- Up-to-date: /home/fiammetta/ros-stuff/ros2_ws/install/turtlesim/include/turtlesim/turtlesim/srv/detail/teleport_relative__struct.h\n'}
[0.529266] (turtlesim) StdoutLine: {'line': b'-- Up-to-date: /home/fiammetta/ros-stuff/ros2_ws/install/turtlesim/include/turtlesim/turtlesim/srv/detail/teleport_relative__type_support.h\n'}
[0.529336] (turtlesim) StdoutLine: {'line': b'-- Up-to-date: /home/fiammetta/ros-stuff/ros2_ws/install/turtlesim/include/turtlesim/turtlesim/srv/detail/teleport_absolute__struct.h\n'}
[0.529404] (turtlesim) StdoutLine: {'line': b'-- Up-to-date: /home/fiammetta/ros-stuff/ros2_ws/install/turtlesim/include/turtlesim/turtlesim/srv/detail/set_pen__struct.h\n'}
[0.529473] (turtlesim) StdoutLine: {'line': b'-- Up-to-date: /home/fiammetta/ros-stuff/ros2_ws/install/turtlesim/include/turtlesim/turtlesim/srv/detail/spawn__type_support.h\n'}
[0.529542] (turtlesim) StdoutLine: {'line': b'-- Up-to-date: /home/fiammetta/ros-stuff/ros2_ws/install/turtlesim/include/turtlesim/turtlesim/srv/detail/set_pen__functions.h\n'}
[0.529728] (turtlesim) StdoutLine: {'line': b'-- Up-to-date: /home/fiammetta/ros-stuff/ros2_ws/install/turtlesim/include/turtlesim/turtlesim/srv/detail/spawn__struct.h\n'}
[0.529796] (turtlesim) StdoutLine: {'line': b'-- Up-to-date: /home/fiammetta/ros-stuff/ros2_ws/install/turtlesim/include/turtlesim/turtlesim/srv/detail/spawn__functions.h\n'}
[0.529855] (turtlesim) StdoutLine: {'line': b'-- Up-to-date: /home/fiammetta/ros-stuff/ros2_ws/install/turtlesim/include/turtlesim/turtlesim/srv/detail/kill__functions.h\n'}
[0.529920] (turtlesim) StdoutLine: {'line': b'-- Up-to-date: /home/fiammetta/ros-stuff/ros2_ws/install/turtlesim/include/turtlesim/turtlesim/srv/detail/teleport_relative__functions.h\n'}
[0.529991] (turtlesim) StdoutLine: {'line': b'-- Up-to-date: /home/fiammetta/ros-stuff/ros2_ws/install/turtlesim/include/turtlesim/turtlesim/srv/detail/teleport_absolute__functions.c\n'}
[0.530058] (turtlesim) StdoutLine: {'line': b'-- Up-to-date: /home/fiammetta/ros-stuff/ros2_ws/install/turtlesim/include/turtlesim/turtlesim/srv/detail/kill__functions.c\n'}
[0.530129] (turtlesim) StdoutLine: {'line': b'-- Up-to-date: /home/fiammetta/ros-stuff/ros2_ws/install/turtlesim/include/turtlesim/turtlesim/srv/detail/teleport_relative__functions.c\n'}
[0.530213] (turtlesim) StdoutLine: {'line': b'-- Up-to-date: /home/fiammetta/ros-stuff/ros2_ws/install/turtlesim/include/turtlesim/turtlesim/srv/detail/set_pen__type_support.h\n'}
[0.530282] (turtlesim) StdoutLine: {'line': b'-- Up-to-date: /home/fiammetta/ros-stuff/ros2_ws/install/turtlesim/include/turtlesim/turtlesim/srv/detail/set_pen__functions.c\n'}
[0.530349] (turtlesim) StdoutLine: {'line': b'-- Up-to-date: /home/fiammetta/ros-stuff/ros2_ws/install/turtlesim/include/turtlesim/turtlesim/srv/detail/teleport_absolute__type_support.h\n'}
[0.530484] (turtlesim) StdoutLine: {'line': b'-- Up-to-date: /home/fiammetta/ros-stuff/ros2_ws/install/turtlesim/include/turtlesim/turtlesim/srv/detail/kill__type_support.h\n'}
[0.530543] (turtlesim) StdoutLine: {'line': b'-- Up-to-date: /home/fiammetta/ros-stuff/ros2_ws/install/turtlesim/include/turtlesim/turtlesim/srv/teleport_relative.h\n'}
[0.530611] (turtlesim) StdoutLine: {'line': b'-- Up-to-date: /home/fiammetta/ros-stuff/ros2_ws/install/turtlesim/include/turtlesim/turtlesim/srv/kill.h\n'}
[0.530687] (turtlesim) StdoutLine: {'line': b'-- Up-to-date: /home/fiammetta/ros-stuff/ros2_ws/install/turtlesim/include/turtlesim/turtlesim/srv/spawn.h\n'}
[0.530743] (turtlesim) StdoutLine: {'line': b'-- Up-to-date: /home/fiammetta/ros-stuff/ros2_ws/install/turtlesim/include/turtlesim/turtlesim/srv/set_pen.h\n'}
[0.530808] (turtlesim) StdoutLine: {'line': b'-- Up-to-date: /home/fiammetta/ros-stuff/ros2_ws/install/turtlesim/share/turtlesim/environment/library_path.sh\n'}
[0.530880] (turtlesim) StdoutLine: {'line': b'-- Up-to-date: /home/fiammetta/ros-stuff/ros2_ws/install/turtlesim/share/turtlesim/environment/library_path.dsv\n'}
[0.530950] (turtlesim) StdoutLine: {'line': b'-- Up-to-date: /home/fiammetta/ros-stuff/ros2_ws/install/turtlesim/lib/libturtlesim__rosidl_generator_c.so\n'}
[0.531020] (turtlesim) StdoutLine: {'line': b'-- Up-to-date: /home/fiammetta/ros-stuff/ros2_ws/install/turtlesim/include/turtlesim/turtlesim\n'}
[0.531091] (turtlesim) StdoutLine: {'line': b'-- Up-to-date: /home/fiammetta/ros-stuff/ros2_ws/install/turtlesim/include/turtlesim/turtlesim/action\n'}
[0.531159] (turtlesim) StdoutLine: {'line': b'-- Up-to-date: /home/fiammetta/ros-stuff/ros2_ws/install/turtlesim/include/turtlesim/turtlesim/action/detail\n'}
[0.531218] (turtlesim) StdoutLine: {'line': b'-- Up-to-date: /home/fiammetta/ros-stuff/ros2_ws/install/turtlesim/include/turtlesim/turtlesim/action/detail/rotate_absolute__rosidl_typesupport_fastrtps_c.h\n'}
[0.531275] (turtlesim) StdoutLine: {'line': b'-- Up-to-date: /home/fiammetta/ros-stuff/ros2_ws/install/turtlesim/include/turtlesim/turtlesim/msg\n'}
[0.531408] (turtlesim) StdoutLine: {'line': b'-- Up-to-date: /home/fiammetta/ros-stuff/ros2_ws/install/turtlesim/include/turtlesim/turtlesim/msg/detail\n'}
[0.531464] (turtlesim) StdoutLine: {'line': b'-- Up-to-date: /home/fiammetta/ros-stuff/ros2_ws/install/turtlesim/include/turtlesim/turtlesim/msg/detail/color__rosidl_typesupport_fastrtps_c.h\n'}
[0.531526] (turtlesim) StdoutLine: {'line': b'-- Up-to-date: /home/fiammetta/ros-stuff/ros2_ws/install/turtlesim/include/turtlesim/turtlesim/msg/detail/pose__rosidl_typesupport_fastrtps_c.h\n'}
[0.531607] (turtlesim) StdoutLine: {'line': b'-- Up-to-date: /home/fiammetta/ros-stuff/ros2_ws/install/turtlesim/include/turtlesim/turtlesim/msg/rosidl_typesupport_fastrtps_c__visibility_control.h\n'}
[0.531669] (turtlesim) StdoutLine: {'line': b'-- Up-to-date: /home/fiammetta/ros-stuff/ros2_ws/install/turtlesim/include/turtlesim/turtlesim/srv\n'}
[0.531723] (turtlesim) StdoutLine: {'line': b'-- Up-to-date: /home/fiammetta/ros-stuff/ros2_ws/install/turtlesim/include/turtlesim/turtlesim/srv/detail\n'}
[0.531787] (turtlesim) StdoutLine: {'line': b'-- Up-to-date: /home/fiammetta/ros-stuff/ros2_ws/install/turtlesim/include/turtlesim/turtlesim/srv/detail/spawn__rosidl_typesupport_fastrtps_c.h\n'}
[0.531852] (turtlesim) StdoutLine: {'line': b'-- Up-to-date: /home/fiammetta/ros-stuff/ros2_ws/install/turtlesim/include/turtlesim/turtlesim/srv/detail/teleport_absolute__rosidl_typesupport_fastrtps_c.h\n'}
[0.531933] (turtlesim) StdoutLine: {'line': b'-- Up-to-date: /home/fiammetta/ros-stuff/ros2_ws/install/turtlesim/include/turtlesim/turtlesim/srv/detail/kill__rosidl_typesupport_fastrtps_c.h\n'}
[0.531997] (turtlesim) StdoutLine: {'line': b'-- Up-to-date: /home/fiammetta/ros-stuff/ros2_ws/install/turtlesim/include/turtlesim/turtlesim/srv/detail/set_pen__rosidl_typesupport_fastrtps_c.h\n'}
[0.532058] (turtlesim) StdoutLine: {'line': b'-- Up-to-date: /home/fiammetta/ros-stuff/ros2_ws/install/turtlesim/include/turtlesim/turtlesim/srv/detail/teleport_relative__rosidl_typesupport_fastrtps_c.h\n'}
[0.532118] (turtlesim) StdoutLine: {'line': b'-- Up-to-date: /home/fiammetta/ros-stuff/ros2_ws/install/turtlesim/lib/libturtlesim__rosidl_typesupport_fastrtps_c.so\n'}
[0.532179] (turtlesim) StdoutLine: {'line': b'-- Up-to-date: /home/fiammetta/ros-stuff/ros2_ws/install/turtlesim/include/turtlesim/turtlesim\n'}
[0.532236] (turtlesim) StdoutLine: {'line': b'-- Up-to-date: /home/fiammetta/ros-stuff/ros2_ws/install/turtlesim/include/turtlesim/turtlesim/action\n'}
[0.532301] (turtlesim) StdoutLine: {'line': b'-- Up-to-date: /home/fiammetta/ros-stuff/ros2_ws/install/turtlesim/include/turtlesim/turtlesim/action/detail\n'}
[0.532372] (turtlesim) StdoutLine: {'line': b'-- Up-to-date: /home/fiammetta/ros-stuff/ros2_ws/install/turtlesim/include/turtlesim/turtlesim/action/detail/rotate_absolute__type_support.hpp\n'}
[0.532442] (turtlesim) StdoutLine: {'line': b'-- Up-to-date: /home/fiammetta/ros-stuff/ros2_ws/install/turtlesim/include/turtlesim/turtlesim/action/detail/rotate_absolute__traits.hpp\n'}
[0.532514] (turtlesim) StdoutLine: {'line': b'-- Up-to-date: /home/fiammetta/ros-stuff/ros2_ws/install/turtlesim/include/turtlesim/turtlesim/action/detail/rotate_absolute__struct.hpp\n'}
[0.532603] (turtlesim) StdoutLine: {'line': b'-- Up-to-date: /home/fiammetta/ros-stuff/ros2_ws/install/turtlesim/include/turtlesim/turtlesim/action/detail/rotate_absolute__builder.hpp\n'}
[0.532802] (turtlesim) StdoutLine: {'line': b'-- Up-to-date: /home/fiammetta/ros-stuff/ros2_ws/install/turtlesim/include/turtlesim/turtlesim/action/rotate_absolute.hpp\n'}
[0.532861] (turtlesim) StdoutLine: {'line': b'-- Up-to-date: /home/fiammetta/ros-stuff/ros2_ws/install/turtlesim/include/turtlesim/turtlesim/msg\n'}
[0.532917] (turtlesim) StdoutLine: {'line': b'-- Up-to-date: /home/fiammetta/ros-stuff/ros2_ws/install/turtlesim/include/turtlesim/turtlesim/msg/rosidl_generator_cpp__visibility_control.hpp\n'}
[0.532972] (turtlesim) StdoutLine: {'line': b'-- Up-to-date: /home/fiammetta/ros-stuff/ros2_ws/install/turtlesim/include/turtlesim/turtlesim/msg/detail\n'}
[0.533026] (turtlesim) StdoutLine: {'line': b'-- Up-to-date: /home/fiammetta/ros-stuff/ros2_ws/install/turtlesim/include/turtlesim/turtlesim/msg/detail/pose__traits.hpp\n'}
[0.533080] (turtlesim) StdoutLine: {'line': b'-- Up-to-date: /home/fiammetta/ros-stuff/ros2_ws/install/turtlesim/include/turtlesim/turtlesim/msg/detail/color__struct.hpp\n'}
[0.533134] (turtlesim) StdoutLine: {'line': b'-- Up-to-date: /home/fiammetta/ros-stuff/ros2_ws/install/turtlesim/include/turtlesim/turtlesim/msg/detail/color__builder.hpp\n'}
[0.533188] (turtlesim) StdoutLine: {'line': b'-- Up-to-date: /home/fiammetta/ros-stuff/ros2_ws/install/turtlesim/include/turtlesim/turtlesim/msg/detail/color__type_support.hpp\n'}
[0.533242] (turtlesim) StdoutLine: {'line': b'-- Up-to-date: /home/fiammetta/ros-stuff/ros2_ws/install/turtlesim/include/turtlesim/turtlesim/msg/detail/color__traits.hpp\n'}
[0.533296] (turtlesim) StdoutLine: {'line': b'-- Up-to-date: /home/fiammetta/ros-stuff/ros2_ws/install/turtlesim/include/turtlesim/turtlesim/msg/detail/pose__struct.hpp\n'}
[0.533349] (turtlesim) StdoutLine: {'line': b'-- Up-to-date: /home/fiammetta/ros-stuff/ros2_ws/install/turtlesim/include/turtlesim/turtlesim/msg/detail/pose__type_support.hpp\n'}
[0.533403] (turtlesim) StdoutLine: {'line': b'-- Up-to-date: /home/fiammetta/ros-stuff/ros2_ws/install/turtlesim/include/turtlesim/turtlesim/msg/detail/pose__builder.hpp\n'}
[0.533457] (turtlesim) StdoutLine: {'line': b'-- Up-to-date: /home/fiammetta/ros-stuff/ros2_ws/install/turtlesim/include/turtlesim/turtlesim/msg/pose.hpp\n'}
[0.533522] (turtlesim) StdoutLine: {'line': b'-- Up-to-date: /home/fiammetta/ros-stuff/ros2_ws/install/turtlesim/include/turtlesim/turtlesim/msg/color.hpp\n'}
[0.533583] (turtlesim) StdoutLine: {'line': b'-- Up-to-date: /home/fiammetta/ros-stuff/ros2_ws/install/turtlesim/include/turtlesim/turtlesim/srv\n'}
[0.533643] (turtlesim) StdoutLine: {'line': b'-- Up-to-date: /home/fiammetta/ros-stuff/ros2_ws/install/turtlesim/include/turtlesim/turtlesim/srv/kill.hpp\n'}
[0.533698] (turtlesim) StdoutLine: {'line': b'-- Up-to-date: /home/fiammetta/ros-stuff/ros2_ws/install/turtlesim/include/turtlesim/turtlesim/srv/teleport_absolute.hpp\n'}
[0.533752] (turtlesim) StdoutLine: {'line': b'-- Up-to-date: /home/fiammetta/ros-stuff/ros2_ws/install/turtlesim/include/turtlesim/turtlesim/srv/set_pen.hpp\n'}
[0.533805] (turtlesim) StdoutLine: {'line': b'-- Up-to-date: /home/fiammetta/ros-stuff/ros2_ws/install/turtlesim/include/turtlesim/turtlesim/srv/spawn.hpp\n'}
[0.533859] (turtlesim) StdoutLine: {'line': b'-- Up-to-date: /home/fiammetta/ros-stuff/ros2_ws/install/turtlesim/include/turtlesim/turtlesim/srv/detail\n'}
[0.533912] (turtlesim) StdoutLine: {'line': b'-- Up-to-date: /home/fiammetta/ros-stuff/ros2_ws/install/turtlesim/include/turtlesim/turtlesim/srv/detail/set_pen__builder.hpp\n'}
[0.533966] (turtlesim) StdoutLine: {'line': b'-- Up-to-date: /home/fiammetta/ros-stuff/ros2_ws/install/turtlesim/include/turtlesim/turtlesim/srv/detail/spawn__traits.hpp\n'}
[0.534021] (turtlesim) StdoutLine: {'line': b'-- Up-to-date: /home/fiammetta/ros-stuff/ros2_ws/install/turtlesim/include/turtlesim/turtlesim/srv/detail/kill__traits.hpp\n'}
[0.534076] (turtlesim) StdoutLine: {'line': b'-- Up-to-date: /home/fiammetta/ros-stuff/ros2_ws/install/turtlesim/include/turtlesim/turtlesim/srv/detail/teleport_absolute__struct.hpp\n'}
[0.534130] (turtlesim) StdoutLine: {'line': b'-- Up-to-date: /home/fiammetta/ros-stuff/ros2_ws/install/turtlesim/include/turtlesim/turtlesim/srv/detail/spawn__type_support.hpp\n'}
[0.534184] (turtlesim) StdoutLine: {'line': b'-- Up-to-date: /home/fiammetta/ros-stuff/ros2_ws/install/turtlesim/include/turtlesim/turtlesim/srv/detail/set_pen__struct.hpp\n'}
[0.534238] (turtlesim) StdoutLine: {'line': b'-- Up-to-date: /home/fiammetta/ros-stuff/ros2_ws/install/turtlesim/include/turtlesim/turtlesim/srv/detail/teleport_absolute__builder.hpp\n'}
[0.534291] (turtlesim) StdoutLine: {'line': b'-- Up-to-date: /home/fiammetta/ros-stuff/ros2_ws/install/turtlesim/include/turtlesim/turtlesim/srv/detail/teleport_absolute__type_support.hpp\n'}
[0.534344] (turtlesim) StdoutLine: {'line': b'-- Up-to-date: /home/fiammetta/ros-stuff/ros2_ws/install/turtlesim/include/turtlesim/turtlesim/srv/detail/set_pen__traits.hpp\n'}
[0.534398] (turtlesim) StdoutLine: {'line': b'-- Up-to-date: /home/fiammetta/ros-stuff/ros2_ws/install/turtlesim/include/turtlesim/turtlesim/srv/detail/teleport_relative__traits.hpp\n'}
[0.534456] (turtlesim) StdoutLine: {'line': b'-- Up-to-date: /home/fiammetta/ros-stuff/ros2_ws/install/turtlesim/include/turtlesim/turtlesim/srv/detail/teleport_relative__type_support.hpp\n'}
[0.534510] (turtlesim) StdoutLine: {'line': b'-- Up-to-date: /home/fiammetta/ros-stuff/ros2_ws/install/turtlesim/include/turtlesim/turtlesim/srv/detail/teleport_absolute__traits.hpp\n'}
[0.534564] (turtlesim) StdoutLine: {'line': b'-- Up-to-date: /home/fiammetta/ros-stuff/ros2_ws/install/turtlesim/include/turtlesim/turtlesim/srv/detail/kill__struct.hpp\n'}
[0.534635] (turtlesim) StdoutLine: {'line': b'-- Up-to-date: /home/fiammetta/ros-stuff/ros2_ws/install/turtlesim/include/turtlesim/turtlesim/srv/detail/spawn__builder.hpp\n'}
[0.534691] (turtlesim) StdoutLine: {'line': b'-- Up-to-date: /home/fiammetta/ros-stuff/ros2_ws/install/turtlesim/include/turtlesim/turtlesim/srv/detail/teleport_relative__builder.hpp\n'}
[0.534745] (turtlesim) StdoutLine: {'line': b'-- Up-to-date: /home/fiammetta/ros-stuff/ros2_ws/install/turtlesim/include/turtlesim/turtlesim/srv/detail/spawn__struct.hpp\n'}
[0.534803] (turtlesim) StdoutLine: {'line': b'-- Up-to-date: /home/fiammetta/ros-stuff/ros2_ws/install/turtlesim/include/turtlesim/turtlesim/srv/detail/kill__builder.hpp\n'}
[0.534857] (turtlesim) StdoutLine: {'line': b'-- Up-to-date: /home/fiammetta/ros-stuff/ros2_ws/install/turtlesim/include/turtlesim/turtlesim/srv/detail/teleport_relative__struct.hpp\n'}
[0.534911] (turtlesim) StdoutLine: {'line': b'-- Up-to-date: /home/fiammetta/ros-stuff/ros2_ws/install/turtlesim/include/turtlesim/turtlesim/srv/detail/kill__type_support.hpp\n'}
[0.534964] (turtlesim) StdoutLine: {'line': b'-- Up-to-date: /home/fiammetta/ros-stuff/ros2_ws/install/turtlesim/include/turtlesim/turtlesim/srv/detail/set_pen__type_support.hpp\n'}
[0.535018] (turtlesim) StdoutLine: {'line': b'-- Up-to-date: /home/fiammetta/ros-stuff/ros2_ws/install/turtlesim/include/turtlesim/turtlesim/srv/teleport_relative.hpp\n'}
[0.535071] (turtlesim) StdoutLine: {'line': b'-- Up-to-date: /home/fiammetta/ros-stuff/ros2_ws/install/turtlesim/include/turtlesim/turtlesim\n'}
[0.535124] (turtlesim) StdoutLine: {'line': b'-- Up-to-date: /home/fiammetta/ros-stuff/ros2_ws/install/turtlesim/include/turtlesim/turtlesim/action\n'}
[0.535177] (turtlesim) StdoutLine: {'line': b'-- Up-to-date: /home/fiammetta/ros-stuff/ros2_ws/install/turtlesim/include/turtlesim/turtlesim/action/detail\n'}
[0.535230] (turtlesim) StdoutLine: {'line': b'-- Up-to-date: /home/fiammetta/ros-stuff/ros2_ws/install/turtlesim/include/turtlesim/turtlesim/action/detail/rotate_absolute__rosidl_typesupport_fastrtps_cpp.hpp\n'}
[0.535284] (turtlesim) StdoutLine: {'line': b'-- Up-to-date: /home/fiammetta/ros-stuff/ros2_ws/install/turtlesim/include/turtlesim/turtlesim/action/detail/dds_fastrtps\n'}
[0.535343] (turtlesim) StdoutLine: {'line': b'-- Up-to-date: /home/fiammetta/ros-stuff/ros2_ws/install/turtlesim/include/turtlesim/turtlesim/msg\n'}
[0.535395] (turtlesim) StdoutLine: {'line': b'-- Up-to-date: /home/fiammetta/ros-stuff/ros2_ws/install/turtlesim/include/turtlesim/turtlesim/msg/detail\n'}
[0.535448] (turtlesim) StdoutLine: {'line': b'-- Up-to-date: /home/fiammetta/ros-stuff/ros2_ws/install/turtlesim/include/turtlesim/turtlesim/msg/detail/color__rosidl_typesupport_fastrtps_cpp.hpp\n'}
[0.535502] (turtlesim) StdoutLine: {'line': b'-- Up-to-date: /home/fiammetta/ros-stuff/ros2_ws/install/turtlesim/include/turtlesim/turtlesim/msg/detail/dds_fastrtps\n'}
[0.535555] (turtlesim) StdoutLine: {'line': b'-- Up-to-date: /home/fiammetta/ros-stuff/ros2_ws/install/turtlesim/include/turtlesim/turtlesim/msg/detail/pose__rosidl_typesupport_fastrtps_cpp.hpp\n'}
[0.535619] (turtlesim) StdoutLine: {'line': b'-- Up-to-date: /home/fiammetta/ros-stuff/ros2_ws/install/turtlesim/include/turtlesim/turtlesim/msg/rosidl_typesupport_fastrtps_cpp__visibility_control.h\n'}
[0.535675] (turtlesim) StdoutLine: {'line': b'-- Up-to-date: /home/fiammetta/ros-stuff/ros2_ws/install/turtlesim/include/turtlesim/turtlesim/srv\n'}
[0.535727] (turtlesim) StdoutLine: {'line': b'-- Up-to-date: /home/fiammetta/ros-stuff/ros2_ws/install/turtlesim/include/turtlesim/turtlesim/srv/detail\n'}
[0.535780] (turtlesim) StdoutLine: {'line': b'-- Up-to-date: /home/fiammetta/ros-stuff/ros2_ws/install/turtlesim/include/turtlesim/turtlesim/srv/detail/spawn__rosidl_typesupport_fastrtps_cpp.hpp\n'}
[0.535834] (turtlesim) StdoutLine: {'line': b'-- Up-to-date: /home/fiammetta/ros-stuff/ros2_ws/install/turtlesim/include/turtlesim/turtlesim/srv/detail/teleport_relative__rosidl_typesupport_fastrtps_cpp.hpp\n'}
[0.535888] (turtlesim) StdoutLine: {'line': b'-- Up-to-date: /home/fiammetta/ros-stuff/ros2_ws/install/turtlesim/include/turtlesim/turtlesim/srv/detail/teleport_absolute__rosidl_typesupport_fastrtps_cpp.hpp\n'}
[0.535941] (turtlesim) StdoutLine: {'line': b'-- Up-to-date: /home/fiammetta/ros-stuff/ros2_ws/install/turtlesim/include/turtlesim/turtlesim/srv/detail/kill__rosidl_typesupport_fastrtps_cpp.hpp\n'}
[0.535995] (turtlesim) StdoutLine: {'line': b'-- Up-to-date: /home/fiammetta/ros-stuff/ros2_ws/install/turtlesim/include/turtlesim/turtlesim/srv/detail/set_pen__rosidl_typesupport_fastrtps_cpp.hpp\n'}
[0.536052] (turtlesim) StdoutLine: {'line': b'-- Up-to-date: /home/fiammetta/ros-stuff/ros2_ws/install/turtlesim/include/turtlesim/turtlesim/srv/detail/dds_fastrtps\n'}
[0.536108] (turtlesim) StdoutLine: {'line': b'-- Up-to-date: /home/fiammetta/ros-stuff/ros2_ws/install/turtlesim/lib/libturtlesim__rosidl_typesupport_fastrtps_cpp.so\n'}
[0.536162] (turtlesim) StdoutLine: {'line': b'-- Up-to-date: /home/fiammetta/ros-stuff/ros2_ws/install/turtlesim/include/turtlesim/turtlesim\n'}
[0.536215] (turtlesim) StdoutLine: {'line': b'-- Up-to-date: /home/fiammetta/ros-stuff/ros2_ws/install/turtlesim/include/turtlesim/turtlesim/action\n'}
[0.536268] (turtlesim) StdoutLine: {'line': b'-- Up-to-date: /home/fiammetta/ros-stuff/ros2_ws/install/turtlesim/include/turtlesim/turtlesim/action/detail\n'}
[0.536321] (turtlesim) StdoutLine: {'line': b'-- Up-to-date: /home/fiammetta/ros-stuff/ros2_ws/install/turtlesim/include/turtlesim/turtlesim/action/detail/rotate_absolute__rosidl_typesupport_introspection_c.h\n'}
[0.536374] (turtlesim) StdoutLine: {'line': b'-- Up-to-date: /home/fiammetta/ros-stuff/ros2_ws/install/turtlesim/include/turtlesim/turtlesim/action/detail/rotate_absolute__type_support.c\n'}
[0.536428] (turtlesim) StdoutLine: {'line': b'-- Up-to-date: /home/fiammetta/ros-stuff/ros2_ws/install/turtlesim/include/turtlesim/turtlesim/msg\n'}
[0.536480] (turtlesim) StdoutLine: {'line': b'-- Up-to-date: /home/fiammetta/ros-stuff/ros2_ws/install/turtlesim/include/turtlesim/turtlesim/msg/detail\n'}
[0.536533] (turtlesim) StdoutLine: {'line': b'-- Up-to-date: /home/fiammetta/ros-stuff/ros2_ws/install/turtlesim/include/turtlesim/turtlesim/msg/detail/pose__rosidl_typesupport_introspection_c.h\n'}
[0.536597] (turtlesim) StdoutLine: {'line': b'-- Up-to-date: /home/fiammetta/ros-stuff/ros2_ws/install/turtlesim/include/turtlesim/turtlesim/msg/detail/color__rosidl_typesupport_introspection_c.h\n'}
[0.536655] (turtlesim) StdoutLine: {'line': b'-- Up-to-date: /home/fiammetta/ros-stuff/ros2_ws/install/turtlesim/include/turtlesim/turtlesim/msg/detail/pose__type_support.c\n'}
[0.536708] (turtlesim) StdoutLine: {'line': b'-- Up-to-date: /home/fiammetta/ros-stuff/ros2_ws/install/turtlesim/include/turtlesim/turtlesim/msg/detail/color__type_support.c\n'}
[0.536761] (turtlesim) StdoutLine: {'line': b'-- Up-to-date: /home/fiammetta/ros-stuff/ros2_ws/install/turtlesim/include/turtlesim/turtlesim/msg/rosidl_typesupport_introspection_c__visibility_control.h\n'}
[0.536814] (turtlesim) StdoutLine: {'line': b'-- Up-to-date: /home/fiammetta/ros-stuff/ros2_ws/install/turtlesim/include/turtlesim/turtlesim/srv\n'}
[0.536867] (turtlesim) StdoutLine: {'line': b'-- Up-to-date: /home/fiammetta/ros-stuff/ros2_ws/install/turtlesim/include/turtlesim/turtlesim/srv/detail\n'}
[0.536919] (turtlesim) StdoutLine: {'line': b'-- Up-to-date: /home/fiammetta/ros-stuff/ros2_ws/install/turtlesim/include/turtlesim/turtlesim/srv/detail/kill__type_support.c\n'}
[0.536972] (turtlesim) StdoutLine: {'line': b'-- Up-to-date: /home/fiammetta/ros-stuff/ros2_ws/install/turtlesim/include/turtlesim/turtlesim/srv/detail/teleport_absolute__type_support.c\n'}
[0.537025] (turtlesim) StdoutLine: {'line': b'-- Up-to-date: /home/fiammetta/ros-stuff/ros2_ws/install/turtlesim/include/turtlesim/turtlesim/srv/detail/teleport_relative__type_support.c\n'}
[0.537085] (turtlesim) StdoutLine: {'line': b'-- Up-to-date: /home/fiammetta/ros-stuff/ros2_ws/install/turtlesim/include/turtlesim/turtlesim/srv/detail/set_pen__rosidl_typesupport_introspection_c.h\n'}
[0.537139] (turtlesim) StdoutLine: {'line': b'-- Up-to-date: /home/fiammetta/ros-stuff/ros2_ws/install/turtlesim/include/turtlesim/turtlesim/srv/detail/kill__rosidl_typesupport_introspection_c.h\n'}
[0.537193] (turtlesim) StdoutLine: {'line': b'-- Up-to-date: /home/fiammetta/ros-stuff/ros2_ws/install/turtlesim/include/turtlesim/turtlesim/srv/detail/spawn__type_support.c\n'}
[0.537247] (turtlesim) StdoutLine: {'line': b'-- Up-to-date: /home/fiammetta/ros-stuff/ros2_ws/install/turtlesim/include/turtlesim/turtlesim/srv/detail/teleport_relative__rosidl_typesupport_introspection_c.h\n'}
[0.537306] (turtlesim) StdoutLine: {'line': b'-- Up-to-date: /home/fiammetta/ros-stuff/ros2_ws/install/turtlesim/include/turtlesim/turtlesim/srv/detail/set_pen__type_support.c\n'}
[0.537360] (turtlesim) StdoutLine: {'line': b'-- Up-to-date: /home/fiammetta/ros-stuff/ros2_ws/install/turtlesim/include/turtlesim/turtlesim/srv/detail/spawn__rosidl_typesupport_introspection_c.h\n'}
[0.537414] (turtlesim) StdoutLine: {'line': b'-- Up-to-date: /home/fiammetta/ros-stuff/ros2_ws/install/turtlesim/include/turtlesim/turtlesim/srv/detail/teleport_absolute__rosidl_typesupport_introspection_c.h\n'}
[0.537467] (turtlesim) StdoutLine: {'line': b'-- Up-to-date: /home/fiammetta/ros-stuff/ros2_ws/install/turtlesim/lib/libturtlesim__rosidl_typesupport_introspection_c.so\n'}
[0.537520] (turtlesim) StdoutLine: {'line': b'-- Up-to-date: /home/fiammetta/ros-stuff/ros2_ws/install/turtlesim/lib/libturtlesim__rosidl_typesupport_c.so\n'}
[0.537579] (turtlesim) StdoutLine: {'line': b'-- Up-to-date: /home/fiammetta/ros-stuff/ros2_ws/install/turtlesim/include/turtlesim/turtlesim\n'}
[0.537638] (turtlesim) StdoutLine: {'line': b'-- Up-to-date: /home/fiammetta/ros-stuff/ros2_ws/install/turtlesim/include/turtlesim/turtlesim/action\n'}
[0.537694] (turtlesim) StdoutLine: {'line': b'-- Up-to-date: /home/fiammetta/ros-stuff/ros2_ws/install/turtlesim/include/turtlesim/turtlesim/action/detail\n'}
[0.537751] (turtlesim) StdoutLine: {'line': b'-- Up-to-date: /home/fiammetta/ros-stuff/ros2_ws/install/turtlesim/include/turtlesim/turtlesim/action/detail/rotate_absolute__type_support.cpp\n'}
[0.537806] (turtlesim) StdoutLine: {'line': b'-- Up-to-date: /home/fiammetta/ros-stuff/ros2_ws/install/turtlesim/include/turtlesim/turtlesim/action/detail/rotate_absolute__rosidl_typesupport_introspection_cpp.hpp\n'}
[0.537860] (turtlesim) StdoutLine: {'line': b'-- Up-to-date: /home/fiammetta/ros-stuff/ros2_ws/install/turtlesim/include/turtlesim/turtlesim/msg\n'}
[0.537913] (turtlesim) StdoutLine: {'line': b'-- Up-to-date: /home/fiammetta/ros-stuff/ros2_ws/install/turtlesim/include/turtlesim/turtlesim/msg/detail\n'}
[0.537966] (turtlesim) StdoutLine: {'line': b'-- Up-to-date: /home/fiammetta/ros-stuff/ros2_ws/install/turtlesim/include/turtlesim/turtlesim/msg/detail/pose__rosidl_typesupport_introspection_cpp.hpp\n'}
[0.538020] (turtlesim) StdoutLine: {'line': b'-- Up-to-date: /home/fiammetta/ros-stuff/ros2_ws/install/turtlesim/include/turtlesim/turtlesim/msg/detail/pose__type_support.cpp\n'}
[0.538074] (turtlesim) StdoutLine: {'line': b'-- Up-to-date: /home/fiammetta/ros-stuff/ros2_ws/install/turtlesim/include/turtlesim/turtlesim/msg/detail/color__type_support.cpp\n'}
[0.538128] (turtlesim) StdoutLine: {'line': b'-- Up-to-date: /home/fiammetta/ros-stuff/ros2_ws/install/turtlesim/include/turtlesim/turtlesim/msg/detail/color__rosidl_typesupport_introspection_cpp.hpp\n'}
[0.538181] (turtlesim) StdoutLine: {'line': b'-- Up-to-date: /home/fiammetta/ros-stuff/ros2_ws/install/turtlesim/include/turtlesim/turtlesim/srv\n'}
[0.538234] (turtlesim) StdoutLine: {'line': b'-- Up-to-date: /home/fiammetta/ros-stuff/ros2_ws/install/turtlesim/include/turtlesim/turtlesim/srv/detail\n'}
[0.538287] (turtlesim) StdoutLine: {'line': b'-- Up-to-date: /home/fiammetta/ros-stuff/ros2_ws/install/turtlesim/include/turtlesim/turtlesim/srv/detail/set_pen__rosidl_typesupport_introspection_cpp.hpp\n'}
[0.538340] (turtlesim) StdoutLine: {'line': b'-- Up-to-date: /home/fiammetta/ros-stuff/ros2_ws/install/turtlesim/include/turtlesim/turtlesim/srv/detail/spawn__type_support.cpp\n'}
[0.538394] (turtlesim) StdoutLine: {'line': b'-- Up-to-date: /home/fiammetta/ros-stuff/ros2_ws/install/turtlesim/include/turtlesim/turtlesim/srv/detail/teleport_relative__rosidl_typesupport_introspection_cpp.hpp\n'}
[0.538448] (turtlesim) StdoutLine: {'line': b'-- Up-to-date: /home/fiammetta/ros-stuff/ros2_ws/install/turtlesim/include/turtlesim/turtlesim/srv/detail/teleport_absolute__type_support.cpp\n'}
[0.538501] (turtlesim) StdoutLine: {'line': b'-- Up-to-date: /home/fiammetta/ros-stuff/ros2_ws/install/turtlesim/include/turtlesim/turtlesim/srv/detail/spawn__rosidl_typesupport_introspection_cpp.hpp\n'}
[0.538558] (turtlesim) StdoutLine: {'line': b'-- Up-to-date: /home/fiammetta/ros-stuff/ros2_ws/install/turtlesim/include/turtlesim/turtlesim/srv/detail/teleport_relative__type_support.cpp\n'}
[0.538616] (turtlesim) StdoutLine: {'line': b'-- Up-to-date: /home/fiammetta/ros-stuff/ros2_ws/install/turtlesim/include/turtlesim/turtlesim/srv/detail/set_pen__type_support.cpp\n'}
[0.538676] (turtlesim) StdoutLine: {'line': b'-- Up-to-date: /home/fiammetta/ros-stuff/ros2_ws/install/turtlesim/include/turtlesim/turtlesim/srv/detail/kill__type_support.cpp\n'}
[0.538729] (turtlesim) StdoutLine: {'line': b'-- Up-to-date: /home/fiammetta/ros-stuff/ros2_ws/install/turtlesim/include/turtlesim/turtlesim/srv/detail/teleport_absolute__rosidl_typesupport_introspection_cpp.hpp\n'}
[0.538790] (turtlesim) StdoutLine: {'line': b'-- Up-to-date: /home/fiammetta/ros-stuff/ros2_ws/install/turtlesim/include/turtlesim/turtlesim/srv/detail/kill__rosidl_typesupport_introspection_cpp.hpp\n'}
[0.538843] (turtlesim) StdoutLine: {'line': b'-- Up-to-date: /home/fiammetta/ros-stuff/ros2_ws/install/turtlesim/lib/libturtlesim__rosidl_typesupport_introspection_cpp.so\n'}
[0.538896] (turtlesim) StdoutLine: {'line': b'-- Up-to-date: /home/fiammetta/ros-stuff/ros2_ws/install/turtlesim/lib/libturtlesim__rosidl_typesupport_cpp.so\n'}
[0.538949] (turtlesim) StdoutLine: {'line': b'-- Up-to-date: /home/fiammetta/ros-stuff/ros2_ws/install/turtlesim/share/turtlesim/environment/pythonpath.sh\n'}
[0.539002] (turtlesim) StdoutLine: {'line': b'-- Up-to-date: /home/fiammetta/ros-stuff/ros2_ws/install/turtlesim/share/turtlesim/environment/pythonpath.dsv\n'}
[0.539054] (turtlesim) StdoutLine: {'line': b'-- Up-to-date: /home/fiammetta/ros-stuff/ros2_ws/install/turtlesim/local/lib/python3.10/dist-packages/turtlesim-1.4.3-py3.10.egg-info\n'}
[0.539107] (turtlesim) StdoutLine: {'line': b'-- Installing: /home/fiammetta/ros-stuff/ros2_ws/install/turtlesim/local/lib/python3.10/dist-packages/turtlesim-1.4.3-py3.10.egg-info/SOURCES.txt\n'}
[0.539161] (turtlesim) StdoutLine: {'line': b'-- Installing: /home/fiammetta/ros-stuff/ros2_ws/install/turtlesim/local/lib/python3.10/dist-packages/turtlesim-1.4.3-py3.10.egg-info/PKG-INFO\n'}
[0.539214] (turtlesim) StdoutLine: {'line': b'-- Installing: /home/fiammetta/ros-stuff/ros2_ws/install/turtlesim/local/lib/python3.10/dist-packages/turtlesim-1.4.3-py3.10.egg-info/top_level.txt\n'}
[0.539270] (turtlesim) StdoutLine: {'line': b'-- Installing: /home/fiammetta/ros-stuff/ros2_ws/install/turtlesim/local/lib/python3.10/dist-packages/turtlesim-1.4.3-py3.10.egg-info/dependency_links.txt\n'}
[0.539325] (turtlesim) StdoutLine: {'line': b'-- Up-to-date: /home/fiammetta/ros-stuff/ros2_ws/install/turtlesim/local/lib/python3.10/dist-packages/turtlesim\n'}
[0.539380] (turtlesim) StdoutLine: {'line': b'-- Up-to-date: /home/fiammetta/ros-stuff/ros2_ws/install/turtlesim/local/lib/python3.10/dist-packages/turtlesim/_turtlesim_s.ep.rosidl_typesupport_introspection_c.c\n'}
[0.539434] (turtlesim) StdoutLine: {'line': b'-- Up-to-date: /home/fiammetta/ros-stuff/ros2_ws/install/turtlesim/local/lib/python3.10/dist-packages/turtlesim/action\n'}
[0.539488] (turtlesim) StdoutLine: {'line': b'-- Up-to-date: /home/fiammetta/ros-stuff/ros2_ws/install/turtlesim/local/lib/python3.10/dist-packages/turtlesim/action/__init__.py\n'}
[0.539542] (turtlesim) StdoutLine: {'line': b'-- Up-to-date: /home/fiammetta/ros-stuff/ros2_ws/install/turtlesim/local/lib/python3.10/dist-packages/turtlesim/action/_rotate_absolute_s.c\n'}
[0.539613] (turtlesim) StdoutLine: {'line': b'-- Up-to-date: /home/fiammetta/ros-stuff/ros2_ws/install/turtlesim/local/lib/python3.10/dist-packages/turtlesim/action/_rotate_absolute.py\n'}
[0.539681] (turtlesim) StdoutLine: {'line': b'-- Up-to-date: /home/fiammetta/ros-stuff/ros2_ws/install/turtlesim/local/lib/python3.10/dist-packages/turtlesim/turtlesim_s__rosidl_typesupport_introspection_c.cpython-310-x86_64-linux-gnu.so\n'}
[0.539740] (turtlesim) StdoutLine: {'line': b'-- Up-to-date: /home/fiammetta/ros-stuff/ros2_ws/install/turtlesim/local/lib/python3.10/dist-packages/turtlesim/_turtlesim_s.ep.rosidl_typesupport_fastrtps_c.c\n'}
[0.539795] (turtlesim) StdoutLine: {'line': b'-- Up-to-date: /home/fiammetta/ros-stuff/ros2_ws/install/turtlesim/local/lib/python3.10/dist-packages/turtlesim/__init__.py\n'}
[0.539849] (turtlesim) StdoutLine: {'line': b'-- Up-to-date: /home/fiammetta/ros-stuff/ros2_ws/install/turtlesim/local/lib/python3.10/dist-packages/turtlesim/libturtlesim__rosidl_generator_py.so\n'}
[0.539903] (turtlesim) StdoutLine: {'line': b'-- Up-to-date: /home/fiammetta/ros-stuff/ros2_ws/install/turtlesim/local/lib/python3.10/dist-packages/turtlesim/turtlesim_s__rosidl_typesupport_fastrtps_c.cpython-310-x86_64-linux-gnu.so\n'}
[0.539958] (turtlesim) StdoutLine: {'line': b'-- Up-to-date: /home/fiammetta/ros-stuff/ros2_ws/install/turtlesim/local/lib/python3.10/dist-packages/turtlesim/turtlesim_s__rosidl_typesupport_c.cpython-310-x86_64-linux-gnu.so\n'}
[0.540013] (turtlesim) StdoutLine: {'line': b'-- Up-to-date: /home/fiammetta/ros-stuff/ros2_ws/install/turtlesim/local/lib/python3.10/dist-packages/turtlesim/_turtlesim_s.ep.rosidl_typesupport_c.c\n'}
[0.540066] (turtlesim) StdoutLine: {'line': b'-- Up-to-date: /home/fiammetta/ros-stuff/ros2_ws/install/turtlesim/local/lib/python3.10/dist-packages/turtlesim/msg\n'}
[0.540121] (turtlesim) StdoutLine: {'line': b'-- Up-to-date: /home/fiammetta/ros-stuff/ros2_ws/install/turtlesim/local/lib/python3.10/dist-packages/turtlesim/msg/_color_s.c\n'}
[0.540174] (turtlesim) StdoutLine: {'line': b'-- Up-to-date: /home/fiammetta/ros-stuff/ros2_ws/install/turtlesim/local/lib/python3.10/dist-packages/turtlesim/msg/_pose_s.c\n'}
[0.540228] (turtlesim) StdoutLine: {'line': b'-- Up-to-date: /home/fiammetta/ros-stuff/ros2_ws/install/turtlesim/local/lib/python3.10/dist-packages/turtlesim/msg/_pose.py\n'}
[0.540282] (turtlesim) StdoutLine: {'line': b'-- Up-to-date: /home/fiammetta/ros-stuff/ros2_ws/install/turtlesim/local/lib/python3.10/dist-packages/turtlesim/msg/__init__.py\n'}
[0.540336] (turtlesim) StdoutLine: {'line': b'-- Up-to-date: /home/fiammetta/ros-stuff/ros2_ws/install/turtlesim/local/lib/python3.10/dist-packages/turtlesim/msg/_color.py\n'}
[0.540395] (turtlesim) StdoutLine: {'line': b'-- Up-to-date: /home/fiammetta/ros-stuff/ros2_ws/install/turtlesim/local/lib/python3.10/dist-packages/turtlesim/srv\n'}
[0.540450] (turtlesim) StdoutLine: {'line': b'-- Up-to-date: /home/fiammetta/ros-stuff/ros2_ws/install/turtlesim/local/lib/python3.10/dist-packages/turtlesim/srv/_teleport_absolute.py\n'}
[0.540504] (turtlesim) StdoutLine: {'line': b'-- Up-to-date: /home/fiammetta/ros-stuff/ros2_ws/install/turtlesim/local/lib/python3.10/dist-packages/turtlesim/srv/_spawn_s.c\n'}
[0.540558] (turtlesim) StdoutLine: {'line': b'-- Up-to-date: /home/fiammetta/ros-stuff/ros2_ws/install/turtlesim/local/lib/python3.10/dist-packages/turtlesim/srv/_teleport_relative.py\n'}
[0.540621] (turtlesim) StdoutLine: {'line': b'-- Up-to-date: /home/fiammetta/ros-stuff/ros2_ws/install/turtlesim/local/lib/python3.10/dist-packages/turtlesim/srv/_set_pen_s.c\n'}
[0.540680] (turtlesim) StdoutLine: {'line': b'-- Up-to-date: /home/fiammetta/ros-stuff/ros2_ws/install/turtlesim/local/lib/python3.10/dist-packages/turtlesim/srv/_spawn.py\n'}
[0.540735] (turtlesim) StdoutLine: {'line': b'-- Up-to-date: /home/fiammetta/ros-stuff/ros2_ws/install/turtlesim/local/lib/python3.10/dist-packages/turtlesim/srv/__init__.py\n'}
[0.540790] (turtlesim) StdoutLine: {'line': b'-- Up-to-date: /home/fiammetta/ros-stuff/ros2_ws/install/turtlesim/local/lib/python3.10/dist-packages/turtlesim/srv/_kill_s.c\n'}
[0.540847] (turtlesim) StdoutLine: {'line': b'-- Up-to-date: /home/fiammetta/ros-stuff/ros2_ws/install/turtlesim/local/lib/python3.10/dist-packages/turtlesim/srv/_set_pen.py\n'}
[0.540901] (turtlesim) StdoutLine: {'line': b'-- Up-to-date: /home/fiammetta/ros-stuff/ros2_ws/install/turtlesim/local/lib/python3.10/dist-packages/turtlesim/srv/_teleport_absolute_s.c\n'}
[0.540958] (turtlesim) StdoutLine: {'line': b'-- Up-to-date: /home/fiammetta/ros-stuff/ros2_ws/install/turtlesim/local/lib/python3.10/dist-packages/turtlesim/srv/_teleport_relative_s.c\n'}
[0.541013] (turtlesim) StdoutLine: {'line': b'-- Up-to-date: /home/fiammetta/ros-stuff/ros2_ws/install/turtlesim/local/lib/python3.10/dist-packages/turtlesim/srv/_kill.py\n'}
[0.562481] (turtlesim) StdoutLine: {'line': b"Listing '/home/fiammetta/ros-stuff/ros2_ws/install/turtlesim/local/lib/python3.10/dist-packages/turtlesim'...\n"}
[0.562651] (turtlesim) StdoutLine: {'line': b"Listing '/home/fiammetta/ros-stuff/ros2_ws/install/turtlesim/local/lib/python3.10/dist-packages/turtlesim/action'...\n"}
[0.562715] (turtlesim) StdoutLine: {'line': b"Listing '/home/fiammetta/ros-stuff/ros2_ws/install/turtlesim/local/lib/python3.10/dist-packages/turtlesim/msg'...\n"}
[0.562768] (turtlesim) StdoutLine: {'line': b"Listing '/home/fiammetta/ros-stuff/ros2_ws/install/turtlesim/local/lib/python3.10/dist-packages/turtlesim/srv'...\n"}
[0.566741] (turtlesim) StdoutLine: {'line': b'-- Up-to-date: /home/fiammetta/ros-stuff/ros2_ws/install/turtlesim/local/lib/python3.10/dist-packages/turtlesim/turtlesim_s__rosidl_typesupport_fastrtps_c.cpython-310-x86_64-linux-gnu.so\n'}
[0.566989] (turtlesim) StdoutLine: {'line': b'-- Up-to-date: /home/fiammetta/ros-stuff/ros2_ws/install/turtlesim/local/lib/python3.10/dist-packages/turtlesim/turtlesim_s__rosidl_typesupport_introspection_c.cpython-310-x86_64-linux-gnu.so\n'}
[0.567156] (turtlesim) StdoutLine: {'line': b'-- Up-to-date: /home/fiammetta/ros-stuff/ros2_ws/install/turtlesim/local/lib/python3.10/dist-packages/turtlesim/turtlesim_s__rosidl_typesupport_c.cpython-310-x86_64-linux-gnu.so\n'}
[0.567342] (turtlesim) StdoutLine: {'line': b'-- Up-to-date: /home/fiammetta/ros-stuff/ros2_ws/install/turtlesim/lib/libturtlesim__rosidl_generator_py.so\n'}
[0.567449] (turtlesim) StdoutLine: {'line': b'-- Up-to-date: /home/fiammetta/ros-stuff/ros2_ws/install/turtlesim/share/turtlesim/action/RotateAbsolute.idl\n'}
[0.567518] (turtlesim) StdoutLine: {'line': b'-- Up-to-date: /home/fiammetta/ros-stuff/ros2_ws/install/turtlesim/share/turtlesim/msg/Color.idl\n'}
[0.567620] (turtlesim) StdoutLine: {'line': b'-- Up-to-date: /home/fiammetta/ros-stuff/ros2_ws/install/turtlesim/share/turtlesim/msg/Pose.idl\n'}
[0.567726] (turtlesim) StdoutLine: {'line': b'-- Up-to-date: /home/fiammetta/ros-stuff/ros2_ws/install/turtlesim/share/turtlesim/srv/Kill.idl\n'}
[0.567787] (turtlesim) StdoutLine: {'line': b'-- Up-to-date: /home/fiammetta/ros-stuff/ros2_ws/install/turtlesim/share/turtlesim/srv/SetPen.idl\n'}
[0.567847] (turtlesim) StdoutLine: {'line': b'-- Up-to-date: /home/fiammetta/ros-stuff/ros2_ws/install/turtlesim/share/turtlesim/srv/Spawn.idl\n'}
[0.567907] (turtlesim) StdoutLine: {'line': b'-- Up-to-date: /home/fiammetta/ros-stuff/ros2_ws/install/turtlesim/share/turtlesim/srv/TeleportAbsolute.idl\n'}
[0.567965] (turtlesim) StdoutLine: {'line': b'-- Up-to-date: /home/fiammetta/ros-stuff/ros2_ws/install/turtlesim/share/turtlesim/srv/TeleportRelative.idl\n'}
[0.568024] (turtlesim) StdoutLine: {'line': b'-- Up-to-date: /home/fiammetta/ros-stuff/ros2_ws/install/turtlesim/share/turtlesim/action/RotateAbsolute.action\n'}
[0.568079] (turtlesim) StdoutLine: {'line': b'-- Up-to-date: /home/fiammetta/ros-stuff/ros2_ws/install/turtlesim/share/turtlesim/msg/Color.msg\n'}
[0.568185] (turtlesim) StdoutLine: {'line': b'-- Up-to-date: /home/fiammetta/ros-stuff/ros2_ws/install/turtlesim/share/turtlesim/msg/Pose.msg\n'}
[0.568245] (turtlesim) StdoutLine: {'line': b'-- Up-to-date: /home/fiammetta/ros-stuff/ros2_ws/install/turtlesim/share/turtlesim/srv/Kill.srv\n'}
[0.568297] (turtlesim) StdoutLine: {'line': b'-- Up-to-date: /home/fiammetta/ros-stuff/ros2_ws/install/turtlesim/share/turtlesim/srv/Kill_Request.msg\n'}
[0.568352] (turtlesim) StdoutLine: {'line': b'-- Up-to-date: /home/fiammetta/ros-stuff/ros2_ws/install/turtlesim/share/turtlesim/srv/Kill_Response.msg\n'}
[0.568428] (turtlesim) StdoutLine: {'line': b'-- Up-to-date: /home/fiammetta/ros-stuff/ros2_ws/install/turtlesim/share/turtlesim/srv/SetPen.srv\n'}
[0.568481] (turtlesim) StdoutLine: {'line': b'-- Up-to-date: /home/fiammetta/ros-stuff/ros2_ws/install/turtlesim/share/turtlesim/srv/SetPen_Request.msg\n'}
[0.568530] (turtlesim) StdoutLine: {'line': b'-- Up-to-date: /home/fiammetta/ros-stuff/ros2_ws/install/turtlesim/share/turtlesim/srv/SetPen_Response.msg\n'}
[0.568605] (turtlesim) StdoutLine: {'line': b'-- Up-to-date: /home/fiammetta/ros-stuff/ros2_ws/install/turtlesim/share/turtlesim/srv/Spawn.srv\n'}
[0.568660] (turtlesim) StdoutLine: {'line': b'-- Up-to-date: /home/fiammetta/ros-stuff/ros2_ws/install/turtlesim/share/turtlesim/srv/Spawn_Request.msg\n'}
[0.568709] (turtlesim) StdoutLine: {'line': b'-- Up-to-date: /home/fiammetta/ros-stuff/ros2_ws/install/turtlesim/share/turtlesim/srv/Spawn_Response.msg\n'}
[0.568761] (turtlesim) StdoutLine: {'line': b'-- Up-to-date: /home/fiammetta/ros-stuff/ros2_ws/install/turtlesim/share/turtlesim/srv/TeleportAbsolute.srv\n'}
[0.568816] (turtlesim) StdoutLine: {'line': b'-- Up-to-date: /home/fiammetta/ros-stuff/ros2_ws/install/turtlesim/share/turtlesim/srv/TeleportAbsolute_Request.msg\n'}
[0.568867] (turtlesim) StdoutLine: {'line': b'-- Up-to-date: /home/fiammetta/ros-stuff/ros2_ws/install/turtlesim/share/turtlesim/srv/TeleportAbsolute_Response.msg\n'}
[0.568917] (turtlesim) StdoutLine: {'line': b'-- Up-to-date: /home/fiammetta/ros-stuff/ros2_ws/install/turtlesim/share/turtlesim/srv/TeleportRelative.srv\n'}
[0.568972] (turtlesim) StdoutLine: {'line': b'-- Up-to-date: /home/fiammetta/ros-stuff/ros2_ws/install/turtlesim/share/turtlesim/srv/TeleportRelative_Request.msg\n'}
[0.569024] (turtlesim) StdoutLine: {'line': b'-- Up-to-date: /home/fiammetta/ros-stuff/ros2_ws/install/turtlesim/share/turtlesim/srv/TeleportRelative_Response.msg\n'}
[0.569078] (turtlesim) StdoutLine: {'line': b'-- Up-to-date: /home/fiammetta/ros-stuff/ros2_ws/install/turtlesim/lib/turtlesim/turtlesim_node\n'}
[0.569140] (turtlesim) StdoutLine: {'line': b'-- Up-to-date: /home/fiammetta/ros-stuff/ros2_ws/install/turtlesim/lib/turtlesim/turtle_teleop_key\n'}
[0.569238] (turtlesim) StdoutLine: {'line': b'-- Up-to-date: /home/fiammetta/ros-stuff/ros2_ws/install/turtlesim/lib/turtlesim/draw_square\n'}
[0.569351] (turtlesim) StdoutLine: {'line': b'-- Up-to-date: /home/fiammetta/ros-stuff/ros2_ws/install/turtlesim/lib/turtlesim/mimic\n'}
[0.569412] (turtlesim) StdoutLine: {'line': b'-- Up-to-date: /home/fiammetta/ros-stuff/ros2_ws/install/turtlesim/share/turtlesim/images\n'}
[0.569468] (turtlesim) StdoutLine: {'line': b'-- Up-to-date: /home/fiammetta/ros-stuff/ros2_ws/install/turtlesim/share/turtlesim/images/dashing.png\n'}
[0.569527] (turtlesim) StdoutLine: {'line': b'-- Up-to-date: /home/fiammetta/ros-stuff/ros2_ws/install/turtlesim/share/turtlesim/images/bouncy.png\n'}
[0.569617] (turtlesim) StdoutLine: {'line': b'-- Up-to-date: /home/fiammetta/ros-stuff/ros2_ws/install/turtlesim/share/turtlesim/images/ardent.png\n'}
[0.569705] (turtlesim) StdoutLine: {'line': b'-- Up-to-date: /home/fiammetta/ros-stuff/ros2_ws/install/turtlesim/share/turtlesim/images/galactic.png\n'}
[0.569759] (turtlesim) StdoutLine: {'line': b'-- Up-to-date: /home/fiammetta/ros-stuff/ros2_ws/install/turtlesim/share/turtlesim/images/crystal.png\n'}
[0.569811] (turtlesim) StdoutLine: {'line': b'-- Up-to-date: /home/fiammetta/ros-stuff/ros2_ws/install/turtlesim/share/turtlesim/images/humble.png\n'}
[0.569867] (turtlesim) StdoutLine: {'line': b'-- Up-to-date: /home/fiammetta/ros-stuff/ros2_ws/install/turtlesim/share/turtlesim/images/foxy.png\n'}
[0.569921] (turtlesim) StdoutLine: {'line': b'-- Up-to-date: /home/fiammetta/ros-stuff/ros2_ws/install/turtlesim/share/turtlesim/images/rolling.png\n'}
[0.569979] (turtlesim) StdoutLine: {'line': b'-- Up-to-date: /home/fiammetta/ros-stuff/ros2_ws/install/turtlesim/share/turtlesim/images/eloquent.png\n'}
[0.570034] (turtlesim) StdoutLine: {'line': b'-- Up-to-date: /home/fiammetta/ros-stuff/ros2_ws/install/turtlesim/share/turtlesim/launch\n'}
[0.570090] (turtlesim) StdoutLine: {'line': b'-- Up-to-date: /home/fiammetta/ros-stuff/ros2_ws/install/turtlesim/share/turtlesim/launch/multisim.launch.py\n'}
[0.570177] (turtlesim) StdoutLine: {'line': b'-- Up-to-date: /home/fiammetta/ros-stuff/ros2_ws/install/turtlesim/share/ament_index/resource_index/package_run_dependencies/turtlesim\n'}
[0.570232] (turtlesim) StdoutLine: {'line': b'-- Up-to-date: /home/fiammetta/ros-stuff/ros2_ws/install/turtlesim/share/ament_index/resource_index/parent_prefix_path/turtlesim\n'}
[0.570288] (turtlesim) StdoutLine: {'line': b'-- Up-to-date: /home/fiammetta/ros-stuff/ros2_ws/install/turtlesim/share/turtlesim/environment/ament_prefix_path.sh\n'}
[0.570344] (turtlesim) StdoutLine: {'line': b'-- Up-to-date: /home/fiammetta/ros-stuff/ros2_ws/install/turtlesim/share/turtlesim/environment/ament_prefix_path.dsv\n'}
[0.570400] (turtlesim) StdoutLine: {'line': b'-- Up-to-date: /home/fiammetta/ros-stuff/ros2_ws/install/turtlesim/share/turtlesim/environment/path.sh\n'}
[0.570455] (turtlesim) StdoutLine: {'line': b'-- Up-to-date: /home/fiammetta/ros-stuff/ros2_ws/install/turtlesim/share/turtlesim/environment/path.dsv\n'}
[0.570512] (turtlesim) StdoutLine: {'line': b'-- Up-to-date: /home/fiammetta/ros-stuff/ros2_ws/install/turtlesim/share/turtlesim/local_setup.bash\n'}
[0.570567] (turtlesim) StdoutLine: {'line': b'-- Up-to-date: /home/fiammetta/ros-stuff/ros2_ws/install/turtlesim/share/turtlesim/local_setup.sh\n'}
[0.570668] (turtlesim) StdoutLine: {'line': b'-- Up-to-date: /home/fiammetta/ros-stuff/ros2_ws/install/turtlesim/share/turtlesim/local_setup.zsh\n'}
[0.570726] (turtlesim) StdoutLine: {'line': b'-- Up-to-date: /home/fiammetta/ros-stuff/ros2_ws/install/turtlesim/share/turtlesim/local_setup.dsv\n'}
[0.570780] (turtlesim) StdoutLine: {'line': b'-- Installing: /home/fiammetta/ros-stuff/ros2_ws/install/turtlesim/share/turtlesim/package.dsv\n'}
[0.570863] (turtlesim) StdoutLine: {'line': b'-- Up-to-date: /home/fiammetta/ros-stuff/ros2_ws/install/turtlesim/share/ament_index/resource_index/packages/turtlesim\n'}
[0.570923] (turtlesim) StdoutLine: {'line': b'-- Up-to-date: /home/fiammetta/ros-stuff/ros2_ws/install/turtlesim/share/turtlesim/cmake/export_turtlesim__rosidl_generator_cExport.cmake\n'}
[0.570980] (turtlesim) StdoutLine: {'line': b'-- Up-to-date: /home/fiammetta/ros-stuff/ros2_ws/install/turtlesim/share/turtlesim/cmake/export_turtlesim__rosidl_generator_cExport-noconfig.cmake\n'}
[0.571063] (turtlesim) StdoutLine: {'line': b'-- Up-to-date: /home/fiammetta/ros-stuff/ros2_ws/install/turtlesim/share/turtlesim/cmake/export_turtlesim__rosidl_typesupport_fastrtps_cExport.cmake\n'}
[0.571135] (turtlesim) StdoutLine: {'line': b'-- Up-to-date: /home/fiammetta/ros-stuff/ros2_ws/install/turtlesim/share/turtlesim/cmake/export_turtlesim__rosidl_typesupport_fastrtps_cExport-noconfig.cmake\n'}
[0.571192] (turtlesim) StdoutLine: {'line': b'-- Up-to-date: /home/fiammetta/ros-stuff/ros2_ws/install/turtlesim/share/turtlesim/cmake/export_turtlesim__rosidl_generator_cppExport.cmake\n'}
[0.571249] (turtlesim) StdoutLine: {'line': b'-- Up-to-date: /home/fiammetta/ros-stuff/ros2_ws/install/turtlesim/share/turtlesim/cmake/export_turtlesim__rosidl_typesupport_fastrtps_cppExport.cmake\n'}
[0.571302] (turtlesim) StdoutLine: {'line': b'-- Up-to-date: /home/fiammetta/ros-stuff/ros2_ws/install/turtlesim/share/turtlesim/cmake/export_turtlesim__rosidl_typesupport_fastrtps_cppExport-noconfig.cmake\n'}
[0.571353] (turtlesim) StdoutLine: {'line': b'-- Up-to-date: /home/fiammetta/ros-stuff/ros2_ws/install/turtlesim/share/turtlesim/cmake/turtlesim__rosidl_typesupport_introspection_cExport.cmake\n'}
[0.571405] (turtlesim) StdoutLine: {'line': b'-- Up-to-date: /home/fiammetta/ros-stuff/ros2_ws/install/turtlesim/share/turtlesim/cmake/turtlesim__rosidl_typesupport_introspection_cExport-noconfig.cmake\n'}
[0.571455] (turtlesim) StdoutLine: {'line': b'-- Up-to-date: /home/fiammetta/ros-stuff/ros2_ws/install/turtlesim/share/turtlesim/cmake/turtlesim__rosidl_typesupport_cExport.cmake\n'}
[0.571506] (turtlesim) StdoutLine: {'line': b'-- Up-to-date: /home/fiammetta/ros-stuff/ros2_ws/install/turtlesim/share/turtlesim/cmake/turtlesim__rosidl_typesupport_cExport-noconfig.cmake\n'}
[0.571603] (turtlesim) StdoutLine: {'line': b'-- Up-to-date: /home/fiammetta/ros-stuff/ros2_ws/install/turtlesim/share/turtlesim/cmake/turtlesim__rosidl_typesupport_introspection_cppExport.cmake\n'}
[0.571656] (turtlesim) StdoutLine: {'line': b'-- Up-to-date: /home/fiammetta/ros-stuff/ros2_ws/install/turtlesim/share/turtlesim/cmake/turtlesim__rosidl_typesupport_introspection_cppExport-noconfig.cmake\n'}
[0.571704] (turtlesim) StdoutLine: {'line': b'-- Up-to-date: /home/fiammetta/ros-stuff/ros2_ws/install/turtlesim/share/turtlesim/cmake/turtlesim__rosidl_typesupport_cppExport.cmake\n'}
[0.571751] (turtlesim) StdoutLine: {'line': b'-- Up-to-date: /home/fiammetta/ros-stuff/ros2_ws/install/turtlesim/share/turtlesim/cmake/turtlesim__rosidl_typesupport_cppExport-noconfig.cmake\n'}
[0.571798] (turtlesim) StdoutLine: {'line': b'-- Up-to-date: /home/fiammetta/ros-stuff/ros2_ws/install/turtlesim/share/turtlesim/cmake/export_turtlesim__rosidl_generator_pyExport.cmake\n'}
[0.571846] (turtlesim) StdoutLine: {'line': b'-- Up-to-date: /home/fiammetta/ros-stuff/ros2_ws/install/turtlesim/share/turtlesim/cmake/export_turtlesim__rosidl_generator_pyExport-noconfig.cmake\n'}
[0.571893] (turtlesim) StdoutLine: {'line': b'-- Up-to-date: /home/fiammetta/ros-stuff/ros2_ws/install/turtlesim/share/turtlesim/cmake/rosidl_cmake-extras.cmake\n'}
[0.571940] (turtlesim) StdoutLine: {'line': b'-- Up-to-date: /home/fiammetta/ros-stuff/ros2_ws/install/turtlesim/share/turtlesim/cmake/ament_cmake_export_dependencies-extras.cmake\n'}
[0.571988] (turtlesim) StdoutLine: {'line': b'-- Up-to-date: /home/fiammetta/ros-stuff/ros2_ws/install/turtlesim/share/turtlesim/cmake/ament_cmake_export_include_directories-extras.cmake\n'}
[0.572036] (turtlesim) StdoutLine: {'line': b'-- Up-to-date: /home/fiammetta/ros-stuff/ros2_ws/install/turtlesim/share/turtlesim/cmake/ament_cmake_export_libraries-extras.cmake\n'}
[0.572082] (turtlesim) StdoutLine: {'line': b'-- Up-to-date: /home/fiammetta/ros-stuff/ros2_ws/install/turtlesim/share/turtlesim/cmake/ament_cmake_export_targets-extras.cmake\n'}
[0.572130] (turtlesim) StdoutLine: {'line': b'-- Up-to-date: /home/fiammetta/ros-stuff/ros2_ws/install/turtlesim/share/turtlesim/cmake/rosidl_cmake_export_typesupport_targets-extras.cmake\n'}
[0.572178] (turtlesim) StdoutLine: {'line': b'-- Up-to-date: /home/fiammetta/ros-stuff/ros2_ws/install/turtlesim/share/turtlesim/cmake/rosidl_cmake_export_typesupport_libraries-extras.cmake\n'}
[0.572225] (turtlesim) StdoutLine: {'line': b'-- Up-to-date: /home/fiammetta/ros-stuff/ros2_ws/install/turtlesim/share/turtlesim/cmake/turtlesimConfig.cmake\n'}
[0.572272] (turtlesim) StdoutLine: {'line': b'-- Up-to-date: /home/fiammetta/ros-stuff/ros2_ws/install/turtlesim/share/turtlesim/cmake/turtlesimConfig-version.cmake\n'}
[0.572319] (turtlesim) StdoutLine: {'line': b'-- Up-to-date: /home/fiammetta/ros-stuff/ros2_ws/install/turtlesim/share/turtlesim/package.xml\n'}
[0.573240] (turtlesim) CommandEnded: {'returncode': 0}
[0.590115] (turtlesim) JobEnded: {'identifier': 'turtlesim', 'rc': 0}
[0.600864] (-) TimerEvent: {}
[0.701085] (-) TimerEvent: {}
[0.702704] (lab01_pkg) StdoutLine: {'line': b'running egg_info\n'}
[0.703188] (lab01_pkg) StdoutLine: {'line': b'writing ../../build/lab01_pkg/lab01_pkg.egg-info/PKG-INFO\n'}
[0.703346] (lab01_pkg) StdoutLine: {'line': b'writing dependency_links to ../../build/lab01_pkg/lab01_pkg.egg-info/dependency_links.txt\n'}
[0.703511] (lab01_pkg) StdoutLine: {'line': b'writing entry points to ../../build/lab01_pkg/lab01_pkg.egg-info/entry_points.txt\n'}
[0.703585] (lab01_pkg) StdoutLine: {'line': b'writing requirements to ../../build/lab01_pkg/lab01_pkg.egg-info/requires.txt\n'}
[0.703640] (lab01_pkg) StdoutLine: {'line': b'writing top-level names to ../../build/lab01_pkg/lab01_pkg.egg-info/top_level.txt\n'}
[0.704748] (lab01_pkg) StdoutLine: {'line': b"reading manifest file '../../build/lab01_pkg/lab01_pkg.egg-info/SOURCES.txt'\n"}
[0.704899] (lab01_pkg) StdoutLine: {'line': b"adding license file 'LICENSE'\n"}
[0.705368] (lab01_pkg) StdoutLine: {'line': b"writing manifest file '../../build/lab01_pkg/lab01_pkg.egg-info/SOURCES.txt'\n"}
[0.705514] (lab01_pkg) StdoutLine: {'line': b'running build\n'}
[0.705587] (lab01_pkg) StdoutLine: {'line': b'running build_py\n'}
[0.705644] (lab01_pkg) StdoutLine: {'line': b'copying lab01_pkg/controller.py -> /home/fiammetta/ros-stuff/ros2_ws/build/lab01_pkg/build/lib/lab01_pkg\n'}
[0.705772] (lab01_pkg) StdoutLine: {'line': b'running install\n'}
[0.705922] (lab01_pkg) StdoutLine: {'line': b'running install_lib\n'}
[0.706292] (lab01_pkg) StdoutLine: {'line': b'copying /home/fiammetta/ros-stuff/ros2_ws/build/lab01_pkg/build/lib/lab01_pkg/controller.py -> /home/fiammetta/ros-stuff/ros2_ws/install/lab01_pkg/lib/python3.10/site-packages/lab01_pkg\n'}
[0.706852] (lab01_pkg) StdoutLine: {'line': b'byte-compiling /home/fiammetta/ros-stuff/ros2_ws/install/lab01_pkg/lib/python3.10/site-packages/lab01_pkg/controller.py to controller.cpython-310.pyc\n'}
[0.707202] (lab01_pkg) StdoutLine: {'line': b'running install_data\n'}
[0.707364] (lab01_pkg) StdoutLine: {'line': b'running install_egg_info\n'}
[0.708449] (lab01_pkg) StdoutLine: {'line': b"removing '/home/fiammetta/ros-stuff/ros2_ws/install/lab01_pkg/lib/python3.10/site-packages/lab01_pkg-0.0.0-py3.10.egg-info' (and everything under it)\n"}
[0.708611] (lab01_pkg) StdoutLine: {'line': b'Copying ../../build/lab01_pkg/lab01_pkg.egg-info to /home/fiammetta/ros-stuff/ros2_ws/install/lab01_pkg/lib/python3.10/site-packages/lab01_pkg-0.0.0-py3.10.egg-info\n'}
[0.709191] (lab01_pkg) StdoutLine: {'line': b'running install_scripts\n'}
[0.725211] (lab01_pkg) StdoutLine: {'line': b'Installing controller script to /home/fiammetta/ros-stuff/ros2_ws/install/lab01_pkg/lib/lab01_pkg\n'}
[0.725449] (lab01_pkg) StdoutLine: {'line': b"writing list of installed files to '/home/fiammetta/ros-stuff/ros2_ws/build/lab01_pkg/install.log'\n"}
[0.745076] (lab01_pkg) CommandEnded: {'returncode': 0}
[0.750721] (lab01_pkg) JobEnded: {'identifier': 'lab01_pkg', 'rc': 0}
[0.751458] (-) EventReactorShutdown: {}
