[0.585s] Invoking command in '/home/fiammetta/ros-stuff/ros2_ws/src/lab01_pkg': PYTHONPATH=/home/fiammetta/ros-stuff/ros2_ws/build/lab01_pkg/prefix_override:/usr/lib/python3/dist-packages/colcon_core/task/python/colcon_distutils_commands:/home/fiammetta/ros-stuff/ros2_ws/install/lab01_pkg/lib/python3.10/site-packages:${PYTHONPATH} /usr/bin/python3 -W ignore:setup.py install is deprecated -W ignore:easy_install command is deprecated setup.py egg_info --egg-base ../../build/lab01_pkg build --build-base /home/fiammetta/ros-stuff/ros2_ws/build/lab01_pkg/build install --record /home/fiammetta/ros-stuff/ros2_ws/build/lab01_pkg/install.log --single-version-externally-managed install_data
[0.779s] running egg_info
[0.779s] creating ../../build/lab01_pkg/lab01_pkg.egg-info
[0.779s] writing ../../build/lab01_pkg/lab01_pkg.egg-info/PKG-INFO
[0.780s] writing dependency_links to ../../build/lab01_pkg/lab01_pkg.egg-info/dependency_links.txt
[0.780s] writing entry points to ../../build/lab01_pkg/lab01_pkg.egg-info/entry_points.txt
[0.780s] writing requirements to ../../build/lab01_pkg/lab01_pkg.egg-info/requires.txt
[0.780s] writing top-level names to ../../build/lab01_pkg/lab01_pkg.egg-info/top_level.txt
[0.780s] writing manifest file '../../build/lab01_pkg/lab01_pkg.egg-info/SOURCES.txt'
[0.781s] reading manifest file '../../build/lab01_pkg/lab01_pkg.egg-info/SOURCES.txt'
[0.781s] adding license file 'LICENSE'
[0.782s] writing manifest file '../../build/lab01_pkg/lab01_pkg.egg-info/SOURCES.txt'
[0.782s] running build
[0.782s] running build_py
[0.782s] creating /home/fiammetta/ros-stuff/ros2_ws/build/lab01_pkg/build
[0.782s] creating /home/fiammetta/ros-stuff/ros2_ws/build/lab01_pkg/build/lib
[0.782s] creating /home/fiammetta/ros-stuff/ros2_ws/build/lab01_pkg/build/lib/lab01_pkg
[0.782s] copying lab01_pkg/controller.py -> /home/fiammetta/ros-stuff/ros2_ws/build/lab01_pkg/build/lib/lab01_pkg
[0.782s] copying lab01_pkg/__init__.py -> /home/fiammetta/ros-stuff/ros2_ws/build/lab01_pkg/build/lib/lab01_pkg
[0.783s] running install
[0.783s] running install_lib
[0.783s] creating /home/fiammetta/ros-stuff/ros2_ws/install/lab01_pkg/lib/python3.10/site-packages/lab01_pkg
[0.783s] copying /home/fiammetta/ros-stuff/ros2_ws/build/lab01_pkg/build/lib/lab01_pkg/controller.py -> /home/fiammetta/ros-stuff/ros2_ws/install/lab01_pkg/lib/python3.10/site-packages/lab01_pkg
[0.784s] copying /home/fiammetta/ros-stuff/ros2_ws/build/lab01_pkg/build/lib/lab01_pkg/__init__.py -> /home/fiammetta/ros-stuff/ros2_ws/install/lab01_pkg/lib/python3.10/site-packages/lab01_pkg
[0.784s] byte-compiling /home/fiammetta/ros-stuff/ros2_ws/install/lab01_pkg/lib/python3.10/site-packages/lab01_pkg/controller.py to controller.cpython-310.pyc
[0.784s] byte-compiling /home/fiammetta/ros-stuff/ros2_ws/install/lab01_pkg/lib/python3.10/site-packages/lab01_pkg/__init__.py to __init__.cpython-310.pyc
[0.784s] running install_data
[0.785s] creating /home/fiammetta/ros-stuff/ros2_ws/install/lab01_pkg/share/ament_index
[0.785s] creating /home/fiammetta/ros-stuff/ros2_ws/install/lab01_pkg/share/ament_index/resource_index
[0.785s] creating /home/fiammetta/ros-stuff/ros2_ws/install/lab01_pkg/share/ament_index/resource_index/packages
[0.785s] copying resource/lab01_pkg -> /home/fiammetta/ros-stuff/ros2_ws/install/lab01_pkg/share/ament_index/resource_index/packages
[0.785s] copying package.xml -> /home/fiammetta/ros-stuff/ros2_ws/install/lab01_pkg/share/lab01_pkg
[0.785s] running install_egg_info
[0.786s] Copying ../../build/lab01_pkg/lab01_pkg.egg-info to /home/fiammetta/ros-stuff/ros2_ws/install/lab01_pkg/lib/python3.10/site-packages/lab01_pkg-0.0.0-py3.10.egg-info
[0.787s] running install_scripts
[0.803s] Installing controller script to /home/fiammetta/ros-stuff/ros2_ws/install/lab01_pkg/lib/lab01_pkg
[0.803s] writing list of installed files to '/home/fiammetta/ros-stuff/ros2_ws/build/lab01_pkg/install.log'
[0.822s] Invoked command in '/home/fiammetta/ros-stuff/ros2_ws/src/lab01_pkg' returned '0': PYTHONPATH=/home/fiammetta/ros-stuff/ros2_ws/build/lab01_pkg/prefix_override:/usr/lib/python3/dist-packages/colcon_core/task/python/colcon_distutils_commands:/home/fiammetta/ros-stuff/ros2_ws/install/lab01_pkg/lib/python3.10/site-packages:${PYTHONPATH} /usr/bin/python3 -W ignore:setup.py install is deprecated -W ignore:easy_install command is deprecated setup.py egg_info --egg-base ../../build/lab01_pkg build --build-base /home/fiammetta/ros-stuff/ros2_ws/build/lab01_pkg/build install --record /home/fiammetta/ros-stuff/ros2_ws/build/lab01_pkg/install.log --single-version-externally-managed install_data
