[0.000000] (-) TimerEvent: {}
[0.000095] (lab01_pkg) JobQueued: {'identifier': 'lab01_pkg', 'dependencies': OrderedDict()}
[0.000118] (turtlesim) JobQueued: {'identifier': 'turtlesim', 'dependencies': OrderedDict()}
[0.000133] (lab01_pkg) JobStarted: {'identifier': 'lab01_pkg'}
[0.006226] (turtlesim) JobStarted: {'identifier': 'turtlesim'}
[0.099355] (-) TimerEvent: {}
[0.199618] (-) TimerEvent: {}
[0.208378] (turtlesim) JobProgress: {'identifier': 'turtlesim', 'progress': 'cmake'}
[0.209148] (turtlesim) JobProgress: {'identifier': 'turtlesim', 'progress': 'build'}
[0.209178] (turtlesim) Command: {'cmd': ['/usr/bin/cmake', '--build', '/home/fiammetta/ros-stuff/ros2_ws/build/turtlesim', '--', '-j8', '-l8'], 'cwd': '/home/fiammetta/ros-stuff/ros2_ws/build/turtlesim', 'env': OrderedDict([('USER', 'fiammetta'), ('LC_TIME', 'it_IT.UTF-8'), ('XDG_SESSION_TYPE', 'wayland'), ('SHLVL', '1'), ('LD_LIBRARY_PATH', '/home/fiammetta/ros-stuff/ros2_ws/install/turtlesim/lib:/opt/ros/humble/opt/rviz_ogre_vendor/lib:/opt/ros/humble/lib/x86_64-linux-gnu:/opt/ros/humble/lib'), ('OLDPWD', '/home/fiammetta/ros-stuff/ros2_ws/src'), ('HOME', '/home/fiammetta'), ('DESKTOP_SESSION', 'ubuntu'), ('GTK_MODULES', 'gail:atk-bridge'), ('GNOME_SHELL_SESSION_MODE', 'ubuntu'), ('ROS_PYTHON_VERSION', '3'), ('LC_MONETARY', 'it_IT.UTF-8'), ('SYSTEMD_EXEC_PID', '1682'), ('DBUS_SESSION_BUS_ADDRESS', 'unix:path=/run/user/1000/bus'), ('COLORTERM', 'truecolor'), ('WAYLAND_DISPLAY', 'wayland-0'), ('ROS_DISTRO', 'humble'), ('COLCON_PREFIX_PATH', '/home/fiammetta/ros-stuff/ros2_ws/install:/home/fiammetta/ros-stuff/ros2_ws'), ('LOGNAME', 'fiammetta'), ('_', '/usr/bin/colcon'), ('XDG_SESSION_CLASS', 'user'), ('ROS_VERSION', '2'), ('USERNAME', 'fiammetta'), ('TERM', 'xterm-256color'), ('GNOME_DESKTOP_SESSION_ID', 'this-is-deprecated'), ('ROS_LOCALHOST_ONLY', '0'), ('PATH', '/home/fiammetta/.cargo/bin:/opt/ros/humble/bin:/usr/local/sbin:/usr/local/bin:/usr/sbin:/usr/bin:/sbin:/bin:/usr/games:/usr/local/games:/snap/bin:/snap/bin'), ('SESSION_MANAGER', 'local/MikuBeamer:@/tmp/.ICE-unix/1502,unix/MikuBeamer:/tmp/.ICE-unix/1502'), ('GNOME_TERMINAL_SCREEN', '/org/gnome/Terminal/screen/92b584d5_d701_4d25_9733_a543ee0a7e95'), ('XDG_MENU_PREFIX', 'gnome-'), ('GNOME_SETUP_DISPLAY', ':1'), ('XDG_RUNTIME_DIR', '/run/user/1000'), ('LC_ADDRESS', 'it_IT.UTF-8'), ('DISPLAY', ':0'), ('XDG_CURRENT_DESKTOP', 'ubuntu:GNOME'), ('LANG', 'en_US.UTF-8'), ('LC_TELEPHONE', 'it_IT.UTF-8'), ('XDG_SESSION_DESKTOP', 'ubuntu'), ('GNOME_TERMINAL_SERVICE', ':1.98'), ('XMODIFIERS', '@im=ibus'), ('XAUTHORITY', '/run/user/1000/.mutter-Xwaylandauth.BQZFE3'), ('SSH_AUTH_SOCK', '/run/user/1000/keyring/ssh'), ('SSH_AGENT_LAUNCHER', 'gnome-keyring'), ('AMENT_PREFIX_PATH', '/home/fiammetta/ros-stuff/ros2_ws/install/lab01_pkg:/home/fiammetta/ros-stuff/ros2_ws/install/turtlesim:/opt/ros/humble'), ('SHELL', '/bin/zsh'), ('LC_NAME', 'it_IT.UTF-8'), ('QT_ACCESSIBILITY', '1'), ('GDMSESSION', 'ubuntu'), ('LC_MEASUREMENT', 'it_IT.UTF-8'), ('LC_IDENTIFICATION', 'it_IT.UTF-8'), ('QT_IM_MODULE', 'ibus'), ('LC_ALL', 'en_US.UTF-8'), ('PWD', '/home/fiammetta/ros-stuff/ros2_ws/build/turtlesim'), ('XDG_DATA_DIRS', '/usr/local/share/:/usr/share/:/var/lib/snapd/desktop'), ('LC_NUMERIC', 'it_IT.UTF-8'), ('PYTHONPATH', '/home/fiammetta/ros-stuff/ros2_ws/install/lab01_pkg/lib/python3.10/site-packages:/home/fiammetta/ros-stuff/ros2_ws/install/turtlesim/local/lib/python3.10/dist-packages:/opt/ros/humble/lib/python3.10/site-packages:/opt/ros/humble/local/lib/python3.10/dist-packages'), ('LC_PAPER', 'it_IT.UTF-8'), ('COLCON', '1'), ('VTE_VERSION', '6800'), ('CMAKE_PREFIX_PATH', '/home/fiammetta/ros-stuff/ros2_ws/install/turtlesim:/home/fiammetta/ros-stuff/ros2_ws/install/lab01_pkg:/opt/ros/humble')]), 'shell': False}
[0.247890] (turtlesim) StdoutLine: {'line': b'[  1%] Built target turtlesim__cpp\n'}
[0.249311] (turtlesim) StdoutLine: {'line': b'[ 11%] Built target turtlesim__rosidl_generator_c\n'}
[0.262331] (turtlesim) StdoutLine: {'line': b'[ 11%] Built target ament_cmake_python_copy_turtlesim\n'}
[0.274092] (turtlesim) StdoutLine: {'line': b'[ 31%] Built target turtlesim__rosidl_typesupport_introspection_c\n'}
[0.274300] (turtlesim) StdoutLine: {'line': b'[ 31%] Built target turtlesim__rosidl_typesupport_c\n'}
[0.275018] (turtlesim) StdoutLine: {'line': b'[ 41%] Built target turtlesim__rosidl_typesupport_cpp\n'}
[0.278697] (turtlesim) StdoutLine: {'line': b'[ 69%] Built target turtlesim__rosidl_typesupport_introspection_cpp\n'}
[0.278873] (turtlesim) StdoutLine: {'line': b'[ 69%] Built target turtlesim__rosidl_typesupport_fastrtps_c\n'}
[0.278970] (turtlesim) StdoutLine: {'line': b'[ 71%] Built target turtlesim__rosidl_typesupport_fastrtps_cpp\n'}
[0.297830] (turtlesim) StdoutLine: {'line': b'[ 71%] Built target turtlesim\n'}
[0.299859] (-) TimerEvent: {}
[0.302153] (turtlesim) StdoutLine: {'line': b'[ 75%] Built target mimic\n'}
[0.302344] (turtlesim) StdoutLine: {'line': b'[ 75%] Built target turtle_teleop_key\n'}
[0.303711] (turtlesim) StdoutLine: {'line': b'[ 77%] Built target draw_square\n'}
[0.309004] (turtlesim) StdoutLine: {'line': b'[ 83%] Built target turtlesim_node\n'}
[0.317705] (turtlesim) StdoutLine: {'line': b'[ 84%] Built target turtlesim__py\n'}
[0.337522] (turtlesim) StdoutLine: {'line': b'[ 93%] Built target turtlesim__rosidl_generator_py\n'}
[0.355650] (turtlesim) StdoutLine: {'line': b'[ 95%] Built target turtlesim__rosidl_typesupport_c__pyext\n'}
[0.356257] (turtlesim) StdoutLine: {'line': b'[ 97%] Built target turtlesim__rosidl_typesupport_introspection_c__pyext\n'}
[0.363160] (turtlesim) StdoutLine: {'line': b'[100%] Built target turtlesim__rosidl_typesupport_fastrtps_c__pyext\n'}
[0.399992] (-) TimerEvent: {}
[0.477314] (turtlesim) StdoutLine: {'line': b'running egg_info\n'}
[0.477934] (turtlesim) StdoutLine: {'line': b'writing turtlesim.egg-info/PKG-INFO\n'}
[0.478134] (turtlesim) StdoutLine: {'line': b'writing dependency_links to turtlesim.egg-info/dependency_links.txt\n'}
[0.478290] (turtlesim) StdoutLine: {'line': b'writing top-level names to turtlesim.egg-info/top_level.txt\n'}
[0.479963] (turtlesim) StdoutLine: {'line': b"reading manifest file 'turtlesim.egg-info/SOURCES.txt'\n"}
[0.480435] (turtlesim) StdoutLine: {'line': b"writing manifest file 'turtlesim.egg-info/SOURCES.txt'\n"}
[0.500124] (-) TimerEvent: {}
[0.504501] (turtlesim) StdoutLine: {'line': b'[100%] Built target ament_cmake_python_build_turtlesim_egg\n'}
[0.515813] (turtlesim) CommandEnded: {'returncode': 0}
[0.516416] (turtlesim) JobProgress: {'identifier': 'turtlesim', 'progress': 'install'}
[0.524481] (turtlesim) Command: {'cmd': ['/usr/bin/cmake', '--install', '/home/fiammetta/ros-stuff/ros2_ws/build/turtlesim'], 'cwd': '/home/fiammetta/ros-stuff/ros2_ws/build/turtlesim', 'env': OrderedDict([('USER', 'fiammetta'), ('LC_TIME', 'it_IT.UTF-8'), ('XDG_SESSION_TYPE', 'wayland'), ('SHLVL', '1'), ('LD_LIBRARY_PATH', '/home/fiammetta/ros-stuff/ros2_ws/install/turtlesim/lib:/opt/ros/humble/opt/rviz_ogre_vendor/lib:/opt/ros/humble/lib/x86_64-linux-gnu:/opt/ros/humble/lib'), ('OLDPWD', '/home/fiammetta/ros-stuff/ros2_ws/src'), ('HOME', '/home/fiammetta'), ('DESKTOP_SESSION', 'ubuntu'), ('GTK_MODULES', 'gail:atk-bridge'), ('GNOME_SHELL_SESSION_MODE', 'ubuntu'), ('ROS_PYTHON_VERSION', '3'), ('LC_MONETARY', 'it_IT.UTF-8'), ('SYSTEMD_EXEC_PID', '1682'), ('DBUS_SESSION_BUS_ADDRESS', 'unix:path=/run/user/1000/bus'), ('COLORTERM', 'truecolor'), ('WAYLAND_DISPLAY', 'wayland-0'), ('ROS_DISTRO', 'humble'), ('COLCON_PREFIX_PATH', '/home/fiammetta/ros-stuff/ros2_ws/install:/home/fiammetta/ros-stuff/ros2_ws'), ('LOGNAME', 'fiammetta'), ('_', '/usr/bin/colcon'), ('XDG_SESSION_CLASS', 'user'), ('ROS_VERSION', '2'), ('USERNAME', 'fiammetta'), ('TERM', 'xterm-256color'), ('GNOME_DESKTOP_SESSION_ID', 'this-is-deprecated'), ('ROS_LOCALHOST_ONLY', '0'), ('PATH', '/home/fiammetta/.cargo/bin:/opt/ros/humble/bin:/usr/local/sbin:/usr/local/bin:/usr/sbin:/usr/bin:/sbin:/bin:/usr/games:/usr/local/games:/snap/bin:/snap/bin'), ('SESSION_MANAGER', 'local/MikuBeamer:@/tmp/.ICE-unix/1502,unix/MikuBeamer:/tmp/.ICE-unix/1502'), ('GNOME_TERMINAL_SCREEN', '/org/gnome/Terminal/screen/92b584d5_d701_4d25_9733_a543ee0a7e95'), ('XDG_MENU_PREFIX', 'gnome-'), ('GNOME_SETUP_DISPLAY', ':1'), ('XDG_RUNTIME_DIR', '/run/user/1000'), ('LC_ADDRESS', 'it_IT.UTF-8'), ('DISPLAY', ':0'), ('XDG_CURRENT_DESKTOP', 'ubuntu:GNOME'), ('LANG', 'en_US.UTF-8'), ('LC_TELEPHONE', 'it_IT.UTF-8'), ('XDG_SESSION_DESKTOP', 'ubuntu'), ('GNOME_TERMINAL_SERVICE', ':1.98'), ('XMODIFIERS', '@im=ibus'), ('XAUTHORITY', '/run/user/1000/.mutter-Xwaylandauth.BQZFE3'), ('SSH_AUTH_SOCK', '/run/user/1000/keyring/ssh'), ('SSH_AGENT_LAUNCHER', 'gnome-keyring'), ('AMENT_PREFIX_PATH', '/home/fiammetta/ros-stuff/ros2_ws/install/lab01_pkg:/home/fiammetta/ros-stuff/ros2_ws/install/turtlesim:/opt/ros/humble'), ('SHELL', '/bin/zsh'), ('LC_NAME', 'it_IT.UTF-8'), ('QT_ACCESSIBILITY', '1'), ('GDMSESSION', 'ubuntu'), ('LC_MEASUREMENT', 'it_IT.UTF-8'), ('LC_IDENTIFICATION', 'it_IT.UTF-8'), ('QT_IM_MODULE', 'ibus'), ('LC_ALL', 'en_US.UTF-8'), ('PWD', '/home/fiammetta/ros-stuff/ros2_ws/build/turtlesim'), ('XDG_DATA_DIRS', '/usr/local/share/:/usr/share/:/var/lib/snapd/desktop'), ('LC_NUMERIC', 'it_IT.UTF-8'), ('PYTHONPATH', '/home/fiammetta/ros-stuff/ros2_ws/install/lab01_pkg/lib/python3.10/site-packages:/home/fiammetta/ros-stuff/ros2_ws/install/turtlesim/local/lib/python3.10/dist-packages:/opt/ros/humble/lib/python3.10/site-packages:/opt/ros/humble/local/lib/python3.10/dist-packages'), ('LC_PAPER', 'it_IT.UTF-8'), ('COLCON', '1'), ('VTE_VERSION', '6800'), ('CMAKE_PREFIX_PATH', '/home/fiammetta/ros-stuff/ros2_ws/install/turtlesim:/home/fiammetta/ros-stuff/ros2_ws/install/lab01_pkg:/opt/ros/humble')]), 'shell': False}
[0.526229] (lab01_pkg) Command: {'cmd': ['/usr/bin/python3', '-W', 'ignore:setup.py install is deprecated', '-W', 'ignore:easy_install command is deprecated', 'setup.py', 'egg_info', '--egg-base', '../../build/lab01_pkg', 'build', '--build-base', '/home/fiammetta/ros-stuff/ros2_ws/build/lab01_pkg/build', 'install', '--record', '/home/fiammetta/ros-stuff/ros2_ws/build/lab01_pkg/install.log', '--single-version-externally-managed', 'install_data'], 'cwd': '/home/fiammetta/ros-stuff/ros2_ws/src/lab01_pkg', 'env': {'USER': 'fiammetta', 'LC_TIME': 'it_IT.UTF-8', 'XDG_SESSION_TYPE': 'wayland', 'SHLVL': '1', 'LD_LIBRARY_PATH': '/home/fiammetta/ros-stuff/ros2_ws/install/turtlesim/lib:/opt/ros/humble/opt/rviz_ogre_vendor/lib:/opt/ros/humble/lib/x86_64-linux-gnu:/opt/ros/humble/lib', 'OLDPWD': '/home/fiammetta/ros-stuff/ros2_ws/src', 'HOME': '/home/fiammetta', 'DESKTOP_SESSION': 'ubuntu', 'GTK_MODULES': 'gail:atk-bridge', 'GNOME_SHELL_SESSION_MODE': 'ubuntu', 'ROS_PYTHON_VERSION': '3', 'LC_MONETARY': 'it_IT.UTF-8', 'SYSTEMD_EXEC_PID': '1682', 'DBUS_SESSION_BUS_ADDRESS': 'unix:path=/run/user/1000/bus', 'COLORTERM': 'truecolor', 'WAYLAND_DISPLAY': 'wayland-0', 'ROS_DISTRO': 'humble', 'COLCON_PREFIX_PATH': '/home/fiammetta/ros-stuff/ros2_ws/install:/home/fiammetta/ros-stuff/ros2_ws', 'LOGNAME': 'fiammetta', '_': '/usr/bin/colcon', 'XDG_SESSION_CLASS': 'user', 'ROS_VERSION': '2', 'USERNAME': 'fiammetta', 'TERM': 'xterm-256color', 'GNOME_DESKTOP_SESSION_ID': 'this-is-deprecated', 'ROS_LOCALHOST_ONLY': '0', 'PATH': '/home/fiammetta/.cargo/bin:/opt/ros/humble/bin:/usr/local/sbin:/usr/local/bin:/usr/sbin:/usr/bin:/sbin:/bin:/usr/games:/usr/local/games:/snap/bin:/snap/bin', 'SESSION_MANAGER': 'local/MikuBeamer:@/tmp/.ICE-unix/1502,unix/MikuBeamer:/tmp/.ICE-unix/1502', 'GNOME_TERMINAL_SCREEN': '/org/gnome/Terminal/screen/92b584d5_d701_4d25_9733_a543ee0a7e95', 'XDG_MENU_PREFIX': 'gnome-', 'GNOME_SETUP_DISPLAY': ':1', 'XDG_RUNTIME_DIR': '/run/user/1000', 'LC_ADDRESS': 'it_IT.UTF-8', 'DISPLAY': ':0', 'XDG_CURRENT_DESKTOP': 'ubuntu:GNOME', 'LANG': 'en_US.UTF-8', 'LC_TELEPHONE': 'it_IT.UTF-8', 'XDG_SESSION_DESKTOP': 'ubuntu', 'GNOME_TERMINAL_SERVICE': ':1.98', 'XMODIFIERS': '@im=ibus', 'XAUTHORITY': '/run/user/1000/.mutter-Xwaylandauth.BQZFE3', 'SSH_AUTH_SOCK': '/run/user/1000/keyring/ssh', 'SSH_AGENT_LAUNCHER': 'gnome-keyring', 'AMENT_PREFIX_PATH': '/home/fiammetta/ros-stuff/ros2_ws/install/lab01_pkg:/home/fiammetta/ros-stuff/ros2_ws/install/turtlesim:/opt/ros/humble', 'SHELL': '/bin/zsh', 'LC_NAME': 'it_IT.UTF-8', 'QT_ACCESSIBILITY': '1', 'GDMSESSION': 'ubuntu', 'LC_MEASUREMENT': 'it_IT.UTF-8', 'LC_IDENTIFICATION': 'it_IT.UTF-8', 'QT_IM_MODULE': 'ibus', 'LC_ALL': 'en_US.UTF-8', 'PWD': '/home/fiammetta/ros-stuff/ros2_ws/build/lab01_pkg', 'XDG_DATA_DIRS': '/usr/local/share/:/usr/share/:/var/lib/snapd/desktop', 'LC_NUMERIC': 'it_IT.UTF-8', 'PYTHONPATH': '/home/fiammetta/ros-stuff/ros2_ws/build/lab01_pkg/prefix_override:/usr/lib/python3/dist-packages/colcon_core/task/python/colcon_distutils_commands:/home/fiammetta/ros-stuff/ros2_ws/install/lab01_pkg/lib/python3.10/site-packages:/home/fiammetta/ros-stuff/ros2_ws/install/lab01_pkg/lib/python3.10/site-packages:/home/fiammetta/ros-stuff/ros2_ws/install/turtlesim/local/lib/python3.10/dist-packages:/opt/ros/humble/lib/python3.10/site-packages:/opt/ros/humble/local/lib/python3.10/dist-packages', 'LC_PAPER': 'it_IT.UTF-8', 'COLCON': '1', 'VTE_VERSION': '6800', 'CMAKE_PREFIX_PATH': '/home/fiammetta/ros-stuff/ros2_ws/install/turtlesim'}, 'shell': False}
[0.531657] (turtlesim) StdoutLine: {'line': b'-- Install configuration: ""\n'}
[0.531832] (turtlesim) StdoutLine: {'line': b'-- Up-to-date: /home/fiammetta/ros-stuff/ros2_ws/install/turtlesim/share/ament_index/resource_index/rosidl_interfaces/turtlesim\n'}
[0.531923] (turtlesim) StdoutLine: {'line': b'-- Up-to-date: /home/fiammetta/ros-stuff/ros2_ws/install/turtlesim/include/turtlesim/turtlesim\n'}
[0.532040] (turtlesim) StdoutLine: {'line': b'-- Up-to-date: /home/fiammetta/ros-stuff/ros2_ws/install/turtlesim/include/turtlesim/turtlesim/action\n'}
[0.532184] (turtlesim) StdoutLine: {'line': b'-- Up-to-date: /home/fiammetta/ros-stuff/ros2_ws/install/turtlesim/include/turtlesim/turtlesim/action/detail\n'}
[0.532273] (turtlesim) StdoutLine: {'line': b'-- Up-to-date: /home/fiammetta/ros-stuff/ros2_ws/install/turtlesim/include/turtlesim/turtlesim/action/detail/rotate_absolute__functions.h\n'}
[0.532354] (turtlesim) StdoutLine: {'line': b'-- Up-to-date: /home/fiammetta/ros-stuff/ros2_ws/install/turtlesim/include/turtlesim/turtlesim/action/detail/rotate_absolute__functions.c\n'}
[0.532434] (turtlesim) StdoutLine: {'line': b'-- Up-to-date: /home/fiammetta/ros-stuff/ros2_ws/install/turtlesim/include/turtlesim/turtlesim/action/detail/rotate_absolute__struct.h\n'}
[0.532511] (turtlesim) StdoutLine: {'line': b'-- Up-to-date: /home/fiammetta/ros-stuff/ros2_ws/install/turtlesim/include/turtlesim/turtlesim/action/detail/rotate_absolute__type_support.h\n'}
[0.532589] (turtlesim) StdoutLine: {'line': b'-- Up-to-date: /home/fiammetta/ros-stuff/ros2_ws/install/turtlesim/include/turtlesim/turtlesim/action/rotate_absolute.h\n'}
[0.532666] (turtlesim) StdoutLine: {'line': b'-- Up-to-date: /home/fiammetta/ros-stuff/ros2_ws/install/turtlesim/include/turtlesim/turtlesim/msg\n'}
[0.532780] (turtlesim) StdoutLine: {'line': b'-- Up-to-date: /home/fiammetta/ros-stuff/ros2_ws/install/turtlesim/include/turtlesim/turtlesim/msg/detail\n'}
[0.532941] (turtlesim) StdoutLine: {'line': b'-- Up-to-date: /home/fiammetta/ros-stuff/ros2_ws/install/turtlesim/include/turtlesim/turtlesim/msg/detail/pose__struct.h\n'}
[0.533028] (turtlesim) StdoutLine: {'line': b'-- Up-to-date: /home/fiammetta/ros-stuff/ros2_ws/install/turtlesim/include/turtlesim/turtlesim/msg/detail/pose__functions.h\n'}
[0.533107] (turtlesim) StdoutLine: {'line': b'-- Up-to-date: /home/fiammetta/ros-stuff/ros2_ws/install/turtlesim/include/turtlesim/turtlesim/msg/detail/pose__type_support.h\n'}
[0.533270] (turtlesim) StdoutLine: {'line': b'-- Up-to-date: /home/fiammetta/ros-stuff/ros2_ws/install/turtlesim/include/turtlesim/turtlesim/msg/detail/color__functions.h\n'}
[0.533338] (turtlesim) StdoutLine: {'line': b'-- Up-to-date: /home/fiammetta/ros-stuff/ros2_ws/install/turtlesim/include/turtlesim/turtlesim/msg/detail/color__struct.h\n'}
[0.533418] (turtlesim) StdoutLine: {'line': b'-- Up-to-date: /home/fiammetta/ros-stuff/ros2_ws/install/turtlesim/include/turtlesim/turtlesim/msg/detail/color__type_support.h\n'}
[0.533495] (turtlesim) StdoutLine: {'line': b'-- Up-to-date: /home/fiammetta/ros-stuff/ros2_ws/install/turtlesim/include/turtlesim/turtlesim/msg/detail/pose__functions.c\n'}
[0.533594] (turtlesim) StdoutLine: {'line': b'-- Up-to-date: /home/fiammetta/ros-stuff/ros2_ws/install/turtlesim/include/turtlesim/turtlesim/msg/detail/color__functions.c\n'}
[0.533658] (turtlesim) StdoutLine: {'line': b'-- Up-to-date: /home/fiammetta/ros-stuff/ros2_ws/install/turtlesim/include/turtlesim/turtlesim/msg/color.h\n'}
[0.533746] (turtlesim) StdoutLine: {'line': b'-- Up-to-date: /home/fiammetta/ros-stuff/ros2_ws/install/turtlesim/include/turtlesim/turtlesim/msg/pose.h\n'}
[0.533828] (turtlesim) StdoutLine: {'line': b'-- Up-to-date: /home/fiammetta/ros-stuff/ros2_ws/install/turtlesim/include/turtlesim/turtlesim/msg/rosidl_generator_c__visibility_control.h\n'}
[0.533906] (turtlesim) StdoutLine: {'line': b'-- Up-to-date: /home/fiammetta/ros-stuff/ros2_ws/install/turtlesim/include/turtlesim/turtlesim/srv\n'}
[0.533979] (turtlesim) StdoutLine: {'line': b'-- Up-to-date: /home/fiammetta/ros-stuff/ros2_ws/install/turtlesim/include/turtlesim/turtlesim/srv/teleport_absolute.h\n'}
[0.534101] (turtlesim) StdoutLine: {'line': b'-- Up-to-date: /home/fiammetta/ros-stuff/ros2_ws/install/turtlesim/include/turtlesim/turtlesim/srv/detail\n'}
[0.534177] (turtlesim) StdoutLine: {'line': b'-- Up-to-date: /home/fiammetta/ros-stuff/ros2_ws/install/turtlesim/include/turtlesim/turtlesim/srv/detail/teleport_absolute__functions.h\n'}
[0.534251] (turtlesim) StdoutLine: {'line': b'-- Up-to-date: /home/fiammetta/ros-stuff/ros2_ws/install/turtlesim/include/turtlesim/turtlesim/srv/detail/kill__struct.h\n'}
[0.534325] (turtlesim) StdoutLine: {'line': b'-- Up-to-date: /home/fiammetta/ros-stuff/ros2_ws/install/turtlesim/include/turtlesim/turtlesim/srv/detail/spawn__functions.c\n'}
[0.534398] (turtlesim) StdoutLine: {'line': b'-- Up-to-date: /home/fiammetta/ros-stuff/ros2_ws/install/turtlesim/include/turtlesim/turtlesim/srv/detail/teleport_relative__struct.h\n'}
[0.534470] (turtlesim) StdoutLine: {'line': b'-- Up-to-date: /home/fiammetta/ros-stuff/ros2_ws/install/turtlesim/include/turtlesim/turtlesim/srv/detail/teleport_relative__type_support.h\n'}
[0.534543] (turtlesim) StdoutLine: {'line': b'-- Up-to-date: /home/fiammetta/ros-stuff/ros2_ws/install/turtlesim/include/turtlesim/turtlesim/srv/detail/teleport_absolute__struct.h\n'}
[0.534615] (turtlesim) StdoutLine: {'line': b'-- Up-to-date: /home/fiammetta/ros-stuff/ros2_ws/install/turtlesim/include/turtlesim/turtlesim/srv/detail/set_pen__struct.h\n'}
[0.534686] (turtlesim) StdoutLine: {'line': b'-- Up-to-date: /home/fiammetta/ros-stuff/ros2_ws/install/turtlesim/include/turtlesim/turtlesim/srv/detail/spawn__type_support.h\n'}
[0.534758] (turtlesim) StdoutLine: {'line': b'-- Up-to-date: /home/fiammetta/ros-stuff/ros2_ws/install/turtlesim/include/turtlesim/turtlesim/srv/detail/set_pen__functions.h\n'}
[0.534894] (turtlesim) StdoutLine: {'line': b'-- Up-to-date: /home/fiammetta/ros-stuff/ros2_ws/install/turtlesim/include/turtlesim/turtlesim/srv/detail/spawn__struct.h\n'}
[0.534985] (turtlesim) StdoutLine: {'line': b'-- Up-to-date: /home/fiammetta/ros-stuff/ros2_ws/install/turtlesim/include/turtlesim/turtlesim/srv/detail/spawn__functions.h\n'}
[0.535061] (turtlesim) StdoutLine: {'line': b'-- Up-to-date: /home/fiammetta/ros-stuff/ros2_ws/install/turtlesim/include/turtlesim/turtlesim/srv/detail/kill__functions.h\n'}
[0.535136] (turtlesim) StdoutLine: {'line': b'-- Up-to-date: /home/fiammetta/ros-stuff/ros2_ws/install/turtlesim/include/turtlesim/turtlesim/srv/detail/teleport_relative__functions.h\n'}
[0.535210] (turtlesim) StdoutLine: {'line': b'-- Up-to-date: /home/fiammetta/ros-stuff/ros2_ws/install/turtlesim/include/turtlesim/turtlesim/srv/detail/teleport_absolute__functions.c\n'}
[0.535283] (turtlesim) StdoutLine: {'line': b'-- Up-to-date: /home/fiammetta/ros-stuff/ros2_ws/install/turtlesim/include/turtlesim/turtlesim/srv/detail/kill__functions.c\n'}
[0.535357] (turtlesim) StdoutLine: {'line': b'-- Up-to-date: /home/fiammetta/ros-stuff/ros2_ws/install/turtlesim/include/turtlesim/turtlesim/srv/detail/teleport_relative__functions.c\n'}
[0.535512] (turtlesim) StdoutLine: {'line': b'-- Up-to-date: /home/fiammetta/ros-stuff/ros2_ws/install/turtlesim/include/turtlesim/turtlesim/srv/detail/set_pen__type_support.h\n'}
[0.535571] (turtlesim) StdoutLine: {'line': b'-- Up-to-date: /home/fiammetta/ros-stuff/ros2_ws/install/turtlesim/include/turtlesim/turtlesim/srv/detail/set_pen__functions.c\n'}
[0.535646] (turtlesim) StdoutLine: {'line': b'-- Up-to-date: /home/fiammetta/ros-stuff/ros2_ws/install/turtlesim/include/turtlesim/turtlesim/srv/detail/teleport_absolute__type_support.h\n'}
[0.535802] (turtlesim) StdoutLine: {'line': b'-- Up-to-date: /home/fiammetta/ros-stuff/ros2_ws/install/turtlesim/include/turtlesim/turtlesim/srv/detail/kill__type_support.h\n'}
[0.536052] (turtlesim) StdoutLine: {'line': b'-- Up-to-date: /home/fiammetta/ros-stuff/ros2_ws/install/turtlesim/include/turtlesim/turtlesim/srv/teleport_relative.h\n'}
[0.536136] (turtlesim) StdoutLine: {'line': b'-- Up-to-date: /home/fiammetta/ros-stuff/ros2_ws/install/turtlesim/include/turtlesim/turtlesim/srv/kill.h\n'}
[0.536213] (turtlesim) StdoutLine: {'line': b'-- Up-to-date: /home/fiammetta/ros-stuff/ros2_ws/install/turtlesim/include/turtlesim/turtlesim/srv/spawn.h\n'}
[0.536287] (turtlesim) StdoutLine: {'line': b'-- Up-to-date: /home/fiammetta/ros-stuff/ros2_ws/install/turtlesim/include/turtlesim/turtlesim/srv/set_pen.h\n'}
[0.536359] (turtlesim) StdoutLine: {'line': b'-- Up-to-date: /home/fiammetta/ros-stuff/ros2_ws/install/turtlesim/share/turtlesim/environment/library_path.sh\n'}
[0.536432] (turtlesim) StdoutLine: {'line': b'-- Up-to-date: /home/fiammetta/ros-stuff/ros2_ws/install/turtlesim/share/turtlesim/environment/library_path.dsv\n'}
[0.536504] (turtlesim) StdoutLine: {'line': b'-- Up-to-date: /home/fiammetta/ros-stuff/ros2_ws/install/turtlesim/lib/libturtlesim__rosidl_generator_c.so\n'}
[0.536577] (turtlesim) StdoutLine: {'line': b'-- Up-to-date: /home/fiammetta/ros-stuff/ros2_ws/install/turtlesim/include/turtlesim/turtlesim\n'}
[0.536650] (turtlesim) StdoutLine: {'line': b'-- Up-to-date: /home/fiammetta/ros-stuff/ros2_ws/install/turtlesim/include/turtlesim/turtlesim/action\n'}
[0.536723] (turtlesim) StdoutLine: {'line': b'-- Up-to-date: /home/fiammetta/ros-stuff/ros2_ws/install/turtlesim/include/turtlesim/turtlesim/action/detail\n'}
[0.536824] (turtlesim) StdoutLine: {'line': b'-- Up-to-date: /home/fiammetta/ros-stuff/ros2_ws/install/turtlesim/include/turtlesim/turtlesim/action/detail/rotate_absolute__rosidl_typesupport_fastrtps_c.h\n'}
[0.536908] (turtlesim) StdoutLine: {'line': b'-- Up-to-date: /home/fiammetta/ros-stuff/ros2_ws/install/turtlesim/include/turtlesim/turtlesim/msg\n'}
[0.537047] (turtlesim) StdoutLine: {'line': b'-- Up-to-date: /home/fiammetta/ros-stuff/ros2_ws/install/turtlesim/include/turtlesim/turtlesim/msg/detail\n'}
[0.537127] (turtlesim) StdoutLine: {'line': b'-- Up-to-date: /home/fiammetta/ros-stuff/ros2_ws/install/turtlesim/include/turtlesim/turtlesim/msg/detail/color__rosidl_typesupport_fastrtps_c.h\n'}
[0.537202] (turtlesim) StdoutLine: {'line': b'-- Up-to-date: /home/fiammetta/ros-stuff/ros2_ws/install/turtlesim/include/turtlesim/turtlesim/msg/detail/pose__rosidl_typesupport_fastrtps_c.h\n'}
[0.537276] (turtlesim) StdoutLine: {'line': b'-- Up-to-date: /home/fiammetta/ros-stuff/ros2_ws/install/turtlesim/include/turtlesim/turtlesim/msg/rosidl_typesupport_fastrtps_c__visibility_control.h\n'}
[0.537349] (turtlesim) StdoutLine: {'line': b'-- Up-to-date: /home/fiammetta/ros-stuff/ros2_ws/install/turtlesim/include/turtlesim/turtlesim/srv\n'}
[0.537422] (turtlesim) StdoutLine: {'line': b'-- Up-to-date: /home/fiammetta/ros-stuff/ros2_ws/install/turtlesim/include/turtlesim/turtlesim/srv/detail\n'}
[0.537494] (turtlesim) StdoutLine: {'line': b'-- Up-to-date: /home/fiammetta/ros-stuff/ros2_ws/install/turtlesim/include/turtlesim/turtlesim/srv/detail/spawn__rosidl_typesupport_fastrtps_c.h\n'}
[0.537567] (turtlesim) StdoutLine: {'line': b'-- Up-to-date: /home/fiammetta/ros-stuff/ros2_ws/install/turtlesim/include/turtlesim/turtlesim/srv/detail/teleport_absolute__rosidl_typesupport_fastrtps_c.h\n'}
[0.537699] (turtlesim) StdoutLine: {'line': b'-- Up-to-date: /home/fiammetta/ros-stuff/ros2_ws/install/turtlesim/include/turtlesim/turtlesim/srv/detail/kill__rosidl_typesupport_fastrtps_c.h\n'}
[0.537776] (turtlesim) StdoutLine: {'line': b'-- Up-to-date: /home/fiammetta/ros-stuff/ros2_ws/install/turtlesim/include/turtlesim/turtlesim/srv/detail/set_pen__rosidl_typesupport_fastrtps_c.h\n'}
[0.537863] (turtlesim) StdoutLine: {'line': b'-- Up-to-date: /home/fiammetta/ros-stuff/ros2_ws/install/turtlesim/include/turtlesim/turtlesim/srv/detail/teleport_relative__rosidl_typesupport_fastrtps_c.h\n'}
[0.537938] (turtlesim) StdoutLine: {'line': b'-- Up-to-date: /home/fiammetta/ros-stuff/ros2_ws/install/turtlesim/lib/libturtlesim__rosidl_typesupport_fastrtps_c.so\n'}
[0.538012] (turtlesim) StdoutLine: {'line': b'-- Up-to-date: /home/fiammetta/ros-stuff/ros2_ws/install/turtlesim/include/turtlesim/turtlesim\n'}
[0.538084] (turtlesim) StdoutLine: {'line': b'-- Up-to-date: /home/fiammetta/ros-stuff/ros2_ws/install/turtlesim/include/turtlesim/turtlesim/action\n'}
[0.538157] (turtlesim) StdoutLine: {'line': b'-- Up-to-date: /home/fiammetta/ros-stuff/ros2_ws/install/turtlesim/include/turtlesim/turtlesim/action/detail\n'}
[0.538229] (turtlesim) StdoutLine: {'line': b'-- Up-to-date: /home/fiammetta/ros-stuff/ros2_ws/install/turtlesim/include/turtlesim/turtlesim/action/detail/rotate_absolute__type_support.hpp\n'}
[0.538301] (turtlesim) StdoutLine: {'line': b'-- Up-to-date: /home/fiammetta/ros-stuff/ros2_ws/install/turtlesim/include/turtlesim/turtlesim/action/detail/rotate_absolute__traits.hpp\n'}
[0.538374] (turtlesim) StdoutLine: {'line': b'-- Up-to-date: /home/fiammetta/ros-stuff/ros2_ws/install/turtlesim/include/turtlesim/turtlesim/action/detail/rotate_absolute__struct.hpp\n'}
[0.538471] (turtlesim) StdoutLine: {'line': b'-- Up-to-date: /home/fiammetta/ros-stuff/ros2_ws/install/turtlesim/include/turtlesim/turtlesim/action/detail/rotate_absolute__builder.hpp\n'}
[0.538548] (turtlesim) StdoutLine: {'line': b'-- Up-to-date: /home/fiammetta/ros-stuff/ros2_ws/install/turtlesim/include/turtlesim/turtlesim/action/rotate_absolute.hpp\n'}
[0.538622] (turtlesim) StdoutLine: {'line': b'-- Up-to-date: /home/fiammetta/ros-stuff/ros2_ws/install/turtlesim/include/turtlesim/turtlesim/msg\n'}
[0.538723] (turtlesim) StdoutLine: {'line': b'-- Up-to-date: /home/fiammetta/ros-stuff/ros2_ws/install/turtlesim/include/turtlesim/turtlesim/msg/rosidl_generator_cpp__visibility_control.hpp\n'}
[0.538802] (turtlesim) StdoutLine: {'line': b'-- Up-to-date: /home/fiammetta/ros-stuff/ros2_ws/install/turtlesim/include/turtlesim/turtlesim/msg/detail\n'}
[0.538883] (turtlesim) StdoutLine: {'line': b'-- Up-to-date: /home/fiammetta/ros-stuff/ros2_ws/install/turtlesim/include/turtlesim/turtlesim/msg/detail/pose__traits.hpp\n'}
[0.538957] (turtlesim) StdoutLine: {'line': b'-- Up-to-date: /home/fiammetta/ros-stuff/ros2_ws/install/turtlesim/include/turtlesim/turtlesim/msg/detail/color__struct.hpp\n'}
[0.539030] (turtlesim) StdoutLine: {'line': b'-- Up-to-date: /home/fiammetta/ros-stuff/ros2_ws/install/turtlesim/include/turtlesim/turtlesim/msg/detail/color__builder.hpp\n'}
[0.539103] (turtlesim) StdoutLine: {'line': b'-- Up-to-date: /home/fiammetta/ros-stuff/ros2_ws/install/turtlesim/include/turtlesim/turtlesim/msg/detail/color__type_support.hpp\n'}
[0.539176] (turtlesim) StdoutLine: {'line': b'-- Up-to-date: /home/fiammetta/ros-stuff/ros2_ws/install/turtlesim/include/turtlesim/turtlesim/msg/detail/color__traits.hpp\n'}
[0.539249] (turtlesim) StdoutLine: {'line': b'-- Up-to-date: /home/fiammetta/ros-stuff/ros2_ws/install/turtlesim/include/turtlesim/turtlesim/msg/detail/pose__struct.hpp\n'}
[0.539322] (turtlesim) StdoutLine: {'line': b'-- Up-to-date: /home/fiammetta/ros-stuff/ros2_ws/install/turtlesim/include/turtlesim/turtlesim/msg/detail/pose__type_support.hpp\n'}
[0.539395] (turtlesim) StdoutLine: {'line': b'-- Up-to-date: /home/fiammetta/ros-stuff/ros2_ws/install/turtlesim/include/turtlesim/turtlesim/msg/detail/pose__builder.hpp\n'}
[0.539467] (turtlesim) StdoutLine: {'line': b'-- Up-to-date: /home/fiammetta/ros-stuff/ros2_ws/install/turtlesim/include/turtlesim/turtlesim/msg/pose.hpp\n'}
[0.539657] (turtlesim) StdoutLine: {'line': b'-- Up-to-date: /home/fiammetta/ros-stuff/ros2_ws/install/turtlesim/include/turtlesim/turtlesim/msg/color.hpp\n'}
[0.539734] (turtlesim) StdoutLine: {'line': b'-- Up-to-date: /home/fiammetta/ros-stuff/ros2_ws/install/turtlesim/include/turtlesim/turtlesim/srv\n'}
[0.539814] (turtlesim) StdoutLine: {'line': b'-- Up-to-date: /home/fiammetta/ros-stuff/ros2_ws/install/turtlesim/include/turtlesim/turtlesim/srv/kill.hpp\n'}
[0.539895] (turtlesim) StdoutLine: {'line': b'-- Up-to-date: /home/fiammetta/ros-stuff/ros2_ws/install/turtlesim/include/turtlesim/turtlesim/srv/teleport_absolute.hpp\n'}
[0.539970] (turtlesim) StdoutLine: {'line': b'-- Up-to-date: /home/fiammetta/ros-stuff/ros2_ws/install/turtlesim/include/turtlesim/turtlesim/srv/set_pen.hpp\n'}
[0.540043] (turtlesim) StdoutLine: {'line': b'-- Up-to-date: /home/fiammetta/ros-stuff/ros2_ws/install/turtlesim/include/turtlesim/turtlesim/srv/spawn.hpp\n'}
[0.540116] (turtlesim) StdoutLine: {'line': b'-- Up-to-date: /home/fiammetta/ros-stuff/ros2_ws/install/turtlesim/include/turtlesim/turtlesim/srv/detail\n'}
[0.540188] (turtlesim) StdoutLine: {'line': b'-- Up-to-date: /home/fiammetta/ros-stuff/ros2_ws/install/turtlesim/include/turtlesim/turtlesim/srv/detail/set_pen__builder.hpp\n'}
[0.540260] (turtlesim) StdoutLine: {'line': b'-- Up-to-date: /home/fiammetta/ros-stuff/ros2_ws/install/turtlesim/include/turtlesim/turtlesim/srv/detail/spawn__traits.hpp\n'}
[0.540332] (turtlesim) StdoutLine: {'line': b'-- Up-to-date: /home/fiammetta/ros-stuff/ros2_ws/install/turtlesim/include/turtlesim/turtlesim/srv/detail/kill__traits.hpp\n'}
[0.540405] (turtlesim) StdoutLine: {'line': b'-- Up-to-date: /home/fiammetta/ros-stuff/ros2_ws/install/turtlesim/include/turtlesim/turtlesim/srv/detail/teleport_absolute__struct.hpp\n'}
[0.540478] (turtlesim) StdoutLine: {'line': b'-- Up-to-date: /home/fiammetta/ros-stuff/ros2_ws/install/turtlesim/include/turtlesim/turtlesim/srv/detail/spawn__type_support.hpp\n'}
[0.540552] (turtlesim) StdoutLine: {'line': b'-- Up-to-date: /home/fiammetta/ros-stuff/ros2_ws/install/turtlesim/include/turtlesim/turtlesim/srv/detail/set_pen__struct.hpp\n'}
[0.540624] (turtlesim) StdoutLine: {'line': b'-- Up-to-date: /home/fiammetta/ros-stuff/ros2_ws/install/turtlesim/include/turtlesim/turtlesim/srv/detail/teleport_absolute__builder.hpp\n'}
[0.540696] (turtlesim) StdoutLine: {'line': b'-- Up-to-date: /home/fiammetta/ros-stuff/ros2_ws/install/turtlesim/include/turtlesim/turtlesim/srv/detail/teleport_absolute__type_support.hpp\n'}
[0.540770] (turtlesim) StdoutLine: {'line': b'-- Up-to-date: /home/fiammetta/ros-stuff/ros2_ws/install/turtlesim/include/turtlesim/turtlesim/srv/detail/set_pen__traits.hpp\n'}
[0.540854] (turtlesim) StdoutLine: {'line': b'-- Up-to-date: /home/fiammetta/ros-stuff/ros2_ws/install/turtlesim/include/turtlesim/turtlesim/srv/detail/teleport_relative__traits.hpp\n'}
[0.540954] (turtlesim) StdoutLine: {'line': b'-- Up-to-date: /home/fiammetta/ros-stuff/ros2_ws/install/turtlesim/include/turtlesim/turtlesim/srv/detail/teleport_relative__type_support.hpp\n'}
[0.541031] (turtlesim) StdoutLine: {'line': b'-- Up-to-date: /home/fiammetta/ros-stuff/ros2_ws/install/turtlesim/include/turtlesim/turtlesim/srv/detail/teleport_absolute__traits.hpp\n'}
[0.541105] (turtlesim) StdoutLine: {'line': b'-- Up-to-date: /home/fiammetta/ros-stuff/ros2_ws/install/turtlesim/include/turtlesim/turtlesim/srv/detail/kill__struct.hpp\n'}
[0.541179] (turtlesim) StdoutLine: {'line': b'-- Up-to-date: /home/fiammetta/ros-stuff/ros2_ws/install/turtlesim/include/turtlesim/turtlesim/srv/detail/spawn__builder.hpp\n'}
[0.541254] (turtlesim) StdoutLine: {'line': b'-- Up-to-date: /home/fiammetta/ros-stuff/ros2_ws/install/turtlesim/include/turtlesim/turtlesim/srv/detail/teleport_relative__builder.hpp\n'}
[0.541329] (turtlesim) StdoutLine: {'line': b'-- Up-to-date: /home/fiammetta/ros-stuff/ros2_ws/install/turtlesim/include/turtlesim/turtlesim/srv/detail/spawn__struct.hpp\n'}
[0.541631] (turtlesim) StdoutLine: {'line': b'-- Up-to-date: /home/fiammetta/ros-stuff/ros2_ws/install/turtlesim/include/turtlesim/turtlesim/srv/detail/kill__builder.hpp\n'}
[0.541705] (turtlesim) StdoutLine: {'line': b'-- Up-to-date: /home/fiammetta/ros-stuff/ros2_ws/install/turtlesim/include/turtlesim/turtlesim/srv/detail/teleport_relative__struct.hpp\n'}
[0.541770] (turtlesim) StdoutLine: {'line': b'-- Up-to-date: /home/fiammetta/ros-stuff/ros2_ws/install/turtlesim/include/turtlesim/turtlesim/srv/detail/kill__type_support.hpp\n'}
[0.541871] (turtlesim) StdoutLine: {'line': b'-- Up-to-date: /home/fiammetta/ros-stuff/ros2_ws/install/turtlesim/include/turtlesim/turtlesim/srv/detail/set_pen__type_support.hpp\n'}
[0.541929] (turtlesim) StdoutLine: {'line': b'-- Up-to-date: /home/fiammetta/ros-stuff/ros2_ws/install/turtlesim/include/turtlesim/turtlesim/srv/teleport_relative.hpp\n'}
[0.541984] (turtlesim) StdoutLine: {'line': b'-- Up-to-date: /home/fiammetta/ros-stuff/ros2_ws/install/turtlesim/include/turtlesim/turtlesim\n'}
[0.542039] (turtlesim) StdoutLine: {'line': b'-- Up-to-date: /home/fiammetta/ros-stuff/ros2_ws/install/turtlesim/include/turtlesim/turtlesim/action\n'}
[0.542095] (turtlesim) StdoutLine: {'line': b'-- Up-to-date: /home/fiammetta/ros-stuff/ros2_ws/install/turtlesim/include/turtlesim/turtlesim/action/detail\n'}
[0.542151] (turtlesim) StdoutLine: {'line': b'-- Up-to-date: /home/fiammetta/ros-stuff/ros2_ws/install/turtlesim/include/turtlesim/turtlesim/action/detail/rotate_absolute__rosidl_typesupport_fastrtps_cpp.hpp\n'}
[0.542208] (turtlesim) StdoutLine: {'line': b'-- Up-to-date: /home/fiammetta/ros-stuff/ros2_ws/install/turtlesim/include/turtlesim/turtlesim/action/detail/dds_fastrtps\n'}
[0.542281] (turtlesim) StdoutLine: {'line': b'-- Up-to-date: /home/fiammetta/ros-stuff/ros2_ws/install/turtlesim/include/turtlesim/turtlesim/msg\n'}
[0.542336] (turtlesim) StdoutLine: {'line': b'-- Up-to-date: /home/fiammetta/ros-stuff/ros2_ws/install/turtlesim/include/turtlesim/turtlesim/msg/detail\n'}
[0.542392] (turtlesim) StdoutLine: {'line': b'-- Up-to-date: /home/fiammetta/ros-stuff/ros2_ws/install/turtlesim/include/turtlesim/turtlesim/msg/detail/color__rosidl_typesupport_fastrtps_cpp.hpp\n'}
[0.542445] (turtlesim) StdoutLine: {'line': b'-- Up-to-date: /home/fiammetta/ros-stuff/ros2_ws/install/turtlesim/include/turtlesim/turtlesim/msg/detail/dds_fastrtps\n'}
[0.542498] (turtlesim) StdoutLine: {'line': b'-- Up-to-date: /home/fiammetta/ros-stuff/ros2_ws/install/turtlesim/include/turtlesim/turtlesim/msg/detail/pose__rosidl_typesupport_fastrtps_cpp.hpp\n'}
[0.542551] (turtlesim) StdoutLine: {'line': b'-- Up-to-date: /home/fiammetta/ros-stuff/ros2_ws/install/turtlesim/include/turtlesim/turtlesim/msg/rosidl_typesupport_fastrtps_cpp__visibility_control.h\n'}
[0.542604] (turtlesim) StdoutLine: {'line': b'-- Up-to-date: /home/fiammetta/ros-stuff/ros2_ws/install/turtlesim/include/turtlesim/turtlesim/srv\n'}
[0.542656] (turtlesim) StdoutLine: {'line': b'-- Up-to-date: /home/fiammetta/ros-stuff/ros2_ws/install/turtlesim/include/turtlesim/turtlesim/srv/detail\n'}
[0.542709] (turtlesim) StdoutLine: {'line': b'-- Up-to-date: /home/fiammetta/ros-stuff/ros2_ws/install/turtlesim/include/turtlesim/turtlesim/srv/detail/spawn__rosidl_typesupport_fastrtps_cpp.hpp\n'}
[0.542762] (turtlesim) StdoutLine: {'line': b'-- Up-to-date: /home/fiammetta/ros-stuff/ros2_ws/install/turtlesim/include/turtlesim/turtlesim/srv/detail/teleport_relative__rosidl_typesupport_fastrtps_cpp.hpp\n'}
[0.542830] (turtlesim) StdoutLine: {'line': b'-- Up-to-date: /home/fiammetta/ros-stuff/ros2_ws/install/turtlesim/include/turtlesim/turtlesim/srv/detail/teleport_absolute__rosidl_typesupport_fastrtps_cpp.hpp\n'}
[0.542888] (turtlesim) StdoutLine: {'line': b'-- Up-to-date: /home/fiammetta/ros-stuff/ros2_ws/install/turtlesim/include/turtlesim/turtlesim/srv/detail/kill__rosidl_typesupport_fastrtps_cpp.hpp\n'}
[0.542941] (turtlesim) StdoutLine: {'line': b'-- Up-to-date: /home/fiammetta/ros-stuff/ros2_ws/install/turtlesim/include/turtlesim/turtlesim/srv/detail/set_pen__rosidl_typesupport_fastrtps_cpp.hpp\n'}
[0.542998] (turtlesim) StdoutLine: {'line': b'-- Up-to-date: /home/fiammetta/ros-stuff/ros2_ws/install/turtlesim/include/turtlesim/turtlesim/srv/detail/dds_fastrtps\n'}
[0.543055] (turtlesim) StdoutLine: {'line': b'-- Up-to-date: /home/fiammetta/ros-stuff/ros2_ws/install/turtlesim/lib/libturtlesim__rosidl_typesupport_fastrtps_cpp.so\n'}
[0.543108] (turtlesim) StdoutLine: {'line': b'-- Up-to-date: /home/fiammetta/ros-stuff/ros2_ws/install/turtlesim/include/turtlesim/turtlesim\n'}
[0.543160] (turtlesim) StdoutLine: {'line': b'-- Up-to-date: /home/fiammetta/ros-stuff/ros2_ws/install/turtlesim/include/turtlesim/turtlesim/action\n'}
[0.543241] (turtlesim) StdoutLine: {'line': b'-- Up-to-date: /home/fiammetta/ros-stuff/ros2_ws/install/turtlesim/include/turtlesim/turtlesim/action/detail\n'}
[0.543292] (turtlesim) StdoutLine: {'line': b'-- Up-to-date: /home/fiammetta/ros-stuff/ros2_ws/install/turtlesim/include/turtlesim/turtlesim/action/detail/rotate_absolute__rosidl_typesupport_introspection_c.h\n'}
[0.543345] (turtlesim) StdoutLine: {'line': b'-- Up-to-date: /home/fiammetta/ros-stuff/ros2_ws/install/turtlesim/include/turtlesim/turtlesim/action/detail/rotate_absolute__type_support.c\n'}
[0.543398] (turtlesim) StdoutLine: {'line': b'-- Up-to-date: /home/fiammetta/ros-stuff/ros2_ws/install/turtlesim/include/turtlesim/turtlesim/msg\n'}
[0.543451] (turtlesim) StdoutLine: {'line': b'-- Up-to-date: /home/fiammetta/ros-stuff/ros2_ws/install/turtlesim/include/turtlesim/turtlesim/msg/detail\n'}
[0.543503] (turtlesim) StdoutLine: {'line': b'-- Up-to-date: /home/fiammetta/ros-stuff/ros2_ws/install/turtlesim/include/turtlesim/turtlesim/msg/detail/pose__rosidl_typesupport_introspection_c.h\n'}
[0.543556] (turtlesim) StdoutLine: {'line': b'-- Up-to-date: /home/fiammetta/ros-stuff/ros2_ws/install/turtlesim/include/turtlesim/turtlesim/msg/detail/color__rosidl_typesupport_introspection_c.h\n'}
[0.543609] (turtlesim) StdoutLine: {'line': b'-- Up-to-date: /home/fiammetta/ros-stuff/ros2_ws/install/turtlesim/include/turtlesim/turtlesim/msg/detail/pose__type_support.c\n'}
[0.543661] (turtlesim) StdoutLine: {'line': b'-- Up-to-date: /home/fiammetta/ros-stuff/ros2_ws/install/turtlesim/include/turtlesim/turtlesim/msg/detail/color__type_support.c\n'}
[0.543714] (turtlesim) StdoutLine: {'line': b'-- Up-to-date: /home/fiammetta/ros-stuff/ros2_ws/install/turtlesim/include/turtlesim/turtlesim/msg/rosidl_typesupport_introspection_c__visibility_control.h\n'}
[0.543766] (turtlesim) StdoutLine: {'line': b'-- Up-to-date: /home/fiammetta/ros-stuff/ros2_ws/install/turtlesim/include/turtlesim/turtlesim/srv\n'}
[0.543826] (turtlesim) StdoutLine: {'line': b'-- Up-to-date: /home/fiammetta/ros-stuff/ros2_ws/install/turtlesim/include/turtlesim/turtlesim/srv/detail\n'}
[0.543881] (turtlesim) StdoutLine: {'line': b'-- Up-to-date: /home/fiammetta/ros-stuff/ros2_ws/install/turtlesim/include/turtlesim/turtlesim/srv/detail/kill__type_support.c\n'}
[0.543934] (turtlesim) StdoutLine: {'line': b'-- Up-to-date: /home/fiammetta/ros-stuff/ros2_ws/install/turtlesim/include/turtlesim/turtlesim/srv/detail/teleport_absolute__type_support.c\n'}
[0.543986] (turtlesim) StdoutLine: {'line': b'-- Up-to-date: /home/fiammetta/ros-stuff/ros2_ws/install/turtlesim/include/turtlesim/turtlesim/srv/detail/teleport_relative__type_support.c\n'}
[0.544046] (turtlesim) StdoutLine: {'line': b'-- Up-to-date: /home/fiammetta/ros-stuff/ros2_ws/install/turtlesim/include/turtlesim/turtlesim/srv/detail/set_pen__rosidl_typesupport_introspection_c.h\n'}
[0.544099] (turtlesim) StdoutLine: {'line': b'-- Up-to-date: /home/fiammetta/ros-stuff/ros2_ws/install/turtlesim/include/turtlesim/turtlesim/srv/detail/kill__rosidl_typesupport_introspection_c.h\n'}
[0.544153] (turtlesim) StdoutLine: {'line': b'-- Up-to-date: /home/fiammetta/ros-stuff/ros2_ws/install/turtlesim/include/turtlesim/turtlesim/srv/detail/spawn__type_support.c\n'}
[0.544205] (turtlesim) StdoutLine: {'line': b'-- Up-to-date: /home/fiammetta/ros-stuff/ros2_ws/install/turtlesim/include/turtlesim/turtlesim/srv/detail/teleport_relative__rosidl_typesupport_introspection_c.h\n'}
[0.544264] (turtlesim) StdoutLine: {'line': b'-- Up-to-date: /home/fiammetta/ros-stuff/ros2_ws/install/turtlesim/include/turtlesim/turtlesim/srv/detail/set_pen__type_support.c\n'}
[0.544317] (turtlesim) StdoutLine: {'line': b'-- Up-to-date: /home/fiammetta/ros-stuff/ros2_ws/install/turtlesim/include/turtlesim/turtlesim/srv/detail/spawn__rosidl_typesupport_introspection_c.h\n'}
[0.544369] (turtlesim) StdoutLine: {'line': b'-- Up-to-date: /home/fiammetta/ros-stuff/ros2_ws/install/turtlesim/include/turtlesim/turtlesim/srv/detail/teleport_absolute__rosidl_typesupport_introspection_c.h\n'}
[0.544421] (turtlesim) StdoutLine: {'line': b'-- Up-to-date: /home/fiammetta/ros-stuff/ros2_ws/install/turtlesim/lib/libturtlesim__rosidl_typesupport_introspection_c.so\n'}
[0.544473] (turtlesim) StdoutLine: {'line': b'-- Up-to-date: /home/fiammetta/ros-stuff/ros2_ws/install/turtlesim/lib/libturtlesim__rosidl_typesupport_c.so\n'}
[0.544525] (turtlesim) StdoutLine: {'line': b'-- Up-to-date: /home/fiammetta/ros-stuff/ros2_ws/install/turtlesim/include/turtlesim/turtlesim\n'}
[0.544577] (turtlesim) StdoutLine: {'line': b'-- Up-to-date: /home/fiammetta/ros-stuff/ros2_ws/install/turtlesim/include/turtlesim/turtlesim/action\n'}
[0.544629] (turtlesim) StdoutLine: {'line': b'-- Up-to-date: /home/fiammetta/ros-stuff/ros2_ws/install/turtlesim/include/turtlesim/turtlesim/action/detail\n'}
[0.544685] (turtlesim) StdoutLine: {'line': b'-- Up-to-date: /home/fiammetta/ros-stuff/ros2_ws/install/turtlesim/include/turtlesim/turtlesim/action/detail/rotate_absolute__type_support.cpp\n'}
[0.544738] (turtlesim) StdoutLine: {'line': b'-- Up-to-date: /home/fiammetta/ros-stuff/ros2_ws/install/turtlesim/include/turtlesim/turtlesim/action/detail/rotate_absolute__rosidl_typesupport_introspection_cpp.hpp\n'}
[0.544791] (turtlesim) StdoutLine: {'line': b'-- Up-to-date: /home/fiammetta/ros-stuff/ros2_ws/install/turtlesim/include/turtlesim/turtlesim/msg\n'}
[0.544848] (turtlesim) StdoutLine: {'line': b'-- Up-to-date: /home/fiammetta/ros-stuff/ros2_ws/install/turtlesim/include/turtlesim/turtlesim/msg/detail\n'}
[0.544904] (turtlesim) StdoutLine: {'line': b'-- Up-to-date: /home/fiammetta/ros-stuff/ros2_ws/install/turtlesim/include/turtlesim/turtlesim/msg/detail/pose__rosidl_typesupport_introspection_cpp.hpp\n'}
[0.544956] (turtlesim) StdoutLine: {'line': b'-- Up-to-date: /home/fiammetta/ros-stuff/ros2_ws/install/turtlesim/include/turtlesim/turtlesim/msg/detail/pose__type_support.cpp\n'}
[0.545008] (turtlesim) StdoutLine: {'line': b'-- Up-to-date: /home/fiammetta/ros-stuff/ros2_ws/install/turtlesim/include/turtlesim/turtlesim/msg/detail/color__type_support.cpp\n'}
[0.545060] (turtlesim) StdoutLine: {'line': b'-- Up-to-date: /home/fiammetta/ros-stuff/ros2_ws/install/turtlesim/include/turtlesim/turtlesim/msg/detail/color__rosidl_typesupport_introspection_cpp.hpp\n'}
[0.545113] (turtlesim) StdoutLine: {'line': b'-- Up-to-date: /home/fiammetta/ros-stuff/ros2_ws/install/turtlesim/include/turtlesim/turtlesim/srv\n'}
[0.545165] (turtlesim) StdoutLine: {'line': b'-- Up-to-date: /home/fiammetta/ros-stuff/ros2_ws/install/turtlesim/include/turtlesim/turtlesim/srv/detail\n'}
[0.545216] (turtlesim) StdoutLine: {'line': b'-- Up-to-date: /home/fiammetta/ros-stuff/ros2_ws/install/turtlesim/include/turtlesim/turtlesim/srv/detail/set_pen__rosidl_typesupport_introspection_cpp.hpp\n'}
[0.545268] (turtlesim) StdoutLine: {'line': b'-- Up-to-date: /home/fiammetta/ros-stuff/ros2_ws/install/turtlesim/include/turtlesim/turtlesim/srv/detail/spawn__type_support.cpp\n'}
[0.545320] (turtlesim) StdoutLine: {'line': b'-- Up-to-date: /home/fiammetta/ros-stuff/ros2_ws/install/turtlesim/include/turtlesim/turtlesim/srv/detail/teleport_relative__rosidl_typesupport_introspection_cpp.hpp\n'}
[0.545372] (turtlesim) StdoutLine: {'line': b'-- Up-to-date: /home/fiammetta/ros-stuff/ros2_ws/install/turtlesim/include/turtlesim/turtlesim/srv/detail/teleport_absolute__type_support.cpp\n'}
[0.545424] (turtlesim) StdoutLine: {'line': b'-- Up-to-date: /home/fiammetta/ros-stuff/ros2_ws/install/turtlesim/include/turtlesim/turtlesim/srv/detail/spawn__rosidl_typesupport_introspection_cpp.hpp\n'}
[0.545480] (turtlesim) StdoutLine: {'line': b'-- Up-to-date: /home/fiammetta/ros-stuff/ros2_ws/install/turtlesim/include/turtlesim/turtlesim/srv/detail/teleport_relative__type_support.cpp\n'}
[0.545531] (turtlesim) StdoutLine: {'line': b'-- Up-to-date: /home/fiammetta/ros-stuff/ros2_ws/install/turtlesim/include/turtlesim/turtlesim/srv/detail/set_pen__type_support.cpp\n'}
[0.545583] (turtlesim) StdoutLine: {'line': b'-- Up-to-date: /home/fiammetta/ros-stuff/ros2_ws/install/turtlesim/include/turtlesim/turtlesim/srv/detail/kill__type_support.cpp\n'}
[0.545635] (turtlesim) StdoutLine: {'line': b'-- Up-to-date: /home/fiammetta/ros-stuff/ros2_ws/install/turtlesim/include/turtlesim/turtlesim/srv/detail/teleport_absolute__rosidl_typesupport_introspection_cpp.hpp\n'}
[0.545694] (turtlesim) StdoutLine: {'line': b'-- Up-to-date: /home/fiammetta/ros-stuff/ros2_ws/install/turtlesim/include/turtlesim/turtlesim/srv/detail/kill__rosidl_typesupport_introspection_cpp.hpp\n'}
[0.545747] (turtlesim) StdoutLine: {'line': b'-- Up-to-date: /home/fiammetta/ros-stuff/ros2_ws/install/turtlesim/lib/libturtlesim__rosidl_typesupport_introspection_cpp.so\n'}
[0.545806] (turtlesim) StdoutLine: {'line': b'-- Up-to-date: /home/fiammetta/ros-stuff/ros2_ws/install/turtlesim/lib/libturtlesim__rosidl_typesupport_cpp.so\n'}
[0.545863] (turtlesim) StdoutLine: {'line': b'-- Up-to-date: /home/fiammetta/ros-stuff/ros2_ws/install/turtlesim/share/turtlesim/environment/pythonpath.sh\n'}
[0.545917] (turtlesim) StdoutLine: {'line': b'-- Up-to-date: /home/fiammetta/ros-stuff/ros2_ws/install/turtlesim/share/turtlesim/environment/pythonpath.dsv\n'}
[0.545970] (turtlesim) StdoutLine: {'line': b'-- Up-to-date: /home/fiammetta/ros-stuff/ros2_ws/install/turtlesim/local/lib/python3.10/dist-packages/turtlesim-1.4.3-py3.10.egg-info\n'}
[0.546023] (turtlesim) StdoutLine: {'line': b'-- Installing: /home/fiammetta/ros-stuff/ros2_ws/install/turtlesim/local/lib/python3.10/dist-packages/turtlesim-1.4.3-py3.10.egg-info/SOURCES.txt\n'}
[0.546078] (turtlesim) StdoutLine: {'line': b'-- Installing: /home/fiammetta/ros-stuff/ros2_ws/install/turtlesim/local/lib/python3.10/dist-packages/turtlesim-1.4.3-py3.10.egg-info/PKG-INFO\n'}
[0.546131] (turtlesim) StdoutLine: {'line': b'-- Installing: /home/fiammetta/ros-stuff/ros2_ws/install/turtlesim/local/lib/python3.10/dist-packages/turtlesim-1.4.3-py3.10.egg-info/top_level.txt\n'}
[0.546187] (turtlesim) StdoutLine: {'line': b'-- Installing: /home/fiammetta/ros-stuff/ros2_ws/install/turtlesim/local/lib/python3.10/dist-packages/turtlesim-1.4.3-py3.10.egg-info/dependency_links.txt\n'}
[0.546241] (turtlesim) StdoutLine: {'line': b'-- Up-to-date: /home/fiammetta/ros-stuff/ros2_ws/install/turtlesim/local/lib/python3.10/dist-packages/turtlesim\n'}
[0.546295] (turtlesim) StdoutLine: {'line': b'-- Up-to-date: /home/fiammetta/ros-stuff/ros2_ws/install/turtlesim/local/lib/python3.10/dist-packages/turtlesim/_turtlesim_s.ep.rosidl_typesupport_introspection_c.c\n'}
[0.546347] (turtlesim) StdoutLine: {'line': b'-- Up-to-date: /home/fiammetta/ros-stuff/ros2_ws/install/turtlesim/local/lib/python3.10/dist-packages/turtlesim/action\n'}
[0.546400] (turtlesim) StdoutLine: {'line': b'-- Up-to-date: /home/fiammetta/ros-stuff/ros2_ws/install/turtlesim/local/lib/python3.10/dist-packages/turtlesim/action/__init__.py\n'}
[0.546453] (turtlesim) StdoutLine: {'line': b'-- Up-to-date: /home/fiammetta/ros-stuff/ros2_ws/install/turtlesim/local/lib/python3.10/dist-packages/turtlesim/action/_rotate_absolute_s.c\n'}
[0.546505] (turtlesim) StdoutLine: {'line': b'-- Up-to-date: /home/fiammetta/ros-stuff/ros2_ws/install/turtlesim/local/lib/python3.10/dist-packages/turtlesim/action/_rotate_absolute.py\n'}
[0.546557] (turtlesim) StdoutLine: {'line': b'-- Up-to-date: /home/fiammetta/ros-stuff/ros2_ws/install/turtlesim/local/lib/python3.10/dist-packages/turtlesim/turtlesim_s__rosidl_typesupport_introspection_c.cpython-310-x86_64-linux-gnu.so\n'}
[0.546615] (turtlesim) StdoutLine: {'line': b'-- Up-to-date: /home/fiammetta/ros-stuff/ros2_ws/install/turtlesim/local/lib/python3.10/dist-packages/turtlesim/_turtlesim_s.ep.rosidl_typesupport_fastrtps_c.c\n'}
[0.546668] (turtlesim) StdoutLine: {'line': b'-- Up-to-date: /home/fiammetta/ros-stuff/ros2_ws/install/turtlesim/local/lib/python3.10/dist-packages/turtlesim/__init__.py\n'}
[0.546721] (turtlesim) StdoutLine: {'line': b'-- Up-to-date: /home/fiammetta/ros-stuff/ros2_ws/install/turtlesim/local/lib/python3.10/dist-packages/turtlesim/libturtlesim__rosidl_generator_py.so\n'}
[0.546774] (turtlesim) StdoutLine: {'line': b'-- Up-to-date: /home/fiammetta/ros-stuff/ros2_ws/install/turtlesim/local/lib/python3.10/dist-packages/turtlesim/turtlesim_s__rosidl_typesupport_fastrtps_c.cpython-310-x86_64-linux-gnu.so\n'}
[0.546847] (turtlesim) StdoutLine: {'line': b'-- Up-to-date: /home/fiammetta/ros-stuff/ros2_ws/install/turtlesim/local/lib/python3.10/dist-packages/turtlesim/turtlesim_s__rosidl_typesupport_c.cpython-310-x86_64-linux-gnu.so\n'}
[0.546903] (turtlesim) StdoutLine: {'line': b'-- Up-to-date: /home/fiammetta/ros-stuff/ros2_ws/install/turtlesim/local/lib/python3.10/dist-packages/turtlesim/_turtlesim_s.ep.rosidl_typesupport_c.c\n'}
[0.546956] (turtlesim) StdoutLine: {'line': b'-- Up-to-date: /home/fiammetta/ros-stuff/ros2_ws/install/turtlesim/local/lib/python3.10/dist-packages/turtlesim/msg\n'}
[0.547008] (turtlesim) StdoutLine: {'line': b'-- Up-to-date: /home/fiammetta/ros-stuff/ros2_ws/install/turtlesim/local/lib/python3.10/dist-packages/turtlesim/msg/_color_s.c\n'}
[0.547060] (turtlesim) StdoutLine: {'line': b'-- Up-to-date: /home/fiammetta/ros-stuff/ros2_ws/install/turtlesim/local/lib/python3.10/dist-packages/turtlesim/msg/_pose_s.c\n'}
[0.547113] (turtlesim) StdoutLine: {'line': b'-- Up-to-date: /home/fiammetta/ros-stuff/ros2_ws/install/turtlesim/local/lib/python3.10/dist-packages/turtlesim/msg/_pose.py\n'}
[0.547165] (turtlesim) StdoutLine: {'line': b'-- Up-to-date: /home/fiammetta/ros-stuff/ros2_ws/install/turtlesim/local/lib/python3.10/dist-packages/turtlesim/msg/__init__.py\n'}
[0.547218] (turtlesim) StdoutLine: {'line': b'-- Up-to-date: /home/fiammetta/ros-stuff/ros2_ws/install/turtlesim/local/lib/python3.10/dist-packages/turtlesim/msg/_color.py\n'}
[0.547278] (turtlesim) StdoutLine: {'line': b'-- Up-to-date: /home/fiammetta/ros-stuff/ros2_ws/install/turtlesim/local/lib/python3.10/dist-packages/turtlesim/srv\n'}
[0.547331] (turtlesim) StdoutLine: {'line': b'-- Up-to-date: /home/fiammetta/ros-stuff/ros2_ws/install/turtlesim/local/lib/python3.10/dist-packages/turtlesim/srv/_teleport_absolute.py\n'}
[0.547383] (turtlesim) StdoutLine: {'line': b'-- Up-to-date: /home/fiammetta/ros-stuff/ros2_ws/install/turtlesim/local/lib/python3.10/dist-packages/turtlesim/srv/_spawn_s.c\n'}
[0.547436] (turtlesim) StdoutLine: {'line': b'-- Up-to-date: /home/fiammetta/ros-stuff/ros2_ws/install/turtlesim/local/lib/python3.10/dist-packages/turtlesim/srv/_teleport_relative.py\n'}
[0.547488] (turtlesim) StdoutLine: {'line': b'-- Up-to-date: /home/fiammetta/ros-stuff/ros2_ws/install/turtlesim/local/lib/python3.10/dist-packages/turtlesim/srv/_set_pen_s.c\n'}
[0.547541] (turtlesim) StdoutLine: {'line': b'-- Up-to-date: /home/fiammetta/ros-stuff/ros2_ws/install/turtlesim/local/lib/python3.10/dist-packages/turtlesim/srv/_spawn.py\n'}
[0.547594] (turtlesim) StdoutLine: {'line': b'-- Up-to-date: /home/fiammetta/ros-stuff/ros2_ws/install/turtlesim/local/lib/python3.10/dist-packages/turtlesim/srv/__init__.py\n'}
[0.547646] (turtlesim) StdoutLine: {'line': b'-- Up-to-date: /home/fiammetta/ros-stuff/ros2_ws/install/turtlesim/local/lib/python3.10/dist-packages/turtlesim/srv/_kill_s.c\n'}
[0.547702] (turtlesim) StdoutLine: {'line': b'-- Up-to-date: /home/fiammetta/ros-stuff/ros2_ws/install/turtlesim/local/lib/python3.10/dist-packages/turtlesim/srv/_set_pen.py\n'}
[0.547755] (turtlesim) StdoutLine: {'line': b'-- Up-to-date: /home/fiammetta/ros-stuff/ros2_ws/install/turtlesim/local/lib/python3.10/dist-packages/turtlesim/srv/_teleport_absolute_s.c\n'}
[0.547816] (turtlesim) StdoutLine: {'line': b'-- Up-to-date: /home/fiammetta/ros-stuff/ros2_ws/install/turtlesim/local/lib/python3.10/dist-packages/turtlesim/srv/_teleport_relative_s.c\n'}
[0.547874] (turtlesim) StdoutLine: {'line': b'-- Up-to-date: /home/fiammetta/ros-stuff/ros2_ws/install/turtlesim/local/lib/python3.10/dist-packages/turtlesim/srv/_kill.py\n'}
[0.572464] (turtlesim) StdoutLine: {'line': b"Listing '/home/fiammetta/ros-stuff/ros2_ws/install/turtlesim/local/lib/python3.10/dist-packages/turtlesim'...\n"}
[0.572612] (turtlesim) StdoutLine: {'line': b"Listing '/home/fiammetta/ros-stuff/ros2_ws/install/turtlesim/local/lib/python3.10/dist-packages/turtlesim/action'...\n"}
[0.572671] (turtlesim) StdoutLine: {'line': b"Listing '/home/fiammetta/ros-stuff/ros2_ws/install/turtlesim/local/lib/python3.10/dist-packages/turtlesim/msg'...\n"}
[0.572722] (turtlesim) StdoutLine: {'line': b"Listing '/home/fiammetta/ros-stuff/ros2_ws/install/turtlesim/local/lib/python3.10/dist-packages/turtlesim/srv'...\n"}
[0.576763] (turtlesim) StdoutLine: {'line': b'-- Up-to-date: /home/fiammetta/ros-stuff/ros2_ws/install/turtlesim/local/lib/python3.10/dist-packages/turtlesim/turtlesim_s__rosidl_typesupport_fastrtps_c.cpython-310-x86_64-linux-gnu.so\n'}
[0.576984] (turtlesim) StdoutLine: {'line': b'-- Up-to-date: /home/fiammetta/ros-stuff/ros2_ws/install/turtlesim/local/lib/python3.10/dist-packages/turtlesim/turtlesim_s__rosidl_typesupport_introspection_c.cpython-310-x86_64-linux-gnu.so\n'}
[0.577198] (turtlesim) StdoutLine: {'line': b'-- Up-to-date: /home/fiammetta/ros-stuff/ros2_ws/install/turtlesim/local/lib/python3.10/dist-packages/turtlesim/turtlesim_s__rosidl_typesupport_c.cpython-310-x86_64-linux-gnu.so\n'}
[0.577419] (turtlesim) StdoutLine: {'line': b'-- Up-to-date: /home/fiammetta/ros-stuff/ros2_ws/install/turtlesim/lib/libturtlesim__rosidl_generator_py.so\n'}
[0.577593] (turtlesim) StdoutLine: {'line': b'-- Up-to-date: /home/fiammetta/ros-stuff/ros2_ws/install/turtlesim/share/turtlesim/action/RotateAbsolute.idl\n'}
[0.577676] (turtlesim) StdoutLine: {'line': b'-- Up-to-date: /home/fiammetta/ros-stuff/ros2_ws/install/turtlesim/share/turtlesim/msg/Color.idl\n'}
[0.577764] (turtlesim) StdoutLine: {'line': b'-- Up-to-date: /home/fiammetta/ros-stuff/ros2_ws/install/turtlesim/share/turtlesim/msg/Pose.idl\n'}
[0.577918] (turtlesim) StdoutLine: {'line': b'-- Up-to-date: /home/fiammetta/ros-stuff/ros2_ws/install/turtlesim/share/turtlesim/srv/Kill.idl\n'}
[0.578022] (turtlesim) StdoutLine: {'line': b'-- Up-to-date: /home/fiammetta/ros-stuff/ros2_ws/install/turtlesim/share/turtlesim/srv/SetPen.idl\n'}
[0.578081] (turtlesim) StdoutLine: {'line': b'-- Up-to-date: /home/fiammetta/ros-stuff/ros2_ws/install/turtlesim/share/turtlesim/srv/Spawn.idl\n'}
[0.578135] (turtlesim) StdoutLine: {'line': b'-- Up-to-date: /home/fiammetta/ros-stuff/ros2_ws/install/turtlesim/share/turtlesim/srv/TeleportAbsolute.idl\n'}
[0.578188] (turtlesim) StdoutLine: {'line': b'-- Up-to-date: /home/fiammetta/ros-stuff/ros2_ws/install/turtlesim/share/turtlesim/srv/TeleportRelative.idl\n'}
[0.578240] (turtlesim) StdoutLine: {'line': b'-- Up-to-date: /home/fiammetta/ros-stuff/ros2_ws/install/turtlesim/share/turtlesim/action/RotateAbsolute.action\n'}
[0.578293] (turtlesim) StdoutLine: {'line': b'-- Up-to-date: /home/fiammetta/ros-stuff/ros2_ws/install/turtlesim/share/turtlesim/msg/Color.msg\n'}
[0.578371] (turtlesim) StdoutLine: {'line': b'-- Up-to-date: /home/fiammetta/ros-stuff/ros2_ws/install/turtlesim/share/turtlesim/msg/Pose.msg\n'}
[0.578504] (turtlesim) StdoutLine: {'line': b'-- Up-to-date: /home/fiammetta/ros-stuff/ros2_ws/install/turtlesim/share/turtlesim/srv/Kill.srv\n'}
[0.578559] (turtlesim) StdoutLine: {'line': b'-- Up-to-date: /home/fiammetta/ros-stuff/ros2_ws/install/turtlesim/share/turtlesim/srv/Kill_Request.msg\n'}
[0.578610] (turtlesim) StdoutLine: {'line': b'-- Up-to-date: /home/fiammetta/ros-stuff/ros2_ws/install/turtlesim/share/turtlesim/srv/Kill_Response.msg\n'}
[0.578706] (turtlesim) StdoutLine: {'line': b'-- Up-to-date: /home/fiammetta/ros-stuff/ros2_ws/install/turtlesim/share/turtlesim/srv/SetPen.srv\n'}
[0.578759] (turtlesim) StdoutLine: {'line': b'-- Up-to-date: /home/fiammetta/ros-stuff/ros2_ws/install/turtlesim/share/turtlesim/srv/SetPen_Request.msg\n'}
[0.578818] (turtlesim) StdoutLine: {'line': b'-- Up-to-date: /home/fiammetta/ros-stuff/ros2_ws/install/turtlesim/share/turtlesim/srv/SetPen_Response.msg\n'}
[0.578873] (turtlesim) StdoutLine: {'line': b'-- Up-to-date: /home/fiammetta/ros-stuff/ros2_ws/install/turtlesim/share/turtlesim/srv/Spawn.srv\n'}
[0.578925] (turtlesim) StdoutLine: {'line': b'-- Up-to-date: /home/fiammetta/ros-stuff/ros2_ws/install/turtlesim/share/turtlesim/srv/Spawn_Request.msg\n'}
[0.578976] (turtlesim) StdoutLine: {'line': b'-- Up-to-date: /home/fiammetta/ros-stuff/ros2_ws/install/turtlesim/share/turtlesim/srv/Spawn_Response.msg\n'}
[0.579027] (turtlesim) StdoutLine: {'line': b'-- Up-to-date: /home/fiammetta/ros-stuff/ros2_ws/install/turtlesim/share/turtlesim/srv/TeleportAbsolute.srv\n'}
[0.579110] (turtlesim) StdoutLine: {'line': b'-- Up-to-date: /home/fiammetta/ros-stuff/ros2_ws/install/turtlesim/share/turtlesim/srv/TeleportAbsolute_Request.msg\n'}
[0.579161] (turtlesim) StdoutLine: {'line': b'-- Up-to-date: /home/fiammetta/ros-stuff/ros2_ws/install/turtlesim/share/turtlesim/srv/TeleportAbsolute_Response.msg\n'}
[0.579208] (turtlesim) StdoutLine: {'line': b'-- Up-to-date: /home/fiammetta/ros-stuff/ros2_ws/install/turtlesim/share/turtlesim/srv/TeleportRelative.srv\n'}
[0.579256] (turtlesim) StdoutLine: {'line': b'-- Up-to-date: /home/fiammetta/ros-stuff/ros2_ws/install/turtlesim/share/turtlesim/srv/TeleportRelative_Request.msg\n'}
[0.579304] (turtlesim) StdoutLine: {'line': b'-- Up-to-date: /home/fiammetta/ros-stuff/ros2_ws/install/turtlesim/share/turtlesim/srv/TeleportRelative_Response.msg\n'}
[0.579355] (turtlesim) StdoutLine: {'line': b'-- Up-to-date: /home/fiammetta/ros-stuff/ros2_ws/install/turtlesim/lib/turtlesim/turtlesim_node\n'}
[0.579406] (turtlesim) StdoutLine: {'line': b'-- Up-to-date: /home/fiammetta/ros-stuff/ros2_ws/install/turtlesim/lib/turtlesim/turtle_teleop_key\n'}
[0.579486] (turtlesim) StdoutLine: {'line': b'-- Up-to-date: /home/fiammetta/ros-stuff/ros2_ws/install/turtlesim/lib/turtlesim/draw_square\n'}
[0.579579] (turtlesim) StdoutLine: {'line': b'-- Up-to-date: /home/fiammetta/ros-stuff/ros2_ws/install/turtlesim/lib/turtlesim/mimic\n'}
[0.579729] (turtlesim) StdoutLine: {'line': b'-- Up-to-date: /home/fiammetta/ros-stuff/ros2_ws/install/turtlesim/share/turtlesim/images\n'}
[0.579890] (turtlesim) StdoutLine: {'line': b'-- Up-to-date: /home/fiammetta/ros-stuff/ros2_ws/install/turtlesim/share/turtlesim/images/dashing.png\n'}
[0.580045] (turtlesim) StdoutLine: {'line': b'-- Up-to-date: /home/fiammetta/ros-stuff/ros2_ws/install/turtlesim/share/turtlesim/images/bouncy.png\n'}
[0.580128] (turtlesim) StdoutLine: {'line': b'-- Up-to-date: /home/fiammetta/ros-stuff/ros2_ws/install/turtlesim/share/turtlesim/images/ardent.png\n'}
[0.580188] (turtlesim) StdoutLine: {'line': b'-- Up-to-date: /home/fiammetta/ros-stuff/ros2_ws/install/turtlesim/share/turtlesim/images/galactic.png\n'}
[0.580243] (turtlesim) StdoutLine: {'line': b'-- Up-to-date: /home/fiammetta/ros-stuff/ros2_ws/install/turtlesim/share/turtlesim/images/crystal.png\n'}
[0.580297] (turtlesim) StdoutLine: {'line': b'-- Up-to-date: /home/fiammetta/ros-stuff/ros2_ws/install/turtlesim/share/turtlesim/images/humble.png\n'}
[0.580350] (turtlesim) StdoutLine: {'line': b'-- Up-to-date: /home/fiammetta/ros-stuff/ros2_ws/install/turtlesim/share/turtlesim/images/foxy.png\n'}
[0.580402] (turtlesim) StdoutLine: {'line': b'-- Up-to-date: /home/fiammetta/ros-stuff/ros2_ws/install/turtlesim/share/turtlesim/images/rolling.png\n'}
[0.580532] (turtlesim) StdoutLine: {'line': b'-- Up-to-date: /home/fiammetta/ros-stuff/ros2_ws/install/turtlesim/share/turtlesim/images/eloquent.png\n'}
[0.580617] (turtlesim) StdoutLine: {'line': b'-- Up-to-date: /home/fiammetta/ros-stuff/ros2_ws/install/turtlesim/share/turtlesim/launch\n'}
[0.580677] (turtlesim) StdoutLine: {'line': b'-- Up-to-date: /home/fiammetta/ros-stuff/ros2_ws/install/turtlesim/share/turtlesim/launch/multisim.launch.py\n'}
[0.580781] (turtlesim) StdoutLine: {'line': b'-- Up-to-date: /home/fiammetta/ros-stuff/ros2_ws/install/turtlesim/share/ament_index/resource_index/package_run_dependencies/turtlesim\n'}
[0.580842] (turtlesim) StdoutLine: {'line': b'-- Up-to-date: /home/fiammetta/ros-stuff/ros2_ws/install/turtlesim/share/ament_index/resource_index/parent_prefix_path/turtlesim\n'}
[0.580895] (turtlesim) StdoutLine: {'line': b'-- Up-to-date: /home/fiammetta/ros-stuff/ros2_ws/install/turtlesim/share/turtlesim/environment/ament_prefix_path.sh\n'}
[0.580945] (turtlesim) StdoutLine: {'line': b'-- Up-to-date: /home/fiammetta/ros-stuff/ros2_ws/install/turtlesim/share/turtlesim/environment/ament_prefix_path.dsv\n'}
[0.580998] (turtlesim) StdoutLine: {'line': b'-- Up-to-date: /home/fiammetta/ros-stuff/ros2_ws/install/turtlesim/share/turtlesim/environment/path.sh\n'}
[0.581051] (turtlesim) StdoutLine: {'line': b'-- Up-to-date: /home/fiammetta/ros-stuff/ros2_ws/install/turtlesim/share/turtlesim/environment/path.dsv\n'}
[0.581103] (turtlesim) StdoutLine: {'line': b'-- Up-to-date: /home/fiammetta/ros-stuff/ros2_ws/install/turtlesim/share/turtlesim/local_setup.bash\n'}
[0.581154] (turtlesim) StdoutLine: {'line': b'-- Up-to-date: /home/fiammetta/ros-stuff/ros2_ws/install/turtlesim/share/turtlesim/local_setup.sh\n'}
[0.581206] (turtlesim) StdoutLine: {'line': b'-- Up-to-date: /home/fiammetta/ros-stuff/ros2_ws/install/turtlesim/share/turtlesim/local_setup.zsh\n'}
[0.581256] (turtlesim) StdoutLine: {'line': b'-- Up-to-date: /home/fiammetta/ros-stuff/ros2_ws/install/turtlesim/share/turtlesim/local_setup.dsv\n'}
[0.581307] (turtlesim) StdoutLine: {'line': b'-- Installing: /home/fiammetta/ros-stuff/ros2_ws/install/turtlesim/share/turtlesim/package.dsv\n'}
[0.581465] (turtlesim) StdoutLine: {'line': b'-- Up-to-date: /home/fiammetta/ros-stuff/ros2_ws/install/turtlesim/share/ament_index/resource_index/packages/turtlesim\n'}
[0.581532] (turtlesim) StdoutLine: {'line': b'-- Up-to-date: /home/fiammetta/ros-stuff/ros2_ws/install/turtlesim/share/turtlesim/cmake/export_turtlesim__rosidl_generator_cExport.cmake\n'}
[0.581590] (turtlesim) StdoutLine: {'line': b'-- Up-to-date: /home/fiammetta/ros-stuff/ros2_ws/install/turtlesim/share/turtlesim/cmake/export_turtlesim__rosidl_generator_cExport-noconfig.cmake\n'}
[0.581693] (turtlesim) StdoutLine: {'line': b'-- Up-to-date: /home/fiammetta/ros-stuff/ros2_ws/install/turtlesim/share/turtlesim/cmake/export_turtlesim__rosidl_typesupport_fastrtps_cExport.cmake\n'}
[0.581748] (turtlesim) StdoutLine: {'line': b'-- Up-to-date: /home/fiammetta/ros-stuff/ros2_ws/install/turtlesim/share/turtlesim/cmake/export_turtlesim__rosidl_typesupport_fastrtps_cExport-noconfig.cmake\n'}
[0.581805] (turtlesim) StdoutLine: {'line': b'-- Up-to-date: /home/fiammetta/ros-stuff/ros2_ws/install/turtlesim/share/turtlesim/cmake/export_turtlesim__rosidl_generator_cppExport.cmake\n'}
[0.581864] (turtlesim) StdoutLine: {'line': b'-- Up-to-date: /home/fiammetta/ros-stuff/ros2_ws/install/turtlesim/share/turtlesim/cmake/export_turtlesim__rosidl_typesupport_fastrtps_cppExport.cmake\n'}
[0.581916] (turtlesim) StdoutLine: {'line': b'-- Up-to-date: /home/fiammetta/ros-stuff/ros2_ws/install/turtlesim/share/turtlesim/cmake/export_turtlesim__rosidl_typesupport_fastrtps_cppExport-noconfig.cmake\n'}
[0.581968] (turtlesim) StdoutLine: {'line': b'-- Up-to-date: /home/fiammetta/ros-stuff/ros2_ws/install/turtlesim/share/turtlesim/cmake/turtlesim__rosidl_typesupport_introspection_cExport.cmake\n'}
[0.582020] (turtlesim) StdoutLine: {'line': b'-- Up-to-date: /home/fiammetta/ros-stuff/ros2_ws/install/turtlesim/share/turtlesim/cmake/turtlesim__rosidl_typesupport_introspection_cExport-noconfig.cmake\n'}
[0.582104] (turtlesim) StdoutLine: {'line': b'-- Up-to-date: /home/fiammetta/ros-stuff/ros2_ws/install/turtlesim/share/turtlesim/cmake/turtlesim__rosidl_typesupport_cExport.cmake\n'}
[0.582213] (turtlesim) StdoutLine: {'line': b'-- Up-to-date: /home/fiammetta/ros-stuff/ros2_ws/install/turtlesim/share/turtlesim/cmake/turtlesim__rosidl_typesupport_cExport-noconfig.cmake\n'}
[0.582284] (turtlesim) StdoutLine: {'line': b'-- Up-to-date: /home/fiammetta/ros-stuff/ros2_ws/install/turtlesim/share/turtlesim/cmake/turtlesim__rosidl_typesupport_introspection_cppExport.cmake\n'}
[0.582335] (turtlesim) StdoutLine: {'line': b'-- Up-to-date: /home/fiammetta/ros-stuff/ros2_ws/install/turtlesim/share/turtlesim/cmake/turtlesim__rosidl_typesupport_introspection_cppExport-noconfig.cmake\n'}
[0.582387] (turtlesim) StdoutLine: {'line': b'-- Up-to-date: /home/fiammetta/ros-stuff/ros2_ws/install/turtlesim/share/turtlesim/cmake/turtlesim__rosidl_typesupport_cppExport.cmake\n'}
[0.582439] (turtlesim) StdoutLine: {'line': b'-- Up-to-date: /home/fiammetta/ros-stuff/ros2_ws/install/turtlesim/share/turtlesim/cmake/turtlesim__rosidl_typesupport_cppExport-noconfig.cmake\n'}
[0.582490] (turtlesim) StdoutLine: {'line': b'-- Up-to-date: /home/fiammetta/ros-stuff/ros2_ws/install/turtlesim/share/turtlesim/cmake/export_turtlesim__rosidl_generator_pyExport.cmake\n'}
[0.582542] (turtlesim) StdoutLine: {'line': b'-- Up-to-date: /home/fiammetta/ros-stuff/ros2_ws/install/turtlesim/share/turtlesim/cmake/export_turtlesim__rosidl_generator_pyExport-noconfig.cmake\n'}
[0.582653] (turtlesim) StdoutLine: {'line': b'-- Up-to-date: /home/fiammetta/ros-stuff/ros2_ws/install/turtlesim/share/turtlesim/cmake/rosidl_cmake-extras.cmake\n'}
[0.582707] (turtlesim) StdoutLine: {'line': b'-- Up-to-date: /home/fiammetta/ros-stuff/ros2_ws/install/turtlesim/share/turtlesim/cmake/ament_cmake_export_dependencies-extras.cmake\n'}
[0.582774] (turtlesim) StdoutLine: {'line': b'-- Up-to-date: /home/fiammetta/ros-stuff/ros2_ws/install/turtlesim/share/turtlesim/cmake/ament_cmake_export_include_directories-extras.cmake\n'}
[0.582832] (turtlesim) StdoutLine: {'line': b'-- Up-to-date: /home/fiammetta/ros-stuff/ros2_ws/install/turtlesim/share/turtlesim/cmake/ament_cmake_export_libraries-extras.cmake\n'}
[0.582884] (turtlesim) StdoutLine: {'line': b'-- Up-to-date: /home/fiammetta/ros-stuff/ros2_ws/install/turtlesim/share/turtlesim/cmake/ament_cmake_export_targets-extras.cmake\n'}
[0.582934] (turtlesim) StdoutLine: {'line': b'-- Up-to-date: /home/fiammetta/ros-stuff/ros2_ws/install/turtlesim/share/turtlesim/cmake/rosidl_cmake_export_typesupport_targets-extras.cmake\n'}
[0.582984] (turtlesim) StdoutLine: {'line': b'-- Up-to-date: /home/fiammetta/ros-stuff/ros2_ws/install/turtlesim/share/turtlesim/cmake/rosidl_cmake_export_typesupport_libraries-extras.cmake\n'}
[0.583064] (turtlesim) StdoutLine: {'line': b'-- Up-to-date: /home/fiammetta/ros-stuff/ros2_ws/install/turtlesim/share/turtlesim/cmake/turtlesimConfig.cmake\n'}
[0.583146] (turtlesim) StdoutLine: {'line': b'-- Up-to-date: /home/fiammetta/ros-stuff/ros2_ws/install/turtlesim/share/turtlesim/cmake/turtlesimConfig-version.cmake\n'}
[0.583196] (turtlesim) StdoutLine: {'line': b'-- Up-to-date: /home/fiammetta/ros-stuff/ros2_ws/install/turtlesim/share/turtlesim/package.xml\n'}
[0.585060] (turtlesim) CommandEnded: {'returncode': 0}
[0.600417] (-) TimerEvent: {}
[0.604295] (turtlesim) JobEnded: {'identifier': 'turtlesim', 'rc': 0}
[0.700552] (-) TimerEvent: {}
[0.724312] (lab01_pkg) StdoutLine: {'line': b'running egg_info\n'}
[0.724727] (lab01_pkg) StdoutLine: {'line': b'writing ../../build/lab01_pkg/lab01_pkg.egg-info/PKG-INFO\n'}
[0.724850] (lab01_pkg) StdoutLine: {'line': b'writing dependency_links to ../../build/lab01_pkg/lab01_pkg.egg-info/dependency_links.txt\n'}
[0.725038] (lab01_pkg) StdoutLine: {'line': b'writing entry points to ../../build/lab01_pkg/lab01_pkg.egg-info/entry_points.txt\n'}
[0.725156] (lab01_pkg) StdoutLine: {'line': b'writing requirements to ../../build/lab01_pkg/lab01_pkg.egg-info/requires.txt\n'}
[0.725214] (lab01_pkg) StdoutLine: {'line': b'writing top-level names to ../../build/lab01_pkg/lab01_pkg.egg-info/top_level.txt\n'}
[0.726339] (lab01_pkg) StdoutLine: {'line': b"reading manifest file '../../build/lab01_pkg/lab01_pkg.egg-info/SOURCES.txt'\n"}
[0.734256] (lab01_pkg) StdoutLine: {'line': b"adding license file 'LICENSE'\n"}
[0.734799] (lab01_pkg) StdoutLine: {'line': b"writing manifest file '../../build/lab01_pkg/lab01_pkg.egg-info/SOURCES.txt'\n"}
[0.734876] (lab01_pkg) StdoutLine: {'line': b'running build\n'}
[0.734925] (lab01_pkg) StdoutLine: {'line': b'running build_py\n'}
[0.735096] (lab01_pkg) StdoutLine: {'line': b'copying lab01_pkg/localization.py -> /home/fiammetta/ros-stuff/ros2_ws/build/lab01_pkg/build/lib/lab01_pkg\n'}
[0.735208] (lab01_pkg) StdoutLine: {'line': b'copying lab01_pkg/controller.py -> /home/fiammetta/ros-stuff/ros2_ws/build/lab01_pkg/build/lib/lab01_pkg\n'}
[0.735335] (lab01_pkg) StdoutLine: {'line': b'running install\n'}
[0.735579] (lab01_pkg) StdoutLine: {'line': b'running install_lib\n'}
[0.736363] (lab01_pkg) StdoutLine: {'line': b'copying /home/fiammetta/ros-stuff/ros2_ws/build/lab01_pkg/build/lib/lab01_pkg/localization.py -> /home/fiammetta/ros-stuff/ros2_ws/install/lab01_pkg/lib/python3.10/site-packages/lab01_pkg\n'}
[0.736477] (lab01_pkg) StdoutLine: {'line': b'copying /home/fiammetta/ros-stuff/ros2_ws/build/lab01_pkg/build/lib/lab01_pkg/controller.py -> /home/fiammetta/ros-stuff/ros2_ws/install/lab01_pkg/lib/python3.10/site-packages/lab01_pkg\n'}
[0.737008] (lab01_pkg) StdoutLine: {'line': b'byte-compiling /home/fiammetta/ros-stuff/ros2_ws/install/lab01_pkg/lib/python3.10/site-packages/lab01_pkg/localization.py to localization.cpython-310.pyc\n'}
[0.737336] (lab01_pkg) StdoutLine: {'line': b'byte-compiling /home/fiammetta/ros-stuff/ros2_ws/install/lab01_pkg/lib/python3.10/site-packages/lab01_pkg/controller.py to controller.cpython-310.pyc\n'}
[0.737696] (lab01_pkg) StdoutLine: {'line': b'running install_data\n'}
[0.737807] (lab01_pkg) StdoutLine: {'line': b'running install_egg_info\n'}
[0.739099] (lab01_pkg) StdoutLine: {'line': b"removing '/home/fiammetta/ros-stuff/ros2_ws/install/lab01_pkg/lib/python3.10/site-packages/lab01_pkg-0.0.0-py3.10.egg-info' (and everything under it)\n"}
[0.739282] (lab01_pkg) StdoutLine: {'line': b'Copying ../../build/lab01_pkg/lab01_pkg.egg-info to /home/fiammetta/ros-stuff/ros2_ws/install/lab01_pkg/lib/python3.10/site-packages/lab01_pkg-0.0.0-py3.10.egg-info\n'}
[0.739815] (lab01_pkg) StdoutLine: {'line': b'running install_scripts\n'}
[0.756504] (lab01_pkg) StdoutLine: {'line': b'Installing controller script to /home/fiammetta/ros-stuff/ros2_ws/install/lab01_pkg/lib/lab01_pkg\n'}
[0.756733] (lab01_pkg) StdoutLine: {'line': b"writing list of installed files to '/home/fiammetta/ros-stuff/ros2_ws/build/lab01_pkg/install.log'\n"}
[0.777296] (lab01_pkg) CommandEnded: {'returncode': 0}
[0.783759] (lab01_pkg) JobEnded: {'identifier': 'lab01_pkg', 'rc': 0}
[0.784131] (-) EventReactorShutdown: {}
