[0.524s] Invoking command in '/home/fiammetta/ros-stuff/ros2_ws/src/lab01_pkg': PYTHONPATH=/home/fiammetta/ros-stuff/ros2_ws/build/lab01_pkg/prefix_override:/usr/lib/python3/dist-packages/colcon_core/task/python/colcon_distutils_commands:/home/fiammetta/ros-stuff/ros2_ws/install/lab01_pkg/lib/python3.10/site-packages:${PYTHONPATH} /usr/bin/python3 -W ignore:setup.py install is deprecated -W ignore:easy_install command is deprecated setup.py egg_info --egg-base ../../build/lab01_pkg build --build-base /home/fiammetta/ros-stuff/ros2_ws/build/lab01_pkg/build install --record /home/fiammetta/ros-stuff/ros2_ws/build/lab01_pkg/install.log --single-version-externally-managed install_data
[0.724s] running egg_info
[0.725s] writing ../../build/lab01_pkg/lab01_pkg.egg-info/PKG-INFO
[0.725s] writing dependency_links to ../../build/lab01_pkg/lab01_pkg.egg-info/dependency_links.txt
[0.725s] writing entry points to ../../build/lab01_pkg/lab01_pkg.egg-info/entry_points.txt
[0.725s] writing requirements to ../../build/lab01_pkg/lab01_pkg.egg-info/requires.txt
[0.725s] writing top-level names to ../../build/lab01_pkg/lab01_pkg.egg-info/top_level.txt
[0.727s] reading manifest file '../../build/lab01_pkg/lab01_pkg.egg-info/SOURCES.txt'
[0.727s] adding license file 'LICENSE'
[0.728s] writing manifest file '../../build/lab01_pkg/lab01_pkg.egg-info/SOURCES.txt'
[0.728s] running build
[0.728s] running build_py
[0.728s] copying lab01_pkg/controller.py -> /home/fiammetta/ros-stuff/ros2_ws/build/lab01_pkg/build/lib/lab01_pkg
[0.728s] running install
[0.728s] running install_lib
[0.729s] copying /home/fiammetta/ros-stuff/ros2_ws/build/lab01_pkg/build/lib/lab01_pkg/controller.py -> /home/fiammetta/ros-stuff/ros2_ws/install/lab01_pkg/lib/python3.10/site-packages/lab01_pkg
[0.729s] byte-compiling /home/fiammetta/ros-stuff/ros2_ws/install/lab01_pkg/lib/python3.10/site-packages/lab01_pkg/controller.py to controller.cpython-310.pyc
[0.730s]   File "/home/fiammetta/ros-stuff/ros2_ws/install/lab01_pkg/lib/python3.10/site-packages/lab01_pkg/controller.py", line 23
[0.730s]     msg.linear = Vector3(x: 1,y:0,z:0)
[0.730s]                           ^
[0.730s] SyntaxError: invalid syntax
[0.730s] 
[0.730s] running install_data
[0.730s] running install_egg_info
[0.731s] removing '/home/fiammetta/ros-stuff/ros2_ws/install/lab01_pkg/lib/python3.10/site-packages/lab01_pkg-0.0.0-py3.10.egg-info' (and everything under it)
[0.731s] Copying ../../build/lab01_pkg/lab01_pkg.egg-info to /home/fiammetta/ros-stuff/ros2_ws/install/lab01_pkg/lib/python3.10/site-packages/lab01_pkg-0.0.0-py3.10.egg-info
[0.732s] running install_scripts
[0.748s] Installing controller script to /home/fiammetta/ros-stuff/ros2_ws/install/lab01_pkg/lib/lab01_pkg
[0.748s] writing list of installed files to '/home/fiammetta/ros-stuff/ros2_ws/build/lab01_pkg/install.log'
[0.767s] Invoked command in '/home/fiammetta/ros-stuff/ros2_ws/src/lab01_pkg' returned '0': PYTHONPATH=/home/fiammetta/ros-stuff/ros2_ws/build/lab01_pkg/prefix_override:/usr/lib/python3/dist-packages/colcon_core/task/python/colcon_distutils_commands:/home/fiammetta/ros-stuff/ros2_ws/install/lab01_pkg/lib/python3.10/site-packages:${PYTHONPATH} /usr/bin/python3 -W ignore:setup.py install is deprecated -W ignore:easy_install command is deprecated setup.py egg_info --egg-base ../../build/lab01_pkg build --build-base /home/fiammetta/ros-stuff/ros2_ws/build/lab01_pkg/build install --record /home/fiammetta/ros-stuff/ros2_ws/build/lab01_pkg/install.log --single-version-externally-managed install_data
