[0.506s] Invoking command in '/home/fiammetta/ros-stuff/ros2_ws/src/lab01_pkg': PYTHONPATH=/home/fiammetta/ros-stuff/ros2_ws/build/lab01_pkg/prefix_override:/usr/lib/python3/dist-packages/colcon_core/task/python/colcon_distutils_commands:/home/fiammetta/ros-stuff/ros2_ws/install/lab01_pkg/lib/python3.10/site-packages:${PYTHONPATH} /usr/bin/python3 -W ignore:setup.py install is deprecated -W ignore:easy_install command is deprecated setup.py egg_info --egg-base ../../build/lab01_pkg build --build-base /home/fiammetta/ros-stuff/ros2_ws/build/lab01_pkg/build install --record /home/fiammetta/ros-stuff/ros2_ws/build/lab01_pkg/install.log --single-version-externally-managed install_data
[0.716s] running egg_info
[0.716s] writing ../../build/lab01_pkg/lab01_pkg.egg-info/PKG-INFO
[0.717s] writing dependency_links to ../../build/lab01_pkg/lab01_pkg.egg-info/dependency_links.txt
[0.717s] writing entry points to ../../build/lab01_pkg/lab01_pkg.egg-info/entry_points.txt
[0.717s] writing requirements to ../../build/lab01_pkg/lab01_pkg.egg-info/requires.txt
[0.717s] writing top-level names to ../../build/lab01_pkg/lab01_pkg.egg-info/top_level.txt
[0.718s] reading manifest file '../../build/lab01_pkg/lab01_pkg.egg-info/SOURCES.txt'
[0.718s] adding license file 'LICENSE'
[0.719s] writing manifest file '../../build/lab01_pkg/lab01_pkg.egg-info/SOURCES.txt'
[0.719s] running build
[0.719s] running build_py
[0.719s] copying lab01_pkg/localization.py -> /home/fiammetta/ros-stuff/ros2_ws/build/lab01_pkg/build/lib/lab01_pkg
[0.719s] running install
[0.719s] running install_lib
[0.720s] copying /home/fiammetta/ros-stuff/ros2_ws/build/lab01_pkg/build/lib/lab01_pkg/localization.py -> /home/fiammetta/ros-stuff/ros2_ws/install/lab01_pkg/lib/python3.10/site-packages/lab01_pkg
[0.720s] byte-compiling /home/fiammetta/ros-stuff/ros2_ws/install/lab01_pkg/lib/python3.10/site-packages/lab01_pkg/localization.py to localization.cpython-310.pyc
[0.721s] running install_data
[0.721s] running install_egg_info
[0.722s] removing '/home/fiammetta/ros-stuff/ros2_ws/install/lab01_pkg/lib/python3.10/site-packages/lab01_pkg-0.0.0-py3.10.egg-info' (and everything under it)
[0.722s] Copying ../../build/lab01_pkg/lab01_pkg.egg-info to /home/fiammetta/ros-stuff/ros2_ws/install/lab01_pkg/lib/python3.10/site-packages/lab01_pkg-0.0.0-py3.10.egg-info
[0.723s] running install_scripts
[0.739s] Installing controller script to /home/fiammetta/ros-stuff/ros2_ws/install/lab01_pkg/lib/lab01_pkg
[0.739s] Installing localization script to /home/fiammetta/ros-stuff/ros2_ws/install/lab01_pkg/lib/lab01_pkg
[0.739s] writing list of installed files to '/home/fiammetta/ros-stuff/ros2_ws/build/lab01_pkg/install.log'
[0.761s] Invoked command in '/home/fiammetta/ros-stuff/ros2_ws/src/lab01_pkg' returned '0': PYTHONPATH=/home/fiammetta/ros-stuff/ros2_ws/build/lab01_pkg/prefix_override:/usr/lib/python3/dist-packages/colcon_core/task/python/colcon_distutils_commands:/home/fiammetta/ros-stuff/ros2_ws/install/lab01_pkg/lib/python3.10/site-packages:${PYTHONPATH} /usr/bin/python3 -W ignore:setup.py install is deprecated -W ignore:easy_install command is deprecated setup.py egg_info --egg-base ../../build/lab01_pkg build --build-base /home/fiammetta/ros-stuff/ros2_ws/build/lab01_pkg/build install --record /home/fiammetta/ros-stuff/ros2_ws/build/lab01_pkg/install.log --single-version-externally-managed install_data
