[0.000000] (-) TimerEvent: {}
[0.000148] (lab01_pkg) JobQueued: {'identifier': 'lab01_pkg', 'dependencies': OrderedDict()}
[0.000172] (turtlesim) JobQueued: {'identifier': 'turtlesim', 'dependencies': OrderedDict()}
[0.000189] (lab01_pkg) JobStarted: {'identifier': 'lab01_pkg'}
[0.005983] (turtlesim) JobStarted: {'identifier': 'turtlesim'}
[0.099509] (-) TimerEvent: {}
[0.199773] (-) TimerEvent: {}
[0.203924] (turtlesim) JobProgress: {'identifier': 'turtlesim', 'progress': 'cmake'}
[0.204940] (turtlesim) JobProgress: {'identifier': 'turtlesim', 'progress': 'build'}
[0.205054] (turtlesim) Command: {'cmd': ['/usr/bin/cmake', '--build', '/home/fiammetta/ros-stuff/ros2_ws/build/turtlesim', '--', '-j8', '-l8'], 'cwd': '/home/fiammetta/ros-stuff/ros2_ws/build/turtlesim', 'env': OrderedDict([('USER', 'fiammetta'), ('LC_TIME', 'it_IT.UTF-8'), ('XDG_SESSION_TYPE', 'wayland'), ('SHLVL', '1'), ('LD_LIBRARY_PATH', '/home/fiammetta/ros-stuff/ros2_ws/install/turtlesim/lib:/opt/ros/humble/opt/rviz_ogre_vendor/lib:/opt/ros/humble/lib/x86_64-linux-gnu:/opt/ros/humble/lib'), ('OLDPWD', '/home/fiammetta/ros-stuff/ros2_ws/src'), ('HOME', '/home/fiammetta'), ('DESKTOP_SESSION', 'ubuntu'), ('GTK_MODULES', 'gail:atk-bridge'), ('GNOME_SHELL_SESSION_MODE', 'ubuntu'), ('ROS_PYTHON_VERSION', '3'), ('LC_MONETARY', 'it_IT.UTF-8'), ('SYSTEMD_EXEC_PID', '1682'), ('DBUS_SESSION_BUS_ADDRESS', 'unix:path=/run/user/1000/bus'), ('COLORTERM', 'truecolor'), ('WAYLAND_DISPLAY', 'wayland-0'), ('ROS_DISTRO', 'humble'), ('COLCON_PREFIX_PATH', '/home/fiammetta/ros-stuff/ros2_ws/install:/home/fiammetta/ros-stuff/ros2_ws'), ('LOGNAME', 'fiammetta'), ('_', '/usr/bin/colcon'), ('XDG_SESSION_CLASS', 'user'), ('ROS_VERSION', '2'), ('USERNAME', 'fiammetta'), ('TERM', 'xterm-256color'), ('GNOME_DESKTOP_SESSION_ID', 'this-is-deprecated'), ('ROS_LOCALHOST_ONLY', '0'), ('PATH', '/home/fiammetta/.cargo/bin:/opt/ros/humble/bin:/usr/local/sbin:/usr/local/bin:/usr/sbin:/usr/bin:/sbin:/bin:/usr/games:/usr/local/games:/snap/bin:/snap/bin'), ('SESSION_MANAGER', 'local/MikuBeamer:@/tmp/.ICE-unix/1502,unix/MikuBeamer:/tmp/.ICE-unix/1502'), ('GNOME_TERMINAL_SCREEN', '/org/gnome/Terminal/screen/92b584d5_d701_4d25_9733_a543ee0a7e95'), ('XDG_MENU_PREFIX', 'gnome-'), ('GNOME_SETUP_DISPLAY', ':1'), ('XDG_RUNTIME_DIR', '/run/user/1000'), ('LC_ADDRESS', 'it_IT.UTF-8'), ('DISPLAY', ':0'), ('XDG_CURRENT_DESKTOP', 'ubuntu:GNOME'), ('LANG', 'en_US.UTF-8'), ('LC_TELEPHONE', 'it_IT.UTF-8'), ('XDG_SESSION_DESKTOP', 'ubuntu'), ('GNOME_TERMINAL_SERVICE', ':1.98'), ('XMODIFIERS', '@im=ibus'), ('XAUTHORITY', '/run/user/1000/.mutter-Xwaylandauth.BQZFE3'), ('SSH_AUTH_SOCK', '/run/user/1000/keyring/ssh'), ('SSH_AGENT_LAUNCHER', 'gnome-keyring'), ('AMENT_PREFIX_PATH', '/home/fiammetta/ros-stuff/ros2_ws/install/lab01_pkg:/home/fiammetta/ros-stuff/ros2_ws/install/turtlesim:/opt/ros/humble'), ('SHELL', '/bin/zsh'), ('LC_NAME', 'it_IT.UTF-8'), ('QT_ACCESSIBILITY', '1'), ('GDMSESSION', 'ubuntu'), ('LC_MEASUREMENT', 'it_IT.UTF-8'), ('LC_IDENTIFICATION', 'it_IT.UTF-8'), ('QT_IM_MODULE', 'ibus'), ('LC_ALL', 'en_US.UTF-8'), ('PWD', '/home/fiammetta/ros-stuff/ros2_ws/build/turtlesim'), ('XDG_DATA_DIRS', '/usr/local/share/:/usr/share/:/var/lib/snapd/desktop'), ('LC_NUMERIC', 'it_IT.UTF-8'), ('PYTHONPATH', '/home/fiammetta/ros-stuff/ros2_ws/install/lab01_pkg/lib/python3.10/site-packages:/home/fiammetta/ros-stuff/ros2_ws/install/turtlesim/local/lib/python3.10/dist-packages:/opt/ros/humble/lib/python3.10/site-packages:/opt/ros/humble/local/lib/python3.10/dist-packages'), ('LC_PAPER', 'it_IT.UTF-8'), ('COLCON', '1'), ('VTE_VERSION', '6800'), ('CMAKE_PREFIX_PATH', '/home/fiammetta/ros-stuff/ros2_ws/install/turtlesim:/home/fiammetta/ros-stuff/ros2_ws/install/lab01_pkg:/opt/ros/humble')]), 'shell': False}
[0.244418] (turtlesim) StdoutLine: {'line': b'[  1%] Built target turtlesim__cpp\n'}
[0.246095] (turtlesim) StdoutLine: {'line': b'[ 11%] Built target turtlesim__rosidl_generator_c\n'}
[0.256771] (turtlesim) StdoutLine: {'line': b'[ 11%] Built target ament_cmake_python_copy_turtlesim\n'}
[0.272671] (turtlesim) StdoutLine: {'line': b'[ 21%] Built target turtlesim__rosidl_typesupport_c\n'}
[0.272888] (turtlesim) StdoutLine: {'line': b'[ 31%] Built target turtlesim__rosidl_typesupport_introspection_c\n'}
[0.274312] (turtlesim) StdoutLine: {'line': b'[ 41%] Built target turtlesim__rosidl_typesupport_cpp\n'}
[0.274898] (turtlesim) StdoutLine: {'line': b'[ 53%] Built target turtlesim__rosidl_typesupport_introspection_cpp\n'}
[0.275111] (turtlesim) StdoutLine: {'line': b'[ 61%] Built target turtlesim__rosidl_typesupport_fastrtps_cpp\n'}
[0.280209] (turtlesim) StdoutLine: {'line': b'[ 71%] Built target turtlesim__rosidl_typesupport_fastrtps_c\n'}
[0.299867] (-) TimerEvent: {}
[0.305196] (turtlesim) StdoutLine: {'line': b'[ 71%] Built target turtlesim\n'}
[0.305391] (turtlesim) StdoutLine: {'line': b'[ 73%] Built target draw_square\n'}
[0.305567] (turtlesim) StdoutLine: {'line': b'[ 77%] Built target mimic\n'}
[0.305694] (turtlesim) StdoutLine: {'line': b'[ 77%] Built target turtle_teleop_key\n'}
[0.307051] (turtlesim) StdoutLine: {'line': b'[ 83%] Built target turtlesim_node\n'}
[0.318933] (turtlesim) StdoutLine: {'line': b'[ 84%] Built target turtlesim__py\n'}
[0.338954] (turtlesim) StdoutLine: {'line': b'[ 93%] Built target turtlesim__rosidl_generator_py\n'}
[0.357039] (turtlesim) StdoutLine: {'line': b'[ 97%] Built target turtlesim__rosidl_typesupport_introspection_c__pyext\n'}
[0.357279] (turtlesim) StdoutLine: {'line': b'[ 97%] Built target turtlesim__rosidl_typesupport_c__pyext\n'}
[0.364611] (turtlesim) StdoutLine: {'line': b'[100%] Built target turtlesim__rosidl_typesupport_fastrtps_c__pyext\n'}
[0.399998] (-) TimerEvent: {}
[0.482406] (turtlesim) StdoutLine: {'line': b'running egg_info\n'}
[0.492101] (turtlesim) StdoutLine: {'line': b'writing turtlesim.egg-info/PKG-INFO\n'}
[0.492308] (turtlesim) StdoutLine: {'line': b'writing dependency_links to turtlesim.egg-info/dependency_links.txt\n'}
[0.492484] (turtlesim) StdoutLine: {'line': b'writing top-level names to turtlesim.egg-info/top_level.txt\n'}
[0.494948] (turtlesim) StdoutLine: {'line': b"reading manifest file 'turtlesim.egg-info/SOURCES.txt'\n"}
[0.495626] (turtlesim) StdoutLine: {'line': b"writing manifest file 'turtlesim.egg-info/SOURCES.txt'\n"}
[0.500144] (-) TimerEvent: {}
[0.504368] (lab01_pkg) Command: {'cmd': ['/usr/bin/python3', '-W', 'ignore:setup.py install is deprecated', '-W', 'ignore:easy_install command is deprecated', 'setup.py', 'egg_info', '--egg-base', '../../build/lab01_pkg', 'build', '--build-base', '/home/fiammetta/ros-stuff/ros2_ws/build/lab01_pkg/build', 'install', '--record', '/home/fiammetta/ros-stuff/ros2_ws/build/lab01_pkg/install.log', '--single-version-externally-managed', 'install_data'], 'cwd': '/home/fiammetta/ros-stuff/ros2_ws/src/lab01_pkg', 'env': {'USER': 'fiammetta', 'LC_TIME': 'it_IT.UTF-8', 'XDG_SESSION_TYPE': 'wayland', 'SHLVL': '1', 'LD_LIBRARY_PATH': '/home/fiammetta/ros-stuff/ros2_ws/install/turtlesim/lib:/opt/ros/humble/opt/rviz_ogre_vendor/lib:/opt/ros/humble/lib/x86_64-linux-gnu:/opt/ros/humble/lib', 'OLDPWD': '/home/fiammetta/ros-stuff/ros2_ws/src', 'HOME': '/home/fiammetta', 'DESKTOP_SESSION': 'ubuntu', 'GTK_MODULES': 'gail:atk-bridge', 'GNOME_SHELL_SESSION_MODE': 'ubuntu', 'ROS_PYTHON_VERSION': '3', 'LC_MONETARY': 'it_IT.UTF-8', 'SYSTEMD_EXEC_PID': '1682', 'DBUS_SESSION_BUS_ADDRESS': 'unix:path=/run/user/1000/bus', 'COLORTERM': 'truecolor', 'WAYLAND_DISPLAY': 'wayland-0', 'ROS_DISTRO': 'humble', 'COLCON_PREFIX_PATH': '/home/fiammetta/ros-stuff/ros2_ws/install:/home/fiammetta/ros-stuff/ros2_ws', 'LOGNAME': 'fiammetta', '_': '/usr/bin/colcon', 'XDG_SESSION_CLASS': 'user', 'ROS_VERSION': '2', 'USERNAME': 'fiammetta', 'TERM': 'xterm-256color', 'GNOME_DESKTOP_SESSION_ID': 'this-is-deprecated', 'ROS_LOCALHOST_ONLY': '0', 'PATH': '/home/fiammetta/.cargo/bin:/opt/ros/humble/bin:/usr/local/sbin:/usr/local/bin:/usr/sbin:/usr/bin:/sbin:/bin:/usr/games:/usr/local/games:/snap/bin:/snap/bin', 'SESSION_MANAGER': 'local/MikuBeamer:@/tmp/.ICE-unix/1502,unix/MikuBeamer:/tmp/.ICE-unix/1502', 'GNOME_TERMINAL_SCREEN': '/org/gnome/Terminal/screen/92b584d5_d701_4d25_9733_a543ee0a7e95', 'XDG_MENU_PREFIX': 'gnome-', 'GNOME_SETUP_DISPLAY': ':1', 'XDG_RUNTIME_DIR': '/run/user/1000', 'LC_ADDRESS': 'it_IT.UTF-8', 'DISPLAY': ':0', 'XDG_CURRENT_DESKTOP': 'ubuntu:GNOME', 'LANG': 'en_US.UTF-8', 'LC_TELEPHONE': 'it_IT.UTF-8', 'XDG_SESSION_DESKTOP': 'ubuntu', 'GNOME_TERMINAL_SERVICE': ':1.98', 'XMODIFIERS': '@im=ibus', 'XAUTHORITY': '/run/user/1000/.mutter-Xwaylandauth.BQZFE3', 'SSH_AUTH_SOCK': '/run/user/1000/keyring/ssh', 'SSH_AGENT_LAUNCHER': 'gnome-keyring', 'AMENT_PREFIX_PATH': '/home/fiammetta/ros-stuff/ros2_ws/install/lab01_pkg:/home/fiammetta/ros-stuff/ros2_ws/install/turtlesim:/opt/ros/humble', 'SHELL': '/bin/zsh', 'LC_NAME': 'it_IT.UTF-8', 'QT_ACCESSIBILITY': '1', 'GDMSESSION': 'ubuntu', 'LC_MEASUREMENT': 'it_IT.UTF-8', 'LC_IDENTIFICATION': 'it_IT.UTF-8', 'QT_IM_MODULE': 'ibus', 'LC_ALL': 'en_US.UTF-8', 'PWD': '/home/fiammetta/ros-stuff/ros2_ws/build/lab01_pkg', 'XDG_DATA_DIRS': '/usr/local/share/:/usr/share/:/var/lib/snapd/desktop', 'LC_NUMERIC': 'it_IT.UTF-8', 'PYTHONPATH': '/home/fiammetta/ros-stuff/ros2_ws/build/lab01_pkg/prefix_override:/usr/lib/python3/dist-packages/colcon_core/task/python/colcon_distutils_commands:/home/fiammetta/ros-stuff/ros2_ws/install/lab01_pkg/lib/python3.10/site-packages:/home/fiammetta/ros-stuff/ros2_ws/install/lab01_pkg/lib/python3.10/site-packages:/home/fiammetta/ros-stuff/ros2_ws/install/turtlesim/local/lib/python3.10/dist-packages:/opt/ros/humble/lib/python3.10/site-packages:/opt/ros/humble/local/lib/python3.10/dist-packages', 'LC_PAPER': 'it_IT.UTF-8', 'COLCON': '1', 'VTE_VERSION': '6800', 'CMAKE_PREFIX_PATH': '/home/fiammetta/ros-stuff/ros2_ws/install/turtlesim'}, 'shell': False}
[0.522729] (turtlesim) StdoutLine: {'line': b'[100%] Built target ament_cmake_python_build_turtlesim_egg\n'}
[0.533999] (turtlesim) CommandEnded: {'returncode': 0}
[0.534739] (turtlesim) JobProgress: {'identifier': 'turtlesim', 'progress': 'install'}
[0.542949] (turtlesim) Command: {'cmd': ['/usr/bin/cmake', '--install', '/home/fiammetta/ros-stuff/ros2_ws/build/turtlesim'], 'cwd': '/home/fiammetta/ros-stuff/ros2_ws/build/turtlesim', 'env': OrderedDict([('USER', 'fiammetta'), ('LC_TIME', 'it_IT.UTF-8'), ('XDG_SESSION_TYPE', 'wayland'), ('SHLVL', '1'), ('LD_LIBRARY_PATH', '/home/fiammetta/ros-stuff/ros2_ws/install/turtlesim/lib:/opt/ros/humble/opt/rviz_ogre_vendor/lib:/opt/ros/humble/lib/x86_64-linux-gnu:/opt/ros/humble/lib'), ('OLDPWD', '/home/fiammetta/ros-stuff/ros2_ws/src'), ('HOME', '/home/fiammetta'), ('DESKTOP_SESSION', 'ubuntu'), ('GTK_MODULES', 'gail:atk-bridge'), ('GNOME_SHELL_SESSION_MODE', 'ubuntu'), ('ROS_PYTHON_VERSION', '3'), ('LC_MONETARY', 'it_IT.UTF-8'), ('SYSTEMD_EXEC_PID', '1682'), ('DBUS_SESSION_BUS_ADDRESS', 'unix:path=/run/user/1000/bus'), ('COLORTERM', 'truecolor'), ('WAYLAND_DISPLAY', 'wayland-0'), ('ROS_DISTRO', 'humble'), ('COLCON_PREFIX_PATH', '/home/fiammetta/ros-stuff/ros2_ws/install:/home/fiammetta/ros-stuff/ros2_ws'), ('LOGNAME', 'fiammetta'), ('_', '/usr/bin/colcon'), ('XDG_SESSION_CLASS', 'user'), ('ROS_VERSION', '2'), ('USERNAME', 'fiammetta'), ('TERM', 'xterm-256color'), ('GNOME_DESKTOP_SESSION_ID', 'this-is-deprecated'), ('ROS_LOCALHOST_ONLY', '0'), ('PATH', '/home/fiammetta/.cargo/bin:/opt/ros/humble/bin:/usr/local/sbin:/usr/local/bin:/usr/sbin:/usr/bin:/sbin:/bin:/usr/games:/usr/local/games:/snap/bin:/snap/bin'), ('SESSION_MANAGER', 'local/MikuBeamer:@/tmp/.ICE-unix/1502,unix/MikuBeamer:/tmp/.ICE-unix/1502'), ('GNOME_TERMINAL_SCREEN', '/org/gnome/Terminal/screen/92b584d5_d701_4d25_9733_a543ee0a7e95'), ('XDG_MENU_PREFIX', 'gnome-'), ('GNOME_SETUP_DISPLAY', ':1'), ('XDG_RUNTIME_DIR', '/run/user/1000'), ('LC_ADDRESS', 'it_IT.UTF-8'), ('DISPLAY', ':0'), ('XDG_CURRENT_DESKTOP', 'ubuntu:GNOME'), ('LANG', 'en_US.UTF-8'), ('LC_TELEPHONE', 'it_IT.UTF-8'), ('XDG_SESSION_DESKTOP', 'ubuntu'), ('GNOME_TERMINAL_SERVICE', ':1.98'), ('XMODIFIERS', '@im=ibus'), ('XAUTHORITY', '/run/user/1000/.mutter-Xwaylandauth.BQZFE3'), ('SSH_AUTH_SOCK', '/run/user/1000/keyring/ssh'), ('SSH_AGENT_LAUNCHER', 'gnome-keyring'), ('AMENT_PREFIX_PATH', '/home/fiammetta/ros-stuff/ros2_ws/install/lab01_pkg:/home/fiammetta/ros-stuff/ros2_ws/install/turtlesim:/opt/ros/humble'), ('SHELL', '/bin/zsh'), ('LC_NAME', 'it_IT.UTF-8'), ('QT_ACCESSIBILITY', '1'), ('GDMSESSION', 'ubuntu'), ('LC_MEASUREMENT', 'it_IT.UTF-8'), ('LC_IDENTIFICATION', 'it_IT.UTF-8'), ('QT_IM_MODULE', 'ibus'), ('LC_ALL', 'en_US.UTF-8'), ('PWD', '/home/fiammetta/ros-stuff/ros2_ws/build/turtlesim'), ('XDG_DATA_DIRS', '/usr/local/share/:/usr/share/:/var/lib/snapd/desktop'), ('LC_NUMERIC', 'it_IT.UTF-8'), ('PYTHONPATH', '/home/fiammetta/ros-stuff/ros2_ws/install/lab01_pkg/lib/python3.10/site-packages:/home/fiammetta/ros-stuff/ros2_ws/install/turtlesim/local/lib/python3.10/dist-packages:/opt/ros/humble/lib/python3.10/site-packages:/opt/ros/humble/local/lib/python3.10/dist-packages'), ('LC_PAPER', 'it_IT.UTF-8'), ('COLCON', '1'), ('VTE_VERSION', '6800'), ('CMAKE_PREFIX_PATH', '/home/fiammetta/ros-stuff/ros2_ws/install/turtlesim:/home/fiammetta/ros-stuff/ros2_ws/install/lab01_pkg:/opt/ros/humble')]), 'shell': False}
[0.549942] (turtlesim) StdoutLine: {'line': b'-- Install configuration: ""\n'}
[0.550179] (turtlesim) StdoutLine: {'line': b'-- Up-to-date: /home/fiammetta/ros-stuff/ros2_ws/install/turtlesim/share/ament_index/resource_index/rosidl_interfaces/turtlesim\n'}
[0.550269] (turtlesim) StdoutLine: {'line': b'-- Up-to-date: /home/fiammetta/ros-stuff/ros2_ws/install/turtlesim/include/turtlesim/turtlesim\n'}
[0.550346] (turtlesim) StdoutLine: {'line': b'-- Up-to-date: /home/fiammetta/ros-stuff/ros2_ws/install/turtlesim/include/turtlesim/turtlesim/action\n'}
[0.550418] (turtlesim) StdoutLine: {'line': b'-- Up-to-date: /home/fiammetta/ros-stuff/ros2_ws/install/turtlesim/include/turtlesim/turtlesim/action/detail\n'}
[0.550492] (turtlesim) StdoutLine: {'line': b'-- Up-to-date: /home/fiammetta/ros-stuff/ros2_ws/install/turtlesim/include/turtlesim/turtlesim/action/detail/rotate_absolute__functions.h\n'}
[0.550566] (turtlesim) StdoutLine: {'line': b'-- Up-to-date: /home/fiammetta/ros-stuff/ros2_ws/install/turtlesim/include/turtlesim/turtlesim/action/detail/rotate_absolute__functions.c\n'}
[0.550638] (turtlesim) StdoutLine: {'line': b'-- Up-to-date: /home/fiammetta/ros-stuff/ros2_ws/install/turtlesim/include/turtlesim/turtlesim/action/detail/rotate_absolute__struct.h\n'}
[0.550712] (turtlesim) StdoutLine: {'line': b'-- Up-to-date: /home/fiammetta/ros-stuff/ros2_ws/install/turtlesim/include/turtlesim/turtlesim/action/detail/rotate_absolute__type_support.h\n'}
[0.550784] (turtlesim) StdoutLine: {'line': b'-- Up-to-date: /home/fiammetta/ros-stuff/ros2_ws/install/turtlesim/include/turtlesim/turtlesim/action/rotate_absolute.h\n'}
[0.550846] (turtlesim) StdoutLine: {'line': b'-- Up-to-date: /home/fiammetta/ros-stuff/ros2_ws/install/turtlesim/include/turtlesim/turtlesim/msg\n'}
[0.550948] (turtlesim) StdoutLine: {'line': b'-- Up-to-date: /home/fiammetta/ros-stuff/ros2_ws/install/turtlesim/include/turtlesim/turtlesim/msg/detail\n'}
[0.551018] (turtlesim) StdoutLine: {'line': b'-- Up-to-date: /home/fiammetta/ros-stuff/ros2_ws/install/turtlesim/include/turtlesim/turtlesim/msg/detail/pose__struct.h\n'}
[0.551197] (turtlesim) StdoutLine: {'line': b'-- Up-to-date: /home/fiammetta/ros-stuff/ros2_ws/install/turtlesim/include/turtlesim/turtlesim/msg/detail/pose__functions.h\n'}
[0.551328] (turtlesim) StdoutLine: {'line': b'-- Up-to-date: /home/fiammetta/ros-stuff/ros2_ws/install/turtlesim/include/turtlesim/turtlesim/msg/detail/pose__type_support.h\n'}
[0.551432] (turtlesim) StdoutLine: {'line': b'-- Up-to-date: /home/fiammetta/ros-stuff/ros2_ws/install/turtlesim/include/turtlesim/turtlesim/msg/detail/color__functions.h\n'}
[0.551506] (turtlesim) StdoutLine: {'line': b'-- Up-to-date: /home/fiammetta/ros-stuff/ros2_ws/install/turtlesim/include/turtlesim/turtlesim/msg/detail/color__struct.h\n'}
[0.551566] (turtlesim) StdoutLine: {'line': b'-- Up-to-date: /home/fiammetta/ros-stuff/ros2_ws/install/turtlesim/include/turtlesim/turtlesim/msg/detail/color__type_support.h\n'}
[0.551629] (turtlesim) StdoutLine: {'line': b'-- Up-to-date: /home/fiammetta/ros-stuff/ros2_ws/install/turtlesim/include/turtlesim/turtlesim/msg/detail/pose__functions.c\n'}
[0.551717] (turtlesim) StdoutLine: {'line': b'-- Up-to-date: /home/fiammetta/ros-stuff/ros2_ws/install/turtlesim/include/turtlesim/turtlesim/msg/detail/color__functions.c\n'}
[0.551776] (turtlesim) StdoutLine: {'line': b'-- Up-to-date: /home/fiammetta/ros-stuff/ros2_ws/install/turtlesim/include/turtlesim/turtlesim/msg/color.h\n'}
[0.551845] (turtlesim) StdoutLine: {'line': b'-- Up-to-date: /home/fiammetta/ros-stuff/ros2_ws/install/turtlesim/include/turtlesim/turtlesim/msg/pose.h\n'}
[0.551918] (turtlesim) StdoutLine: {'line': b'-- Up-to-date: /home/fiammetta/ros-stuff/ros2_ws/install/turtlesim/include/turtlesim/turtlesim/msg/rosidl_generator_c__visibility_control.h\n'}
[0.551986] (turtlesim) StdoutLine: {'line': b'-- Up-to-date: /home/fiammetta/ros-stuff/ros2_ws/install/turtlesim/include/turtlesim/turtlesim/srv\n'}
[0.552059] (turtlesim) StdoutLine: {'line': b'-- Up-to-date: /home/fiammetta/ros-stuff/ros2_ws/install/turtlesim/include/turtlesim/turtlesim/srv/teleport_absolute.h\n'}
[0.552248] (turtlesim) StdoutLine: {'line': b'-- Up-to-date: /home/fiammetta/ros-stuff/ros2_ws/install/turtlesim/include/turtlesim/turtlesim/srv/detail\n'}
[0.552338] (turtlesim) StdoutLine: {'line': b'-- Up-to-date: /home/fiammetta/ros-stuff/ros2_ws/install/turtlesim/include/turtlesim/turtlesim/srv/detail/teleport_absolute__functions.h\n'}
[0.552411] (turtlesim) StdoutLine: {'line': b'-- Up-to-date: /home/fiammetta/ros-stuff/ros2_ws/install/turtlesim/include/turtlesim/turtlesim/srv/detail/kill__struct.h\n'}
[0.552482] (turtlesim) StdoutLine: {'line': b'-- Up-to-date: /home/fiammetta/ros-stuff/ros2_ws/install/turtlesim/include/turtlesim/turtlesim/srv/detail/spawn__functions.c\n'}
[0.552552] (turtlesim) StdoutLine: {'line': b'-- Up-to-date: /home/fiammetta/ros-stuff/ros2_ws/install/turtlesim/include/turtlesim/turtlesim/srv/detail/teleport_relative__struct.h\n'}
[0.552617] (turtlesim) StdoutLine: {'line': b'-- Up-to-date: /home/fiammetta/ros-stuff/ros2_ws/install/turtlesim/include/turtlesim/turtlesim/srv/detail/teleport_relative__type_support.h\n'}
[0.552683] (turtlesim) StdoutLine: {'line': b'-- Up-to-date: /home/fiammetta/ros-stuff/ros2_ws/install/turtlesim/include/turtlesim/turtlesim/srv/detail/teleport_absolute__struct.h\n'}
[0.552752] (turtlesim) StdoutLine: {'line': b'-- Up-to-date: /home/fiammetta/ros-stuff/ros2_ws/install/turtlesim/include/turtlesim/turtlesim/srv/detail/set_pen__struct.h\n'}
[0.552823] (turtlesim) StdoutLine: {'line': b'-- Up-to-date: /home/fiammetta/ros-stuff/ros2_ws/install/turtlesim/include/turtlesim/turtlesim/srv/detail/spawn__type_support.h\n'}
[0.552891] (turtlesim) StdoutLine: {'line': b'-- Up-to-date: /home/fiammetta/ros-stuff/ros2_ws/install/turtlesim/include/turtlesim/turtlesim/srv/detail/set_pen__functions.h\n'}
[0.552963] (turtlesim) StdoutLine: {'line': b'-- Up-to-date: /home/fiammetta/ros-stuff/ros2_ws/install/turtlesim/include/turtlesim/turtlesim/srv/detail/spawn__struct.h\n'}
[0.553026] (turtlesim) StdoutLine: {'line': b'-- Up-to-date: /home/fiammetta/ros-stuff/ros2_ws/install/turtlesim/include/turtlesim/turtlesim/srv/detail/spawn__functions.h\n'}
[0.553090] (turtlesim) StdoutLine: {'line': b'-- Up-to-date: /home/fiammetta/ros-stuff/ros2_ws/install/turtlesim/include/turtlesim/turtlesim/srv/detail/kill__functions.h\n'}
[0.553269] (turtlesim) StdoutLine: {'line': b'-- Up-to-date: /home/fiammetta/ros-stuff/ros2_ws/install/turtlesim/include/turtlesim/turtlesim/srv/detail/teleport_relative__functions.h\n'}
[0.553330] (turtlesim) StdoutLine: {'line': b'-- Up-to-date: /home/fiammetta/ros-stuff/ros2_ws/install/turtlesim/include/turtlesim/turtlesim/srv/detail/teleport_absolute__functions.c\n'}
[0.553389] (turtlesim) StdoutLine: {'line': b'-- Up-to-date: /home/fiammetta/ros-stuff/ros2_ws/install/turtlesim/include/turtlesim/turtlesim/srv/detail/kill__functions.c\n'}
[0.553447] (turtlesim) StdoutLine: {'line': b'-- Up-to-date: /home/fiammetta/ros-stuff/ros2_ws/install/turtlesim/include/turtlesim/turtlesim/srv/detail/teleport_relative__functions.c\n'}
[0.553560] (turtlesim) StdoutLine: {'line': b'-- Up-to-date: /home/fiammetta/ros-stuff/ros2_ws/install/turtlesim/include/turtlesim/turtlesim/srv/detail/set_pen__type_support.h\n'}
[0.553619] (turtlesim) StdoutLine: {'line': b'-- Up-to-date: /home/fiammetta/ros-stuff/ros2_ws/install/turtlesim/include/turtlesim/turtlesim/srv/detail/set_pen__functions.c\n'}
[0.553678] (turtlesim) StdoutLine: {'line': b'-- Up-to-date: /home/fiammetta/ros-stuff/ros2_ws/install/turtlesim/include/turtlesim/turtlesim/srv/detail/teleport_absolute__type_support.h\n'}
[0.553774] (turtlesim) StdoutLine: {'line': b'-- Up-to-date: /home/fiammetta/ros-stuff/ros2_ws/install/turtlesim/include/turtlesim/turtlesim/srv/detail/kill__type_support.h\n'}
[0.553832] (turtlesim) StdoutLine: {'line': b'-- Up-to-date: /home/fiammetta/ros-stuff/ros2_ws/install/turtlesim/include/turtlesim/turtlesim/srv/teleport_relative.h\n'}
[0.553889] (turtlesim) StdoutLine: {'line': b'-- Up-to-date: /home/fiammetta/ros-stuff/ros2_ws/install/turtlesim/include/turtlesim/turtlesim/srv/kill.h\n'}
[0.553947] (turtlesim) StdoutLine: {'line': b'-- Up-to-date: /home/fiammetta/ros-stuff/ros2_ws/install/turtlesim/include/turtlesim/turtlesim/srv/spawn.h\n'}
[0.554005] (turtlesim) StdoutLine: {'line': b'-- Up-to-date: /home/fiammetta/ros-stuff/ros2_ws/install/turtlesim/include/turtlesim/turtlesim/srv/set_pen.h\n'}
[0.554062] (turtlesim) StdoutLine: {'line': b'-- Up-to-date: /home/fiammetta/ros-stuff/ros2_ws/install/turtlesim/share/turtlesim/environment/library_path.sh\n'}
[0.554150] (turtlesim) StdoutLine: {'line': b'-- Up-to-date: /home/fiammetta/ros-stuff/ros2_ws/install/turtlesim/share/turtlesim/environment/library_path.dsv\n'}
[0.554212] (turtlesim) StdoutLine: {'line': b'-- Up-to-date: /home/fiammetta/ros-stuff/ros2_ws/install/turtlesim/lib/libturtlesim__rosidl_generator_c.so\n'}
[0.554270] (turtlesim) StdoutLine: {'line': b'-- Up-to-date: /home/fiammetta/ros-stuff/ros2_ws/install/turtlesim/include/turtlesim/turtlesim\n'}
[0.554327] (turtlesim) StdoutLine: {'line': b'-- Up-to-date: /home/fiammetta/ros-stuff/ros2_ws/install/turtlesim/include/turtlesim/turtlesim/action\n'}
[0.554385] (turtlesim) StdoutLine: {'line': b'-- Up-to-date: /home/fiammetta/ros-stuff/ros2_ws/install/turtlesim/include/turtlesim/turtlesim/action/detail\n'}
[0.554490] (turtlesim) StdoutLine: {'line': b'-- Up-to-date: /home/fiammetta/ros-stuff/ros2_ws/install/turtlesim/include/turtlesim/turtlesim/action/detail/rotate_absolute__rosidl_typesupport_fastrtps_c.h\n'}
[0.554547] (turtlesim) StdoutLine: {'line': b'-- Up-to-date: /home/fiammetta/ros-stuff/ros2_ws/install/turtlesim/include/turtlesim/turtlesim/msg\n'}
[0.554675] (turtlesim) StdoutLine: {'line': b'-- Up-to-date: /home/fiammetta/ros-stuff/ros2_ws/install/turtlesim/include/turtlesim/turtlesim/msg/detail\n'}
[0.554732] (turtlesim) StdoutLine: {'line': b'-- Up-to-date: /home/fiammetta/ros-stuff/ros2_ws/install/turtlesim/include/turtlesim/turtlesim/msg/detail/color__rosidl_typesupport_fastrtps_c.h\n'}
[0.554790] (turtlesim) StdoutLine: {'line': b'-- Up-to-date: /home/fiammetta/ros-stuff/ros2_ws/install/turtlesim/include/turtlesim/turtlesim/msg/detail/pose__rosidl_typesupport_fastrtps_c.h\n'}
[0.554848] (turtlesim) StdoutLine: {'line': b'-- Up-to-date: /home/fiammetta/ros-stuff/ros2_ws/install/turtlesim/include/turtlesim/turtlesim/msg/rosidl_typesupport_fastrtps_c__visibility_control.h\n'}
[0.554906] (turtlesim) StdoutLine: {'line': b'-- Up-to-date: /home/fiammetta/ros-stuff/ros2_ws/install/turtlesim/include/turtlesim/turtlesim/srv\n'}
[0.554964] (turtlesim) StdoutLine: {'line': b'-- Up-to-date: /home/fiammetta/ros-stuff/ros2_ws/install/turtlesim/include/turtlesim/turtlesim/srv/detail\n'}
[0.555021] (turtlesim) StdoutLine: {'line': b'-- Up-to-date: /home/fiammetta/ros-stuff/ros2_ws/install/turtlesim/include/turtlesim/turtlesim/srv/detail/spawn__rosidl_typesupport_fastrtps_c.h\n'}
[0.555085] (turtlesim) StdoutLine: {'line': b'-- Up-to-date: /home/fiammetta/ros-stuff/ros2_ws/install/turtlesim/include/turtlesim/turtlesim/srv/detail/teleport_absolute__rosidl_typesupport_fastrtps_c.h\n'}
[0.555197] (turtlesim) StdoutLine: {'line': b'-- Up-to-date: /home/fiammetta/ros-stuff/ros2_ws/install/turtlesim/include/turtlesim/turtlesim/srv/detail/kill__rosidl_typesupport_fastrtps_c.h\n'}
[0.555253] (turtlesim) StdoutLine: {'line': b'-- Up-to-date: /home/fiammetta/ros-stuff/ros2_ws/install/turtlesim/include/turtlesim/turtlesim/srv/detail/set_pen__rosidl_typesupport_fastrtps_c.h\n'}
[0.555312] (turtlesim) StdoutLine: {'line': b'-- Up-to-date: /home/fiammetta/ros-stuff/ros2_ws/install/turtlesim/include/turtlesim/turtlesim/srv/detail/teleport_relative__rosidl_typesupport_fastrtps_c.h\n'}
[0.555371] (turtlesim) StdoutLine: {'line': b'-- Up-to-date: /home/fiammetta/ros-stuff/ros2_ws/install/turtlesim/lib/libturtlesim__rosidl_typesupport_fastrtps_c.so\n'}
[0.555429] (turtlesim) StdoutLine: {'line': b'-- Up-to-date: /home/fiammetta/ros-stuff/ros2_ws/install/turtlesim/include/turtlesim/turtlesim\n'}
[0.555487] (turtlesim) StdoutLine: {'line': b'-- Up-to-date: /home/fiammetta/ros-stuff/ros2_ws/install/turtlesim/include/turtlesim/turtlesim/action\n'}
[0.555545] (turtlesim) StdoutLine: {'line': b'-- Up-to-date: /home/fiammetta/ros-stuff/ros2_ws/install/turtlesim/include/turtlesim/turtlesim/action/detail\n'}
[0.555603] (turtlesim) StdoutLine: {'line': b'-- Up-to-date: /home/fiammetta/ros-stuff/ros2_ws/install/turtlesim/include/turtlesim/turtlesim/action/detail/rotate_absolute__type_support.hpp\n'}
[0.555661] (turtlesim) StdoutLine: {'line': b'-- Up-to-date: /home/fiammetta/ros-stuff/ros2_ws/install/turtlesim/include/turtlesim/turtlesim/action/detail/rotate_absolute__traits.hpp\n'}
[0.555719] (turtlesim) StdoutLine: {'line': b'-- Up-to-date: /home/fiammetta/ros-stuff/ros2_ws/install/turtlesim/include/turtlesim/turtlesim/action/detail/rotate_absolute__struct.hpp\n'}
[0.555833] (turtlesim) StdoutLine: {'line': b'-- Up-to-date: /home/fiammetta/ros-stuff/ros2_ws/install/turtlesim/include/turtlesim/turtlesim/action/detail/rotate_absolute__builder.hpp\n'}
[0.555894] (turtlesim) StdoutLine: {'line': b'-- Up-to-date: /home/fiammetta/ros-stuff/ros2_ws/install/turtlesim/include/turtlesim/turtlesim/action/rotate_absolute.hpp\n'}
[0.555953] (turtlesim) StdoutLine: {'line': b'-- Up-to-date: /home/fiammetta/ros-stuff/ros2_ws/install/turtlesim/include/turtlesim/turtlesim/msg\n'}
[0.556011] (turtlesim) StdoutLine: {'line': b'-- Up-to-date: /home/fiammetta/ros-stuff/ros2_ws/install/turtlesim/include/turtlesim/turtlesim/msg/rosidl_generator_cpp__visibility_control.hpp\n'}
[0.556068] (turtlesim) StdoutLine: {'line': b'-- Up-to-date: /home/fiammetta/ros-stuff/ros2_ws/install/turtlesim/include/turtlesim/turtlesim/msg/detail\n'}
[0.556210] (turtlesim) StdoutLine: {'line': b'-- Up-to-date: /home/fiammetta/ros-stuff/ros2_ws/install/turtlesim/include/turtlesim/turtlesim/msg/detail/pose__traits.hpp\n'}
[0.556266] (turtlesim) StdoutLine: {'line': b'-- Up-to-date: /home/fiammetta/ros-stuff/ros2_ws/install/turtlesim/include/turtlesim/turtlesim/msg/detail/color__struct.hpp\n'}
[0.556321] (turtlesim) StdoutLine: {'line': b'-- Up-to-date: /home/fiammetta/ros-stuff/ros2_ws/install/turtlesim/include/turtlesim/turtlesim/msg/detail/color__builder.hpp\n'}
[0.556374] (turtlesim) StdoutLine: {'line': b'-- Up-to-date: /home/fiammetta/ros-stuff/ros2_ws/install/turtlesim/include/turtlesim/turtlesim/msg/detail/color__type_support.hpp\n'}
[0.556427] (turtlesim) StdoutLine: {'line': b'-- Up-to-date: /home/fiammetta/ros-stuff/ros2_ws/install/turtlesim/include/turtlesim/turtlesim/msg/detail/color__traits.hpp\n'}
[0.556480] (turtlesim) StdoutLine: {'line': b'-- Up-to-date: /home/fiammetta/ros-stuff/ros2_ws/install/turtlesim/include/turtlesim/turtlesim/msg/detail/pose__struct.hpp\n'}
[0.556533] (turtlesim) StdoutLine: {'line': b'-- Up-to-date: /home/fiammetta/ros-stuff/ros2_ws/install/turtlesim/include/turtlesim/turtlesim/msg/detail/pose__type_support.hpp\n'}
[0.556586] (turtlesim) StdoutLine: {'line': b'-- Up-to-date: /home/fiammetta/ros-stuff/ros2_ws/install/turtlesim/include/turtlesim/turtlesim/msg/detail/pose__builder.hpp\n'}
[0.556639] (turtlesim) StdoutLine: {'line': b'-- Up-to-date: /home/fiammetta/ros-stuff/ros2_ws/install/turtlesim/include/turtlesim/turtlesim/msg/pose.hpp\n'}
[0.556703] (turtlesim) StdoutLine: {'line': b'-- Up-to-date: /home/fiammetta/ros-stuff/ros2_ws/install/turtlesim/include/turtlesim/turtlesim/msg/color.hpp\n'}
[0.556758] (turtlesim) StdoutLine: {'line': b'-- Up-to-date: /home/fiammetta/ros-stuff/ros2_ws/install/turtlesim/include/turtlesim/turtlesim/srv\n'}
[0.556811] (turtlesim) StdoutLine: {'line': b'-- Up-to-date: /home/fiammetta/ros-stuff/ros2_ws/install/turtlesim/include/turtlesim/turtlesim/srv/kill.hpp\n'}
[0.556864] (turtlesim) StdoutLine: {'line': b'-- Up-to-date: /home/fiammetta/ros-stuff/ros2_ws/install/turtlesim/include/turtlesim/turtlesim/srv/teleport_absolute.hpp\n'}
[0.556917] (turtlesim) StdoutLine: {'line': b'-- Up-to-date: /home/fiammetta/ros-stuff/ros2_ws/install/turtlesim/include/turtlesim/turtlesim/srv/set_pen.hpp\n'}
[0.556971] (turtlesim) StdoutLine: {'line': b'-- Up-to-date: /home/fiammetta/ros-stuff/ros2_ws/install/turtlesim/include/turtlesim/turtlesim/srv/spawn.hpp\n'}
[0.557024] (turtlesim) StdoutLine: {'line': b'-- Up-to-date: /home/fiammetta/ros-stuff/ros2_ws/install/turtlesim/include/turtlesim/turtlesim/srv/detail\n'}
[0.557086] (turtlesim) StdoutLine: {'line': b'-- Up-to-date: /home/fiammetta/ros-stuff/ros2_ws/install/turtlesim/include/turtlesim/turtlesim/srv/detail/set_pen__builder.hpp\n'}
[0.557148] (turtlesim) StdoutLine: {'line': b'-- Up-to-date: /home/fiammetta/ros-stuff/ros2_ws/install/turtlesim/include/turtlesim/turtlesim/srv/detail/spawn__traits.hpp\n'}
[0.557202] (turtlesim) StdoutLine: {'line': b'-- Up-to-date: /home/fiammetta/ros-stuff/ros2_ws/install/turtlesim/include/turtlesim/turtlesim/srv/detail/kill__traits.hpp\n'}
[0.557257] (turtlesim) StdoutLine: {'line': b'-- Up-to-date: /home/fiammetta/ros-stuff/ros2_ws/install/turtlesim/include/turtlesim/turtlesim/srv/detail/teleport_absolute__struct.hpp\n'}
[0.557312] (turtlesim) StdoutLine: {'line': b'-- Up-to-date: /home/fiammetta/ros-stuff/ros2_ws/install/turtlesim/include/turtlesim/turtlesim/srv/detail/spawn__type_support.hpp\n'}
[0.557366] (turtlesim) StdoutLine: {'line': b'-- Up-to-date: /home/fiammetta/ros-stuff/ros2_ws/install/turtlesim/include/turtlesim/turtlesim/srv/detail/set_pen__struct.hpp\n'}
[0.557420] (turtlesim) StdoutLine: {'line': b'-- Up-to-date: /home/fiammetta/ros-stuff/ros2_ws/install/turtlesim/include/turtlesim/turtlesim/srv/detail/teleport_absolute__builder.hpp\n'}
[0.557474] (turtlesim) StdoutLine: {'line': b'-- Up-to-date: /home/fiammetta/ros-stuff/ros2_ws/install/turtlesim/include/turtlesim/turtlesim/srv/detail/teleport_absolute__type_support.hpp\n'}
[0.557528] (turtlesim) StdoutLine: {'line': b'-- Up-to-date: /home/fiammetta/ros-stuff/ros2_ws/install/turtlesim/include/turtlesim/turtlesim/srv/detail/set_pen__traits.hpp\n'}
[0.557581] (turtlesim) StdoutLine: {'line': b'-- Up-to-date: /home/fiammetta/ros-stuff/ros2_ws/install/turtlesim/include/turtlesim/turtlesim/srv/detail/teleport_relative__traits.hpp\n'}
[0.557639] (turtlesim) StdoutLine: {'line': b'-- Up-to-date: /home/fiammetta/ros-stuff/ros2_ws/install/turtlesim/include/turtlesim/turtlesim/srv/detail/teleport_relative__type_support.hpp\n'}
[0.557692] (turtlesim) StdoutLine: {'line': b'-- Up-to-date: /home/fiammetta/ros-stuff/ros2_ws/install/turtlesim/include/turtlesim/turtlesim/srv/detail/teleport_absolute__traits.hpp\n'}
[0.557745] (turtlesim) StdoutLine: {'line': b'-- Up-to-date: /home/fiammetta/ros-stuff/ros2_ws/install/turtlesim/include/turtlesim/turtlesim/srv/detail/kill__struct.hpp\n'}
[0.557799] (turtlesim) StdoutLine: {'line': b'-- Up-to-date: /home/fiammetta/ros-stuff/ros2_ws/install/turtlesim/include/turtlesim/turtlesim/srv/detail/spawn__builder.hpp\n'}
[0.557852] (turtlesim) StdoutLine: {'line': b'-- Up-to-date: /home/fiammetta/ros-stuff/ros2_ws/install/turtlesim/include/turtlesim/turtlesim/srv/detail/teleport_relative__builder.hpp\n'}
[0.557906] (turtlesim) StdoutLine: {'line': b'-- Up-to-date: /home/fiammetta/ros-stuff/ros2_ws/install/turtlesim/include/turtlesim/turtlesim/srv/detail/spawn__struct.hpp\n'}
[0.557970] (turtlesim) StdoutLine: {'line': b'-- Up-to-date: /home/fiammetta/ros-stuff/ros2_ws/install/turtlesim/include/turtlesim/turtlesim/srv/detail/kill__builder.hpp\n'}
[0.558024] (turtlesim) StdoutLine: {'line': b'-- Up-to-date: /home/fiammetta/ros-stuff/ros2_ws/install/turtlesim/include/turtlesim/turtlesim/srv/detail/teleport_relative__struct.hpp\n'}
[0.558084] (turtlesim) StdoutLine: {'line': b'-- Up-to-date: /home/fiammetta/ros-stuff/ros2_ws/install/turtlesim/include/turtlesim/turtlesim/srv/detail/kill__type_support.hpp\n'}
[0.558146] (turtlesim) StdoutLine: {'line': b'-- Up-to-date: /home/fiammetta/ros-stuff/ros2_ws/install/turtlesim/include/turtlesim/turtlesim/srv/detail/set_pen__type_support.hpp\n'}
[0.558200] (turtlesim) StdoutLine: {'line': b'-- Up-to-date: /home/fiammetta/ros-stuff/ros2_ws/install/turtlesim/include/turtlesim/turtlesim/srv/teleport_relative.hpp\n'}
[0.558254] (turtlesim) StdoutLine: {'line': b'-- Up-to-date: /home/fiammetta/ros-stuff/ros2_ws/install/turtlesim/include/turtlesim/turtlesim\n'}
[0.558308] (turtlesim) StdoutLine: {'line': b'-- Up-to-date: /home/fiammetta/ros-stuff/ros2_ws/install/turtlesim/include/turtlesim/turtlesim/action\n'}
[0.558361] (turtlesim) StdoutLine: {'line': b'-- Up-to-date: /home/fiammetta/ros-stuff/ros2_ws/install/turtlesim/include/turtlesim/turtlesim/action/detail\n'}
[0.558414] (turtlesim) StdoutLine: {'line': b'-- Up-to-date: /home/fiammetta/ros-stuff/ros2_ws/install/turtlesim/include/turtlesim/turtlesim/action/detail/rotate_absolute__rosidl_typesupport_fastrtps_cpp.hpp\n'}
[0.558468] (turtlesim) StdoutLine: {'line': b'-- Up-to-date: /home/fiammetta/ros-stuff/ros2_ws/install/turtlesim/include/turtlesim/turtlesim/action/detail/dds_fastrtps\n'}
[0.558528] (turtlesim) StdoutLine: {'line': b'-- Up-to-date: /home/fiammetta/ros-stuff/ros2_ws/install/turtlesim/include/turtlesim/turtlesim/msg\n'}
[0.558582] (turtlesim) StdoutLine: {'line': b'-- Up-to-date: /home/fiammetta/ros-stuff/ros2_ws/install/turtlesim/include/turtlesim/turtlesim/msg/detail\n'}
[0.558635] (turtlesim) StdoutLine: {'line': b'-- Up-to-date: /home/fiammetta/ros-stuff/ros2_ws/install/turtlesim/include/turtlesim/turtlesim/msg/detail/color__rosidl_typesupport_fastrtps_cpp.hpp\n'}
[0.558689] (turtlesim) StdoutLine: {'line': b'-- Up-to-date: /home/fiammetta/ros-stuff/ros2_ws/install/turtlesim/include/turtlesim/turtlesim/msg/detail/dds_fastrtps\n'}
[0.558743] (turtlesim) StdoutLine: {'line': b'-- Up-to-date: /home/fiammetta/ros-stuff/ros2_ws/install/turtlesim/include/turtlesim/turtlesim/msg/detail/pose__rosidl_typesupport_fastrtps_cpp.hpp\n'}
[0.558797] (turtlesim) StdoutLine: {'line': b'-- Up-to-date: /home/fiammetta/ros-stuff/ros2_ws/install/turtlesim/include/turtlesim/turtlesim/msg/rosidl_typesupport_fastrtps_cpp__visibility_control.h\n'}
[0.558851] (turtlesim) StdoutLine: {'line': b'-- Up-to-date: /home/fiammetta/ros-stuff/ros2_ws/install/turtlesim/include/turtlesim/turtlesim/srv\n'}
[0.558905] (turtlesim) StdoutLine: {'line': b'-- Up-to-date: /home/fiammetta/ros-stuff/ros2_ws/install/turtlesim/include/turtlesim/turtlesim/srv/detail\n'}
[0.558958] (turtlesim) StdoutLine: {'line': b'-- Up-to-date: /home/fiammetta/ros-stuff/ros2_ws/install/turtlesim/include/turtlesim/turtlesim/srv/detail/spawn__rosidl_typesupport_fastrtps_cpp.hpp\n'}
[0.559012] (turtlesim) StdoutLine: {'line': b'-- Up-to-date: /home/fiammetta/ros-stuff/ros2_ws/install/turtlesim/include/turtlesim/turtlesim/srv/detail/teleport_relative__rosidl_typesupport_fastrtps_cpp.hpp\n'}
[0.559066] (turtlesim) StdoutLine: {'line': b'-- Up-to-date: /home/fiammetta/ros-stuff/ros2_ws/install/turtlesim/include/turtlesim/turtlesim/srv/detail/teleport_absolute__rosidl_typesupport_fastrtps_cpp.hpp\n'}
[0.559130] (turtlesim) StdoutLine: {'line': b'-- Up-to-date: /home/fiammetta/ros-stuff/ros2_ws/install/turtlesim/include/turtlesim/turtlesim/srv/detail/kill__rosidl_typesupport_fastrtps_cpp.hpp\n'}
[0.559185] (turtlesim) StdoutLine: {'line': b'-- Up-to-date: /home/fiammetta/ros-stuff/ros2_ws/install/turtlesim/include/turtlesim/turtlesim/srv/detail/set_pen__rosidl_typesupport_fastrtps_cpp.hpp\n'}
[0.559243] (turtlesim) StdoutLine: {'line': b'-- Up-to-date: /home/fiammetta/ros-stuff/ros2_ws/install/turtlesim/include/turtlesim/turtlesim/srv/detail/dds_fastrtps\n'}
[0.559300] (turtlesim) StdoutLine: {'line': b'-- Up-to-date: /home/fiammetta/ros-stuff/ros2_ws/install/turtlesim/lib/libturtlesim__rosidl_typesupport_fastrtps_cpp.so\n'}
[0.559354] (turtlesim) StdoutLine: {'line': b'-- Up-to-date: /home/fiammetta/ros-stuff/ros2_ws/install/turtlesim/include/turtlesim/turtlesim\n'}
[0.559407] (turtlesim) StdoutLine: {'line': b'-- Up-to-date: /home/fiammetta/ros-stuff/ros2_ws/install/turtlesim/include/turtlesim/turtlesim/action\n'}
[0.559461] (turtlesim) StdoutLine: {'line': b'-- Up-to-date: /home/fiammetta/ros-stuff/ros2_ws/install/turtlesim/include/turtlesim/turtlesim/action/detail\n'}
[0.559515] (turtlesim) StdoutLine: {'line': b'-- Up-to-date: /home/fiammetta/ros-stuff/ros2_ws/install/turtlesim/include/turtlesim/turtlesim/action/detail/rotate_absolute__rosidl_typesupport_introspection_c.h\n'}
[0.559569] (turtlesim) StdoutLine: {'line': b'-- Up-to-date: /home/fiammetta/ros-stuff/ros2_ws/install/turtlesim/include/turtlesim/turtlesim/action/detail/rotate_absolute__type_support.c\n'}
[0.559624] (turtlesim) StdoutLine: {'line': b'-- Up-to-date: /home/fiammetta/ros-stuff/ros2_ws/install/turtlesim/include/turtlesim/turtlesim/msg\n'}
[0.559677] (turtlesim) StdoutLine: {'line': b'-- Up-to-date: /home/fiammetta/ros-stuff/ros2_ws/install/turtlesim/include/turtlesim/turtlesim/msg/detail\n'}
[0.559732] (turtlesim) StdoutLine: {'line': b'-- Up-to-date: /home/fiammetta/ros-stuff/ros2_ws/install/turtlesim/include/turtlesim/turtlesim/msg/detail/pose__rosidl_typesupport_introspection_c.h\n'}
[0.559786] (turtlesim) StdoutLine: {'line': b'-- Up-to-date: /home/fiammetta/ros-stuff/ros2_ws/install/turtlesim/include/turtlesim/turtlesim/msg/detail/color__rosidl_typesupport_introspection_c.h\n'}
[0.559840] (turtlesim) StdoutLine: {'line': b'-- Up-to-date: /home/fiammetta/ros-stuff/ros2_ws/install/turtlesim/include/turtlesim/turtlesim/msg/detail/pose__type_support.c\n'}
[0.559893] (turtlesim) StdoutLine: {'line': b'-- Up-to-date: /home/fiammetta/ros-stuff/ros2_ws/install/turtlesim/include/turtlesim/turtlesim/msg/detail/color__type_support.c\n'}
[0.559947] (turtlesim) StdoutLine: {'line': b'-- Up-to-date: /home/fiammetta/ros-stuff/ros2_ws/install/turtlesim/include/turtlesim/turtlesim/msg/rosidl_typesupport_introspection_c__visibility_control.h\n'}
[0.560001] (turtlesim) StdoutLine: {'line': b'-- Up-to-date: /home/fiammetta/ros-stuff/ros2_ws/install/turtlesim/include/turtlesim/turtlesim/srv\n'}
[0.560054] (turtlesim) StdoutLine: {'line': b'-- Up-to-date: /home/fiammetta/ros-stuff/ros2_ws/install/turtlesim/include/turtlesim/turtlesim/srv/detail\n'}
[0.560120] (turtlesim) StdoutLine: {'line': b'-- Up-to-date: /home/fiammetta/ros-stuff/ros2_ws/install/turtlesim/include/turtlesim/turtlesim/srv/detail/kill__type_support.c\n'}
[0.560176] (turtlesim) StdoutLine: {'line': b'-- Up-to-date: /home/fiammetta/ros-stuff/ros2_ws/install/turtlesim/include/turtlesim/turtlesim/srv/detail/teleport_absolute__type_support.c\n'}
[0.560230] (turtlesim) StdoutLine: {'line': b'-- Up-to-date: /home/fiammetta/ros-stuff/ros2_ws/install/turtlesim/include/turtlesim/turtlesim/srv/detail/teleport_relative__type_support.c\n'}
[0.560292] (turtlesim) StdoutLine: {'line': b'-- Up-to-date: /home/fiammetta/ros-stuff/ros2_ws/install/turtlesim/include/turtlesim/turtlesim/srv/detail/set_pen__rosidl_typesupport_introspection_c.h\n'}
[0.560346] (turtlesim) StdoutLine: {'line': b'-- Up-to-date: /home/fiammetta/ros-stuff/ros2_ws/install/turtlesim/include/turtlesim/turtlesim/srv/detail/kill__rosidl_typesupport_introspection_c.h\n'}
[0.560401] (turtlesim) StdoutLine: {'line': b'-- Up-to-date: /home/fiammetta/ros-stuff/ros2_ws/install/turtlesim/include/turtlesim/turtlesim/srv/detail/spawn__type_support.c\n'}
[0.560456] (turtlesim) StdoutLine: {'line': b'-- Up-to-date: /home/fiammetta/ros-stuff/ros2_ws/install/turtlesim/include/turtlesim/turtlesim/srv/detail/teleport_relative__rosidl_typesupport_introspection_c.h\n'}
[0.560515] (turtlesim) StdoutLine: {'line': b'-- Up-to-date: /home/fiammetta/ros-stuff/ros2_ws/install/turtlesim/include/turtlesim/turtlesim/srv/detail/set_pen__type_support.c\n'}
[0.560582] (turtlesim) StdoutLine: {'line': b'-- Up-to-date: /home/fiammetta/ros-stuff/ros2_ws/install/turtlesim/include/turtlesim/turtlesim/srv/detail/spawn__rosidl_typesupport_introspection_c.h\n'}
[0.560635] (turtlesim) StdoutLine: {'line': b'-- Up-to-date: /home/fiammetta/ros-stuff/ros2_ws/install/turtlesim/include/turtlesim/turtlesim/srv/detail/teleport_absolute__rosidl_typesupport_introspection_c.h\n'}
[0.560688] (turtlesim) StdoutLine: {'line': b'-- Up-to-date: /home/fiammetta/ros-stuff/ros2_ws/install/turtlesim/lib/libturtlesim__rosidl_typesupport_introspection_c.so\n'}
[0.560741] (turtlesim) StdoutLine: {'line': b'-- Up-to-date: /home/fiammetta/ros-stuff/ros2_ws/install/turtlesim/lib/libturtlesim__rosidl_typesupport_c.so\n'}
[0.560793] (turtlesim) StdoutLine: {'line': b'-- Up-to-date: /home/fiammetta/ros-stuff/ros2_ws/install/turtlesim/include/turtlesim/turtlesim\n'}
[0.560845] (turtlesim) StdoutLine: {'line': b'-- Up-to-date: /home/fiammetta/ros-stuff/ros2_ws/install/turtlesim/include/turtlesim/turtlesim/action\n'}
[0.560898] (turtlesim) StdoutLine: {'line': b'-- Up-to-date: /home/fiammetta/ros-stuff/ros2_ws/install/turtlesim/include/turtlesim/turtlesim/action/detail\n'}
[0.560954] (turtlesim) StdoutLine: {'line': b'-- Up-to-date: /home/fiammetta/ros-stuff/ros2_ws/install/turtlesim/include/turtlesim/turtlesim/action/detail/rotate_absolute__type_support.cpp\n'}
[0.561007] (turtlesim) StdoutLine: {'line': b'-- Up-to-date: /home/fiammetta/ros-stuff/ros2_ws/install/turtlesim/include/turtlesim/turtlesim/action/detail/rotate_absolute__rosidl_typesupport_introspection_cpp.hpp\n'}
[0.561060] (turtlesim) StdoutLine: {'line': b'-- Up-to-date: /home/fiammetta/ros-stuff/ros2_ws/install/turtlesim/include/turtlesim/turtlesim/msg\n'}
[0.561126] (turtlesim) StdoutLine: {'line': b'-- Up-to-date: /home/fiammetta/ros-stuff/ros2_ws/install/turtlesim/include/turtlesim/turtlesim/msg/detail\n'}
[0.561181] (turtlesim) StdoutLine: {'line': b'-- Up-to-date: /home/fiammetta/ros-stuff/ros2_ws/install/turtlesim/include/turtlesim/turtlesim/msg/detail/pose__rosidl_typesupport_introspection_cpp.hpp\n'}
[0.561234] (turtlesim) StdoutLine: {'line': b'-- Up-to-date: /home/fiammetta/ros-stuff/ros2_ws/install/turtlesim/include/turtlesim/turtlesim/msg/detail/pose__type_support.cpp\n'}
[0.561287] (turtlesim) StdoutLine: {'line': b'-- Up-to-date: /home/fiammetta/ros-stuff/ros2_ws/install/turtlesim/include/turtlesim/turtlesim/msg/detail/color__type_support.cpp\n'}
[0.561340] (turtlesim) StdoutLine: {'line': b'-- Up-to-date: /home/fiammetta/ros-stuff/ros2_ws/install/turtlesim/include/turtlesim/turtlesim/msg/detail/color__rosidl_typesupport_introspection_cpp.hpp\n'}
[0.561393] (turtlesim) StdoutLine: {'line': b'-- Up-to-date: /home/fiammetta/ros-stuff/ros2_ws/install/turtlesim/include/turtlesim/turtlesim/srv\n'}
[0.561445] (turtlesim) StdoutLine: {'line': b'-- Up-to-date: /home/fiammetta/ros-stuff/ros2_ws/install/turtlesim/include/turtlesim/turtlesim/srv/detail\n'}
[0.561498] (turtlesim) StdoutLine: {'line': b'-- Up-to-date: /home/fiammetta/ros-stuff/ros2_ws/install/turtlesim/include/turtlesim/turtlesim/srv/detail/set_pen__rosidl_typesupport_introspection_cpp.hpp\n'}
[0.561552] (turtlesim) StdoutLine: {'line': b'-- Up-to-date: /home/fiammetta/ros-stuff/ros2_ws/install/turtlesim/include/turtlesim/turtlesim/srv/detail/spawn__type_support.cpp\n'}
[0.561605] (turtlesim) StdoutLine: {'line': b'-- Up-to-date: /home/fiammetta/ros-stuff/ros2_ws/install/turtlesim/include/turtlesim/turtlesim/srv/detail/teleport_relative__rosidl_typesupport_introspection_cpp.hpp\n'}
[0.561658] (turtlesim) StdoutLine: {'line': b'-- Up-to-date: /home/fiammetta/ros-stuff/ros2_ws/install/turtlesim/include/turtlesim/turtlesim/srv/detail/teleport_absolute__type_support.cpp\n'}
[0.561711] (turtlesim) StdoutLine: {'line': b'-- Up-to-date: /home/fiammetta/ros-stuff/ros2_ws/install/turtlesim/include/turtlesim/turtlesim/srv/detail/spawn__rosidl_typesupport_introspection_cpp.hpp\n'}
[0.561768] (turtlesim) StdoutLine: {'line': b'-- Up-to-date: /home/fiammetta/ros-stuff/ros2_ws/install/turtlesim/include/turtlesim/turtlesim/srv/detail/teleport_relative__type_support.cpp\n'}
[0.561820] (turtlesim) StdoutLine: {'line': b'-- Up-to-date: /home/fiammetta/ros-stuff/ros2_ws/install/turtlesim/include/turtlesim/turtlesim/srv/detail/set_pen__type_support.cpp\n'}
[0.561873] (turtlesim) StdoutLine: {'line': b'-- Up-to-date: /home/fiammetta/ros-stuff/ros2_ws/install/turtlesim/include/turtlesim/turtlesim/srv/detail/kill__type_support.cpp\n'}
[0.561926] (turtlesim) StdoutLine: {'line': b'-- Up-to-date: /home/fiammetta/ros-stuff/ros2_ws/install/turtlesim/include/turtlesim/turtlesim/srv/detail/teleport_absolute__rosidl_typesupport_introspection_cpp.hpp\n'}
[0.561984] (turtlesim) StdoutLine: {'line': b'-- Up-to-date: /home/fiammetta/ros-stuff/ros2_ws/install/turtlesim/include/turtlesim/turtlesim/srv/detail/kill__rosidl_typesupport_introspection_cpp.hpp\n'}
[0.562037] (turtlesim) StdoutLine: {'line': b'-- Up-to-date: /home/fiammetta/ros-stuff/ros2_ws/install/turtlesim/lib/libturtlesim__rosidl_typesupport_introspection_cpp.so\n'}
[0.562100] (turtlesim) StdoutLine: {'line': b'-- Up-to-date: /home/fiammetta/ros-stuff/ros2_ws/install/turtlesim/lib/libturtlesim__rosidl_typesupport_cpp.so\n'}
[0.562158] (turtlesim) StdoutLine: {'line': b'-- Up-to-date: /home/fiammetta/ros-stuff/ros2_ws/install/turtlesim/share/turtlesim/environment/pythonpath.sh\n'}
[0.562211] (turtlesim) StdoutLine: {'line': b'-- Up-to-date: /home/fiammetta/ros-stuff/ros2_ws/install/turtlesim/share/turtlesim/environment/pythonpath.dsv\n'}
[0.562264] (turtlesim) StdoutLine: {'line': b'-- Up-to-date: /home/fiammetta/ros-stuff/ros2_ws/install/turtlesim/local/lib/python3.10/dist-packages/turtlesim-1.4.3-py3.10.egg-info\n'}
[0.562316] (turtlesim) StdoutLine: {'line': b'-- Installing: /home/fiammetta/ros-stuff/ros2_ws/install/turtlesim/local/lib/python3.10/dist-packages/turtlesim-1.4.3-py3.10.egg-info/SOURCES.txt\n'}
[0.562369] (turtlesim) StdoutLine: {'line': b'-- Installing: /home/fiammetta/ros-stuff/ros2_ws/install/turtlesim/local/lib/python3.10/dist-packages/turtlesim-1.4.3-py3.10.egg-info/PKG-INFO\n'}
[0.562421] (turtlesim) StdoutLine: {'line': b'-- Installing: /home/fiammetta/ros-stuff/ros2_ws/install/turtlesim/local/lib/python3.10/dist-packages/turtlesim-1.4.3-py3.10.egg-info/top_level.txt\n'}
[0.562477] (turtlesim) StdoutLine: {'line': b'-- Installing: /home/fiammetta/ros-stuff/ros2_ws/install/turtlesim/local/lib/python3.10/dist-packages/turtlesim-1.4.3-py3.10.egg-info/dependency_links.txt\n'}
[0.562531] (turtlesim) StdoutLine: {'line': b'-- Up-to-date: /home/fiammetta/ros-stuff/ros2_ws/install/turtlesim/local/lib/python3.10/dist-packages/turtlesim\n'}
[0.562584] (turtlesim) StdoutLine: {'line': b'-- Up-to-date: /home/fiammetta/ros-stuff/ros2_ws/install/turtlesim/local/lib/python3.10/dist-packages/turtlesim/_turtlesim_s.ep.rosidl_typesupport_introspection_c.c\n'}
[0.562637] (turtlesim) StdoutLine: {'line': b'-- Up-to-date: /home/fiammetta/ros-stuff/ros2_ws/install/turtlesim/local/lib/python3.10/dist-packages/turtlesim/action\n'}
[0.562690] (turtlesim) StdoutLine: {'line': b'-- Up-to-date: /home/fiammetta/ros-stuff/ros2_ws/install/turtlesim/local/lib/python3.10/dist-packages/turtlesim/action/__init__.py\n'}
[0.562742] (turtlesim) StdoutLine: {'line': b'-- Up-to-date: /home/fiammetta/ros-stuff/ros2_ws/install/turtlesim/local/lib/python3.10/dist-packages/turtlesim/action/_rotate_absolute_s.c\n'}
[0.562794] (turtlesim) StdoutLine: {'line': b'-- Up-to-date: /home/fiammetta/ros-stuff/ros2_ws/install/turtlesim/local/lib/python3.10/dist-packages/turtlesim/action/_rotate_absolute.py\n'}
[0.562846] (turtlesim) StdoutLine: {'line': b'-- Up-to-date: /home/fiammetta/ros-stuff/ros2_ws/install/turtlesim/local/lib/python3.10/dist-packages/turtlesim/turtlesim_s__rosidl_typesupport_introspection_c.cpython-310-x86_64-linux-gnu.so\n'}
[0.562903] (turtlesim) StdoutLine: {'line': b'-- Up-to-date: /home/fiammetta/ros-stuff/ros2_ws/install/turtlesim/local/lib/python3.10/dist-packages/turtlesim/_turtlesim_s.ep.rosidl_typesupport_fastrtps_c.c\n'}
[0.562957] (turtlesim) StdoutLine: {'line': b'-- Up-to-date: /home/fiammetta/ros-stuff/ros2_ws/install/turtlesim/local/lib/python3.10/dist-packages/turtlesim/__init__.py\n'}
[0.563009] (turtlesim) StdoutLine: {'line': b'-- Up-to-date: /home/fiammetta/ros-stuff/ros2_ws/install/turtlesim/local/lib/python3.10/dist-packages/turtlesim/libturtlesim__rosidl_generator_py.so\n'}
[0.563061] (turtlesim) StdoutLine: {'line': b'-- Up-to-date: /home/fiammetta/ros-stuff/ros2_ws/install/turtlesim/local/lib/python3.10/dist-packages/turtlesim/turtlesim_s__rosidl_typesupport_fastrtps_c.cpython-310-x86_64-linux-gnu.so\n'}
[0.563125] (turtlesim) StdoutLine: {'line': b'-- Up-to-date: /home/fiammetta/ros-stuff/ros2_ws/install/turtlesim/local/lib/python3.10/dist-packages/turtlesim/turtlesim_s__rosidl_typesupport_c.cpython-310-x86_64-linux-gnu.so\n'}
[0.563180] (turtlesim) StdoutLine: {'line': b'-- Up-to-date: /home/fiammetta/ros-stuff/ros2_ws/install/turtlesim/local/lib/python3.10/dist-packages/turtlesim/_turtlesim_s.ep.rosidl_typesupport_c.c\n'}
[0.563232] (turtlesim) StdoutLine: {'line': b'-- Up-to-date: /home/fiammetta/ros-stuff/ros2_ws/install/turtlesim/local/lib/python3.10/dist-packages/turtlesim/msg\n'}
[0.563284] (turtlesim) StdoutLine: {'line': b'-- Up-to-date: /home/fiammetta/ros-stuff/ros2_ws/install/turtlesim/local/lib/python3.10/dist-packages/turtlesim/msg/_color_s.c\n'}
[0.563338] (turtlesim) StdoutLine: {'line': b'-- Up-to-date: /home/fiammetta/ros-stuff/ros2_ws/install/turtlesim/local/lib/python3.10/dist-packages/turtlesim/msg/_pose_s.c\n'}
[0.563389] (turtlesim) StdoutLine: {'line': b'-- Up-to-date: /home/fiammetta/ros-stuff/ros2_ws/install/turtlesim/local/lib/python3.10/dist-packages/turtlesim/msg/_pose.py\n'}
[0.563441] (turtlesim) StdoutLine: {'line': b'-- Up-to-date: /home/fiammetta/ros-stuff/ros2_ws/install/turtlesim/local/lib/python3.10/dist-packages/turtlesim/msg/__init__.py\n'}
[0.563494] (turtlesim) StdoutLine: {'line': b'-- Up-to-date: /home/fiammetta/ros-stuff/ros2_ws/install/turtlesim/local/lib/python3.10/dist-packages/turtlesim/msg/_color.py\n'}
[0.563554] (turtlesim) StdoutLine: {'line': b'-- Up-to-date: /home/fiammetta/ros-stuff/ros2_ws/install/turtlesim/local/lib/python3.10/dist-packages/turtlesim/srv\n'}
[0.563607] (turtlesim) StdoutLine: {'line': b'-- Up-to-date: /home/fiammetta/ros-stuff/ros2_ws/install/turtlesim/local/lib/python3.10/dist-packages/turtlesim/srv/_teleport_absolute.py\n'}
[0.563660] (turtlesim) StdoutLine: {'line': b'-- Up-to-date: /home/fiammetta/ros-stuff/ros2_ws/install/turtlesim/local/lib/python3.10/dist-packages/turtlesim/srv/_spawn_s.c\n'}
[0.563713] (turtlesim) StdoutLine: {'line': b'-- Up-to-date: /home/fiammetta/ros-stuff/ros2_ws/install/turtlesim/local/lib/python3.10/dist-packages/turtlesim/srv/_teleport_relative.py\n'}
[0.563765] (turtlesim) StdoutLine: {'line': b'-- Up-to-date: /home/fiammetta/ros-stuff/ros2_ws/install/turtlesim/local/lib/python3.10/dist-packages/turtlesim/srv/_set_pen_s.c\n'}
[0.563817] (turtlesim) StdoutLine: {'line': b'-- Up-to-date: /home/fiammetta/ros-stuff/ros2_ws/install/turtlesim/local/lib/python3.10/dist-packages/turtlesim/srv/_spawn.py\n'}
[0.563869] (turtlesim) StdoutLine: {'line': b'-- Up-to-date: /home/fiammetta/ros-stuff/ros2_ws/install/turtlesim/local/lib/python3.10/dist-packages/turtlesim/srv/__init__.py\n'}
[0.563922] (turtlesim) StdoutLine: {'line': b'-- Up-to-date: /home/fiammetta/ros-stuff/ros2_ws/install/turtlesim/local/lib/python3.10/dist-packages/turtlesim/srv/_kill_s.c\n'}
[0.563978] (turtlesim) StdoutLine: {'line': b'-- Up-to-date: /home/fiammetta/ros-stuff/ros2_ws/install/turtlesim/local/lib/python3.10/dist-packages/turtlesim/srv/_set_pen.py\n'}
[0.564031] (turtlesim) StdoutLine: {'line': b'-- Up-to-date: /home/fiammetta/ros-stuff/ros2_ws/install/turtlesim/local/lib/python3.10/dist-packages/turtlesim/srv/_teleport_absolute_s.c\n'}
[0.564097] (turtlesim) StdoutLine: {'line': b'-- Up-to-date: /home/fiammetta/ros-stuff/ros2_ws/install/turtlesim/local/lib/python3.10/dist-packages/turtlesim/srv/_teleport_relative_s.c\n'}
[0.564155] (turtlesim) StdoutLine: {'line': b'-- Up-to-date: /home/fiammetta/ros-stuff/ros2_ws/install/turtlesim/local/lib/python3.10/dist-packages/turtlesim/srv/_kill.py\n'}
[0.585641] (turtlesim) StdoutLine: {'line': b"Listing '/home/fiammetta/ros-stuff/ros2_ws/install/turtlesim/local/lib/python3.10/dist-packages/turtlesim'...\n"}
[0.585794] (turtlesim) StdoutLine: {'line': b"Listing '/home/fiammetta/ros-stuff/ros2_ws/install/turtlesim/local/lib/python3.10/dist-packages/turtlesim/action'...\n"}
[0.585854] (turtlesim) StdoutLine: {'line': b"Listing '/home/fiammetta/ros-stuff/ros2_ws/install/turtlesim/local/lib/python3.10/dist-packages/turtlesim/msg'...\n"}
[0.585907] (turtlesim) StdoutLine: {'line': b"Listing '/home/fiammetta/ros-stuff/ros2_ws/install/turtlesim/local/lib/python3.10/dist-packages/turtlesim/srv'...\n"}
[0.589787] (turtlesim) StdoutLine: {'line': b'-- Up-to-date: /home/fiammetta/ros-stuff/ros2_ws/install/turtlesim/local/lib/python3.10/dist-packages/turtlesim/turtlesim_s__rosidl_typesupport_fastrtps_c.cpython-310-x86_64-linux-gnu.so\n'}
[0.589938] (turtlesim) StdoutLine: {'line': b'-- Up-to-date: /home/fiammetta/ros-stuff/ros2_ws/install/turtlesim/local/lib/python3.10/dist-packages/turtlesim/turtlesim_s__rosidl_typesupport_introspection_c.cpython-310-x86_64-linux-gnu.so\n'}
[0.590142] (turtlesim) StdoutLine: {'line': b'-- Up-to-date: /home/fiammetta/ros-stuff/ros2_ws/install/turtlesim/local/lib/python3.10/dist-packages/turtlesim/turtlesim_s__rosidl_typesupport_c.cpython-310-x86_64-linux-gnu.so\n'}
[0.590393] (turtlesim) StdoutLine: {'line': b'-- Up-to-date: /home/fiammetta/ros-stuff/ros2_ws/install/turtlesim/lib/libturtlesim__rosidl_generator_py.so\n'}
[0.590581] (turtlesim) StdoutLine: {'line': b'-- Up-to-date: /home/fiammetta/ros-stuff/ros2_ws/install/turtlesim/share/turtlesim/action/RotateAbsolute.idl\n'}
[0.590686] (turtlesim) StdoutLine: {'line': b'-- Up-to-date: /home/fiammetta/ros-stuff/ros2_ws/install/turtlesim/share/turtlesim/msg/Color.idl\n'}
[0.590746] (turtlesim) StdoutLine: {'line': b'-- Up-to-date: /home/fiammetta/ros-stuff/ros2_ws/install/turtlesim/share/turtlesim/msg/Pose.idl\n'}
[0.590801] (turtlesim) StdoutLine: {'line': b'-- Up-to-date: /home/fiammetta/ros-stuff/ros2_ws/install/turtlesim/share/turtlesim/srv/Kill.idl\n'}
[0.590855] (turtlesim) StdoutLine: {'line': b'-- Up-to-date: /home/fiammetta/ros-stuff/ros2_ws/install/turtlesim/share/turtlesim/srv/SetPen.idl\n'}
[0.590908] (turtlesim) StdoutLine: {'line': b'-- Up-to-date: /home/fiammetta/ros-stuff/ros2_ws/install/turtlesim/share/turtlesim/srv/Spawn.idl\n'}
[0.590960] (turtlesim) StdoutLine: {'line': b'-- Up-to-date: /home/fiammetta/ros-stuff/ros2_ws/install/turtlesim/share/turtlesim/srv/TeleportAbsolute.idl\n'}
[0.591031] (turtlesim) StdoutLine: {'line': b'-- Up-to-date: /home/fiammetta/ros-stuff/ros2_ws/install/turtlesim/share/turtlesim/srv/TeleportRelative.idl\n'}
[0.591185] (turtlesim) StdoutLine: {'line': b'-- Up-to-date: /home/fiammetta/ros-stuff/ros2_ws/install/turtlesim/share/turtlesim/action/RotateAbsolute.action\n'}
[0.591290] (turtlesim) StdoutLine: {'line': b'-- Up-to-date: /home/fiammetta/ros-stuff/ros2_ws/install/turtlesim/share/turtlesim/msg/Color.msg\n'}
[0.591347] (turtlesim) StdoutLine: {'line': b'-- Up-to-date: /home/fiammetta/ros-stuff/ros2_ws/install/turtlesim/share/turtlesim/msg/Pose.msg\n'}
[0.591403] (turtlesim) StdoutLine: {'line': b'-- Up-to-date: /home/fiammetta/ros-stuff/ros2_ws/install/turtlesim/share/turtlesim/srv/Kill.srv\n'}
[0.591456] (turtlesim) StdoutLine: {'line': b'-- Up-to-date: /home/fiammetta/ros-stuff/ros2_ws/install/turtlesim/share/turtlesim/srv/Kill_Request.msg\n'}
[0.591510] (turtlesim) StdoutLine: {'line': b'-- Up-to-date: /home/fiammetta/ros-stuff/ros2_ws/install/turtlesim/share/turtlesim/srv/Kill_Response.msg\n'}
[0.591585] (turtlesim) StdoutLine: {'line': b'-- Up-to-date: /home/fiammetta/ros-stuff/ros2_ws/install/turtlesim/share/turtlesim/srv/SetPen.srv\n'}
[0.591638] (turtlesim) StdoutLine: {'line': b'-- Up-to-date: /home/fiammetta/ros-stuff/ros2_ws/install/turtlesim/share/turtlesim/srv/SetPen_Request.msg\n'}
[0.591687] (turtlesim) StdoutLine: {'line': b'-- Up-to-date: /home/fiammetta/ros-stuff/ros2_ws/install/turtlesim/share/turtlesim/srv/SetPen_Response.msg\n'}
[0.591735] (turtlesim) StdoutLine: {'line': b'-- Up-to-date: /home/fiammetta/ros-stuff/ros2_ws/install/turtlesim/share/turtlesim/srv/Spawn.srv\n'}
[0.591786] (turtlesim) StdoutLine: {'line': b'-- Up-to-date: /home/fiammetta/ros-stuff/ros2_ws/install/turtlesim/share/turtlesim/srv/Spawn_Request.msg\n'}
[0.591836] (turtlesim) StdoutLine: {'line': b'-- Up-to-date: /home/fiammetta/ros-stuff/ros2_ws/install/turtlesim/share/turtlesim/srv/Spawn_Response.msg\n'}
[0.591888] (turtlesim) StdoutLine: {'line': b'-- Up-to-date: /home/fiammetta/ros-stuff/ros2_ws/install/turtlesim/share/turtlesim/srv/TeleportAbsolute.srv\n'}
[0.591952] (turtlesim) StdoutLine: {'line': b'-- Up-to-date: /home/fiammetta/ros-stuff/ros2_ws/install/turtlesim/share/turtlesim/srv/TeleportAbsolute_Request.msg\n'}
[0.592006] (turtlesim) StdoutLine: {'line': b'-- Up-to-date: /home/fiammetta/ros-stuff/ros2_ws/install/turtlesim/share/turtlesim/srv/TeleportAbsolute_Response.msg\n'}
[0.592057] (turtlesim) StdoutLine: {'line': b'-- Up-to-date: /home/fiammetta/ros-stuff/ros2_ws/install/turtlesim/share/turtlesim/srv/TeleportRelative.srv\n'}
[0.592119] (turtlesim) StdoutLine: {'line': b'-- Up-to-date: /home/fiammetta/ros-stuff/ros2_ws/install/turtlesim/share/turtlesim/srv/TeleportRelative_Request.msg\n'}
[0.592173] (turtlesim) StdoutLine: {'line': b'-- Up-to-date: /home/fiammetta/ros-stuff/ros2_ws/install/turtlesim/share/turtlesim/srv/TeleportRelative_Response.msg\n'}
[0.592225] (turtlesim) StdoutLine: {'line': b'-- Up-to-date: /home/fiammetta/ros-stuff/ros2_ws/install/turtlesim/lib/turtlesim/turtlesim_node\n'}
[0.592277] (turtlesim) StdoutLine: {'line': b'-- Up-to-date: /home/fiammetta/ros-stuff/ros2_ws/install/turtlesim/lib/turtlesim/turtle_teleop_key\n'}
[0.592328] (turtlesim) StdoutLine: {'line': b'-- Up-to-date: /home/fiammetta/ros-stuff/ros2_ws/install/turtlesim/lib/turtlesim/draw_square\n'}
[0.592397] (turtlesim) StdoutLine: {'line': b'-- Up-to-date: /home/fiammetta/ros-stuff/ros2_ws/install/turtlesim/lib/turtlesim/mimic\n'}
[0.592502] (turtlesim) StdoutLine: {'line': b'-- Up-to-date: /home/fiammetta/ros-stuff/ros2_ws/install/turtlesim/share/turtlesim/images\n'}
[0.592556] (turtlesim) StdoutLine: {'line': b'-- Up-to-date: /home/fiammetta/ros-stuff/ros2_ws/install/turtlesim/share/turtlesim/images/dashing.png\n'}
[0.592608] (turtlesim) StdoutLine: {'line': b'-- Up-to-date: /home/fiammetta/ros-stuff/ros2_ws/install/turtlesim/share/turtlesim/images/bouncy.png\n'}
[0.592661] (turtlesim) StdoutLine: {'line': b'-- Up-to-date: /home/fiammetta/ros-stuff/ros2_ws/install/turtlesim/share/turtlesim/images/ardent.png\n'}
[0.592712] (turtlesim) StdoutLine: {'line': b'-- Up-to-date: /home/fiammetta/ros-stuff/ros2_ws/install/turtlesim/share/turtlesim/images/galactic.png\n'}
[0.592765] (turtlesim) StdoutLine: {'line': b'-- Up-to-date: /home/fiammetta/ros-stuff/ros2_ws/install/turtlesim/share/turtlesim/images/crystal.png\n'}
[0.592817] (turtlesim) StdoutLine: {'line': b'-- Up-to-date: /home/fiammetta/ros-stuff/ros2_ws/install/turtlesim/share/turtlesim/images/humble.png\n'}
[0.592868] (turtlesim) StdoutLine: {'line': b'-- Up-to-date: /home/fiammetta/ros-stuff/ros2_ws/install/turtlesim/share/turtlesim/images/foxy.png\n'}
[0.592920] (turtlesim) StdoutLine: {'line': b'-- Up-to-date: /home/fiammetta/ros-stuff/ros2_ws/install/turtlesim/share/turtlesim/images/rolling.png\n'}
[0.592971] (turtlesim) StdoutLine: {'line': b'-- Up-to-date: /home/fiammetta/ros-stuff/ros2_ws/install/turtlesim/share/turtlesim/images/eloquent.png\n'}
[0.593023] (turtlesim) StdoutLine: {'line': b'-- Up-to-date: /home/fiammetta/ros-stuff/ros2_ws/install/turtlesim/share/turtlesim/launch\n'}
[0.593079] (turtlesim) StdoutLine: {'line': b'-- Up-to-date: /home/fiammetta/ros-stuff/ros2_ws/install/turtlesim/share/turtlesim/launch/multisim.launch.py\n'}
[0.593183] (turtlesim) StdoutLine: {'line': b'-- Up-to-date: /home/fiammetta/ros-stuff/ros2_ws/install/turtlesim/share/ament_index/resource_index/package_run_dependencies/turtlesim\n'}
[0.593235] (turtlesim) StdoutLine: {'line': b'-- Up-to-date: /home/fiammetta/ros-stuff/ros2_ws/install/turtlesim/share/ament_index/resource_index/parent_prefix_path/turtlesim\n'}
[0.593288] (turtlesim) StdoutLine: {'line': b'-- Up-to-date: /home/fiammetta/ros-stuff/ros2_ws/install/turtlesim/share/turtlesim/environment/ament_prefix_path.sh\n'}
[0.593340] (turtlesim) StdoutLine: {'line': b'-- Up-to-date: /home/fiammetta/ros-stuff/ros2_ws/install/turtlesim/share/turtlesim/environment/ament_prefix_path.dsv\n'}
[0.593392] (turtlesim) StdoutLine: {'line': b'-- Up-to-date: /home/fiammetta/ros-stuff/ros2_ws/install/turtlesim/share/turtlesim/environment/path.sh\n'}
[0.593443] (turtlesim) StdoutLine: {'line': b'-- Up-to-date: /home/fiammetta/ros-stuff/ros2_ws/install/turtlesim/share/turtlesim/environment/path.dsv\n'}
[0.593494] (turtlesim) StdoutLine: {'line': b'-- Up-to-date: /home/fiammetta/ros-stuff/ros2_ws/install/turtlesim/share/turtlesim/local_setup.bash\n'}
[0.593545] (turtlesim) StdoutLine: {'line': b'-- Up-to-date: /home/fiammetta/ros-stuff/ros2_ws/install/turtlesim/share/turtlesim/local_setup.sh\n'}
[0.593596] (turtlesim) StdoutLine: {'line': b'-- Up-to-date: /home/fiammetta/ros-stuff/ros2_ws/install/turtlesim/share/turtlesim/local_setup.zsh\n'}
[0.593647] (turtlesim) StdoutLine: {'line': b'-- Up-to-date: /home/fiammetta/ros-stuff/ros2_ws/install/turtlesim/share/turtlesim/local_setup.dsv\n'}
[0.593698] (turtlesim) StdoutLine: {'line': b'-- Installing: /home/fiammetta/ros-stuff/ros2_ws/install/turtlesim/share/turtlesim/package.dsv\n'}
[0.593795] (turtlesim) StdoutLine: {'line': b'-- Up-to-date: /home/fiammetta/ros-stuff/ros2_ws/install/turtlesim/share/ament_index/resource_index/packages/turtlesim\n'}
[0.593847] (turtlesim) StdoutLine: {'line': b'-- Up-to-date: /home/fiammetta/ros-stuff/ros2_ws/install/turtlesim/share/turtlesim/cmake/export_turtlesim__rosidl_generator_cExport.cmake\n'}
[0.593899] (turtlesim) StdoutLine: {'line': b'-- Up-to-date: /home/fiammetta/ros-stuff/ros2_ws/install/turtlesim/share/turtlesim/cmake/export_turtlesim__rosidl_generator_cExport-noconfig.cmake\n'}
[0.593972] (turtlesim) StdoutLine: {'line': b'-- Up-to-date: /home/fiammetta/ros-stuff/ros2_ws/install/turtlesim/share/turtlesim/cmake/export_turtlesim__rosidl_typesupport_fastrtps_cExport.cmake\n'}
[0.594026] (turtlesim) StdoutLine: {'line': b'-- Up-to-date: /home/fiammetta/ros-stuff/ros2_ws/install/turtlesim/share/turtlesim/cmake/export_turtlesim__rosidl_typesupport_fastrtps_cExport-noconfig.cmake\n'}
[0.594083] (turtlesim) StdoutLine: {'line': b'-- Up-to-date: /home/fiammetta/ros-stuff/ros2_ws/install/turtlesim/share/turtlesim/cmake/export_turtlesim__rosidl_generator_cppExport.cmake\n'}
[0.594141] (turtlesim) StdoutLine: {'line': b'-- Up-to-date: /home/fiammetta/ros-stuff/ros2_ws/install/turtlesim/share/turtlesim/cmake/export_turtlesim__rosidl_typesupport_fastrtps_cppExport.cmake\n'}
[0.594194] (turtlesim) StdoutLine: {'line': b'-- Up-to-date: /home/fiammetta/ros-stuff/ros2_ws/install/turtlesim/share/turtlesim/cmake/export_turtlesim__rosidl_typesupport_fastrtps_cppExport-noconfig.cmake\n'}
[0.594247] (turtlesim) StdoutLine: {'line': b'-- Up-to-date: /home/fiammetta/ros-stuff/ros2_ws/install/turtlesim/share/turtlesim/cmake/turtlesim__rosidl_typesupport_introspection_cExport.cmake\n'}
[0.594298] (turtlesim) StdoutLine: {'line': b'-- Up-to-date: /home/fiammetta/ros-stuff/ros2_ws/install/turtlesim/share/turtlesim/cmake/turtlesim__rosidl_typesupport_introspection_cExport-noconfig.cmake\n'}
[0.594350] (turtlesim) StdoutLine: {'line': b'-- Up-to-date: /home/fiammetta/ros-stuff/ros2_ws/install/turtlesim/share/turtlesim/cmake/turtlesim__rosidl_typesupport_cExport.cmake\n'}
[0.594402] (turtlesim) StdoutLine: {'line': b'-- Up-to-date: /home/fiammetta/ros-stuff/ros2_ws/install/turtlesim/share/turtlesim/cmake/turtlesim__rosidl_typesupport_cExport-noconfig.cmake\n'}
[0.594485] (turtlesim) StdoutLine: {'line': b'-- Up-to-date: /home/fiammetta/ros-stuff/ros2_ws/install/turtlesim/share/turtlesim/cmake/turtlesim__rosidl_typesupport_introspection_cppExport.cmake\n'}
[0.594534] (turtlesim) StdoutLine: {'line': b'-- Up-to-date: /home/fiammetta/ros-stuff/ros2_ws/install/turtlesim/share/turtlesim/cmake/turtlesim__rosidl_typesupport_introspection_cppExport-noconfig.cmake\n'}
[0.594596] (turtlesim) StdoutLine: {'line': b'-- Up-to-date: /home/fiammetta/ros-stuff/ros2_ws/install/turtlesim/share/turtlesim/cmake/turtlesim__rosidl_typesupport_cppExport.cmake\n'}
[0.594644] (turtlesim) StdoutLine: {'line': b'-- Up-to-date: /home/fiammetta/ros-stuff/ros2_ws/install/turtlesim/share/turtlesim/cmake/turtlesim__rosidl_typesupport_cppExport-noconfig.cmake\n'}
[0.594690] (turtlesim) StdoutLine: {'line': b'-- Up-to-date: /home/fiammetta/ros-stuff/ros2_ws/install/turtlesim/share/turtlesim/cmake/export_turtlesim__rosidl_generator_pyExport.cmake\n'}
[0.594737] (turtlesim) StdoutLine: {'line': b'-- Up-to-date: /home/fiammetta/ros-stuff/ros2_ws/install/turtlesim/share/turtlesim/cmake/export_turtlesim__rosidl_generator_pyExport-noconfig.cmake\n'}
[0.594784] (turtlesim) StdoutLine: {'line': b'-- Up-to-date: /home/fiammetta/ros-stuff/ros2_ws/install/turtlesim/share/turtlesim/cmake/rosidl_cmake-extras.cmake\n'}
[0.594831] (turtlesim) StdoutLine: {'line': b'-- Up-to-date: /home/fiammetta/ros-stuff/ros2_ws/install/turtlesim/share/turtlesim/cmake/ament_cmake_export_dependencies-extras.cmake\n'}
[0.594879] (turtlesim) StdoutLine: {'line': b'-- Up-to-date: /home/fiammetta/ros-stuff/ros2_ws/install/turtlesim/share/turtlesim/cmake/ament_cmake_export_include_directories-extras.cmake\n'}
[0.594926] (turtlesim) StdoutLine: {'line': b'-- Up-to-date: /home/fiammetta/ros-stuff/ros2_ws/install/turtlesim/share/turtlesim/cmake/ament_cmake_export_libraries-extras.cmake\n'}
[0.594973] (turtlesim) StdoutLine: {'line': b'-- Up-to-date: /home/fiammetta/ros-stuff/ros2_ws/install/turtlesim/share/turtlesim/cmake/ament_cmake_export_targets-extras.cmake\n'}
[0.595020] (turtlesim) StdoutLine: {'line': b'-- Up-to-date: /home/fiammetta/ros-stuff/ros2_ws/install/turtlesim/share/turtlesim/cmake/rosidl_cmake_export_typesupport_targets-extras.cmake\n'}
[0.595067] (turtlesim) StdoutLine: {'line': b'-- Up-to-date: /home/fiammetta/ros-stuff/ros2_ws/install/turtlesim/share/turtlesim/cmake/rosidl_cmake_export_typesupport_libraries-extras.cmake\n'}
[0.595124] (turtlesim) StdoutLine: {'line': b'-- Up-to-date: /home/fiammetta/ros-stuff/ros2_ws/install/turtlesim/share/turtlesim/cmake/turtlesimConfig.cmake\n'}
[0.595174] (turtlesim) StdoutLine: {'line': b'-- Up-to-date: /home/fiammetta/ros-stuff/ros2_ws/install/turtlesim/share/turtlesim/cmake/turtlesimConfig-version.cmake\n'}
[0.595222] (turtlesim) StdoutLine: {'line': b'-- Up-to-date: /home/fiammetta/ros-stuff/ros2_ws/install/turtlesim/share/turtlesim/package.xml\n'}
[0.596195] (turtlesim) CommandEnded: {'returncode': 0}
[0.600205] (-) TimerEvent: {}
[0.621294] (turtlesim) JobEnded: {'identifier': 'turtlesim', 'rc': 0}
[0.700341] (-) TimerEvent: {}
[0.716008] (lab01_pkg) StdoutLine: {'line': b'running egg_info\n'}
[0.716485] (lab01_pkg) StdoutLine: {'line': b'writing ../../build/lab01_pkg/lab01_pkg.egg-info/PKG-INFO\n'}
[0.716701] (lab01_pkg) StdoutLine: {'line': b'writing dependency_links to ../../build/lab01_pkg/lab01_pkg.egg-info/dependency_links.txt\n'}
[0.716877] (lab01_pkg) StdoutLine: {'line': b'writing entry points to ../../build/lab01_pkg/lab01_pkg.egg-info/entry_points.txt\n'}
[0.716948] (lab01_pkg) StdoutLine: {'line': b'writing requirements to ../../build/lab01_pkg/lab01_pkg.egg-info/requires.txt\n'}
[0.716997] (lab01_pkg) StdoutLine: {'line': b'writing top-level names to ../../build/lab01_pkg/lab01_pkg.egg-info/top_level.txt\n'}
[0.718152] (lab01_pkg) StdoutLine: {'line': b"reading manifest file '../../build/lab01_pkg/lab01_pkg.egg-info/SOURCES.txt'\n"}
[0.718340] (lab01_pkg) StdoutLine: {'line': b"adding license file 'LICENSE'\n"}
[0.718691] (lab01_pkg) StdoutLine: {'line': b"writing manifest file '../../build/lab01_pkg/lab01_pkg.egg-info/SOURCES.txt'\n"}
[0.718761] (lab01_pkg) StdoutLine: {'line': b'running build\n'}
[0.718811] (lab01_pkg) StdoutLine: {'line': b'running build_py\n'}
[0.718950] (lab01_pkg) StdoutLine: {'line': b'copying lab01_pkg/localization.py -> /home/fiammetta/ros-stuff/ros2_ws/build/lab01_pkg/build/lib/lab01_pkg\n'}
[0.719165] (lab01_pkg) StdoutLine: {'line': b'running install\n'}
[0.719356] (lab01_pkg) StdoutLine: {'line': b'running install_lib\n'}
[0.719857] (lab01_pkg) StdoutLine: {'line': b'copying /home/fiammetta/ros-stuff/ros2_ws/build/lab01_pkg/build/lib/lab01_pkg/localization.py -> /home/fiammetta/ros-stuff/ros2_ws/install/lab01_pkg/lib/python3.10/site-packages/lab01_pkg\n'}
[0.720339] (lab01_pkg) StdoutLine: {'line': b'byte-compiling /home/fiammetta/ros-stuff/ros2_ws/install/lab01_pkg/lib/python3.10/site-packages/lab01_pkg/localization.py to localization.cpython-310.pyc\n'}
[0.720685] (lab01_pkg) StdoutLine: {'line': b'running install_data\n'}
[0.720865] (lab01_pkg) StdoutLine: {'line': b'running install_egg_info\n'}
[0.722001] (lab01_pkg) StdoutLine: {'line': b"removing '/home/fiammetta/ros-stuff/ros2_ws/install/lab01_pkg/lib/python3.10/site-packages/lab01_pkg-0.0.0-py3.10.egg-info' (and everything under it)\n"}
[0.722110] (lab01_pkg) StdoutLine: {'line': b'Copying ../../build/lab01_pkg/lab01_pkg.egg-info to /home/fiammetta/ros-stuff/ros2_ws/install/lab01_pkg/lib/python3.10/site-packages/lab01_pkg-0.0.0-py3.10.egg-info\n'}
[0.722668] (lab01_pkg) StdoutLine: {'line': b'running install_scripts\n'}
[0.739173] (lab01_pkg) StdoutLine: {'line': b'Installing controller script to /home/fiammetta/ros-stuff/ros2_ws/install/lab01_pkg/lib/lab01_pkg\n'}
[0.739434] (lab01_pkg) StdoutLine: {'line': b'Installing localization script to /home/fiammetta/ros-stuff/ros2_ws/install/lab01_pkg/lib/lab01_pkg\n'}
[0.739587] (lab01_pkg) StdoutLine: {'line': b"writing list of installed files to '/home/fiammetta/ros-stuff/ros2_ws/build/lab01_pkg/install.log'\n"}
[0.760836] (lab01_pkg) CommandEnded: {'returncode': 0}
[0.766896] (lab01_pkg) JobEnded: {'identifier': 'lab01_pkg', 'rc': 0}
[0.767317] (-) EventReactorShutdown: {}
